=> s1289 ## Three Little Pigs ## Movie ## Burt Gillett ## [Billy Bletcher, Dorothy Compton, Mary Moder, Pinto Colvig] ## United States ## November 12, 2019 ## 1933 ## TV-Y7 ## 9 min ## [Animation, Family, Kids] ##
=> s1277 ## The Tortoise and the Hare ## Movie ## Wilfred Jackson ## [NaN] ## United States ## November 12, 2019 ## 1935 ## TV-G ## 9 min ## [Animation, Family, Sports] ##
=> s1287 ## Three Blind Mouseketeers ## Movie ## Dave Hand ## [Billy Bletcher, Pinto Colvig] ## United States ## November 12, 2019 ## 1936 ## TV-Y7 ## 9 min ## [Animation, Family, Parody] ##
=> s1290 ## Three Little Wolves ## Movie ## Dave Hand ## [NaN] ## United States ## November 12, 2019 ## 1936 ## TV-Y7 ## 9 min ## [Animation, Family] ##
=> s681 ## Boat Builders ## Movie ## Ben Sharpsteen ## [NaN] ## United States ## November 12, 2019 ## 1938 ## TV-G ## 8 min ## [Animation, Comedy, Family] ##
=> s715 ## Chef Donald ## Movie ## Jack King ## [NaN] ## United States ## November 12, 2019 ## 1941 ## TV-G ## 8 min ## [Animation, Comedy, Family] ##
=> s1176 ## The Art of Skiing ## Movie ## Jack Kinney ## [John McLeish] ## United States ## November 12, 2019 ## 1941 ## TV-G ## 8 min ## [Animation, Comedy, Family] ##
=> s882 ## How to Swim ## Movie ## Jack Kinney ## [NaN] ## United States ## November 12, 2019 ## 1942 ## TV-G ## 8 min ## [Animation, Family, Parody] ##
=> s1241 ## The Olympic Champ ## Movie ## Jack Kinney ## [NaN] ## United States ## November 12, 2019 ## 1942 ## TV-G ## 7 min ## [Animation, Comedy, Family] ##
=> s1101 ## Saludos Amigos ## Movie ## Bill Roberts, Jack Kinney, Ham Luske ## [Fred Shields] ## United States ## November 12, 2019 ## 1943 ## TV-PG ## 42 min ## [Animation, Comedy, Family] ##
=> s1274 ## The Three Caballeros ## Movie ## Norman Ferguson, Clyde Geronimi, Jack Kinney ## [Aurora Miranda, Carmen Molina, Clarence Nash, Joaquin Garay, Jose Oliveira, Sterling Holloway] ## United States ## November 12, 2019 ## 1945 ## G ## 72 min ## [Animation, Family, Musical] ##
=> s718 ## Chip an' Dale ## Movie ## Jack Hannah ## [NaN] ## United States ## November 12, 2019 ## 1947 ## TV-G ## 7 min ## [Animation, Comedy, Family] ##
=> s832 ## Fun and Fancy Free ## Movie ## Jack Kinney, W. Roberts, Hamilton Luske ## [Clarence Nash, Cliff Edwards, Dinah Shore, Edgar Bergen, Luana Patten, Mickey Mouse] ## United States ## November 12, 2019 ## 1947 ## G ## 74 min ## [Action-Adventure, Animation, Comedy] ##
=> s956 ## Mail Dog ## Movie ## Charles Nichols ## [NaN] ## United States ## November 12, 2019 ## 1947 ## TV-G ## 7 min ## [Animation, Comedy, Family] ##
=> s995 ## Melody Time ## Movie ## Clyde Geronimi, Jack Kinney, Hamilton Luske ## [Dennis Day, Fred Waring and His Pennsylvanians , Freddy Martin, Roy Rogers, The Andrews Sisters , Trigger ] ## United States ## November 12, 2019 ## 1948 ## TV-PG ## 76 min ## [Animation, Anthology, Family] ##
=> s466 ## In Beaver Valley ## Movie ## James Algar ## [Winston Hibler] ## United States ## May 1, 2020 ## 1950 ## TV-PG ## 32 min ## [Animals & Nature, Documentary, Family] ##
=> s480 ## The Olympic Elk ## Movie ## James Algar ## [Winston Hibler] ## United States ## April 24, 2020 ## 1952 ## TV-G ## 27 min ## [Animals & Nature, Documentary, Family] ##
=> s498 ## Don's Fountain of Youth ## Movie ## Jack Hannah ## [NaN] ## United States ## April 3, 2020 ## 1953 ## TV-G ## 6 min ## [Animation, Family] ##
=> s998 ## Mickey Mouse Club (1955-59) ## TV Show ## NaN ## [NaN] ## United States ## November 12, 2019 ## 1955 ## TV-PG ## 1 Season ## [Family, Variety] ##
=> s429 ## The Story of the Animated Drawing ## Movie ## Wilfred Jackson, William Beaudine ## [NaN] ## United States ## June 12, 2020 ## 1955 ## TV-PG ## 49 min ## [Documentary, Family] ##
=> s414 ## Mars and Beyond ## Movie ## Ward Kimball ## [Dr. E.C. Slipher, Dr. Ernst Stuhlinger, Dr. Wernher von Braun, Paul Frees, Walt Disney] ## United States ## June 26, 2020 ## 1957 ## TV-G ## 53 min ## [Animation, Documentary, Family] ##
=> s1046 ## Perri ## Movie ## N. Paul Kenworthy, Ralph Wright ## [Winston Hibler] ## United States ## November 12, 2019 ## 1957 ## G ## 75 min ## [Animals & Nature, Documentary, Family] ##
=> s912 ## Jungle Cat ## Movie ## James Algar ## [Winston Hibler] ## United States ## November 12, 2019 ## 1960 ## TV-PG ## 70 min ## [Animals & Nature, Documentary, Family] ##
=> s635 ## 101 Dalmatians ## Movie ## Wolfgang Reitherman, Hamilton Luske, Clyde Geronimi ## [Ben Wright, Betty Gerson, Cate Bauer, Fred Worlock, J. Pat O'Malley, Rod Taylor] ## United States ## November 12, 2019 ## 1961 ## G ## 81 min ## [Action-Adventure, Animation, Family] ##
=> s1166 ## The Absent-Minded Professor ## Movie ## Robert Stevenson ## [Elliott Reid, Fred MacMurray, Keenan Wynn, Leon Ames, Nancy Olson, Tommy Kirk] ## United States ## November 12, 2019 ## 1961 ## G ## 96 min ## [Comedy, Family, Science Fiction] ##
=> s651 ## Almost Angels ## Movie ## Steve Previn ## [Bruni Löbel, Fritz Eckhardt, Hans Holt, Peter Weck, Sean Scully, Vincent Winter] ## United States ## November 12, 2019 ## 1962 ## TV-PG ## 90 min ## [Coming of Age, Drama, Family] ##
=> s1102 ## Sammy, The Way-Out Seal ## Movie ## Norman Tokar ## [Billy Mummy, Elisabeth Fraser, Jack Carson, Michael McGreevey, Patricia Barry, Robert Culp] ## United States ## November 12, 2019 ## 1962 ## TV-G ## 43 min ## [Animals & Nature, Comedy, Family] ##
=> s1216 ## The Incredible Journey ## Movie ## Fletcher Markle ## [John Drainie, Marion Finlayson, Sandra Scott, Syme Jago, Tommy Tweed, Émile Genest] ## Canada, United States ## November 12, 2019 ## 1963 ## G ## 80 min ## [Action-Adventure, Animals & Nature, Family] ##
=> s1165 ## That Darn Cat! ## Movie ## Robert Stevenson ## [Dean Jones, Dorothy Provine, Elsa Lanchester, Hayley Mills, Neville Brand, Roddy McDowall] ## United States ## November 12, 2019 ## 1965 ## G ## 116 min ## [Animals & Nature, Comedy, Family] ##
=> s1358 ## Blackbeard's Ghost ## Movie ## Robert Stevenson ## [Dean Jones, Elliott Reid, Elsa Lanchester, Joby Baker, Peter Ustinov, Suzanne Pleshette] ## United States ## October 1, 2019 ## 1968 ## G ## 107 min ## [Comedy, Family, Fantasy] ##
=> s1231 ## The Love Bug (1969) ## Movie ## Robert Stevenson ## [Benson Fong, Buddy Hackett, David Tomlinson, Dean Jones, Joe Flynn, Michele Lee] ## United States ## November 12, 2019 ## 1969 ## G ## 108 min ## [Action-Adventure, Comedy, Family] ##
=> s1127 ## Snowball Express ## Movie ## Norman Tokar ## [Dean Jones, Harry Morgan, Johnny Whitaker, Keenan Wynn, Michael McGreevy, Nancy Olson] ## United States ## November 12, 2019 ## 1972 ## G ## 94 min ## [Comedy, Family, Sports] ##
=> s138 ## Schoolhouse Rock! ## TV Show ## NaN ## [Blossom Dearie, Bob Dorough, Essra Mohawk, Grady Tate, Jack Sheldon, Lynn Ahrens] ## United States ## May 17, 2021 ## 1973 ## TV-G ## 6 Seasons ## [Animals & Nature, Animation, Kids] ##
=> s1173 ## The Apple Dumpling Gang ## Movie ## Norman Tokar ## [Bill Bixby, David Wayne, Don Knotts, Slim Pickens, Susan Clark, Tim Conway] ## United States ## November 12, 2019 ## 1975 ## G ## 100 min ## [Comedy, Family, Western] ##
=> s217 ## The Muppet Show ## TV Show ## NaN ## [Dave Goelz, Eren Ozker, Frank Oz, Jim Henson, John Lovelady, Richard Hunt] ## United States, United Kingdom ## February 19, 2021 ## 1976 ## TV-PG ## 5 Seasons ## [Comedy, Family, Variety] ##
=> s493 ## A Tale of Two Critters ## Movie ## Jack Speirs ## [Mayf Nutter] ## United States ## April 3, 2020 ## 1977 ## G ## 48 min ## [Animals & Nature, Family] ##
=> s1254 ## The Rescuers ## Movie ## Wolfgang Reitherman, John Lounsbery, Art Stevens ## [Bob Newhart, Eva Gabor, Geraldine Page, Jeanette Nolan, Joe Flynn, Pat Buttram] ## United States ## November 12, 2019 ## 1977 ## G ## 78 min ## [Action-Adventure, Animation, Comedy] ##
=> s701 ## Candleshoe ## Movie ## Norman Tokar ## [David Niven, Helen Hayes, Jodie Foster, Leo McKern, Veronica Quilligan, Vivian Pickles] ## United Kingdom, United States ## November 12, 2019 ## 1978 ## G ## 101 min ## [Comedy, Coming of Age, Crime] ##
=> s1316 ## Tron ## Movie ## Steven Lisberger ## [Barnard Hughes, Bruce Boxleitner, Cindy Morgan, Dan Shor, David Warner, Jeff Bridges] ## United States ## November 12, 2019 ## 1982 ## PG ## 96 min ## [Action-Adventure, Family, Science Fiction] ##
=> s1001 ## Mickey's Christmas Carol ## Movie ## Burny Mattinson ## [Alan Young, Eddy Carroll, Hal Smith, Patricia Parris, Wayne Allwine, Will Ryan] ## United States ## November 12, 2019 ## 1983 ## G ## 26 min ## [Animation, Comedy, Family] ##
=> s826 ## Frankenweenie (Short) ## Movie ## Tim Burton ## [Barret Oliver, Daniel Stern, Shelley Duvall] ## United States ## November 12, 2019 ## 1984 ## PG ## 27 min ## [Drama, Parody, Science Fiction] ##
=> s1090 ## Return to Oz ## Movie ## Walter Murch ## [Fairuza Balk, Jean Marsh, Matt Clark, Michael Sundin, Nicol Williamson, Piper Laurie] ## United Kingdom, United States ## November 12, 2019 ## 1985 ## PG ## 110 min ## [Action-Adventure, Family, Fantasy] ##
=> s833 ## Fuzzbucket ## Movie ## Mick Garris ## [Chris Hebert, Joe Regalbuto, John Vernon, Phil Fondacaro, Robyn Lively, Wendy Phillips] ## United States ## November 12, 2019 ## 1986 ## TV-G ## 46 min ## [Buddy, Comedy, Coming of Age] ##
=> s674 ## Benji the Hunted ## Movie ## Joe Camp ## [Frank Inn, Joe Camp, Mike Francis, Nancy Francis, Red Steagall, Steve Zanolini] ## United States ## November 12, 2019 ## 1987 ## G ## 89 min ## [Action-Adventure, Animals & Nature, Family] ##
=> s1334 ## Willow ## Movie ## Ron Howard ## [Gavan O'Herlihy, Joanne Whalley, Patricia Hayes, Phil Fondacaro, Val Kilmer, Warwick Davis] ## United States ## November 12, 2019 ## 1987 ## PG ## 127 min ## [Action-Adventure, Family, Fantasy] ##
=> s1332 ## Who Framed Roger Rabbit ## Movie ## Robert Zemeckis ## [Alan Tilvern, Bob Hoskins, Christopher Lloyd, Joanna Cassidy, Richard LeParmentier, Stubby Kaye] ## United States ## November 12, 2019 ## 1988 ## PG ## 104 min ## [Action-Adventure, Animation, Comedy] ##
=> s714 ## Cheetah ## Movie ## Jeff Blyth ## [Breon Gorman, Collin Mothupi, Ka Vundla, Keith Coogan, Lucy Deakins, Timothy Landfield] ## United States ## November 12, 2019 ## 1989 ## G ## 84 min ## [Action-Adventure, Animals & Nature, Family] ##
=> s425 ## Tummy Trouble ## Movie ## Frank Marshall, Rob Minkoff ## [April Winchell, Charles Fleischer, Corey Burton, Kathleen Turner, Lou Hirsch, Richard Williams] ## United States ## June 19, 2020 ## 1989 ## TV-G ## 8 min ## [Action-Adventure, Animation, Comedy] ##
=> s795 ## DuckTales The Movie: Treasure of the Lost Lamp ## Movie ## Bob Hathcock ## [Alan Young, Christopher Lloyd, June Foray, Richard Libertini, Russi Taylor, Terence McGovern] ## France, United States ## November 12, 2019 ## 1990 ## G ## 75 min ## [Action-Adventure, Animation, Comedy] ##
=> s284 ## Home Alone ## Movie ## Chris Columbus ## [Catherine O'Hara, Daniel Stern, Joe Pesci, John Heard, Macaulay Culkin, Roberts Blossom] ## United States ## November 13, 2020 ## 1990 ## PG ## 103 min ## [Comedy, Family] ##
=> s1155 ## TaleSpin ## TV Show ## NaN ## [Alan Roberts, Charlie Adler, Chuck McCann, Ed Gilbert, Jim Cummings, Sally Struthers] ## United States ## November 12, 2019 ## 1990 ## TV-G ## 1 Season ## [Action-Adventure, Animation, Kids] ##
=> s1255 ## The Rescuers Down Under ## Movie ## Hendel Butoy, Mike Gabriel ## [Adam Ryen, Bob Newhart, Eva Gabor, John Candy, Tristan Rogers, Wayne Robson] ## United States ## November 12, 2019 ## 1990 ## G ## 78 min ## [Action-Adventure, Animation, Family] ##
=> s1292 ## Three Men and a Little Lady ## Movie ## Emile Ardolino ## [Christopher Cazenove, Fiona Shaw, Nancy Travis, Steve Guttenberg, Ted Danson, Tom Selleck] ## United States ## November 12, 2019 ## 1990 ## PG ## 104 min ## [Buddy, Comedy, Romance] ##
=> s732 ## Darkwing Duck ## TV Show ## NaN ## [Christine Cavanaugh, Frank Welker, Jim Cummings, Terry McGovern] ## United States ## November 12, 2019 ## 1991 ## TV-Y7 ## 2 Seasons ## [Action-Adventure, Animation, Kids] ##
=> s172 ## Mark Twain and Me ## Movie ## Daniel Petrie ## [Amy Stewart, Chris Wiggins, Fiona Reid, Jason Robards, R.H. Thomson, Talia Shire] ## Canada, United States ## April 9, 2021 ## 1991 ## TV-PG ## 93 min ## [Biographical, Coming of Age, Drama] ##
=> s285 ## Home Alone 2: Lost in New York ## Movie ## Chris Columbus ## [Catherine O'Hara, Daniel Stern, Devin Ratray, Joe Pesci, John Heard, Macaulay Culkin] ## United States ## November 13, 2020 ## 1992 ## PG ## 121 min ## [Comedy, Family] ##
=> s1235 ## The Muppet Christmas Carol ## Movie ## Brian Henson ## [Dave Goelz, David Rudman, Frank Oz, Jerry Nelson, Michael Caine, Steve Whitmire] ## United States, United Kingdom ## November 12, 2019 ## 1992 ## G ## 87 min ## [Comedy, Drama, Family] ##
=> s1169 ## The Adventures of Huck Finn ## Movie ## Stephen Sommers ## [Courtney Vance, Dana Ivey, Elijah Wood, Jason Robards, Robbie Coltrane, Ron Perlman] ## United States ## November 12, 2019 ## 1993 ## PG ## 108 min ## [Action-Adventure, Coming of Age, Drama] ##
=> s647 ## Aladdin: The Return of Jafar ## Movie ## Toby Shelton, Tad Stones, Alan Zaslove ## [Dan Castellaneta, Jason Alexander, Jeff Bennett, Jim Cummings, Liz Callaway, Val Bettin] ## United States ## November 12, 2019 ## 1994 ## G ## 71 min ## [Action-Adventure, Animation, Family] ##
=> s834 ## Gargoyles ## TV Show ## NaN ## [Bill Fagerbakke, Edward Asner, Jeff Bennett, Jonathan Frakes, Keith David, Thom Hernandez] ## United States ## November 12, 2019 ## 1994 ## TV-Y7 ## 3 Seasons ## [Action-Adventure, Animation, Fantasy] ##
=> s641 ## A Goofy Movie ## Movie ## Kevin Lima ## [Bill Farmer, Jason Marsden, Jim Cummings, Kellie Martin, Rob Paulsen, Wallace Shawn] ## United States, Australia, France, Canada ## November 12, 2019 ## 1995 ## G ## 81 min ## [Action-Adventure, Animation, Comedy] ##
=> s1296 ## Timon & Pumbaa ## TV Show ## NaN ## [Ernie Sabella, Jim Cummings, Nathan Lane, Quinton Flynn] ## United States ## November 12, 2019 ## 1995 ## TV-Y ## 3 Seasons ## [Animation, Buddy, Comedy] ##
=> s153 ## Adventures in Wonderland ## TV Show ## NaN ## [Harry Waters Jr., John Lovelady, John Robert Hoffman, Patrick Richwood, Reece Holland, Wesley Mann] ## NaN ## April 30, 2021 ## 1996 ## TV-G ## 1 Season ## [Fantasy, Musical] ##
=> s769 ## Disney's Doug ## TV Show ## NaN ## [Alice Playten, Chris Phillips, Connie Shulman, Doug Preis, Fred Newman, Thomas McHugh] ## United States ## November 12, 2019 ## 1996 ## TV-Y7 ## 3 Seasons ## [Animation, Comedy, Coming of Age] ##
=> s817 ## First Kid ## Movie ## David Evans ## [Art Fleur, Brock Pierce, James Naughton, Robert Guillaume, Sinbad , Timothy Busfield] ## United States ## November 12, 2019 ## 1996 ## PG ## 102 min ## [Buddy, Comedy, Coming of Age] ##
=> s1076 ## Quack Pack ## TV Show ## NaN ## [Brian Cummings, E.G. Daily, James Avery, Jeannie Elias, Pamela Segall, Tony Anselmo] ## United States ## November 12, 2019 ## 1996 ## TV-Y ## 1 Season ## [Action-Adventure, Animation, Comedy] ##
=> s671 ## Beauty and the Beast: The Enchanted Christmas ## Movie ## Andy Knight ## [Bernadette Peters, David Stiers, Jerry Orbach, Paige O'Hara, Robby Benson, Tim Curry] ## Canada, United States ## November 12, 2019 ## 1997 ## G ## 73 min ## [Animation, Family, Fantasy] ##
=> s1071 ## Pooh's Grand Adventure: The Search for Christopher Robin ## Movie ## Karl Geurs ## [Andre Stojka, Brady Bluhm, Jim Cummings, John Fiedler, Ken Sansom, Peter Cullen] ## United States ## November 12, 2019 ## 1997 ## TV-G ## 78 min ## [Action-Adventure, Animation, Kids] ##
=> s220 ## Rodgers & Hammerstein's Cinderella ## Movie ## Robert Iscove ## [Bernadette Peters, Brandy Norwood, Paolo Montalbán, Victor Garber, Whitney Houston, Whoopi Goldberg] ## NaN ## February 12, 2021 ## 1997 ## G ## 86 min ## [Comedy, Family, Fantasy] ##
=> s332 ## Ever After: A Cinderella Story ## Movie ## Andy Tennant ## [Anjelica Huston, Dougray Scott, Drew Barrymore, Megan Dodds, Melanie Lynskey, Patrick Godfrey] ## United States ## September 18, 2020 ## 1998 ## PG-13 ## 122 min ## [Drama, Romance] ##
=> s993 ## Meet the Deedles ## Movie ## Steve Boyum ## [A.J. Langer, John Ashton, Megan Cavanagh, Paul Walker, Robert Englund, Steve Wormer] ## United States ## November 12, 2019 ## 1998 ## PG ## 94 min ## [Buddy, Comedy] ##
=> s1099 ## Ruby Bridges ## Movie ## Euzhan Palcy ## [Jean Kelly, Kevin Pollak, Michael Beach, Patrika Darbo, Penelope Miller, Peter James] ## United States ## November 12, 2019 ## 1998 ## TV-PG ## 90 min ## [Biographical, Drama, Historical] ##
=> s1188 ## The Brave Little Toaster Goes to Mars ## Movie ## Robert Ramirez ## [Deanna Oliver, Eric Lloyd, Farrah Fawcett, Roger Kabler, Thurl Ravenscroft, Tim Stack] ## United States ## November 12, 2019 ## 1998 ## TV-G ## 73 min ## [Action-Adventure, Animation, Kids] ##
=> s656 ## Annie ## Movie ## Rob Marshall ## [Alan Cumming, Audra McDonald, Kathy Bates, Kristin Chenoweth, Vic Polizos, Victor Garber] ## United States ## November 12, 2019 ## 1999 ## TV-PG ## 91 min ## [Drama, Family, Musical] ##
=> s700 ## Can of Worms ## Movie ## Paul Schneider ## [Adam Wylie, Andrew Ducote, Brighton Hertford, Erika Christensen, Lee Garlington, Michael Shulman] ## United States, Canada ## November 12, 2019 ## 1999 ## TV-PG ## 84 min ## [Comedy, Coming of Age, Science Fiction] ##
=> s876 ## Horse Sense ## Movie ## Greg Beeman ## [Andy Lawrence, Joey Lawrence, Leann Hunley, M.C. Gainey, Robin Thomas, Susan Walters] ## United States ## November 12, 2019 ## 1999 ## TV-G ## 92 min ## [Coming of Age, Drama] ##
=> s1133 ## Spider-Man Unlimited ## TV Show ## NaN ## [Garry Chalk, Jim Byrnes, Kathleen Barr, Paul Dobson, Rino Romano] ## United States, Canada ## November 12, 2019 ## 1999 ## TV-Y7 ## 1 Season ## [Action-Adventure, Animation, Kids] ##
=> s1145 ## Star Wars: The Phantom Menace (Episode I) ## Movie ## George Lucas ## [Ewan McGregor, Frank Oz, Jake Lloyd, Liam Neeson, Natalie Portman, Pernilla August] ## United States ## November 12, 2019 ## 1999 ## PG ## 136 min ## [Action-Adventure, Science Fiction] ##
=> s1178 ## The Avengers: United They Stand ## TV Show ## NaN ## [Hamish McEwan, Lenore Zann, Lynda Ballantyne, Martin Roach, Rod Wilson, Ron Rubin] ## France, Canada, United States ## November 12, 2019 ## 1999 ## TV-Y7 ## 1 Season ## [Action-Adventure, Animation, Kids] ##
=> s808 ## Even Stevens ## TV Show ## NaN ## [Christy Romano, Donna Pescow, Nick Spano, Shia LaBeouf, Tom Virtue] ## United States ## November 12, 2019 ## 2000 ## TV-PG ## 3 Seasons ## [Comedy, Coming of Age, Kids] ##
=> s1016 ## Mom's Got a Date With a Vampire ## Movie ## Stephen Boyum ## [Caroline Rhea, Charles Shaughnessy, Laura Vandervoort, Matthew O'Leary, Myles Jeffrey, Robert Carradine] ## Canada, United States ## November 12, 2019 ## 2000 ## TV-PG ## 83 min ## [Comedy, Fantasy] ##
=> s1280 ## The Ultimate Christmas Present ## Movie ## Greg Beeman ## [Brenda Song, Hallee Hirsh, Hallie Todd, John Salley, Spencer Breslin, Susan Ruttan] ## Canada, United States ## November 12, 2019 ## 2000 ## TV-G ## 81 min ## [Comedy, Coming of Age, Fantasy] ##
=> s43 ## X-Men ## Movie ## Bryan Singer ## [Famke Janssen, Halle Berry, Hugh Jackman, Ian McKellen, James Marsden, Patrick Stewart] ## United States ## August 13, 2021 ## 2000 ## PG-13 ## 105 min ## [Action-Adventure, Family, Science Fiction] ##
=> s855 ## Halloweentown II: Kalabar's Revenge ## Movie ## Mary Lambert ## [Daniel Kountz, Emily Roeske, Joseph Zimmerman, Judith Hoag, Kimberly Brown, Phillip Van Dyke] ## United States ## November 12, 2019 ## 2001 ## TV-PG ## 81 min ## [Action-Adventure, Fantasy] ##
=> s1018 ## Monsters, Inc. ## Movie ## Pete Docter ## [Billy Crystal, James Coburn, Jennifer Tilly, John Goodman, Mary Gibbs, Steve Buscemi] ## United States ## November 12, 2019 ## 2001 ## G ## 93 min ## [Animation, Buddy, Comedy] ##
=> s1083 ## Recess: School's Out ## Movie ## Chuck Sheetz ## [Andy Lawrence, Ashely Johnson, Courtland Mead, Jason Davis, Pam Segall, Rickey Collins] ## United States, Japan ## November 12, 2019 ## 2001 ## G ## 87 min ## [Animation, Comedy, Family] ##
=> s1320 ## Twas the Night ## Movie ## Nick Castle ## [Barclay Hope, Brenda Grate, Bryan Cranston, Jefferson Mappin, Josh Zuckerman, Rhys Williams] ## United States ## November 12, 2019 ## 2001 ## TV-G ## 87 min ## [Comedy, Crime, Fantasy] ##
=> s847 ## Gotta Kick it Up ## Movie ## Ramon Menendez ## [America Ferrera, Camille Guaty, Jhoanna Flores, Miguel Sandoval, Sabrina Wiener, Suilma Rodriguez] ## United States ## November 12, 2019 ## 2002 ## TV-G ## 85 min ## [Coming of Age, Dance, Drama] ##
=> s947 ## Lilo & Stitch ## Movie ## Christopher Sanders, Dean DeBlois ## [Christopher Sanders, Daveigh Chase, David Ogden Stiers, Kevin McDonald, Tia Carrere, Ving Rhames] ## United States ## November 12, 2019 ## 2002 ## TV-PG ## 86 min ## [Action-Adventure, Animation, Family] ##
=> s1008 ## Mike's New Car ## Movie ## Pete Docter, Roger Gould ## [Billy Crystal, John Goodman] ## United States ## November 12, 2019 ## 2002 ## TV-G ## 5 min ## [Animation, Buddy, Comedy] ##
=> s1049 ## Peter Pan: Return to Never Land ## Movie ## Robin Budd ## [Andrew McDonough, Blayne Weaver, Corey Burton, Harriet Owen, Jeff Bennett, Kath Soucie] ## United States, Canada, Australia ## November 12, 2019 ## 2002 ## G ## 77 min ## [Action-Adventure, Animation, Family] ##
=> s1139 ## Star Wars: Attack of the Clones (Episode II) ## Movie ## George Lucas ## [Ewan McGregor, Frank Oz, Hayden Christensen, Ian McDiarmid, Natalie Portman, Pernilla August] ## United States ## November 12, 2019 ## 2002 ## PG ## 143 min ## [Action-Adventure, Science Fiction] ##
=> s1258 ## The Santa Clause 2 ## Movie ## Michael Lembeck ## [David Krumholtz, Elizabeth Mitchell, Eric Lloyd, Judge Reinhold, Tim Allen, Wendy Crewson] ## United States, Canada ## November 12, 2019 ## 2002 ## G ## 106 min ## [Comedy, Family, Fantasy] ##
=> s1260 ## The Scream Team ## Movie ## Stuart Gillard ## [Eric Idle, Gary Reineke, Kat Dennings, Mark Rendall, Robert Bockstael, Tommy Davidson] ## United States ## November 12, 2019 ## 2002 ## TV-PG ## 88 min ## [Comedy, Fantasy] ##
=> s801 ## Eddie's Million Dollar Cook-off ## Movie ## Paul Hoen ## [Kylie Leydon, Mark Taylor, Orlando Brown, Reiley McClendon, Rose McIver, Taylor Ball] ## United States ## November 12, 2019 ## 2003 ## TV-G ## 86 min ## [Comedy, Coming of Age, Sports] ##
=> s1082 ## Recess: All Growed Down ## Movie ## Howy Parkins, Chuck Sheetz ## [Andrew Lawrence, Ashley Johnson, Jason Davis, Myles Jeffrey, Rickey Collins, Ross Malinger] ## United States ## November 12, 2019 ## 2003 ## G ## 61 min ## [Animation, Comedy, Family] ##
=> s1200 ## The Even Stevens Movie ## Movie ## Sean McNamara ## [A.J. Trauth, Christy Romano, Nick Spano, Shia LaBeouf, Steven Lawrence, Tom Virtue] ## United States ## November 12, 2019 ## 2003 ## TV-G ## 94 min ## [Action-Adventure, Comedy] ##
=> s1211 ## The Haunted Mansion ## Movie ## Rob Minkoff ## [Eddie Murphy, Jennifer Tilly, Marsha Thomason, Nathaniel Parker, Terence Stamp, Wallace Shawn] ## United States ## November 12, 2019 ## 2003 ## PG ## 89 min ## [Comedy, Family, Fantasy] ##
=> s176 ## Higglytown Heroes ## TV Show ## NaN ## [Edie McClurg, Frankie Ryan Manriquez, Liliana Mumy, Rory Thost, Taylor Masamitsu] ## United States, South Korea ## April 2, 2021 ## 2004 ## TV-Y ## 2 Seasons ## [Animation, Kids, Musical] ##
=> s1006 ## Mickey's Twice Upon a Christmas ## Movie ## Matthew O'Callaghan ## [Bill Farmer, Jeff Bennett, Jim Cummings, Tony Anselmo, Tress MacNeille, Wayne Allwine] ## United States ## November 12, 2019 ## 2004 ## G ## 70 min ## [Animation, Anthology, Comedy] ##
=> s1100 ## Sacred Planet ## Movie ## Jon Long ## [Arapata McKay, Cy Peck Jr., Mae Tui, Mutang Urud, Robert Redford, Tsaan Ciqae] ## Canada, Malaysia, United States ## November 12, 2019 ## 2004 ## G ## 47 min ## [Animals & Nature, Documentary, Family] ##
=> s1222 ## The Lion King 1 1/2 ## Movie ## Bradley Raymond ## [Ernie Sabella, Jerry Stiller, Julie Kavner, Matthew Broderick, Nathan Lane, Robert Guillaume] ## Australia, United States ## November 12, 2019 ## 2004 ## G ## 80 min ## [Action-Adventure, Animation, Comedy] ##
=> s1250 ## The Princess Diaries 2: Royal Engagement ## Movie ## Garry Marshall ## [Anne Hathaway, Callum Blue, Chris Pine, Heather Matarazzo, John Rhys-Davies, Kathleen Marshall] ## United States ## November 12, 2019 ## 2004 ## G ## 114 min ## [Comedy, Family, Romance] ##
=> s1270 ## The Suite Life of Zack & Cody ## TV Show ## NaN ## [Ashley Tisdale, Brenda Song, Cole Sprouse, Dylan Sprouse, Kim Rhodes, Phill Lewis] ## United States ## November 12, 2019 ## 2004 ## TV-G ## 3 Seasons ## [Action-Adventure, Comedy, Coming of Age] ##
=> s1294 ## Tiger Cruise ## Movie ## Duwayne Dunham ## [Bianca Collins, Hayden Panettiere, Mercedes Colon, Nathaniel Lee, Nathaniel Lee Jr., Troy Evans] ## United States ## November 12, 2019 ## 2004 ## TV-PG ## 88 min ## [Drama, Family] ##
=> s649 ## Aliens of the Deep ## Movie ## James Cameron, Steven Quale ## [Dr. Anatoly Sagalevitch, Dr. Arthur Lane, Dr. Jim Childress, Dr. Pamela Conrad, Genya Chernaiev, Victor Nischeta] ## United States ## November 12, 2019 ## 2005 ## G ## 100 min ## [Action-Adventure, Animals & Nature, Documentary] ##
=> s899 ## Jack-Jack Attack ## Movie ## Brad Bird ## [Bret Parker, Bud Luckey, Eli Fucile, Jason Lee] ## United States ## November 12, 2019 ## 2005 ## G ## 6 min ## [Animation, Comedy, Family] ##
=> s943 ## Life is Ruff ## Movie ## Charles Haid ## [Carter Jenkins, Judith Moreland, Kay Panabaker, Kyle Massey, Mark Lawrence, Mitchel Musso] ## United States ## November 12, 2019 ## 2005 ## TV-G ## 85 min ## [Animals & Nature, Comedy, Coming of Age] ##
=> s948 ## Lilo & Stitch 2: Stitch Has a Glitch ## Movie ## Tony Leondis, Michael LaBash ## [Christopher Sanders, Dakota Fanning, David Stiers, Kevin McDonald, Kunewa Mook, Tia Carrere] ## United States ## November 12, 2019 ## 2005 ## PG ## 70 min ## [Animation, Comedy, Dance] ##
=> s1033 ## Now You See It ## Movie ## Duwayne Dunham ## [Alyson Michalka, Brendan Hill, Chris Olivero, Frank Langella, Gabriel Sunday, Johnny Pacar] ## United States ## November 12, 2019 ## 2005 ## TV-G ## 89 min ## [Coming of Age, Fantasy] ##
=> s417 ## Tarzan II ## Movie ## Brian Smith ## [Brad Garrett, Estelle Harris, George Carlin, Glenn Close, Harrison Chad, Ron Perlman] ## United States ## June 26, 2020 ## 2005 ## G ## 75 min ## [Action-Adventure, Animation, Coming of Age] ##
=> s1195 ## The Chronicles of Narnia: The Lion, the Witch and the Wardrobe ## Movie ## Andrew Adamson ## [Anna Popplewell, Georgie Henley, James McAvoy, Skandar Keynes, Tilda Swinton, William Moseley] ## United Kingdom, United States ## November 12, 2019 ## 2005 ## PG ## 147 min ## [Action-Adventure, Family, Fantasy] ##
=> s1251 ## The Proud Family Movie ## Movie ## Bruce Smith ## [Jo Payton, Kyla Pratt, Orlando Brown, Paula Parker, Soleil Frye, Tommy Davidson] ## United States ## November 12, 2019 ## 2005 ## TV-G ## 95 min ## [Animation, Comedy, Family] ##
=> s666 ## Bambi II ## Movie ## Brian Pimental ## [Alexander Gould, Andrea Bowen, Brendon Baerg, Keith Ferguson, Nicky Jones, Patrick Stewart] ## United States ## November 12, 2019 ## 2006 ## G ## 75 min ## [Animation, Drama, Kids] ##
=> s85 ## Flicka ## Movie ## Michael Mayer ## [Alison Lohman, Dallas Roberts, Danny Pino, Maria Bello, Ryan Kwanten, Tim McGraw] ## United States, United Kingdom ## July 9, 2021 ## 2006 ## PG ## 95 min ## [Animals & Nature, Coming of Age, Drama] ##
=> s992 ## Mater and the Ghostlight ## Movie ## John Lasseter ## [Bonnie Hunt, Cheech Marin, Larry the Cable Guy , Michael Wallis, Owen Wilson, Paul Newman] ## United States ## November 12, 2019 ## 2006 ## TV-Y7 ## 8 min ## [Animation, Comedy, Family] ##
=> s1028 ## My Friends Tigger & Pooh ## TV Show ## NaN ## [Jim Cummings] ## United States ## November 12, 2019 ## 2006 ## TV-Y ## 2 Seasons ## [Animation, Kids] ##
=> s1203 ## The Fox and the Hound 2 ## Movie ## Jim Kammerud ## [Harrison Fahn, Jeff Foxworthy, Jonah Bobo, Patrick Swayze, Reba McEntire, Vicki Lawrence] ## United States ## November 12, 2019 ## 2006 ## G ## 73 min ## [Action-Adventure, Animation, Buddy] ##
=> s1253 ## The Replacements ## TV Show ## NaN ## [Daran Norris, David McCallum, Grey DeLisle, Jeff Bennett, Kath Soucie, Nancy Cartwright] ## United States ## November 12, 2019 ## 2006 ## TV-G ## 1 Season ## [Animation, Comedy, Family] ##
=> s1329 ## Wendy Wu: Homecoming Warrior ## Movie ## John Laing ## [Andy Fischer-Price, Brenda Song, Justin Chon, Michael Cheng, Shin Koyamada, Susan Chuang] ## United States ## November 12, 2019 ## 2006 ## TV-PG ## 91 min ## [Action-Adventure, Coming of Age, Fantasy] ##
=> s994 ## Meet the Robinsons ## Movie ## Stephen Anderson ## [Angela Bassett, Daniel Hansen, Dara McGarry, John Ford, Jordan Fry, Matthew Josten] ## United States ## November 12, 2019 ## 2007 ## G ## 97 min ## [Action-Adventure, Animation, Family] ##
=> s1029 ## National Treasure: Book of Secrets ## Movie ## Jon Turteltaub ## [Diane Kruger, Ed Harris, Harvey Keitel, Jon Voight, Justin Bartha, Nicolas Cage] ## United States ## November 12, 2019 ## 2007 ## PG ## 125 min ## [Action-Adventure, Mystery, Thriller] ##
=> s1119 ## Simpsons Movie ## Movie ## David Silverman ## [Dan Castellaneta, Hank Azaria, Harry Shearer, Julie Kavner, Nancy Cartwright, Yeardley Smith] ## United States ## November 12, 2019 ## 2007 ## PG-13 ## 88 min ## [Action-Adventure, Animation, Comedy] ##
=> s34 ## Underdog ## Movie ## Frederik Du Chau ## [Alex Neuberger, Amy Adams, Jason Lee, Jim Belushi, Patrick Warburton, Peter Dinklage] ## United States ## August 27, 2021 ## 2007 ## PG ## 85 min ## [Action-Adventure, Family, Parody] ##
=> s682 ## Bolt ## Movie ## Chris Williams, Byron Howard ## [James Lipton, John Travolta, Malcolm McDowell, Mark Walton, Miley Cyrus, Susie Essman] ## United States ## November 12, 2019 ## 2008 ## PG ## 98 min ## [Action-Adventure, Animation, Comedy] ##
=> s698 ## Camp Rock ## Movie ## Matthew Diamond ## [Alyson Stoner, Demi Lovato, Joe Jonas, Julie Brown, Maria Canals-Barrera, Meaghan Martin] ## United States ## November 12, 2019 ## 2008 ## TV-G ## 96 min ## [Coming of Age, Music, Musical] ##
=> s580 ## Cars Toon: Tokyo Mater ## Movie ## John Lasseter ## [Keith Ferguson, Larry the Cable Guy , Mach Kobayashi, Michael Wallis, Robert Ito] ## United States ## January 1, 2020 ## 2008 ## G ## 8 min ## [Animation, Comedy, Family] ##
=> s724 ## College Road Trip ## Movie ## Roger Kumble ## [Brenda Song, Donny Osmond, Eshaya Draper, Martin Lawrence, Raven-Symoné , Will Sasso] ## United States ## November 12, 2019 ## 2008 ## G ## 84 min ## [Comedy, Coming of Age, Family] ##
=> s869 ## High School Musical 3: Senior Year ## Movie ## Kenny Ortega ## [Ashley Tisdale, Corbin Bleu, Lucas Grabeel, Monique Coleman, Vanessa Hudgens, Zac Efron] ## United States ## November 12, 2019 ## 2008 ## G ## 121 min ## [Coming of Age, Family, Musical] ##
=> s896 ## Iron Man Armored Adventures ## TV Show ## NaN ## [Adrian Petriw, Anna Cummer, Daniel Bacon, Mackenzie Gray, Vincent Tong] ## Canada, United States, United Kingdom, France, Luxembourg ## November 12, 2019 ## 2008 ## TV-G ## 2 Seasons ## [Action-Adventure, Animation, Coming of Age] ##
=> s1150 ## Stonehenge Decoded: Secrets Revealed ## Movie ## Christopher Spencer ## [Craig Sechler] ## United Kingdom ## November 12, 2019 ## 2008 ## TV-PG ## 44 min ## [Documentary] ##
=> s662 ## Avatar ## Movie ## James Cameron ## [Giovanni Ribisi, Michelle Rodriguez, Sam Worthington, Sigourney Weaver, Stephen Lang, Zoë Saldana] ## United States ## November 12, 2019 ## 2009 ## PG-13 ## 162 min ## [Action-Adventure, Science Fiction] ##
=> s860 ## Hatching Pete ## Movie ## Stuart Gillard ## [Amy Farrington, Jason Dolley, Josie Loren, Mitchel Musso, Sean O'Bryan, Tiffany Thornton] ## United States ## November 12, 2019 ## 2009 ## TV-G ## 90 min ## [Comedy, Coming of Age] ##
=> s906 ## Jonas Brothers: The Concert Experience ## Movie ## Bruce Hendricks ## [Big Feggans, Demi Lovato, Joe Jonas, Kevin Jonas, Nick Jonas, Taylor Swift] ## United States ## November 12, 2019 ## 2009 ## G ## 89 min ## [Concert Film, Documentary, Music] ##
=> s918 ## Kingdom of the Blue Whale ## Movie ## NaN ## [Tom Selleck] ## United States ## November 12, 2019 ## 2009 ## TV-PG ## 94 min ## [Animals & Nature, Documentary, Family] ##
=> s1122 ## Skyrunners ## Movie ## Ralph Hemecker ## [Conrad Coates, Jacqueline Wood, Joey Pollari, Kelly Blatz, Kerry Laifatt, Nathan Stephenson] ## United States ## November 12, 2019 ## 2009 ## TV-PG ## 93 min ## [Action-Adventure, Science Fiction] ##
=> s141 ## Special Agent Oso ## TV Show ## NaN ## [Amber Hood, Cam Clarke, Gary Anthony Williams, Meghan Strange, Phill Lewis, Sean Astin] ## United States, United Kingdom, South Korea ## May 14, 2021 ## 2009 ## TV-Y ## 2 Seasons ## [Action-Adventure, Animation, Kids] ##
=> s1248 ## The Princess and the Frog ## Movie ## John Musker, Ron Clements ## [Anika Rose, Bruno Campos, Jennifer Cody, Jim Cummings, Keith David, Michael-Leon Wooley] ## United States ## November 12, 2019 ## 2009 ## G ## 99 min ## [Animation, Comedy, Family] ##
=> s123 ## X-Men Origins: Wolverine ## Movie ## Gavin Hood ## [Danny Huston, Hugh Jackman, Kevin Durand, Liev Schreiber, Lynn Collins, will.i.am ] ## United States, United Kingdom ## June 4, 2021 ## 2009 ## PG-13 ## 108 min ## [Action-Adventure, Family, Science Fiction] ##
=> s707 ## Cars Toon: Heavy Metal Mater ## Movie ## John Lasseter ## [Keith Ferguson, Larry the Cable Guy ] ## United States ## November 12, 2019 ## 2010 ## TV-G ## 5 min ## [Animation, Comedy, Family] ##
=> s745 ## Disney Den Brother ## Movie ## Mark Taylor ## [David Lambert, Debra Mooney, G. Hannelius, Hutch Dano, Kelsy Chow, Maurice Godin] ## United States ## November 12, 2019 ## 2010 ## TV-G ## 90 min ## [Comedy, Coming of Age] ##
=> s755 ## Disney Jake and the Never Land Pirates ## TV Show ## NaN ## [Colin Ford, Corey Burton, David Arquette, Jonathan Heit, Madison Pettis] ## United States ## November 12, 2019 ## 2010 ## TV-Y ## 4 Seasons ## [Action-Adventure, Animation, Fantasy] ##
=> s850 ## Great Migrations ## TV Show ## NaN ## [Alec Baldwin] ## United States ## November 12, 2019 ## 2010 ## TV-PG ## 1 Season ## [Animals & Nature, Docuseries, Survival] ##
=> s298 ## The Sorcerer's Apprentice ## Movie ## Jon Turteltaub ## [Alfred Molina, Jay Baruchel, Monica Bellucci, Nicolas Cage, Omar Miller, Teresa Palmer] ## United States ## October 30, 2020 ## 2010 ## PG ## 111 min ## [Action-Adventure, Fantasy] ##
=> s1306 ## Toy Story 3 ## Movie ## Lee Unkrich ## [Don Rickles, Joan Cusack, John Ratzenberger, Tim Allen, Tom Hanks, Wallace Shawn] ## United States ## November 12, 2019 ## 2010 ## G ## 103 min ## [Animation, Comedy, Drama] ##
=> s483 ## Brain Games ## TV Show ## NaN ## [Neil Harris] ## United States ## April 17, 2020 ## 2011 ## TV-G ## 8 Seasons ## [Docuseries, Family, Game Show / Competition] ##
=> s404 ## Diary of a Wimpy Kid: Rodrick Rules ## Movie ## David Bowers ## [Devon Bostick, Rachael Harris, Robert Capron, Steve Zahn, Zachary Gordon] ## United States ## July 3, 2020 ## 2011 ## PG ## 100 min ## [Comedy, Family] ##
=> s446 ## Doc McStuffins ## TV Show ## NaN ## [Jaden Betts, Jess Harnell, Kiara Muhammad, Kimberly Brooks, Lara Miller, Loretta Devine] ## United States, Ireland ## May 22, 2020 ## 2011 ## TV-Y7 ## 5 Seasons ## [Animation, Kids, Medical] ##
=> s924 ## Lab Rats ## TV Show ## NaN ## [Billy Unger, Hal Sparks, Kelli Berglund, Spencer Boldman, Tyrel Williams] ## United States ## November 12, 2019 ## 2011 ## TV-Y7 ## 4 Seasons ## [Action-Adventure, Comedy, Coming of Age] ##
=> s980 ## Marvel Ultimate Spider-Man ## TV Show ## NaN ## [Chi McBride, Clark Gregg, Drake Bell, J.K. Simmons, Steven Weber, Tom Kenny] ## United States ## November 12, 2019 ## 2011 ## TV-Y7 ## 4 Seasons ## [Action-Adventure, Animation, Fantasy] ##
=> s295 ## Prep & Landing: Naughty vs. Nice ## Movie ## Kevin Deters, Stevie Wermers-Skelton ## [Chris Parnell, Dave Foley, Derek Richardson, Rob Riggle, Sarah Chalke, W. Sheppard] ## United States ## November 6, 2020 ## 2011 ## TV-G ## 23 min ## [Animation, Family, Fantasy] ##
=> s1163 ## Teen Spirit ## Movie ## Gil Junger ## [Carissa Capobianco, Cassie Scerbo, Chris Zylka, Gabriela Lopez, Lindsey Shaw, Tim Gunn] ## United States ## November 12, 2019 ## 2011 ## TV-14 ## 82 min ## [Buddy, Comedy, Coming of Age] ##
=> s752 ## Disney Girl vs. Monster ## Movie ## Stuart Gillard ## [Adam Chambers, Brendan Meyer, Katherine McNamara, Kerris Dorsey, Olivia Holt, Tracy Dawson] ## United States, Canada ## November 12, 2019 ## 2012 ## TV-PG ## 90 min ## [Action-Adventure, Comedy, Fantasy] ##
=> s206 ## Dog With a Blog ## TV Show ## NaN ## [Beth Littleford, Blake Michael, Francesca Capaldi, G Hannelius, Regan Burns, Stephen Full] ## United States ## February 26, 2021 ## 2012 ## TV-G ## 3 Seasons ## [Comedy, Fantasy] ##
=> s520 ## Frankenweenie ## Movie ## Tim Burton ## [Atticus Shaffer, Catherine O'Hara, Charlie Tahan, Martin Landau, Martin Short, Winona Ryder] ## United States ## April 1, 2020 ## 2012 ## PG ## 88 min ## [Animation, Drama, Parody] ##
=> s942 ## Let it Shine ## Movie ## Paul Hoen ## [Alex Désert, Brandon Smith, Coco Jones, Dawnn Lewis, Trevor Jackson, Tyler Williams] ## United States ## November 12, 2019 ## 2012 ## TV-G ## 103 min ## [Coming of Age, Drama, Music] ##
=> s441 ## Maggie Simpson in The Longest Daycare ## Movie ## NaN ## [NaN] ## United States ## May 29, 2020 ## 2012 ## PG ## 5 min ## [Animation, Comedy] ##
=> s977 ## Marvel Studios' The Avengers ## Movie ## Joss Whedon ## [Chris Evans, Chris Hemsworth, Jeremy Renner, Mark Ruffalo, Robert Downey Jr., Scarlett Johansson] ## United States ## November 12, 2019 ## 2012 ## PG-13 ## 145 min ## [Action-Adventure, Fantasy, Science Fiction] ##
=> s121 ## Red Tails ## Movie ## Anthony Hemingway ## [Cuba Gooding Jr., David Oyelowo, Nate Parker, Ne-Yo, Terrence Howard, Tristan Wilds] ## United States ## June 4, 2021 ## 2012 ## PG-13 ## 126 min ## [Action-Adventure, Drama, Historical] ##
=> s1221 ## The Legend of Mor'du ## Movie ## Brian Larsen ## [Callum O'Neill, Julie Walters, Steve Purcell] ## United States ## November 12, 2019 ## 2012 ## TV-G ## 8 min ## [Animation, Family, Fantasy] ##
=> s524 ## The Odd Life of Timothy Green ## Movie ## Peter Hedges ## [CJ Adams, Dianne Wiest, Jennifer Garner, Joel Edgerton, Ron Livingston, Rosemarie DeWitt] ## United States ## April 1, 2020 ## 2012 ## PG ## 106 min ## [Drama, Family, Fantasy] ##
=> s1308 ## Toy Story Toons: Partysaurus Rex ## Movie ## Mark Walsh ## [Corey Burton, Don Fullilove, Tim Allen, Tom Hanks, Tony Cox, Wallace Shawn] ## United States ## November 12, 2019 ## 2012 ## G ## 9 min ## [Animation, Comedy, Family] ##
=> s135 ## Fury Files ## TV Show ## NaN ## [Chi McBride] ## NaN ## May 21, 2021 ## 2013 ## TV-Y7 ## 1 Season ## [Animation] ##
=> s903 ## Jingle Pols ## Movie ## NaN ## [Dr. Pol] ## NaN ## November 12, 2019 ## 2013 ## TV-14 ## 45 min ## [Animals & Nature, Documentary, Medical] ##
=> s279 ## Planes ## Movie ## Klay Hall ## [Brad Garrett, Dane Cook, Julia Louis-Dreyfus, Priyanka Chopra, Stacy Keach, Teri Hatcher] ## United States ## November 20, 2020 ## 2013 ## PG ## 94 min ## [Action-Adventure, Animation, Comedy] ##
=> s1153 ## Super Buddies ## Movie ## Robert Vince ## [Colin Hanks, Cooper Roth, G. Hannelius, Jeremy Shinder, Tenzing Trainor, Ty Panitz] ## United States ## November 12, 2019 ## 2013 ## G ## 83 min ## [Action-Adventure, Comedy, Family] ##
=> s92 ## When Sharks Attack ## TV Show ## NaN ## [Eric Meyers] ## United States ## July 9, 2021 ## 2013 ## TV-14 ## 7 Seasons ## [Reality] ##
=> s225 ## Wicked Tuna: Outer Banks ## TV Show ## NaN ## [Bill Ratner] ## NaN ## February 5, 2021 ## 2013 ## TV-14 ## 7 Seasons ## [Animals & Nature, Docuseries, Family] ##
=> s538 ## Disney Phineas and Ferb: Phineas and Ferb Star Wars ## Movie ## NaN ## [Ashley Tisdale, Caroline Rhea, Dan Povenmire, Richard O'Brien, Thomas Brodie-Sangster, Vincent Martella] ## United States ## February 28, 2020 ## 2014 ## TV-G ## 53 min ## [Action-Adventure, Animation, Musical] ##
=> s585 ## Drain The Bermuda Triangle ## Movie ## Jobim Sampson ## [Russell Boulter] ## United States ## January 1, 2020 ## 2014 ## TV-PG ## 45 min ## [Documentary] ##
=> s880 ## How to Build a Better Boy ## Movie ## Paul Hoen ## [Ashley Argota, China McClain, Kelli Berglund, Matt Shively, Noah Centineo, Roger Bart] ## United States ## November 12, 2019 ## 2014 ## TV-G ## 94 min ## [Action-Adventure, Comedy, Science Fiction] ##
=> s253 ## Into the Woods ## Movie ## Rob Marshall ## [Anna Kendrick, Chris Pine, Emily Blunt, James Corden, Meryl Streep, Tracey Ullman] ## United States ## December 18, 2020 ## 2014 ## PG ## 126 min ## [Action-Adventure, Fantasy, Musical] ##
=> s936 ## LEGO Star Wars: The New Yoda Chronicles – Duel of the Skywalkers ## Movie ## Michael Hegner ## [Anthony Daniels, Kirby Morrow, Matt Sloan, Sam Vincent, Tom Kane, Trevor Devall] ## United States ## November 12, 2019 ## 2014 ## TV-Y7 ## 24 min ## [Action-Adventure, Animation, Comedy] ##
=> s1026 ## Muppets Most Wanted ## Movie ## James Bobin ## [Dave Goelz, Eric Jacobson, Ricky Gervais, Steve Whitmire, Tina Fey, Ty Burrell] ## United States ## November 12, 2019 ## 2014 ## PG ## 111 min ## [Action-Adventure, Comedy, Family] ##
=> s280 ## Planes: Fire & Rescue ## Movie ## Bobs Gannaway ## [Curtis Armstrong, Dane Cook, Ed Harris, Hal Holbrook, John Higgins, Julie Bowen] ## United States ## November 20, 2020 ## 2014 ## PG ## 85 min ## [Action-Adventure, Animation, Comedy] ##
=> s1136 ## Star Wars Rebels ## TV Show ## NaN ## [C1-10P a.k.a. Chopper, Freddie Prinze Jr., Steve Blum, Taylor Gray, Tiya Sircar, Vanessa Marshall] ## United States ## November 12, 2019 ## 2014 ## TV-Y7 ## 4 Seasons ## [Action-Adventure, Animation, Kids] ##
=> s1137 ## Star Wars Rebels (Shorts) ## TV Show ## NaN ## [NaN] ## NaN ## November 12, 2019 ## 2014 ## TV-Y7 ## 1 Season ## [Action-Adventure, Animation, Kids] ##
=> s216 ## The Book of Life ## Movie ## Jorge R. Gutiérrez ## [Channing Tatum, Christina Applegate, Diego Luna, Ice Cube, Ron Perlman, Zoe Saldana] ## NaN ## February 19, 2021 ## 2014 ## PG ## 101 min ## [Action-Adventure, Animation, Comedy] ##
=> s1186 ## The Book of Once Upon a Time ## TV Show ## NaN ## [Kate Mulvany] ## NaN ## November 12, 2019 ## 2014 ## TV-Y ## 4 Seasons ## [Animation, Anthology, Kids] ##
=> s743 ## Disney Bad Hair Day ## Movie ## Érik Canuel ## [Alain Goulem, Christian Campbell, Christian Paul, Kiana Madeira, Laura Marano, Leigh-Allyn Baker] ## Canada ## November 12, 2019 ## 2015 ## TV-G ## 93 min ## [Buddy, Comedy, Coming of Age] ##
=> s746 ## Disney Descendants ## Movie ## Kenny Ortega ## [Booboo Stewart, Cameron Boyce, Dove Cameron, Melanie Paxson, Mitchell Hope, Sofia Carson] ## United States ## November 12, 2019 ## 2015 ## TV-G ## 114 min ## [Coming of Age, Fantasy, Musical] ##
=> s759 ## Disney Lab Rats: Elite Force ## TV Show ## NaN ## [Bradley Perry, Jake Short, Kelli Berglund, Paris Berelc, William Brent] ## United States ## November 12, 2019 ## 2015 ## TV-Y7 ## 1 Season ## [Action-Adventure, Comedy, Coming of Age] ##
=> s136 ## Ice Road Rescue ## TV Show ## NaN ## [Bjørn Lægreid, David Wartnaby, Thord Paulsen] ## United Kingdom ## May 21, 2021 ## 2015 ## TV-14 ## 5 Seasons ## [Docuseries, Reality, Survival] ##
=> s888 ## Inside Out ## Movie ## Pete Docter ## [Amy Poehler, Bill Hader, Lewis Black, Mindy Kaling, Phyllis Smith, Richard Kind] ## United States ## November 12, 2019 ## 2015 ## PG ## 95 min ## [Animation, Coming of Age, Family] ##
=> s932 ## LEGO Star Wars: The Freemaker Adventures ## TV Show ## NaN ## [Greg Baldwin, Grey Griffin, Matt Sloan, Michael Daingerfield, Trevor Devall, Vanessa Lengies] ## United States ## November 12, 2019 ## 2015 ## TV-Y7 ## 2 Seasons ## [Action-Adventure, Animation, Comedy] ##
=> s15 ## Miraculous: Tales Of Ladybug & Cat Noir ## TV Show ## NaN ## [Bryce Papenbrook, Carrie Keranen, Cristina Vee, Keith Silverstein, Max Mittelman, Mela Lee] ## France, South Korea, Japan, United States ## September 15, 2021 ## 2015 ## TV-Y7 ## 1 Season ## [Action-Adventure, Animation, Fantasy] ##
=> s275 ## Port Protection Alaska ## TV Show ## NaN ## [Curly Leach, David Squibb, Gary Muehlberger, Mary Miller, Sam Carlson, Stuart Andrews] ## United States ## November 27, 2020 ## 2015 ## TV-14 ## 1 Season ## [Docuseries, Reality, Survival] ##
=> s337 ## Soy Luna ## TV Show ## NaN ## [Carolina Kopelioff, Karol Sevilla, Lucila Gandolfo, Michael Ronda, Ruggero Pasquarelli, Valentina Zenere] ## Argentina, Mexico ## September 18, 2020 ## 2015 ## TV-G ## 3 Seasons ## [Comedy, Coming of Age, Drama] ##
=> s1343 ## World's Greatest Dogs ## Movie ## NaN ## [Mike Secher] ## United States ## November 12, 2019 ## 2015 ## TV-PG ## 44 min ## [Animals & Nature, Documentary, Family] ##
=> s741 ## Disney Adventures in Babysitting ## Movie ## John Schultz ## [Jet Jurgensmeyer, Mallory Mahoney, Max Gecowets, Nikki Hahn, Sabrina Carpenter, Sofia Carson] ## United States ## November 12, 2019 ## 2016 ## TV-G ## 95 min ## [Action-Adventure, Comedy, Coming of Age] ##
=> s748 ## Disney DuckTales (Shorts) ## TV Show ## NaN ## [NaN] ## NaN ## November 12, 2019 ## 2016 ## TV-Y7 ## 1 Season ## [Action-Adventure, Animation, Comedy] ##
=> s815 ## Finding Dory ## Movie ## Andrew Stanton, Angus MacLane ## [Albert Brooks, Ed O'Neill, Ellen DeGeneres, Hayden Rolence, Kaitlin Olson, Ty Burrell] ## United States ## November 12, 2019 ## 2016 ## PG ## 98 min ## [Action-Adventure, Animation, Comedy] ##
=> s933 ## LEGO Star Wars: The Freemaker Adventures (Shorts) ## TV Show ## NaN ## [NaN] ## NaN ## November 12, 2019 ## 2016 ## TV-Y7 ## 1 Season ## [Action-Adventure, Animation, Comedy] ##
=> s982 ## Marvel's Ant-Man (Shorts) ## TV Show ## NaN ## [NaN] ## United States ## November 12, 2019 ## 2016 ## TV-Y7 ## 1 Season ## [Action-Adventure, Animation, Comedy] ##
=> s274 ## Party Animals ## TV Show ## NaN ## [NaN] ## NaN ## November 27, 2020 ## 2016 ## TV-G ## 1 Season ## [Animals & Nature, Kids, Music] ##
=> s110 ## Puppy Dog Pals ## TV Show ## NaN ## [Harland Williams, Isaac Brown, Jessica DiCicco, Leslie Baker, Sam Lavagnino, Tara Strong] ## United States, India ## June 11, 2021 ## 2016 ## TV-G ## 4 Seasons ## [Animation, Kids] ##
=> s1097 ## Rogue One: A Star Wars Story ## Movie ## Gareth Edwards ## [Alan Tudyk, Ben Mendelsohn, Diego Luna, Donnie Yen, Felicity Jones, Mads Mikkelsen] ## United States ## November 12, 2019 ## 2016 ## PG-13 ## 134 min ## [Action-Adventure, Science Fiction] ##
=> s624 ## Supercar Megabuild ## TV Show ## NaN ## [Dom Joly] ## United States ## December 1, 2019 ## 2016 ## TV-PG ## 2 Seasons ## [Buddy, Docuseries, Lifestyle] ##
=> s481 ## Tangled: The Series ## TV Show ## NaN ## [Clancy Brown, Eden Espinosa, Mandy Moore, Zachary Levi] ## United States ## April 23, 2020 ## 2016 ## TV-Y7 ## 3 Seasons ## [Action-Adventure, Animation, Comedy] ##
=> s533 ## The Finest Hours ## Movie ## Craig Gillespie ## [Ben Foster, Casey Affleck, Chris Pine, Holliday Grainger, John Ortiz, Kyle Gallner] ## United States ## March 6, 2020 ## 2016 ## PG-13 ## 119 min ## [Action-Adventure, Disaster, Drama] ##
=> s438 ## The Greeks ## TV Show ## NaN ## [Toby Moore] ## United States ## June 5, 2020 ## 2016 ## TV-PG ## 1 Season ## [Docuseries, Historical] ##
=> s389 ## Wild Sri Lanka ## TV Show ## NaN ## [Paul McGann] ## United Kingdom ## July 24, 2020 ## 2016 ## TV-PG ## 1 Season ## [Animals & Nature, Docuseries] ##
=> s705 ## Cars 3 ## Movie ## Brian Fee ## [Armie Hammer, Chris Cooper, Cristela Alonzo, Larry the Cable Guy , Nathan Fillion, Owen Wilson] ## United States ## November 12, 2019 ## 2017 ## G ## 103 min ## [Animation, Comedy, Family] ##
=> s489 ## Disney Playtime with Puppy Dog Pals (Shorts) ## TV Show ## NaN ## [NaN] ## NaN ## April 10, 2020 ## 2017 ## TV-Y ## 2 Seasons ## [Animation, Kids] ##
=> s445 ## Disney Vampirina ## TV Show ## NaN ## [Isabella Crovetti, James Van Der Beek, Jordan Davis, Lauren Graham, Mitchell Whitfield, Wanda Sykes] ## Ireland, United States ## May 22, 2020 ## 2017 ## TV-Y7 ## 2 Seasons ## [Animation, Fantasy, Kids] ##
=> s155 ## DuckTales ## TV Show ## NaN ## [Ben Schwartz, Bobby Moynihan, Danny Pudi, David Tennant, Kate Micucci, Tony Anselmo] ## United States ## April 30, 2021 ## 2017 ## TV-Y7 ## 3 Seasons ## [Action-Adventure, Animation, Comedy] ##
=> s803 ## Elena of Avalor (Shorts) ## TV Show ## NaN ## [Aimee Carrero, Desmond Gerber, Gia Lopez, Jenna Ortega, Maximus Riegel, Mick Wingert] ## NaN ## November 12, 2019 ## 2017 ## TV-Y ## 2 Seasons ## [Action-Adventure, Animation, Fantasy] ##
=> s901 ## Jane ## Movie ## Brett Morgen ## [Jane Goodall] ## United States ## November 12, 2019 ## 2017 ## PG ## 90 min ## [Animals & Nature, Biographical, Documentary] ##
=> s468 ## Love & Vets ## TV Show ## NaN ## [Mallory Kasdan] ## United States ## May 1, 2020 ## 2017 ## TV-PG ## 1 Season ## [Animals & Nature, Docuseries, Family] ##
=> s1108 ## Sea of Hope: America's Underwater Treasures ## Movie ## Robert Nixon ## [Max Kennedy] ## United States ## November 12, 2019 ## 2017 ## TV-PG ## 47 min ## [Action-Adventure, Animals & Nature, Documentary] ##
=> s1158 ## Tangled Before Ever After ## Movie ## Tom Caulfield, Stephen Sandoval ## [Clancy Brown, Eden Espinosa, Julie Bowen, Laura Benanti, Mandy Moore, Zachary Levi] ## United States ## November 12, 2019 ## 2017 ## TV-Y7 ## 58 min ## [Animation, Coming of Age, Fantasy] ##
=> s370 ## Animal Showdown ## TV Show ## NaN ## [Brian Peck] ## NaN ## July 31, 2020 ## 2018 ## TV-G ## 1 Season ## [Animals & Nature, Docuseries, Family] ##
=> s371 ## Best Job Ever ## TV Show ## NaN ## [NaN] ## NaN ## July 31, 2020 ## 2018 ## TV-G ## 1 Season ## [Animals & Nature, Docuseries, Family] ##
=> s239 ## Big Sharks Rule ## Movie ## NaN ## [Lance Lewman] ## NaN ## January 1, 2021 ## 2018 ## TV-14 ## 45 min ## [Animals & Nature, Documentary] ##
=> s330 ## Coop & Cami Ask The World ## TV Show ## NaN ## [Albert Tsai, Dakota Lotus, Olivia Sanabia, Paxton Booth, Rebecca Metz, Ruby Turner] ## United States ## September 18, 2020 ## 2018 ## TV-G ## 2 Seasons ## [Comedy, Family, Kids] ##
=> s392 ## Disney Junior Music Lullabies ## TV Show ## NaN ## [NaN] ## NaN ## July 17, 2020 ## 2018 ## TV-Y ## 1 Season ## [Animation, Kids, Music] ##
=> s231 ## Isle of Dogs ## Movie ## Wes Anderson ## [Bill Murray, Bob Balaban, Bryan Cranston, Edward Norton, Jeff Goldblum, Koyu Rankin] ## United States, Germany, United Kingdom ## January 15, 2021 ## 2018 ## PG-13 ## 102 min ## [Action-Adventure, Animation, Comedy] ##
=> s536 ## Marvel Studios' Black Panther ## Movie ## Ryan Coogler ## [Chadwick Boseman, Danai Gurira, Daniel Kaluuya, Lupita Nyong'o, Martin Freeman, Michael Jordan] ## United States ## March 4, 2020 ## 2018 ## PG-13 ## 137 min ## [Action-Adventure, Science Fiction, Superhero] ##
=> s195 ## Mexico Untamed ## TV Show ## NaN ## [Juan Monsalvez] ## NaN ## March 19, 2021 ## 2018 ## TV-PG ## 1 Season ## [Animals & Nature, Docuseries] ##
=> s1043 ## Paris To Pittsburgh ## Movie ## Sidney Beaumont, Michael Bonfiglio ## [Rachel Brosnahan] ## United States ## November 12, 2019 ## 2018 ## TV-PG ## 77 min ## [Documentary] ##
=> s400 ## Solo: A Star Wars Story ## Movie ## Ron Howard ## [Alden Ehrenreich, Donald Glover, Emilia Clarke, Phoebe Waller-Bridge, Thandie Newton, Woody Harrelson] ## United States ## July 10, 2020 ## 2018 ## PG-13 ## 135 min ## [Action-Adventure, Crime, Science Fiction] ##
=> s1201 ## The Flood ## Movie ## Brad Bestelink ## [Angela Bassett] ## United States ## November 12, 2019 ## 2018 ## TV-PG ## 93 min ## [Animals & Nature, Documentary] ##
=> s269 ## The Nutcracker and the Four Realms ## Movie ## Lasse Hallström, Joe Johnston ## [Eugenio Derbez, Jayden Fowora-Knight, Keira Knightley, Mackenzie Foy, Matthew Macfadyen, Richard Grant] ## United States ## December 4, 2020 ## 2018 ## PG ## 101 min ## [Action-Adventure, Family, Fantasy] ##
=> s492 ## Tut's Treasures: Hidden Secrets ## TV Show ## NaN ## [Mark Bazeley] ## United Kingdom ## April 10, 2020 ## 2018 ## TV-PG ## 1 Season ## [Docuseries, Historical] ##
=> s1351 ## Z-O-M-B-I-E-S ## Movie ## Paul Hoen ## [Carla Jeffery, Kingston Foster, Kylee Russell, Meg Donnelly, Milo Manheim, Trevor Tordjman] ## United States ## November 12, 2019 ## 2018 ## TV-G ## 97 min ## [Coming of Age, Musical, Science Fiction] ##
=> s433 ## Chasing the Equinox ## Movie ## Kenny Scott ## [Stefan Frank] ## NaN ## June 5, 2020 ## 2019 ## TV-PG ## 45 min ## [Documentary] ##
=> s554 ## Descendants 3 ## Movie ## Kenny Ortega ## [Booboo Stewart, Cameron Boyce, Dove Cameron, Mitchell Hope, Sarah Jefferey, Sofia Carson] ## United States ## February 2, 2020 ## 2019 ## TV-G ## 109 min ## [Coming of Age, Fantasy, Musical] ##
=> s750 ## Disney Family Sundays ## TV Show ## NaN ## [NaN] ## United States ## November 12, 2019 ## 2019 ## TV-G ## 1 Season ## [Anthology, Family, Lifestyle] ##
=> s806 ## Encore! ## TV Show ## NaN ## [Ali Stroker, Kristen Bell, Roger Love, Stephen Schwartz, Susan Egan] ## United States ## November 12, 2019 ## 2019 ## TV-14 ## 1 Season ## [Music, Reality] ##
=> s331 ## Europe from Above ## TV Show ## NaN ## [Julian Barratt] ## United Kingdom ## September 18, 2020 ## 2019 ## TV-G ## 1 Season ## [Docuseries, Reality] ##
=> s291 ## Fancy Nancy (Shorts) ## TV Show ## NaN ## [Alyson Hannigan, Dana Heath, Mia Sinclair Jenness, Spencer Moss] ## NaN ## November 6, 2020 ## 2019 ## TV-Y ## 1 Season ## [Animation, Kids] ##
=> s608 ## Forky Asks a Question: What is a Computer? ## Movie ## Bob Peterson ## [Bob Peterson, James Brinkley, Kristen Schaal, Tony Hale] ## United States ## December 13, 2019 ## 2019 ## TV-G ## 6 min ## [Animation, Comedy, Family] ##
=> s603 ## Forky Asks a Question: What is a Leader? ## Movie ## Bob Peterson ## [Bob Peterson, Bonnie Hunt, Tony Hale] ## United States ## December 20, 2019 ## 2019 ## TV-G ## 6 min ## [Animation, Comedy, Family] ##
=> s630 ## Forky Asks a Question: What is Art? ## Movie ## Bob Peterson ## [Bob Peterson, Robin Downes, Tony Hale] ## United States ## November 22, 2019 ## 2019 ## TV-G ## 7 min ## [Animation, Comedy, Family] ##
=> s824 ## Forky Asks a Question: What is Money? ## Movie ## Bob Peterson ## [Bob Peterson, John Ratzenberger, Tony Hale] ## United States ## November 12, 2019 ## 2019 ## TV-G ## 6 min ## [Animation, Comedy, Family] ##
=> s531 ## Frozen 2 ## Movie ## Chris Buck, Jennifer Lee ## [Evan Wood, Idina Menzel, Jonathan Groff, Josh Gad, Kristen Bell, Sterling Brown] ## United States ## March 14, 2020 ## 2019 ## PG ## 107 min ## [Action-Adventure, Animation, Family] ##
=> s107 ## Heartland Docs, DVM ## TV Show ## NaN ## [Dr. Ben Schroeder, Dr. Erin Schroeder] ## United States ## June 18, 2021 ## 2019 ## TV-14 ## 3 Seasons ## [Animals & Nature, Docuseries, Family] ##
=> s605 ## High School Musical: The Musical: The Series: The Special ## Movie ## Clayton Cogswell ## [Dara Renee, Joshua Bassett, Matt Cornett, Olivia Rodrigo, Sofia Wylie] ## United States ## December 20, 2019 ## 2019 ## TV-G ## 23 min ## [Coming of Age, Documentary, Drama] ##
=> s301 ## India From Above ## TV Show ## NaN ## [Dev Patel] ## NaN ## October 23, 2020 ## 2019 ## TV-PG ## 1 Season ## [Docuseries, Reality] ##
=> s891 ## Into the Grand Canyon ## Movie ## Pete McBride ## [NaN] ## United States ## November 12, 2019 ## 2019 ## TV-PG ## 82 min ## [Action-Adventure, Animals & Nature, Documentary] ##
=> s354 ## Jungle Animal Rescue ## TV Show ## NaN ## [Dan Nachtrab] ## United States ## August 14, 2020 ## 2019 ## TV-PG ## 1 Season ## [Animals & Nature, Docuseries, Family] ##
=> s594 ## Marvel Rising: Battle of The Bands ## Movie ## NaN ## [Dee Baker, Dove Cameron, Kamil McFadden, Kathreen Khavari, Skai Jackson, Tyler Posey] ## United States ## January 1, 2020 ## 2019 ## TV-Y7 ## 23 min ## [Action-Adventure, Animation, Superhero] ##
=> s620 ## Marvel Rising: Chasing Ghosts ## Movie ## NaN ## [Chloe Bennet, Dee Baker, Dove Cameron, Kamil McFadden, Kathreen Khavari, Skai Jackson] ## United States ## December 1, 2019 ## 2019 ## TV-Y7-FV ## 24 min ## [Action-Adventure, Animation, Superhero] ##
=> s621 ## Marvel Rising: Heart of Iron ## Movie ## NaN ## [Chloe Bennet, Daisy Lightfoot, Dee Baker, Dove Cameron, Kathreen Khavari, Robbie Daymond] ## United States ## December 1, 2019 ## 2019 ## TV-Y7 ## 46 min ## [Action-Adventure, Animation, Coming of Age] ##
=> s970 ## Marvel Studios' Captain Marvel ## Movie ## Anna Boden, Ryan Fleck ## [Ben Mendelsohn, Brie Larson, Djimon Hounsou, Lashana Lynch, Lee Pace, Samuel Jackson] ## United States, Australia ## November 12, 2019 ## 2019 ## PG-13 ## 126 min ## [Action-Adventure, Science Fiction, Superhero] ##
=> s987 ## Marvel's Hero Project ## TV Show ## NaN ## [NaN] ## United States ## November 12, 2019 ## 2019 ## TV-PG ## 1 Season ## [Docuseries, Family] ##
=> s207 ## Mickey Go Local ## TV Show ## NaN ## [Azran Bin Ahmad, Rozita Binti Mohamed Hussain, Shamsir Bin Mohd Shahar, Suzana Binti Ahmad] ## NaN ## February 26, 2021 ## 2019 ## TV-G ## 1 Season ## [Animation, Comedy, Kids] ##
=> s313 ## Oil Spill of The Century ## Movie ## NaN ## [Loïck Peyron] ## NaN ## October 9, 2020 ## 2019 ## TV-PG ## 45 min ## [Documentary, Historical] ##
=> s614 ## One Day at Disney ## Movie ## Fritz Mitchell ## [NaN] ## United States ## December 3, 2019 ## 2019 ## TV-PG ## 62 min ## [Documentary, Family] ##
=> s1061 ## Pixar In Real Life ## TV Show ## NaN ## [NaN] ## United States ## November 12, 2019 ## 2019 ## TV-G ## 1 Season ## [Anthology, Comedy, Family] ##
=> s366 ## Star Wars: Galaxy's Edge-Adventure Awaits ## Movie ## NaN ## [Jay Leno, Kaley Cuoco, Keegan-Michael Key, Neil Harris, Oscar Isaac, Sarah Hyland] ## United States ## August 7, 2020 ## 2019 ## TV-PG ## 81 min ## [Documentary, Family] ##
=> s289 ## Ultimate Viking Sword ## Movie ## Peter Yost ## [Jay Sanders] ## NaN ## November 13, 2020 ## 2019 ## TV-PG ## 45 min ## [Documentary, Historical] ##
=> s478 ## Born Wild: The Next Generation ## Movie ## Liliana Olszewski ## [Robin Roberts] ## United States ## April 28, 2020 ## 2020 ## TV-PG ## 44 min ## [Animals & Nature, Documentary] ##
=> s296 ## Disney Channel Halloween House Party ## Movie ## Trevor Moore ## [Isaac Ryan Brown, Kylie Cantrall, Raphael Alejandro, Scarlett Estevez, Suzi Barrett, Tobie Windham] ## United States ## October 30, 2020 ## 2020 ## TV-G ## 23 min ## [Comedy, Variety] ##
=> s257 ## Disney Channel's Epic Holiday Showdown ## Movie ## NaN ## [NaN] ## United States ## December 11, 2020 ## 2020 ## TV-G ## 50 min ## [Fantasy, Variety] ##
=> s154 ## Disney My Music Story SUKIMASWITCH ## Movie ## Kentaro Takayanagi ## [Shintaro Tokita, Takuya Ohashi] ## NaN ## April 30, 2021 ## 2020 ## TV-PG ## 81 min ## [Biographical, Documentary, Music] ##
=> s251 ## Dory's Reef Cam ## Movie ## Michal Makarewicz ## [NaN] ## United States ## December 18, 2020 ## 2020 ## TV-G ## 182 min ## [Animation, Family] ##
=> s223 ## Expedition Everest ## Movie ## Katie Bauer Murdock ## [Tate Donovan] ## United States ## February 5, 2021 ## 2020 ## TV-PG ## 45 min ## [Animals & Nature, Documentary] ##
=> s272 ## From Our Family to Yours ## Movie ## Angela Affinita ## [NaN] ## United Kingdom ## November 27, 2020 ## 2020 ## TV-G ## 3 min ## [Animation, Family] ##
=> s287 ## Inside Pixar ## TV Show ## NaN ## [NaN] ## United States ## November 13, 2020 ## 2020 ## TV-PG ## 1 Season ## [Docuseries, Family] ##
=> s37 ## Life Below Zero: Next Generation ## TV Show ## NaN ## [Mocean Melvin] ## United States ## August 25, 2021 ## 2020 ## TV-14 ## 2 Seasons ## [Action-Adventure, Animals & Nature, Docuseries] ##
=> s490 ## Maggie Simpson in Playdate with Destiny ## Movie ## David Silverman ## [NaN] ## United States ## April 10, 2020 ## 2020 ## G ## 5 min ## [Animation, Comedy] ##
=> s355 ## Magic Camp ## Movie ## Mark Waters ## [Adam DeVine, Cole Sand, Gillian Jacobs, Isabella Crovetti, Jeffrey Tambor, Nathaniel McIntyre] ## United States ## August 14, 2020 ## 2020 ## PG ## 101 min ## [Comedy, Family] ##
=> s348 ## Mars: One Day on the Red Planet ## Movie ## Martin Johnson ## [Nigel Barber] ## United States ## August 21, 2020 ## 2020 ## TV-PG ## 88 min ## [Documentary] ##
=> s22 ## Mira, Royal Detective ## TV Show ## NaN ## [Kal Penn, Kamran Lucas, Leela Ladnier, Roshni Edwards, Utkarsh Ambudkar] ## United States ## September 8, 2021 ## 2020 ## TV-Y ## 2 Seasons ## [Animation, Fantasy, Kids] ##
=> s382 ## Muppets Now ## TV Show ## NaN ## [Bill Barretta, Dave Goelz, David Rudman, Eric Jacobson, Matt Vogel, Peter Linz] ## United States ## July 31, 2020 ## 2020 ## TV-PG ## 1 Season ## [Comedy, Family, Lifestyle] ##
=> s450 ## Out ## Movie ## Steven Hunter ## [Bernadette Sullivan, Caleb Cabrera, Kyle McDaniel, Matthew Martin] ## United States ## May 22, 2020 ## 2020 ## PG ## 12 min ## [Animation, Family, Fantasy] ##
=> s319 ## Secrets Of The Zoo: Down Under ## TV Show ## NaN ## [Naomi Watts] ## NaN ## October 2, 2020 ## 2020 ## TV-14 ## 1 Season ## [Animals & Nature, Docuseries, Family] ##
=> s66 ## Shark vs. Surfer ## Movie ## Phil Stebbing ## [Billy Lloyd] ## NaN ## July 23, 2021 ## 2020 ## TV-14 ## 44 min ## [Animals & Nature, Documentary] ##
=> s67 ## Shark vs. Whale ## Movie ## NaN ## [Ted Stewart] ## NaN ## July 23, 2021 ## 2020 ## TV-PG ## 44 min ## [Animals & Nature, Documentary] ##
=> s532 ## Stargirl ## Movie ## Julia Hart ## [Darby Stanchfield, Giancarlo Esposito, Grace VanderWaal, Graham Verchere, Karan Brar, Maximiliano Hernandez] ## United States ## March 13, 2020 ## 2020 ## PG ## 107 min ## [Coming of Age, Drama, Musical] ##
=> s383 ## Surviving the Mount St. Helens Disaster ## Movie ## Sophie Harris ## [Bill Ratner] ## United Kingdom ## July 31, 2020 ## 2020 ## TV-PG ## 44 min ## [Animals & Nature, Documentary] ##
=> s402 ## The Undefeated Presents: Hamilton In-Depth ## Movie ## NaN ## [Daveed Diggs, Leslie Odom Jr., Lin-Manuel Miranda, Phillipa Soo, Renee Goldsberry, Thomas Kail] ## United States ## July 5, 2020 ## 2020 ## TV-PG ## 33 min ## [Historical, Musical] ##
=> s299 ## X-Ray Earth ## TV Show ## NaN ## [NaN] ## United States ## October 30, 2020 ## 2020 ## TV-PG ## 1 Season ## [Animals & Nature, Docuseries, Reality] ##
=> s58 ## Chip 'n' Dale: Park Life ## TV Show ## NaN ## [Bill Farmer, Kaycie Chase, Matthew Géczy, Sylvain Caruso] ## NaN ## July 28, 2021 ## 2021 ## TV-Y7 ## 1 Season ## [Animation, Buddy, Comedy] ##
=> s46 ## Disney Presents Goofy in How to Stay at Home ## TV Show ## NaN ## [Bill Farmer, Corey Burton] ## NaN ## August 11, 2021 ## 2021 ## TV-G ## 1 Season ## [Animation, Comedy, Family] ##
=> s32 ## Disney Princess Remixed - An Ultimate Princess Celebration ## Movie ## Napoleon Dumo ## [Dara Reneé, Frankie Rodriguez, Julia Lester, Natalie Peyser, Ruth Righi, Txunamy Oriz] ## NaN ## August 27, 2021 ## 2021 ## TV-G ## 22 min ## [Family, Music, Variety] ##
=> s162 ## Earth Moods ## TV Show ## NaN ## [NaN] ## NaN ## April 16, 2021 ## 2021 ## TV-G ## 1 Season ## [Animals & Nature, Anthology] ##
=> s10 ## Flooded Tombs of the Nile ## Movie ## Katie Bauer Murdock ## [Devin E. Haqq] ## NaN ## September 17, 2021 ## 2021 ## TV-PG ## 44 min ## [Documentary] ##
=> s128 ## Growing Fangs ## Movie ## Ann Marie Pace ## [Cristela Alonzo, Gilberto Ortiz, Grace Song, Keyla Monterroso Mejia, Olivia Sullivent, Sean Burgos] ## NaN ## May 28, 2021 ## 2021 ## TV-PG ## 20 min ## [Coming of Age, Fantasy] ##
=> s40 ## Growing Up Animal ## TV Show ## NaN ## [Tracee Ellis Ross] ## NaN ## August 18, 2021 ## 2021 ## TV-PG ## 1 Season ## [Animals & Nature, Docuseries, Family] ##
=> s51 ## Killer Shark vs Killer Whale ## Movie ## NaN ## [Edward Marcoux] ## NaN ## August 6, 2021 ## 2021 ## TV-14 ## 44 min ## [Animals & Nature, Documentary] ##
=> s129 ## Kingdom of the Polar Bears ## TV Show ## NaN ## [Dennis Compayre] ## NaN ## May 28, 2021 ## 2021 ## TV-PG ## 1 Season ## [Animals & Nature, Docuseries] ##
=> s130 ## Let's Be Tigers ## Movie ## Stephanie Abel Horowitz ## [Dash McCloud, Greg Worswick, Mike Millan, Otmara Marrero] ## NaN ## May 28, 2021 ## 2021 ## PG ## 15 min ## [Drama] ##
=> s147 ## Maggie Simpson in The Force Awakens from its Nap ## Movie ## David Silverman ## [NaN] ## NaN ## May 4, 2021 ## 2021 ## TV-PG ## 4 min ## [Animation, Comedy, Parody] ##
=> s62 ## Minnie's Bow-Toons: Party Palace Pals ## TV Show ## NaN ## [Kaitlyn Robrock, Nika Futterman, Tress MacNeille] ## NaN ## July 28, 2021 ## 2021 ## TV-Y7 ## 1 Season ## [Animation, Kids] ##
=> s86 ## Miraculous World: Shanghai, The Legend of Ladydragon ## Movie ## Thomas Astruc ## [Bryce Papenbrook, Carrie Keranen, Cristina 'Vee Valenzuela, Keith Silverstein, Max Mittelman, Todd Haberkorn] ## NaN ## July 9, 2021 ## 2021 ## TV-Y7-FV ## 54 min ## [Animation, Fantasy] ##
=> s228 ## Pixar Popcorn ## TV Show ## NaN ## [Craig T. Nelson, Ellen DeGeneres, Holly Hunter, Jordan Peele, Keegan-Michael Key] ## United States ## January 22, 2021 ## 2021 ## TV-PG ## 1 Season ## [Animation, Anthology, Family] ##
=> s78 ## Shark Attack Files ## TV Show ## NaN ## [NaN] ## NaN ## July 16, 2021 ## 2021 ## TV-14 ## 1 Season ## [Reality] ##
=> s90 ## Shark Gangs ## Movie ## Jacob Cobi Benattia, Pete Berg, James Buchanan ## [NaN] ## NaN ## July 9, 2021 ## 2021 ## TV-14 ## 44 min ## [Animals & Nature, Documentary] ##
=> s5 ## Spidey And His Amazing Friends ## TV Show ## NaN ## [Benjamin Valic, Dee Bradley Baker, Jakari Fraser, Lily Sanfelippo, Melanie Minichino] ## United States ## September 22, 2021 ## 2021 ## TV-Y ## 1 Season ## [Action-Adventure, Animation, Kids] ##
=> s148 ## Star Wars Biomes ## Movie ## NaN ## [NaN] ## NaN ## May 4, 2021 ## 2021 ## TV-G ## 18 min ## [Science Fiction] ##
=> s183 ## Star Wars Vintage: Clone Wars 2D Micro-Series ## TV Show ## NaN ## [André Sogliuzzo, Corey Burton, Grey DeLisle, James Arnold Taylor, Mat Lucas, Tom Kane] ## NaN ## April 2, 2021 ## 2021 ## TV-Y7-FV ## 1 Season ## [Series] ##
=> s68 ## Stuntman ## Movie ## Kurt Mattila ## [Eddie Braun] ## NaN ## July 23, 2021 ## 2021 ## TV-14 ## 87 min ## [Documentary] ##
=> s150 ## The Bad Batch ## TV Show ## NaN ## [Dee Bradley Baker] ## NaN ## May 4, 2021 ## 2021 ## TV-PG ## 1 Season ## [Action-Adventure, Animation, Science Fiction] ##
=> s132 ## The Little Prince(ss) ## Movie ## Moxie Peng ## [Brian Yang, Ching Yin Ryan Hu, Danni Wang, Evan Lai, Kalo Moss, Lynn Chen] ## NaN ## May 28, 2021 ## 2021 ## PG ## 19 min ## [Drama] ##
=> s103 ## The Mysterious Benedict Society ## TV Show ## NaN ## [Emmy DeOliveira, Kristen Schaal, Marta Kessler, Mystic Inscho, Seth Carr, Tony Hale] ## United States ## June 25, 2021 ## 2021 ## TV-PG ## 1 Season ## [Action-Adventure, Family] ##
=> s63 ## Turning the Tables with Robin Roberts ## TV Show ## NaN ## [Robin Roberts] ## NaN ## July 28, 2021 ## 2021 ## TV-PG ## 1 Season ## [Talk Show] ##
=> s233 ## WandaVision ## TV Show ## NaN ## [Elizabeth Olsen, Kat Dennings, Kathryn Hahn, Paul Bettany, Randall Park, Teyonah Parris] ## United States ## January 15, 2021 ## 2021 ## TV-14 ## 1 Season ## [Drama, Fantasy, Mystery] ##
=> s104 ## Wolfgang ## Movie ## David Gelb ## [Wolfgang Puck] ## NaN ## June 25, 2021 ## 2021 ## TV-PG ## 80 min ## [Biographical, Documentary] ##
