(I)2023
(I)2022
(I)2020
(I)2019
(I)2019
(R)Prime House Works
(I)2018
(R)Fresh House Zone
(I)2017
(R)Bella Dining Works
(I)2019
(R)Grand House Delight
(I)2020
(R)Elite Place Works 21
(I)2022
(R)Happy Dining Station
(I)2022
(R)Fresh Spot Station
(I)2023
(R)Blue Corner Plaza
(I)2021
(R)Fresh Bistro Collective
(I)2020
(R)Happy Cafe Terrace
(I)2019
(R)Fresh Corner Zone
(I)2018
(R)Central House Works
(I)2018
(R)Green Place Point
(I)2019
(R)Elite Hub Express
(I)2019
(R)Happy Corner Zone 5
(I)2019
(R)Bella Place Zone
(I)2020
(R)Fresh Lounge Collective
(I)2019
(R)Modern House Street
(I)2018
(R)Prime Bistro Corner
(I)2018
(R)Blue House Plaza 58
(I)2018
(R)Classic Table Point
(I)2019
(R)Central Place Express 78
(I)2019
(R)Happy Table Street
(I)2020
(R)Classic Hub Corner
(I)2020
(R)Modern Corner Collective
(I)2020
(R)Classic Lounge Delight
(I)2020
(R)Elite Grill Terrace
(I)2019
(R)Central House Plaza
(I)2020
(R)Green Bistro Hall
(I)2020
(R)Urban Market Studio
(I)2021
(R)Modern Hub Plaza
(I)2021
(R)Classic Spot Express
(I)2022
(R)Bella Garden Zone
(I)2022
(R)Fresh Cafe Corner
(I)2023
(R)Royal Cafe Zone
(I)2022
(R)Elite Place Express
(I)2021
(R)Elite Corner Plaza
(I)2020
(R)Sunny Place Collective
(I)2018
(R)Bella Place Delight
(I)2018
(R)Grand Corner Corner
(I)2018
(R)Happy Market Point
(I)2019
(R)Sunny Grill Hall
(I)2020
(R)Happy Hub Plaza
(I)2022
(R)Bella Lounge Plaza
(I)2021
(R)Blue Cafe Zone
(I)2022
(R)Blue Corner Works
(I)2022
(R)Royal House Delight
(R)Modern Table Plaza
(I)2022
(I)2022
(R)Sunny Dining Point
(I)2022
(R)Modern Dining Corner
(R)Sunny Grill Street
(I)2020
(I)2021
(R)Sunny Table Street
(I)2019
(R)Prime Hub Terrace
(R)Fresh Place Collective
(I)2019
(R)Elite Place Works 21
(I)2018
(I)2018
(R)Elite Table Zone
(R)Sunny Bistro Terrace
(R)Classic House Works 62
(I)2016
(R)Classic Grill Point 96
(I)2017
(I)2017
(R)Urban Place Terrace 46
(R)Central Garden Point
(I)2017
(I)2017
(R)Fresh Hub Point
(I)2017
(R)Modern Bistro Station
[378 ## Prime Table Studio ## New York ## 180 ## 3.8 ## [americana,bbq] ## $$$$ ## 12:00-22:00 ## 28/09/2016 ## false]
[22 ## Blue House Plaza 58 ## Tokyo ## 44 ## 4.9 ## [japonesa,sushi] ## $$$ ## 11:00-20:00 ## 05/08/2018 ## false]
[450 ## Royal Market Corner ## Zurich ## 102 ## 4.3 ## [churrasco,internacional] ## $$ ## 12:00-20:00 ## 16/03/2016 ## true]
