[194 ## Bella Palace Works ## Mexico City ## 115 ## 4.6 ## [mexicana,street-food] ## $$$ ## 09:00-20:00 ## 10/09/2015 ## false]
[487 ## Sunny Garden Station ## Seoul ## 64 ## 4.2 ## [coreana,bbq] ## $$ ## 12:00-20:00 ## 18/09/2015 ## true]
[315 ## Classic House Works 62 ## Paris ## 154 ## 3.8 ## [francesa,bistro] ## $$$ ## 08:00-22:00 ## 07/01/2016 ## true]
[66 ## Classic Grill Point 96 ## Rome ## 41 ## 4.2 ## [italiana,pizzaria] ## $$ ## 11:00-21:00 ## 27/07/2016 ## false]
[378 ## Prime Table Studio ## New York ## 180 ## 3.8 ## [americana,bbq] ## $$$$ ## 12:00-22:00 ## 28/09/2016 ## false]
[129 ## Sunny Hub Studio ## Tokyo ## 152 ## 4.2 ## [japonesa,sushi] ## $$$$ ## 09:00-21:00 ## 21/10/2016 ## false]
[482 ## Happy Corner Station ## Sydney ## 175 ## 4.2 ## [frutos do mar,mediterranea] ## $$ ## 10:00-20:00 ## 23/11/2016 ## true]
[431 ## Fresh Place Collective ## Beijing ## 134 ## 4.3 ## [chinesa,asiatica] ## $$$$ ## 09:00-23:00 ## 29/11/2016 ## false]
[409 ## Central Hub Zone ## Rome ## 42 ## 4.7 ## [italiana,pizzaria] ## $$ ## 12:00-21:00 ## 25/08/2017 ## false]
[284 ## Royal Palace Collective ## Delhi ## 199 ## 4.6 ## [indiana,curry] ## $$$ ## 09:00-23:00 ## 27/02/2018 ## true]
[10 ## Grand Spot Works 61 ## Beijing ## 43 ## 4.3 ## [chinesa,asiatica] ## $$$ ## 09:00-22:00 ## 09/03/2018 ## true]
[271 ## Green Grill Point ## Los Angeles ## 142 ## 4.1 ## [vegana,saudavel] ## $$$$ ## 08:00-23:00 ## 19/03/2018 ## true]
[112 ## Elite Place Hall ## Tokyo ## 57 ## 3.9 ## [japonesa,sushi] ## $$$ ## 10:00-20:00 ## 12/06/2018 ## false]
[441 ## Modern Corner Collective ## Los Angeles ## 87 ## 4.9 ## [vegana,saudavel] ## $$ ## 12:00-20:00 ## 12/07/2018 ## true]
[22 ## Blue House Plaza 58 ## Tokyo ## 44 ## 4.9 ## [japonesa,sushi] ## $$$ ## 11:00-20:00 ## 05/08/2018 ## false]
[250 ## Grand Corner Corner ## Paris ## 51 ## 4.2 ## [francesa,bistro] ## $$ ## 11:00-22:00 ## 21/09/2018 ## false]
[12 ## Elite Place Works 21 ## Beijing ## 69 ## 4.9 ## [chinesa,asiatica] ## $$$ ## 09:00-23:00 ## 03/03/2019 ## false]
[147 ## Green Hub Plaza ## Delhi ## 59 ## 4.1 ## [indiana,curry] ## $$$$ ## 09:00-21:00 ## 27/09/2019 ## false]
[52 ## Sunny Garden Works ## Mexico City ## 62 ## 3.8 ## [mexicana,street-food] ## $$$ ## 09:00-20:00 ## 13/10/2019 ## false]
[38 ## Modern Garden Express ## Zurich ## 177 ## 4.0 ## [churrasco,internacional] ## $$$$ ## 10:00-21:00 ## 26/02/2020 ## true]
[334 ## Elite Spot Hall ## Madrid ## 80 ## 4.5 ## [espanhola,tapas] ## $$ ## 09:00-22:00 ## 05/03/2020 ## true]
[389 ## Golden Hub Express ## Beijing ## 107 ## 4.2 ## [chinesa,asiatica] ## $$$ ## 12:00-21:00 ## 27/04/2020 ## true]
[218 ## Sunny House Delight ## Mexico City ## 144 ## 4.3 ## [mexicana,street-food] ## $$ ## 12:00-22:00 ## 28/04/2020 ## true]
[346 ## Classic Dining Street ## Sydney ## 85 ## 4.4 ## [frutos do mar,mediterranea] ## $$ ## 10:00-22:00 ## 05/07/2020 ## false]
[466 ## Elite Spot Delight ## Delhi ## 86 ## 4.2 ## [indiana,curry] ## $$$ ## 12:00-20:00 ## 19/09/2020 ## false]
[172 ## Prime Place Terrace ## Delhi ## 74 ## 4.1 ## [indiana,curry] ## $$ ## 12:00-20:00 ## 19/01/2021 ## false]
[293 ## Bella Garden Studio ## Tokyo ## 158 ## 4.8 ## [japonesa,sushi] ## $ ## 12:00-21:00 ## 27/04/2021 ## false]
[404 ## Blue Spot Studio ## Beijing ## 142 ## 4.1 ## [chinesa,asiatica] ## $$$ ## 09:00-23:00 ## 06/05/2021 ## false]
[417 ## Elite Kitchen Station ## Madrid ## 176 ## 4.1 ## [espanhola,tapas] ## $$ ## 08:00-20:00 ## 13/05/2021 ## false]
[423 ## Urban Dining Street 64 ## Sydney ## 87 ## 4.7 ## [frutos do mar,mediterranea] ## $$ ## 11:00-20:00 ## 02/06/2021 ## false]
[498 ## Prime Bistro Corner ## Seoul ## 83 ## 4.1 ## [coreana,bbq] ## $$$ ## 12:00-22:00 ## 25/08/2021 ## false]
[188 ## Fresh Spot Zone ## Tokyo ## 97 ## 4.1 ## [japonesa,sushi] ## $$$ ## 08:00-22:00 ## 09/03/2022 ## true]
[221 ## Golden Palace Express ## Tokyo ## 156 ## 4.4 ## [japonesa,sushi] ## $ ## 11:00-20:00 ## 29/05/2022 ## false]
[119 ## Sunny Kitchen Zone ## Mexico City ## 192 ## 4.3 ## [mexicana,street-food] ## $$$$ ## 12:00-21:00 ## 19/06/2022 ## true]
[75 ## Modern Palace Hall ## Delhi ## 88 ## 4.0 ## [indiana,curry] ## $$$$ ## 10:00-20:00 ## 06/10/2022 ## false]
[267 ## Grand Kitchen Corner ## Mexico City ## 72 ## 4.5 ## [mexicana,street-food] ## $$ ## 08:00-20:00 ## 29/04/2023 ## true]
[83 ## Royal Palace Hall ## Seoul ## 152 ## 3.9 ## [coreana,bbq] ## $$$ ## 12:00-20:00 ## 23/06/2023 ## false]
[364 ## Green Spot Station ## Mexico City ## 177 ## 4.4 ## [mexicana,street-food] ## $ ## 09:00-21:00 ## 25/06/2023 ## true]
[492 ## Grand Hub Plaza 73 ## Paris ## 91 ## 4.0 ## [francesa,bistro] ## $$ ## 12:00-23:00 ## 01/07/2023 ## false]
[475 ## Fresh Bistro Delight ## Sydney ## 184 ## 4.5 ## [frutos do mar,mediterranea] ## $$$$ ## 09:00-23:00 ## 18/09/2023 ## true]
[156 ## Modern House Street ## Sydney ## 92 ## 4.2 ## [frutos do mar,mediterranea] ## $$$ ## 11:00-20:00 ## 18/10/2023 ## false]
[7 ## Grand Bistro Collective ## Tokyo ## 49 ## 4.4 ## [japonesa,sushi] ## $ ## 08:00-23:00 ## 12/04/2024 ## false]
[205 ## Green House Collective ## Tokyo ## 70 ## 4.4 ## [japonesa,sushi] ## $$ ## 10:00-20:00 ## 10/05/2024 ## true]
[33 ## Blue Kitchen Works ## Delhi ## 77 ## 4.7 ## [indiana,curry] ## $$ ## 09:00-23:00 ## 23/07/2024 ## false]
[101 ## Fresh Spot Terrace ## Paris ## 72 ## 4.9 ## [francesa,bistro] ## $$ ## 08:00-22:00 ## 24/09/2024 ## true]
[235 ## Urban Place Hall ## Paris ## 195 ## 4.9 ## [francesa,bistro] ## $$$$ ## 09:00-21:00 ## 15/03/2025 ## true]
[57 ## Fresh Bistro Terrace ## New York ## 81 ## 4.4 ## [americana,bbq] ## $ ## 08:00-20:00 ## 30/03/2025 ## true]
[91 ## Classic Bistro Hall ## Paris ## 122 ## 4.2 ## [francesa,bistro] ## $$$$ ## 08:00-22:00 ## 14/04/2025 ## false]
[459 ## Grand Table Hall ## Delhi ## 94 ## 4.6 ## [indiana,curry] ## $$ ## 10:00-23:00 ## 24/08/2025 ## false]
[18 ## Royal Palace Station ## Paris ## 179 ## 4.0 ## [francesa,bistro] ## $$ ## 08:00-20:00 ## 10/12/2025 ## false]
