0.2
0.939
0.809
0.689
0.27
0.621
0.125
0.264
0.495
0.306
0.469
0.383
0.77
0.671
0.253
0.507
0.217
0.525
0.572
0.021
841
89
820
122
744
797
361
259
19
435
692.047
384.714
988.387
221.516
712.368
355.144
474.429
918.09
835.45
323.724
353.307
960.799
782.179
238.715
504.077
517.143
836.808
150.449
324.068
349.014
351.384
17.454
897.642
48.416
711.745
416.331
946.349
402.771
574.834
317.116
694.176
114.248
431.683
101.892
506.847
24.242
863.343
264.422
246.307
545.98
8.906
858.554
962.089
588.031
608.048
177.642
8.496
460.306
389.309
321.169
