[106 ## Walt Lautenbach ## 188 ## 83 ## 1922 ## University of Wisconsin ## nao informado ## nao informado]
[1228 ## Willie Wise ## 196 ## 95 ## 1947 ## Drake University ## San Francisco ## California]
[1307 ## James Hardy ## 203 ## 99 ## 1956 ## University of San Francisco ## Knoxville ## Alabama]
[1397 ## Joe Barry ## 193 ## 88 ## 1969 ## Georgia Institute of Technology ## Oakland ## California]
[1412 ## Darrell Griffith ## 193 ## 86 ## 1958 ## University of Louisville ## Louisville ## Kentucky]
[1554 ## Clark Kellogg ## 201 ## 102 ## 1961 ## Ohio State University ## Cleveland ## Ohio]
[1585 ## Trent Tucker ## 196 ## 87 ## 1959 ## University of Minnesota ## Tarboro ## North Carolina]
[1669 ## Stuart Gray ## 213 ## 106 ## 1963 ## University of California - Los Angeles ## Panama Canal Zone ## Panama]
[1750 ## Terry Porter ## 190 ## 88 ## 1963 ## University of Wisconsin-Stevens Point ## Milwaukee ## Wisconsin]
[1928 ## Andrew Lang ## 211 ## 111 ## 1966 ## University of Arkansas ## Pine Bluff ## Arkansas]
[1961 ## Anthony Taylor ## 193 ## 79 ## 1965 ## University of Oregon ## Los Angeles ## California]
[2107 ## Tony Smith ## 201 ## 95 ## 1968 ## nao informado ## nao informado ## nao informado]
[2108 ## Felton Spencer ## 213 ## 120 ## 1968 ## University of Louisville ## Louisville ## Kentucky]
[2127 ## Terrell Brandon ## 180 ## 81 ## 1970 ## University of Oregon ## Portland ## Oregon]
[2159 ## Dikembe Mutombo* ## 218 ## 111 ## 1966 ## Georgetown University ## Kinshasa ## Democratic Republic of the Congo]
[2317 ## Derrick Alston ## 211 ## 102 ## 1972 ## Duquesne University ## Bronx ## New York]
[2453 ## Bruce Bowen ## 201 ## 83 ## 1971 ## California State University - Fullerton ## Merced ## California]
[2462 ## Tony Delk ## 185 ## 85 ## 1974 ## University of Kentucky ## Covington ## Tennessee]
[2681 ## Jumaine Jones ## 203 ## 98 ## 1979 ## University of Georgia ## Cocoa ## Florida]
[2735 ## Mark Madsen ## 206 ## 108 ## 1976 ## Stanford University ## Walnut Creek ## California]
[2806 ## Antonis Fotsis ## 208 ## 99 ## 1981 ## nao informado ## Athens ## Greece]
[2861 ## Gordan Giricek ## 198 ## 95 ## 1977 ## nao informado ## Zagreb ## Croatia]
[2996 ## Matt Freije ## 208 ## 108 ## 1981 ## Vanderbilt University ## Overland Park ## Kansas]
[3059 ## Noel Felix ## 206 ## 102 ## 1981 ## California State University - Fresno ## Los Angeles ## California]
[3117 ## Hakim Warrick ## 206 ## 99 ## 1982 ## Syracuse University ## Philadelphia ## Pennsylvania]
[3150 ## Randy Foye ## 193 ## 96 ## 1983 ## Villanova University ## Newark ## New Jersey]
[3154 ## Daniel Gibson ## 188 ## 86 ## 1986 ## University of Texas at Austin ## Houston ## Texas]
[3182 ## Chris Quinn ## 188 ## 83 ## 1983 ## University of Notre Dame ## New Orleans ## Louisiana]
[3229 ## Spencer Hawes ## 216 ## 111 ## 1988 ## University of Washington ## Seattle ## Washington]
[3292 ## Steven Hill ## 213 ## 112 ## 1985 ## University of Arkansas ## Chanute ## Kansas]
[3529 ## Jordan Williams ## 188 ## 83 ## 1951 ## New Mexico State University ## New Haven ## Connecticut]
[3564 ## Kris Joseph ## 201 ## 95 ## 1988 ## Syracuse University ## Montreal ## Canada]
[3565 ## Michael Kidd-Gilchrist ## 201 ## 105 ## 1993 ## University of Kentucky ## Philadelphia ## Pennsylvania]
[3670 ## Peyton Siva ## 183 ## 83 ## 1990 ## University of Louisville ## Seattle ## Washington]
[3830 ## Christian Wood ## 211 ## 99 ## 1995 ## University of Nevada - Las Vegas ## Long Beach ## California]
[3869 ## Brandon Ingram ## 206 ## 86 ## 1997 ## Duke University ## Kinston ## North Carolina]
[3879 ## Caris LeVert ## 201 ## 92 ## 1994 ## University of Michigan ## Columbus ## Ohio]
[70 ## Robert Hahn ## 208 ## 108 ## 1925 ## North Carolina State University ## nao informado ## nao informado]
[707 ## Jim Caldwell ## 208 ## 108 ## 1943 ## Georgia Institute of Technology ## Durham ## North Carolina]
[723 ## Dave Lattin ## 198 ## 102 ## 1943 ## University of Texas at El Paso ## Houston ## Texas]
