F9
=>raiz esq esq dir dir dir dir esq dir esq NAO
Ghostbusters: Afterlife
=>raiz esq esq dir dir dir dir SIM
Godzilla vs. Kong
=>raiz esq esq dir dir dir dir dir esq SIM
No Time to Die
=>raiz SIM
Death on the Nile
=>raiz esq esq dir esq SIM
Diary of a Wimpy Kid
=>raiz esq esq dir SIM
Free Guy
=>raiz esq esq dir dir dir dir esq dir SIM
American Siege
=>raiz esq esq esq esq NAO
Blacklight
=>raiz esq esq esq esq NAO
Catwoman: Hunted
=>raiz esq esq esq esq NAO
PAW Patrol: The Movie
=>raiz dir esq esq esq SIM
Red Notice
=>raiz dir esq esq SIM
The Last Duel
=>raiz dir dir esq esq SIM
West Side Story
=>raiz dir dir esq dir dir dir dir esq SIM
Zack Snyder's Justice League
=>raiz dir dir dir SIM
Fistful of Vengeance
=>raiz esq esq dir dir dir dir esq dir esq NAO
Snake Eyes: G.I. Joe Origins
=>raiz dir esq esq dir esq dir dir NAO
