[2540 ## Chris Garner ## 178 ## 70 ## 1975 ## University of Memphis ## Memphis ## Tennessee]
[220 ## D.C. Wilcutt ## 175 ## 70 ## 1926 ## nao informado ## nao informado ## nao informado]
[892 ## Charlie Davis ## 188 ## 72 ## 1949 ## Wake Forest University ## New York ## New York]
[104 ## Leo Kubiak ## 180 ## 72 ## 1927 ## Bowling Green State University ## nao informado ## nao informado]
[1220 ## Lloyd Walton ## 183 ## 72 ## 1953 ## Marquette University ## Chicago ## Illinois]
[313 ## Moe Radovich ## 183 ## 72 ## 1929 ## University of Wyoming ## nao informado ## nao informado]
[1242 ## Charlie Criss ## 173 ## 74 ## 1948 ## New Mexico State University ## Valhalla ## New York]
[1939 ## Craig Neal ## 196 ## 74 ## 1964 ## Georgia Institute of Technology ## Muncie ## Indiana]
[1046 ## Phil Lumpkin ## 183 ## 74 ## 1951 ## Miami University ## Dayton ## Ohio]
[280 ## Zeke Sinicola ## 178 ## 74 ## 1929 ## Niagara University ## nao informado ## nao informado]
[55 ## Bill Gabor ## 180 ## 77 ## 1922 ## Syracuse University ## nao informado ## nao informado]
[1841 ## Billy Donovan ## 180 ## 77 ## 1965 ## Providence College ## Rockville Centre ## New York]
[1122 ## Bird Averitt ## 185 ## 77 ## 1952 ## Pepperdine University ## Hopkinsville ## Kentucky]
[287 ## Dick Bunt ## 183 ## 77 ## 1930 ## New York University ## Queens ## New York]
[208 ## Dick Triptow ## 183 ## 77 ## 1922 ## DePaul University ## Chicago ## Illinois]
[575 ## Jack Foley ## 190 ## 77 ## 1939 ## College of the Holy Cross ## Worcester ## Massachusetts]
[539 ## Jimmy Darrow ## 178 ## 77 ## 1937 ## Bowling Green State University ## Akron ## Ohio]
[672 ## Johnny Austin ## 183 ## 77 ## 1944 ## Boston College ## Washington ## District of Columbia]
[1810 ## Mark Price ## 183 ## 77 ## 1964 ## Georgia Institute of Technology ## Bartlesville ## Oklahoma]
[222 ## Max Zaslofsky ## 188 ## 77 ## 1925 ## St. John's University ## Brooklyn ## New York]
[7 ## Nelson Bobb ## 183 ## 77 ## 1924 ## Temple University ## Philadelphia ## Pennsylvania]
[1545 ## Sleepy Floyd ## 190 ## 77 ## 1960 ## Georgetown University ## Gastonia ## North Carolina]
[618 ## Tom Thacker ## 188 ## 77 ## 1939 ## University of Cincinnati ## Covington ## Kentucky]
[2546 ## Troy Hudson ## 185 ## 77 ## 1976 ## Southern Illinois University ## Carbondale ## Illinois]
[298 ## Al Masino ## 178 ## 78 ## 1928 ## Canisius College ## nao informado ## nao informado]
[3586 ## Brian Roberts ## 185 ## 78 ## 1985 ## University of Dayton ## Toledo ## Ohio]
[144 ## Dermie O'Connell ## 183 ## 78 ## 1928 ## College of the Holy Cross ## nao informado ## nao informado]
[154 ## Jack Parkinson ## 183 ## 78 ## 1924 ## University of Kentucky ## Yorktown ## Indiana]
[2215 ## Lee Mayberry ## 185 ## 78 ## 1970 ## University of Arkansas ## Tulsa ## Oklahoma]
[1923 ## Bill Jones ## 201 ## 79 ## 1966 ## University of Iowa ## Detroit ## Michigan]
[233 ## Bob Cousy* ## 185 ## 79 ## 1928 ## College of the Holy Cross ## New York ## New York]
[39 ## Bob Davies* ## 185 ## 79 ## 1920 ## Seton Hall University ## Harrisburg ## Pennsylvania]
[1389 ## Bubba Wilson ## 190 ## 79 ## 1955 ## Western Carolina University ## Gastonia ## North Carolina]
[90 ## Buddy Jeannette* ## 180 ## 79 ## 1917 ## Washington & Jefferson College ## New Kensington ## Pennsylvania]
[3096 ## Chris Paul ## 183 ## 79 ## 1985 ## Wake Forest University ## Winston-Salem ## North Carolina]
[563 ## Dave Zeller ## 185 ## 79 ## 1939 ## Miami University ## nao informado ## nao informado]
[60 ## Dee Gibson ## 180 ## 79 ## 1923 ## Western Kentucky University ## nao informado ## nao informado]
[1958 ## Everette Stephens ## 188 ## 79 ## 1966 ## Purdue University ## Evanston ## Illinois]
[267 ## George King ## 183 ## 79 ## 1928 ## University of Charleston ## Charleston ## West Virginia]
[605 ## Jerry Harkness ## 188 ## 79 ## 1940 ## Loyola University of Chicago ## New York ## New York]
[610 ## Jim King ## 188 ## 79 ## 1941 ## University of Tulsa ## Tulsa ## Oklahoma]
[1183 ## John Lucas ## 190 ## 79 ## 1953 ## University of Maryland ## Durham ## North Carolina]
[1435 ## Johnny Moore ## 185 ## 79 ## 1958 ## University of Texas at Austin ## Altoona ## Pennsylvania]
[1702 ## Kevin Willis ## 188 ## 79 ## 1961 ## St. John's University ## New York ## New York]
[1442 ## Louis Orr ## 203 ## 79 ## 1958 ## Syracuse University ## Cincinnati ## Ohio]
[1252 ## Mike Glenn ## 188 ## 79 ## 1955 ## Southern Illinois University ## Rome ## Georgia]
[1303 ## Phil Ford ## 188 ## 79 ## 1956 ## University of North Carolina ## Rocky Mount ## North Carolina]
[769 ## Stu Lantz ## 190 ## 79 ## 1946 ## University of Nebraska ## Uniontown ## Pennsylvania]
[806 ## Willie McCarter ## 190 ## 79 ## 1946 ## Drake University ## Gary ## Indiana]
[2327 ## Howard Eisley ## 188 ## 80 ## 1972 ## Boston College ## Detroit ## Michigan]
[3227 ## Taurean Green ## 183 ## 80 ## 1986 ## University of Florida ## Fort Lauderdale ## Florida]
[145 ## Andy O'Donnell ## 185 ## 81 ## 1925 ## Loyola College in Maryland ## nao informado ## nao informado]
[1842 ## Chris Dudley ## 188 ## 81 ## 1950 ## University of Washington ## Harrisburg ## Pennsylvania]
[3475 ## Cory Higgins ## 196 ## 81 ## 1989 ## University of Colorado ## Danville ## California]
[122 ## Dick McGuire* ## 183 ## 81 ## 1926 ## St. John's University ## Huntington ## New York]
[1744 ## Dirk Minniefield ## 190 ## 81 ## 1961 ## University of Kentucky ## Lexington ## Kentucky]
[1401 ## Don Collins ## 198 ## 81 ## 1951 ## Illinois State University ## Christopher ## Illinois]
[966 ## Frank Russell ## 190 ## 81 ## 1949 ## University of Detroit Mercy ## nao informado ## nao informado]
[15 ## Frankie Brian ## 185 ## 81 ## 1923 ## Louisiana State University ## Zachary ## Louisiana]
[2046 ## Haywoode Workman ## 188 ## 81 ## 1966 ## Oral Roberts University ## Charlotte ## North Carolina]
[1541 ## Jerry Eaves ## 193 ## 81 ## 1959 ## University of Louisville ## Louisville ## Kentucky]
[295 ## Jim Holstein ## 190 ## 81 ## 1930 ## University of Cincinnati ## nao informado ## nao informado]
[141 ## Johnny Norlander ## 190 ## 81 ## 1921 ## Hamline University ## Virginia ## Minnesota]
[2865 ## Junior Harrington ## 193 ## 81 ## 1980 ## Wingate University ## Wagram ## North Carolina]
[1853 ## Mark Jackson ## 185 ## 81 ## 1965 ## St. John's University ## Brooklyn ## New York]
[602 ## Mel Gibson ## 190 ## 81 ## 1940 ## Western Carolina University ## Cordova ## North Carolina]
[1146 ## Mike Dunleavy ## 190 ## 81 ## 1954 ## University of South Carolina ## Brooklyn ## New York]
[1973 ## Mookie Blaylock ## 183 ## 81 ## 1967 ## University of Oklahoma ## Garland ## Texas]
[3877 ## Nicolas Laprovittola ## 193 ## 81 ## 1990 ## nao informado ## Buenos Aires ## Argentina]
[726 ## Paul Long ## 188 ## 81 ## 1944 ## Wake Forest University ## Louisville ## Kentucky]
[33 ## Ray Corley ## 183 ## 81 ## 1928 ## Georgetown University ## nao informado ## nao informado]
[3139 ## Ronnie Brewer ## 193 ## 81 ## 1955 ## University of Arkansas ## Fort Smith ## Arkansas]
[1358 ## Roy Hamilton ## 188 ## 81 ## 1957 ## University of California - Los Angeles ## Los Angeles ## California]
[3109 ## Salim Stoudamire ## 185 ## 81 ## 1982 ## University of Arizona ## Portland ## Oregon]
[788 ## Sam Williams ## 190 ## 81 ## 1945 ## University of Iowa ## nao informado ## nao informado]
[1992 ## Scott Haffner ## 190 ## 81 ## 1966 ## University of Evansville ## Terre Haute ## Indiana]
[1188 ## Ted McClain ## 185 ## 81 ## 1946 ## Tennessee State University ## Nashville ## Tennessee]
[2127 ## Terrell Brandon ## 180 ## 81 ## 1970 ## University of Oregon ## Portland ## Oregon]
[2402 ## Anthony Goldwire ## 185 ## 82 ## 1971 ## University of Houston ## West Palm Beach ## Florida]
[2383 ## Travis Best ## 180 ## 82 ## 1972 ## Georgia Institute of Technology ## Springfield ## Massachusetts]
[3330 ## Antonio Anderson ## 188 ## 83 ## 1945 ## Canisius College ## Buffalo ## New York]
[1249 ## Bo Ellis ## 196 ## 83 ## 1936 ## Niagara University ## nao informado ## nao informado]
[2596 ## Bryce Drew ## 188 ## 83 ## 1974 ## Valparaiso University ## Baton Rouge ## Louisiana]
[1152 ## Butch Feher ## 193 ## 83 ## 1954 ## Vanderbilt University ## Flint ## Michigan]
[902 ## Charlie Lowery ## 190 ## 83 ## 1949 ## University of Puget Sound ## nao informado ## nao informado]
[291 ## Danny Finn ## 185 ## 83 ## 1928 ## St. John's University ## nao informado ## nao informado]
[1169 ## Dennis Johnson* ## 193 ## 83 ## 1954 ## Pepperdine University ## San Pedro ## California]
[146 ## Dick O'Keefe ## 188 ## 83 ## 1923 ## Santa Clara University ## San Francisco ## California]
[1086 ## Donnie Freeman ## 190 ## 83 ## 1944 ## University of Illinois at Urbana-Champaign ## Madison ## Illinois]
[1740 ## Dwayne McClain ## 198 ## 83 ## 1963 ## Villanova University ## Worcester ## Massachusetts]
[2408 ## Frankie King ## 185 ## 83 ## 1972 ## Western Carolina University ## Baxley ## Georgia]
[593 ## Gene Tormohlen ## 183 ## 83 ## 1940 ## nao informado ## nao informado ## nao informado]
[1733 ## Harold Keeling ## 193 ## 83 ## 1963 ## Santa Clara University ## New Orleans ## Louisiana]
[88 ## Howie Janotta ## 190 ## 83 ## 1924 ## Seton Hall University ## nao informado ## nao informado]
[3331 ## Jeff Ayres ## 188 ## 83 ## 1945 ## nao informado ## nao informado ## nao informado]
[1227 ## John Williamson ## 188 ## 83 ## 1951 ## New Mexico State University ## New Haven ## Connecticut]
[403 ## Larry Hennessy ## 190 ## 83 ## 1929 ## Villanova University ## nao informado ## nao informado]
[2603 ## Larry Hughes ## 196 ## 83 ## 1979 ## Saint Louis University ## St. Louis ## Missouri]
[1022 ## Leon Benbow ## 193 ## 83 ## 1950 ## Jacksonville University ## Columbia ## South Carolina]
[1704 ## Leon Wood ## 190 ## 83 ## 1962 ## California State University - Fullerton ## Columbia ## South Carolina]
[797 ## Mike Davis ## 190 ## 83 ## 1946 ## Virginia Union University ## Brooklyn ## New York]
[1568 ## Paul Pressey ## 196 ## 83 ## 1958 ## University of Tulsa ## Richmond ## Virginia]
[1473 ## Ray Blume ## 193 ## 83 ## 1958 ## Oregon State University ## Valdosta ## Georgia]
[370 ## Ronnie MacGilvray ## 188 ## 83 ## 1930 ## St. John's University ## nao informado ## nao informado]
[760 ## Skip Harlicka ## 185 ## 83 ## 1946 ## University of South Carolina ## nao informado ## nao informado]
[1656 ## Steve Burtt ## 188 ## 83 ## 1962 ## Iona College ## New York ## New York]
[89 ## Tony Jaros ## 190 ## 83 ## 1920 ## University of Minnesota ## Minneapolis ## Minnesota]
[2361 ## Trevor Ruffin ## 185 ## 83 ## 1970 ## University of Hawaii ## Buffalo ## New York]
[2663 ## Vonteego Cummings ## 190 ## 83 ## 1976 ## University of Pittsburgh ## Thomson ## Georgia]
[545 ## York Larese ## 193 ## 83 ## 1938 ## University of North Carolina ## New York ## New York]
[2470 ## Reggie Geary ## 188 ## 84 ## 1973 ## University of Arizona ## Trenton ## New Jersey]
[984 ## Bill Chamberlain ## 198 ## 85 ## 1949 ## University of North Carolina ## nao informado ## nao informado]
[46 ## Dike Eddleman ## 190 ## 85 ## 1922 ## University of Illinois at Urbana-Champaign ## Centralia ## Illinois]
[787 ## Ron Williams ## 190 ## 85 ## 1944 ## West Virginia University ## Weirton ## West Virginia]
[2792 ## Tierre Brown ## 188 ## 85 ## 1979 ## McNeese State University ## Iowa ## Louisiana]
[2462 ## Tony Delk ## 185 ## 85 ## 1974 ## University of Kentucky ## Covington ## Tennessee]
[3477 ## Tyler Honeycutt ## 203 ## 85 ## 1990 ## University of California - Los Angeles ## Los Angeles ## California]
[1150 ## Alex English* ## 201 ## 86 ## 1954 ## University of South Carolina ## Columbia ## South Carolina]
[558 ## Bill Smith ## 196 ## 86 ## 1939 ## Saint Peter's College ## nao informado ## nao informado]
[969 ## Bud Stallworth ## 196 ## 86 ## 1950 ## University of Kansas ## Hartselle ## Alabama]
[3313 ## Derrick Rose ## 190 ## 86 ## 1988 ## University of Memphis ## Chicago ## Illinois]
[2576 ## Eric Washington ## 193 ## 86 ## 1974 ## University of Alabama ## Pearl ## Mississippi]
[1292 ## Greg Bunch ## 198 ## 86 ## 1956 ## California State University - Fullerton ## San Bernardino ## California]
[299 ## Jack McCloskey ## 188 ## 86 ## 1925 ## University of Pennsylvania ## Mahanoy City ## Pennsylvania]
[1464 ## James Wilkes ## 198 ## 86 ## 1953 ## University of California - Los Angeles ## Berkeley ## California]
[1103 ## Jim McElroy ## 190 ## 86 ## 1953 ## Central Michigan University ## Cotton Plant ## Arkansas]
[54 ## Joe Fulks* ## 196 ## 86 ## 1921 ## Murray State University ## Birmingham ## Kentucky]
[1805 ## Johnny Newman ## 201 ## 86 ## 1963 ## University of Richmond ## Danville ## Virginia]
[3638 ## Jorge Gutierrez ## 190 ## 86 ## 1988 ## University of California ## Chihuahua ## Mexico]
[1208 ## Keith Starr ## 198 ## 86 ## 1954 ## University of Pittsburgh ## Sewickley ## Pennsylvania]
[246 ## Ken Murray ## 188 ## 86 ## 1928 ## St. Bonaventure University ## nao informado ## nao informado]
[2052 ## Lance Blanks ## 193 ## 86 ## 1966 ## University of Texas at Austin ## Del Rio ## Texas]
[3620 ## Michael Carter-Williams ## 198 ## 86 ## 1991 ## Syracuse University ## Hamilton ## Massachusetts]
[2586 ## Mike Bibby ## 185 ## 86 ## 1978 ## University of Arizona ## Cherry Hill ## New Jersey]
[3439 ## Mustafa Shakur ## 190 ## 86 ## 1984 ## University of Arizona ## Philadelphia ## Pennsylvania]
[3368 ## Oliver Lafayette ## 188 ## 86 ## 1984 ## University of Houston ## Baton Rouge ## Louisiana]
[1350 ## Paul Dawkins ## 196 ## 86 ## 1957 ## Northern Illinois University ## Saginaw ## Michigan]
[1672 ## Ralph Jackson ## 188 ## 86 ## 1962 ## University of California - Los Angeles ## Los Angeles ## California]
[1884 ## Reggie Williams ## 201 ## 86 ## 1964 ## Georgetown University ## Baltimore ## Maryland]
[1472 ## Rolando Blackman ## 198 ## 86 ## 1959 ## Kansas State University ## Panama City ## Panama]
[3474 ## Tobias Harris ## 190 ## 86 ## 1967 ## University of New Orleans ## Monroe ## Louisiana]
[2326 ## Tony Dumas ## 198 ## 86 ## 1972 ## University of Missouri-Kansas City ## Chicago ## Illinois]
[3659 ## Nemanja Nedovic ## 190 ## 87 ## 1991 ## nao informado ## Nova Varos ## Serbia]
[1585 ## Trent Tucker ## 196 ## 87 ## 1959 ## University of Minnesota ## Tarboro ## North Carolina]
[251 ## Alan Sawyer ## 196 ## 88 ## 1928 ## University of California - Los Angeles ## Long Beach ## California]
[2534 ## Antonio Daniels ## 193 ## 88 ## 1975 ## Bowling Green State University ## Columbus ## Ohio]
[2323 ## Chris Childs ## 190 ## 88 ## 1967 ## Boise State University ## Bakersfield ## California]
[444 ## Doug Bolstorff ## 193 ## 88 ## 1931 ## University of Minnesota ## nao informado ## nao informado]
[2025 ## Drazen Petrovic* ## 196 ## 88 ## 1964 ## nao informado ## Sibenik ## Croatia]
[3 ## Ed Bartels ## 196 ## 88 ## 1925 ## North Carolina State University ## nao informado ## nao informado]
[211 ## Ernie Vandeweghe ## 190 ## 88 ## 1928 ## Colgate University ## Montreal ## Canada]
[345 ## Frank Reddout ## 196 ## 88 ## 1935 ## Syracuse University ## nao informado ## nao informado]
[2040 ## Henry Turner ## 188 ## 88 ## 1938 ## University of Nebraska ## nao informado ## nao informado]
[65 ## Joe Graboski ## 201 ## 88 ## 1930 ## nao informado ## nao informado ## nao informado]
[2182 ## Jon Barry ## 193 ## 88 ## 1969 ## Georgia Institute of Technology ## Oakland ## California]
[2024 ## Kenny Payne ## 203 ## 88 ## 1966 ## University of Louisville ## Laurel ## Mississippi]
[683 ## Matt Guokas ## 190 ## 88 ## 1915 ## Saint Joseph's University ## nao informado ## nao informado]
[1675 ## Michael Jordan* ## 198 ## 88 ## 1963 ## University of North Carolina ## Brooklyn ## New York]
[1415 ## Mike Harper ## 208 ## 88 ## 1957 ## North Park University ## Chicago ## Illinois]
[2020 ## Mike Morrison ## 193 ## 88 ## 1967 ## Loyola College in Maryland ## Washington ## District of Columbia]
[1466 ## Mike Woodson ## 196 ## 88 ## 1958 ## Indiana University ## Indianapolis ## Indiana]
[826 ## Moe Barr ## 193 ## 88 ## 1944 ## Duquesne University ## nao informado ## nao informado]
[3844 ## Nicolas Brussino ## 201 ## 88 ## 1993 ## nao informado ## Santa Fe ## Argentina]
[1118 ## Rudy White ## 188 ## 88 ## 1953 ## Arizona State University ## Silver City ## New Mexico]
[3079 ## Sarunas Jasikevicius ## 193 ## 88 ## 1976 ## University of Maryland ## Kaunas ## Lithuania]
[2429 ## Shawn Respert ## 185 ## 88 ## 1972 ## Michigan State University ## Detroit ## Michigan]
[1618 ## Sidney Lowe ## 183 ## 88 ## 1960 ## North Carolina State University ## Washington ## District of Columbia]
[3346 ## Toney Douglas ## 188 ## 88 ## 1986 ## Florida State University ## Jonesboro ## Georgia]
[3370 ## Ty Lawson ## 180 ## 88 ## 1987 ## University of North Carolina ## Clinton ## Maryland]
[2963 ## Zoran Planinic ## 201 ## 88 ## 1982 ## nao informado ## Mostar ## Bosnia and Herzegovina]
[2683 ## Trajan Langdon ## 190 ## 89 ## 1976 ## Duke University ## Palo Alto ## California]
[2398 ## Vincenzo Esposito ## 190 ## 89 ## 1969 ## nao informado ## Caserta ## Italy]
[2864 ## Adam Harrington ## 196 ## 90 ## 1980 ## Auburn University ## Bernardston ## Massachusetts]
[2997 ## Ben Gordon ## 190 ## 90 ## 1983 ## University of Connecticut ## London ## United Kingdom]
[467 ## Bucky Bockhorn ## 193 ## 90 ## 1933 ## University of Dayton ## Campbell Hill ## Illinois]
[255 ## Don Barksdale* ## 198 ## 90 ## 1923 ## University of California- Los Angeles ## Oakland ## California]
[1212 ## Ira Terrell ## 203 ## 90 ## 1954 ## Southern Methodist University ## Dallas ## Texas]
[34 ## Jack Cotton ## 201 ## 90 ## 1924 ## University of Wyoming ## Miles City ## Montana]
[3078 ## Jarrett Jack ## 190 ## 90 ## 1983 ## Georgia Institute of Technology ## Fort Washington ## Maryland]
[1752 ## Jerry Reynolds ## 203 ## 90 ## 1962 ## Louisiana State University ## Brooklyn ## New York]
[496 ## Johnny Green ## 196 ## 90 ## 1933 ## Michigan State University ## Dayton ## Ohio]
[3728 ## K.J. McDaniels ## 198 ## 90 ## 1992 ## nao informado ## nao informado ## nao informado]
[264 ## Mel Hutchins ## 198 ## 90 ## 1928 ## Brigham Young University ## Sacramento ## California]
[1549 ## Rod Higgins ## 201 ## 90 ## 1960 ## California State University - Fresno ## Monroe ## Louisiana]
[1959 ## Rod Strickland ## 196 ## 90 ## 1940 ## Jacksonville University ## Jacksonville ## Florida]
[439 ## Ron Shavlik ## 203 ## 90 ## 1933 ## North Carolina State University ## Denver ## Colorado]
[3325 ## Russell Westbrook ## 190 ## 90 ## 1988 ## University of California - Los Angeles ## Long Beach ## California]
[2011 ## Sarunas Marciulionis* ## 196 ## 90 ## 1964 ## nao informado ## Kaunas ## Lithuania]
[1417 ## Tony Jackson ## 193 ## 90 ## 1942 ## St. John's University ## Brooklyn ## New York]
[3671 ## Tony Snell ## 201 ## 90 ## 1991 ## University of New Mexico ## Riverside ## California]
[1367 ## Vinnie Johnson ## 188 ## 90 ## 1956 ## Baylor University ## Brooklyn ## New York]
[1768 ## Voise Winters ## 203 ## 90 ## 1962 ## Bradley University ## Chicago ## Illinois]
[1559 ## Dave Magley ## 203 ## 91 ## 1959 ## University of Kansas ## South Bend ## Indiana]
[3127 ## Maurice Ager ## 196 ## 91 ## 1984 ## Michigan State University ## Detroit ## Michigan]
[3719 ## Nick Johnson ## 190 ## 91 ## 1992 ## University of Arizona ## Tempe ## Arizona]
[3826 ## Rashad Vaughn ## 198 ## 91 ## 1996 ## University of Nevada - Las Vegas ## Minneapolis ## Minnesota]
[1730 ## Alfredrick Hughes ## 198 ## 92 ## 1960 ## nao informado ## nao informado ## nao informado]
[1839 ## Dallas Comegys ## 206 ## 92 ## 1964 ## DePaul University ## Philadelphia ## Pennsylvania]
[1201 ## Dan Roundfield ## 203 ## 92 ## 1953 ## Central Michigan University ## Detroit ## Michigan]
[511 ## Dave Budd ## 198 ## 92 ## 1938 ## Wake Forest University ## Woodbury ## New Jersey]
[2930 ## Desmond Ferguson ## 201 ## 92 ## 1977 ## University of Detroit Mercy ## Lansing ## Michigan]
[3548 ## Evan Fournier ## 201 ## 92 ## 1992 ## nao informado ## Saint-Maurice ## France]
[2406 ## Fred Hoiberg ## 193 ## 92 ## 1972 ## Iowa State University ## Lincoln ## Nebraska]
[808 ## Grady O'Malley ## 196 ## 92 ## 1948 ## Manhattan College ## Boston ## Massachusetts]
[1785 ## Grant Gondrezick ## 196 ## 92 ## 1963 ## Pepperdine University ## Boulder ## Colorado]
[749 ## Harry Barnes ## 190 ## 92 ## 1945 ## Northeastern University ## nao informado ## nao informado]
[588 ## John Rudometkin ## 198 ## 92 ## 1940 ## University of Southern California ## Santa Maria ## California]
[3241 ## Juan Carlos ## 203 ## 92 ## 1980 ## nao informado ## nao informado ## nao informado]
[1501 ## Kevin Loder ## 198 ## 92 ## 1959 ## Alabama State University ## Cassopolis ## Michigan]
[1259 ## Larry Johnson ## 190 ## 92 ## 1954 ## University of Kentucky ## Morganfield ## Kentucky]
[2087 ## Marcus Liberty ## 203 ## 92 ## 1968 ## University of Illinois at Urbana-Champaign ## Chicago ## Illinois]
[79 ## Marshall Hawkins ## 190 ## 92 ## 1924 ## University of Tennessee ## Huntington ## West Virginia]
[430 ## Phil Jordon ## 208 ## 92 ## 1933 ## Whitworth ## Lakeport ## California]
[3060 ## Raymond Felton ## 185 ## 92 ## 1984 ## University of North Carolina ## Marion ## South Carolina]
[936 ## Roger Brown ## 196 ## 92 ## 1942 ## University of Dayton ## Brooklyn ## New York]
[1320 ## Roger Phegley ## 198 ## 92 ## 1956 ## Bradley University ## East Peoria ## Illinois]
[1988 ## Sean Elliott ## 203 ## 92 ## 1968 ## University of Arizona ## Tucson ## Arizona]
[3397 ## Sherron Collins ## 180 ## 92 ## 1987 ## University of Kansas ## Chicago ## Illinois]
[213 ## Whitey Von ## 193 ## 92 ## 1921 ## nao informado ## nao informado ## nao informado]
[3138 ## Cedric Bozeman ## 198 ## 93 ## 1983 ## University of California - Los Angeles ## Los Angeles ## California]
[3588 ## Terrence Ross ## 201 ## 93 ## 1991 ## University of Washington ## Portland ## Oregon]
[2559 ## Charles O'Bannon ## 196 ## 94 ## 1975 ## University of California - Los Angeles ## Bellflower ## California]
[3494 ## DeAndre Liggins ## 198 ## 94 ## 1988 ## University of Kentucky ## Chicago ## Illinois]
[953 ## LaRue Martin ## 211 ## 94 ## 1950 ## Loyola University of Chicago ## Chicago ## Illinois]
[3644 ## Sergey Karasev ## 201 ## 94 ## 1993 ## nao informado ## St. Petersburg ## Russia]
[3780 ## Aaron Harrison ## 198 ## 95 ## 1994 ## University of Kentucky ## San Antonio ## Texas]
[2888 ## Antoine Rigaudeau ## 201 ## 95 ## 1971 ## nao informado ## Cholet ## France]
[651 ## Barry Clemens ## 198 ## 95 ## 1943 ## Ohio Wesleyan University ## Dayton ## Ohio]
[954 ## Bob McAdoo* ## 206 ## 95 ## 1951 ## University of North Carolina ## Greensboro ## North Carolina]
[1743 ## Chris McNealy ## 201 ## 95 ## 1961 ## San Jose State University ## Fresno ## California]
[2589 ## Cory Carr ## 190 ## 95 ## 1975 ## Texas Tech University ## Fordyce ## Arkansas]
[3559 ## Darius Johnson-Odom ## 201 ## 95 ## 1970 ## Syracuse University ## Morgan City ## Louisiana]
[717 ## Dennis Hamilton ## 203 ## 95 ## 1944 ## Arizona State University ## Huntington Beach ## California]
[10 ## Don Boven ## 193 ## 95 ## 1925 ## Western Michigan University ## Kalamazoo ## Michigan]
[599 ## Gene Wiley ## 208 ## 95 ## 1937 ## Wichita State University ## nao informado ## nao informado]
[975 ## Harthorne Wingo ## 198 ## 95 ## 1947 ## Friendship Junior College ## Tryon ## North Carolina]
[3778 ## Jerian Grant ## 203 ## 95 ## 1994 ## Syracuse University ## Portland ## Oregon]
[980 ## Jim Brewer ## 206 ## 95 ## 1951 ## University of Minnesota ## Maywood ## Illinois]
[282 ## Jim Slaughter ## 211 ## 95 ## 1928 ## University of South Carolina ## nao informado ## nao informado]
[3277 ## Joe Crawford ## 196 ## 95 ## 1986 ## University of Kentucky ## Detroit ## Michigan]
[2117 ## Kennard Winchester ## 196 ## 95 ## 1966 ## Averett University ## Chestertown ## Maryland]
[3851 ## Kris Dunn ## 193 ## 95 ## 1994 ## Providence College ## New London ## Connecticut]
[2067 ## Mario Elie ## 196 ## 95 ## 1963 ## American International College ## New York ## New York]
[309 ## Mike O'Neill ## 190 ## 95 ## 1928 ## University of California ## nao informado ## nao informado]
[686 ## Neil Johnson ## 203 ## 95 ## 1929 ## Ohio State University ## Chillicothe ## Ohio]
[1693 ## Peter Thibeaux ## 201 ## 95 ## 1961 ## Saint Mary's College of California ## Los Angeles ## California]
[2843 ## Rodney White ## 203 ## 95 ## 1959 ## University of South Alabama ## Tuskegee ## Alabama]
[1587 ## Rory White ## 203 ## 95 ## 1959 ## University of South Alabama ## Tuskegee ## Alabama]
[2019 ## Sam Mitchell ## 198 ## 95 ## 1963 ## Mercer University ## Columbus ## Georgia]
[1985 ## Terry Dozier ## 206 ## 95 ## 1966 ## University of South Carolina ## Baltimore ## Maryland]
[590 ## Tom Stith ## 196 ## 95 ## 1939 ## St. Bonaventure University ## Greenville County ## Virginia]
[2107 ## Tony Smith ## 201 ## 95 ## 1968 ## nao informado ## nao informado ## nao informado]
[1835 ## Vincent Askew ## 198 ## 95 ## 1966 ## University of Memphis ## Memphis ## Tennessee]
[1739 ## Brian Martin ## 206 ## 96 ## 1962 ## University of Kansas ## Fort Smith ## Arkansas]
[3698 ## Andre Dawkins ## 196 ## 97 ## 1991 ## Duke University ## Fairfax ## Virginia]
[479 ## Andy Johnson ## 196 ## 97 ## 1932 ## University of Portland ## Los Angeles ## California]
[2261 ## Bill Edwards ## 203 ## 97 ## 1971 ## Wright State University ## Middletown ## Ohio]
[2870 ## Casey Jacobsen ## 198 ## 97 ## 1981 ## Stanford University ## Glendora ## California]
[1613 ## Charles Jones ## 206 ## 97 ## 1957 ## Albany State University ## McGehee ## Arkansas]
[1165 ## Darnell Hillman ## 206 ## 97 ## 1949 ## San Jose State University ## Sacramento ## California]
[3403 ## Devin Ebanks ## 206 ## 97 ## 1989 ## West Virginia University ## Queens ## New York]
[1231 ## Greg Ballard ## 201 ## 97 ## 1955 ## University of Oregon ## Los Angeles ## California]
[1597 ## Howard Carter ## 196 ## 97 ## 1961 ## Louisiana State University ## Baton Rouge ## Louisiana]
[2701 ## Jamel Thomas ## 198 ## 97 ## 1973 ## Providence College ## Brooklyn ## New York]
[630 ## Jerry Grote ## 193 ## 97 ## 1940 ## Loyola Marymount University ## nao informado ## nao informado]
[2914 ## Keith Bogans ## 196 ## 97 ## 1980 ## University of Kentucky ## Alexandria ## Virginia]
[2056 ## Matt Bullard ## 208 ## 97 ## 1967 ## University of Iowa ## Des Moines ## Iowa]
[805 ## Mike Lynn ## 201 ## 97 ## 1945 ## University of California - Los Angeles ## Covina ## California]
[3643 ## Robbie Hummel ## 203 ## 97 ## 1989 ## Purdue University ## Valparaiso ## Indiana]
[1914 ## Ron Grandison ## 198 ## 97 ## 1964 ## University of New Orleans ## Los Angeles ## California]
[2655 ## Ryan Bowen ## 201 ## 97 ## 1975 ## University of Iowa ## Fort Madison ## Iowa]
[2636 ## Ryan Stack ## 211 ## 97 ## 1975 ## University of South Carolina ## Nashville ## Tennessee]
[1280 ## Steve Sheppard ## 198 ## 97 ## 1954 ## University of Maryland ## New York ## New York]
[833 ## Terry Driscoll ## 201 ## 97 ## 1947 ## Boston College ## Winthrop ## Massachusetts]
[1334 ## Terry Tyler ## 201 ## 97 ## 1956 ## University of Detroit Mercy ## Detroit ## Michigan]
[947 ## Travis Grant ## 201 ## 97 ## 1950 ## Kentucky State University ## Clayton ## Alabama]
[1772 ## Walter Berry ## 203 ## 97 ## 1964 ## St. John's University ## New York ## New York]
[2023 ## Zarko Paspalj ## 206 ## 97 ## 1966 ## nao informado ## Pljevlja ## Montenegro]
[68 ## Alex Groza ## 201 ## 98 ## 1926 ## University of Kentucky ## Martins Ferry ## Ohio]
[1171 ## Caldwell Jones ## 211 ## 98 ## 1950 ## Albany State University ## McGehee ## Arkansas]
[1630 ## Fred Roberts ## 208 ## 98 ## 1960 ## Brigham Young University ## Provo ## Utah]
[1253 ## Glen Gondrezick ## 198 ## 98 ## 1955 ## University of Nevada - Las Vegas ## Boulder ## Colorado]
[1026 ## Harvey Catchings ## 206 ## 98 ## 1951 ## Hardin-Simmons University ## Jackson ## Mississippi]
[1508 ## Kurt Nimphius ## 208 ## 98 ## 1958 ## Arizona State University ## Milwaukee ## Wisconsin]
[289 ## Pete Darcey ## 201 ## 98 ## 1930 ## Oklahoma State University ## nao informado ## nao informado]
[874 ## Rudy Tomjanovich ## 203 ## 98 ## 1948 ## University of Michigan ## Hamtramck ## Michigan]
[738 ## Bill Turner ## 201 ## 99 ## 1944 ## University of Akron ## nao informado ## nao informado]
[419 ## Bob Armstrong ## 203 ## 99 ## 1933 ## Michigan State University ## Detroit ## Michigan]
[1461 ## Brett Vroman ## 213 ## 99 ## 1955 ## University of Nevada - Las Vegas ## Hollywood ## California]
[587 ## Bud Olsen ## 203 ## 99 ## 1940 ## University of Louisville ## nao informado ## nao informado]
[775 ## Charlie Paulk ## 203 ## 99 ## 1946 ## Northeastern State University ## Fitzgerald ## Georgia]
[3850 ## Cheick Diallo ## 206 ## 99 ## 1996 ## University of Kansas ## Kayes ## Mali]
[1807 ## Chuck Person ## 203 ## 99 ## 1964 ## Auburn University ## Brantley ## Alabama]
[1144 ## Coby Dietrick ## 208 ## 99 ## 1948 ## San Jose State University ## Riverside ## California]
[2126 ## David Benoit ## 203 ## 99 ## 1968 ## University of Alabama ## Lafayette ## Louisiana]
[3149 ## Desmon Farmer ## 196 ## 99 ## 1981 ## University of Southern California ## Flint ## Michigan]
[2809 ## Eddie Griffin ## 208 ## 99 ## 1982 ## Seton Hall University ## Philadelphia ## Pennsylvania]
[2827 ## Jason Richardson ## 198 ## 99 ## 1981 ## Michigan State University ## Saginaw ## Michigan]
[1336 ## Jerome Whitehead ## 208 ## 99 ## 1956 ## Marquette University ## Waukegan ## Illinois]
[982 ## John Brown ## 201 ## 99 ## 1951 ## University of Missouri ## Frankfurt ## Germany]
[2866 ## Juaquin Hawkins ## 201 ## 99 ## 1973 ## California State University - Long Beach ## Gardena ## California]
[2960 ## Kirk Penney ## 196 ## 99 ## 1980 ## University of Wisconsin ## Auckland ## New Zealand]
[2690 ## Lamar Odom ## 208 ## 99 ## 1979 ## University of Rhode Island ## Jamaica ## New York]
[2653 ## Lazaro Borrell ## 203 ## 99 ## 1972 ## nao informado ## Santa Clara ## Cuba]
[2478 ## Mark Hendrickson ## 206 ## 99 ## 1974 ## Washington State University ## Mount Vernon ## Washington]
[1995 ## Mike Higgins ## 206 ## 99 ## 1967 ## University of Northern Colorado ## Grand Island ## Nebraska]
[204 ## Mike Todorovich ## 196 ## 99 ## 1923 ## University of Wyoming ## nao informado ## nao informado]
[1870 ## Olden Polynice ## 211 ## 99 ## 1964 ## University of Virginia ## Port-au-Prince ## Haiti]
[2130 ## Randy Brown ## 203 ## 99 ## 1965 ## University of Idaho ## Atlanta ## Georgia]
[1975 ## Raymond Brown ## 203 ## 99 ## 1965 ## University of Idaho ## Atlanta ## Georgia]
[2203 ## Robert Horry ## 206 ## 99 ## 1970 ## University of Alabama ## Andalusia ## Alabama]
[3834 ## Ron Baker ## 193 ## 99 ## 1993 ## Wichita State University ## Hays ## Kansas]
[3783 ## Rondae Hollis-Jefferson ## 201 ## 99 ## 1995 ## University of Arizona ## Chester ## Pennsylvania]
[3789 ## Stanley Johnson ## 203 ## 99 ## 1944 ## Murray State University ## Clairton ## Pennsylvania]
[1160 ## Steve Green ## 201 ## 99 ## 1953 ## Indiana University ## Madison ## Wisconsin]
[3189 ## Thabo Sefolosha ## 201 ## 99 ## 1984 ## nao informado ## Vevey ## Switzerland]
[3862 ## Treveon Graham ## 198 ## 99 ## 1993 ## Virginia Commonwealth University ## Washington ## District of Columbia]
[395 ## Walter Dukes ## 213 ## 99 ## 1930 ## Seton Hall University ## Rochester ## New York]
[2752 ## Andy Panko ## 206 ## 100 ## 1977 ## Lebanon Valley College ## Harrisburg ## Pennsylvania]
[3029 ## Awvee Storey ## 198 ## 100 ## 1977 ## Arizona State University ## Chicago ## Illinois]
[2880 ## Bostjan Nachbar ## 206 ## 100 ## 1980 ## nao informado ## Slovenj Gradec ## Slovenia]
[471 ## Connie Dierking ## 206 ## 100 ## 1936 ## University of Cincinnati ## Brooklyn ## New York]
[2675 ## Derek Hood ## 203 ## 100 ## 1976 ## University of Arkansas ## Kansas City ## Missouri]
[2621 ## Nazr Mohammed ## 208 ## 100 ## 1977 ## University of Kentucky ## Chicago ## Illinois]
[2738 ## Desmond Mason ## 201 ## 101 ## 1977 ## Oklahoma State University ## Waxahachie ## Texas]
[483 ## Jim Palmer ## 203 ## 101 ## 1933 ## University of Dayton ## Keokee ## Virginia]
[1829 ## Brad Wright ## 211 ## 102 ## 1962 ## University of California - Los Angeles ## Hollywood ## California]
[1951 ## Charles Shackleford ## 208 ## 102 ## 1966 ## North Carolina State University ## Kinston ## North Carolina]
[2092 ## Chris Munk ## 206 ## 102 ## 1967 ## University of Southern California ## San Francisco ## California]
[919 ## Curtis Rowe ## 201 ## 102 ## 1949 ## University of California - Los Angeles ## Bessemer ## Alabama]
[868 ## Dave Sorenson ## 203 ## 102 ## 1948 ## Ohio State University ## nao informado ## nao informado]
[3084 ## David Lee ## 201 ## 102 ## 1942 ## University of San Francisco ## Modesto ## California]
[2317 ## Derrick Alston ## 211 ## 102 ## 1972 ## Duquesne University ## Bronx ## New York]
[3729 ## Doug McDermott ## 203 ## 102 ## 1992 ## Creighton University ## Grand Forks ## North Dakota]
[3838 ## Dragan Bender ## 216 ## 102 ## 1997 ## nao informado ## Capljina ## Bosnia and Herzegovina]
[1248 ## James Edwards ## 213 ## 102 ## 1955 ## University of Washington ## Seattle ## Washington]
[1987 ## Jay Edwards ## 213 ## 102 ## 1955 ## University of Washington ## Seattle ## Washington]
[1235 ## Jim Bostic ## 201 ## 102 ## 1953 ## New Mexico State University ## Brooklyn ## New York]
[3067 ## Joey Graham ## 201 ## 102 ## 1982 ## Oklahoma State University ## Wilmington ## Delaware]
[2514 ## John Wallace ## 203 ## 102 ## 1974 ## Syracuse University ## Rochester ## New York]
[1940 ## Jose Ortiz ## 208 ## 102 ## 1963 ## Oregon State University ## Albonito ## Puerto Rico]
[3829 ## Justise Winslow ## 201 ## 102 ## 1996 ## Duke University ## Houston ## Texas]
[3520 ## Mychel Thompson ## 208 ## 102 ## 1955 ## University of Minnesota ## Nassau ## Bahamas]
[1887 ## Rickie Winslow ## 203 ## 102 ## 1964 ## University of Houston ## Houston ## Texas]
[1173 ## Robin Jones ## 206 ## 102 ## 1954 ## Saint Louis University ## St. Louis ## Missouri]
[2564 ## Rodrick Rhodes ## 198 ## 102 ## 1973 ## University of Southern California ## Jersey City ## New Jersey]
[1558 ## Steve Lingenfelter ## 206 ## 102 ## 1958 ## South Dakota State University ## Eau Claire ## Wisconsin]
[566 ## Bill Bridges ## 198 ## 103 ## 1939 ## University of Kansas ## Hobbs ## New Mexico]
[3746 ## Damjan Rudez ## 208 ## 103 ## 1986 ## nao informado ## Zagreb ## Croatia]
[94 ## Noble Jorgensen ## 206 ## 103 ## 1925 ## University of Iowa ## nao informado ## nao informado]
[1631 ## Ralph Sampson* ## 224 ## 103 ## 1960 ## University of Virginia ## Harrisonburg ## Virginia]
[2210 ## Adam Keefe ## 206 ## 104 ## 1970 ## Stanford University ## Irvine ## California]
[910 ## Barry Nelson ## 208 ## 104 ## 1949 ## Duquesne University ## nao informado ## nao informado]
[462 ## Charlie Tyra ## 203 ## 104 ## 1935 ## University of Louisville ## Louisville ## Kentucky]
[3394 ## Craig Brackins ## 208 ## 104 ## 1987 ## Iowa State University ## Los Angeles ## California]
[2137 ## Dale Davis ## 211 ## 104 ## 1969 ## Clemson University ## Toccoa ## Georgia]
[2069 ## Danny Ferry ## 208 ## 104 ## 1966 ## Duke University ## Hyattsville ## Maryland]
[831 ## Dave Cowens* ## 206 ## 104 ## 1948 ## Florida State University ## Newport ## Kentucky]
[1833 ## Greg Anderson ## 208 ## 104 ## 1964 ## University of Houston ## Houston ## Texas]
[1465 ## Jeff Wilkins ## 211 ## 104 ## 1955 ## Illinois State University ## Chicago ## Illinois]
[713 ## Jim Fox ## 208 ## 104 ## 1943 ## University of South Carolina ## Atlanta ## Georgia]
[1798 ## Jim Lampley ## 208 ## 104 ## 1960 ## University of Arkansas at Little Rock ## Harrisburg ## Pennsylvania]
[845 ## John Hummer ## 206 ## 104 ## 1948 ## Princeton University ## Washington ## District of Columbia]
[1145 ## Leon Douglas ## 208 ## 104 ## 1954 ## University of Alabama ## Leighton ## Alabama]
[2863 ## Marcus Haislip ## 208 ## 104 ## 1980 ## University of Tennessee ## Lewisburg ## Tennessee]
[3261 ## Mario West ## 208 ## 104 ## 1960 ## Old Dominion University ## Petersburg ## Virginia]
[2712 ## Mark Blount ## 213 ## 104 ## 1975 ## University of Pittsburgh ## Dobbs Ferry ## New York]
[2600 ## Matt Harpring ## 201 ## 104 ## 1976 ## Georgia Institute of Technology ## Cincinnati ## Ohio]
[640 ## McCoy McLemore ## 201 ## 104 ## 1942 ## Drake University ## Houston ## Texas]
[3157 ## Mike Hall ## 203 ## 104 ## 1984 ## George Washington University ## Chicago ## Illinois]
[183 ## Milt Schoon ## 201 ## 104 ## 1922 ## Valparaiso University ## nao informado ## nao informado]
[2132 ## Pete Chilcutt ## 208 ## 104 ## 1968 ## University of North Carolina ## Sumter ## South Carolina]
[3787 ## R.J. Hunter ## 201 ## 104 ## 1991 ## nao informado ## nao informado ## nao informado]
[1950 ## Rony Seikaly ## 211 ## 104 ## 1965 ## Syracuse University ## Beirut ## Lebanon]
[889 ## Sid Catlett ## 198 ## 104 ## 1948 ## University of Notre Dame ## nao informado ## nao informado]
[2522 ## Tony Battie ## 211 ## 104 ## 1976 ## Texas Tech University ## Dallas ## Texas]
[886 ## Vic Bartolome ## 213 ## 104 ## 1948 ## Oregon State University ## nao informado ## nao informado]
[2246 ## Vin Baker ## 211 ## 105 ## 1971 ## University of Hartford ## Lake Wales ## Florida]
[2405 ## Alan Henderson ## 206 ## 106 ## 1972 ## Indiana University ## Indianapolis ## Indiana]
[2532 ## Austin Croshere ## 206 ## 106 ## 1975 ## Providence College ## Los Angeles ## California]
[2921 ## Brian Cook ## 206 ## 106 ## 1980 ## University of Illinois at Urbana-Champaign ## Lincoln ## Illinois]
[2916 ## Chris Bosh ## 211 ## 106 ## 1984 ## Georgia Institute of Technology ## Dallas ## Texas]
[665 ## Dick Van ## 208 ## 106 ## 1940 ## nao informado ## nao informado ## nao informado]
[2472 ## Evric Gray ## 201 ## 106 ## 1969 ## University of Nevada - Las Vegas ## Bloomington ## California]
[2075 ## Jim Grandholm ## 213 ## 106 ## 1960 ## University of South Florida ## Elkhart ## Indiana]
[2433 ## Joe Smith ## 213 ## 106 ## 1944 ## University of Southern Colorado ## Columbus ## Mississippi]
[3358 ## Jordan Hill ## 208 ## 106 ## 1987 ## University of Arizona ## Atlanta ## Georgia]
[1650 ## Ken Bannister ## 206 ## 106 ## 1960 ## Saint Augustine's College ## Baltimore ## Maryland]
[1232 ## Kent Benson ## 208 ## 106 ## 1954 ## Indiana University ## New Castle ## Indiana]
[3516 ## Lance Thomas ## 203 ## 106 ## 1988 ## Duke University ## Brooklyn ## New York]
[1718 ## Ron Crevier ## 213 ## 106 ## 1958 ## Boston College ## Montreal ## Canada]
[1680 ## Sam Perkins ## 206 ## 106 ## 1961 ## University of North Carolina ## Brooklyn ## New York]
[3795 ## Trey Lyles ## 208 ## 106 ## 1995 ## University of Kentucky ## Saskatoon ## Canada]
[2628 ## Andrae Patterson ## 206 ## 107 ## 1975 ## Indiana University ## Riverside ## California]
[3420 ## Armon Johnson ## 196 ## 107 ## 1920 ## Bemidji State University ## Gonvick ## Minnesota]
[3734 ## Eric Moreland ## 208 ## 107 ## 1991 ## Oregon State University ## Houston ## Texas]
[3355 ## Taylor Griffin ## 201 ## 107 ## 1986 ## University of Oklahoma ## Oklahoma City ## Oklahoma]
[2047 ## Alaa Abdelnaby ## 208 ## 108 ## 1968 ## Duke University ## Cairo ## Egypt]
[3628 ## Brandon Davies ## 208 ## 108 ## 1991 ## Brigham Young University ## Philadelphia ## Pennsylvania]
[772 ## Dave Newmark ## 213 ## 108 ## 1946 ## Columbia University ## Brooklyn ## New York]
[150 ## Don Otten ## 208 ## 108 ## 1921 ## Bowling Green State University ## Bellefontaine ## Ohio]
[3744 ## Dwight Powell ## 211 ## 108 ## 1991 ## Stanford University ## Toronto ## Canada]
[3682 ## Furkan Aldemir ## 208 ## 108 ## 1991 ## nao informado ## Konak ## Turkey]
[2933 ## Hiram Fuller ## 206 ## 108 ## 1981 ## California State University - Fresno ## East St. Louis ## Missouri]
[2088 ## Ian Lockhart ## 203 ## 108 ## 1967 ## University of Tennessee ## Nassau ## Bahamas]
[2904 ## Jay Williams ## 206 ## 108 ## 1968 ## St. John's University ## Ritter ## South Carolina]
[1555 ## Joe Kopicki ## 206 ## 108 ## 1960 ## University of Detroit Mercy ## Warren ## Michigan]
[3814 ## Kristaps Porzingis ## 221 ## 108 ## 1995 ## nao informado ## Liepaja ## Latvia]
[2198 ## LaPhonso Ellis ## 203 ## 108 ## 1970 ## University of Notre Dame ## East St. Louis ## Illinois]
[634 ## Luke Jackson ## 206 ## 108 ## 1941 ## University of Texas-Pan American ## San Marcos ## Texas]
[3010 ## Nenad Krstic ## 213 ## 108 ## 1983 ## nao informado ## Kraljevo ## Serbia]
[2751 ## Olumide Oyedeji ## 208 ## 108 ## 1981 ## nao informado ## Ibadan ## Nigeria]
[1686 ## Tom Scheffler ## 211 ## 108 ## 1954 ## Purdue University ## St. Joseph ## Michigan]
[1525 ## Herb Williams ## 208 ## 109 ## 1958 ## Ohio State University ## Columbus ## Ohio]
[2619 ## Brad Miller ## 211 ## 110 ## 1976 ## Purdue University ## Fort Wayne ## Indiana]
[2789 ## Ernest Brown ## 213 ## 110 ## 1979 ## Indian Hills Community College ## Bronx ## New York]
[2227 ## Anthony Pullard ## 208 ## 111 ## 1966 ## McNeese State University ## DeQuincy ## Louisiana]
[2654 ## Cal Bowdler ## 208 ## 111 ## 1977 ## Old Dominion University ## Sharps ## Virginia]
[2360 ## Clifford Rozier ## 211 ## 111 ## 1972 ## University of Louisville ## Bradenton ## Florida]
[3629 ## Dewayne Dedmon ## 213 ## 111 ## 1989 ## University of Southern California ## Lancaster ## California]
[2617 ## Jelani McCoy ## 208 ## 111 ## 1977 ## University of California - Los Angeles ## Oakland ## California]
[3208 ## Joel Anthony ## 206 ## 111 ## 1982 ## University of Nevada - Las Vegas ## Montreal ## Canada]
[2623 ## Makhtar N'Diaye ## 203 ## 111 ## 1973 ## University of North Carolina ## Dakar ## Senegal]
[3664 ## Mason Plumlee ## 211 ## 111 ## 1990 ## Duke University ## Fort Wayne ## Indiana]
[2698 ## Michael Ruffin ## 206 ## 111 ## 1977 ## University of Tulsa ## Denver ## Colorado]
[3374 ## Patty Mills ## 203 ## 111 ## 1985 ## Louisiana Tech University ## Monroe ## Louisiana]
[3229 ## Spencer Hawes ## 216 ## 111 ## 1988 ## University of Washington ## Seattle ## Washington]
[3315 ## Walter Sharpe ## 206 ## 111 ## 1986 ## University of Alabama at Birmingham ## Huntsville ## Alabama]
[3896 ## Jakob Poeltl ## 213 ## 112 ## 1995 ## University of Utah ## Vienna ## Austria]
[2204 ## Byron Houston ## 196 ## 113 ## 1969 ## Oklahoma State University ## Watonga ## Kansas]
[3387 ## Cole Aldrich ## 211 ## 113 ## 1988 ## University of Kansas ## Burnsville ## Minnesota]
[3045 ## Earl Barron ## 213 ## 113 ## 1981 ## University of Memphis ## Clarksdale ## Mississippi]
[921 ## Elmore Smith ## 213 ## 113 ## 1949 ## Kentucky State University ## Macon ## Georgia]
[2448 ## George Zidek ## 213 ## 113 ## 1973 ## University of California - Los Angeles ## Zlin ## Czech Republic]
[3745 ## Julius Randle ## 206 ## 113 ## 1994 ## University of Kentucky ## Dallas ## Texas]
[2312 ## Matt Wenstrom ## 216 ## 113 ## 1970 ## University of North Carolina ## Minneapolis ## Minnesota]
[3667 ## Miroslav Raduljica ## 213 ## 113 ## 1988 ## nao informado ## Belgrade ## Serbia]
[2275 ## Scott Haskin ## 211 ## 113 ## 1970 ## Oregon State University ## Riverside ## California]
[3757 ## Shayne Whittington ## 211 ## 113 ## 1991 ## Western Michigan University ## Paw Paw ## Michigan]
[2535 ## Tim Duncan ## 211 ## 113 ## 1976 ## Wake Forest University ## St. Croix ## U.S. Virgin Islands]
[3501 ## Daniel Orton ## 208 ## 115 ## 1990 ## University of Kentucky ## Oklahoma City ## Oklahoma]
[2124 ## Isaac Austin ## 208 ## 115 ## 1969 ## Arizona State University ## Gridley ## California]
[3284 ## J.R. Giddens ## 216 ## 115 ## 1985 ## nao informado ## nao informado ## nao informado]
[3582 ## Tim Ohlbrecht ## 211 ## 115 ## 1988 ## nao informado ## Wuppertal ## Germany]
[2631 ## Casey Shaw ## 211 ## 117 ## 1975 ## University of Toledo ## Lebanon ## Ohio]
[3595 ## Jared Sullinger ## 206 ## 117 ## 1992 ## Ohio State University ## Columbus ## Ohio]
[3639 ## Justin Hamilton ## 213 ## 117 ## 1990 ## Louisiana State University ## Newport Beach ## California]
[3128 ## LaMarcus Aldridge ## 211 ## 117 ## 1985 ## University of Texas at Austin ## Dallas ## Texas]
[3525 ## Nikola Vucevic ## 213 ## 117 ## 1990 ## University of Southern California ## Morges ## Switzerland]
[2582 ## Peter Aluma ## 208 ## 117 ## 1973 ## Liberty University ## Lagos ## Nigeria]
[2569 ## Ed Stokes ## 213 ## 119 ## 1971 ## University of Arizona ## Syracuse ## New York]
[3000 ## Dwight Howard ## 211 ## 120 ## 1985 ## nao informado ## Atlanta ## Georgia]
[3299 ## Kosta Koufos ## 213 ## 120 ## 1989 ## Ohio State University ## Canton ## Ohio]
[2813 ## Brendan Haywood ## 213 ## 121 ## 1979 ## University of North Carolina ## New York ## New York]
[3821 ## Alex Stepheson ## 208 ## 122 ## 1987 ## University of Southern California ## Los Angeles ## California]
[3308 ## JaVale McGee ## 213 ## 122 ## 1988 ## University of Nevada - Reno ## Flint ## Michigan]
[3289 ## Roy Hibbert ## 218 ## 122 ## 1986 ## Georgetown University ## Queens ## New York]
[3376 ## A.J. Price ## 213 ## 124 ## 1989 ## nao informado ## nao informado ## nao informado]
[3427 ## Timofey Mozgov ## 216 ## 124 ## 1986 ## nao informado ## St. Petersburg ## Russia]
[2682 ## Lari Ketner ## 206 ## 125 ## 1977 ## University of Massachusetts Amherst ## Philadelphia ## Pennsylvania]
[2216 ## Oliver Miller ## 206 ## 127 ## 1970 ## University of Arkansas ## Fort Worth ## Texas]
[2643 ## Jahidi White ## 206 ## 131 ## 1976 ## Georgetown University ## St. Louis ## Missouri]
[2297 ## Gheorghe Muresan ## 231 ## 137 ## 1971 ## nao informado ## Triteni ## Romania]
[2482 ## Priest Lauderdale ## 224 ## 147 ## 1973 ## Central State University ## Chicago ## Illinois]
