Mew
raiz esq dir dir dir esq SIM
Charmander
raiz esq esq esq dir esq dir esq NAO
Squirtle
raiz dir esq dir dir dir esq NAO
Pikachu
raiz dir esq esq esq dir dir NAO
Jigglypuff
raiz esq esq dir dir dir dir NAO
Poliwag
raiz dir esq esq esq dir dir NAO
Meowth
raiz esq dir dir dir esq esq NAO
Scyther
raiz dir esq dir esq dir dir NAO
Chikorita
raiz esq esq esq dir esq dir esq NAO
Totodile
raiz dir dir esq dir dir NAO
Ditto
raiz esq esq dir esq esq SIM
Togepi
raiz dir dir esq dir dir NAO
Ampharos
raiz esq esq esq esq esq SIM
Misdreavus
raiz esq dir dir dir esq dir NAO
Houndour
raiz esq esq dir dir dir esq NAO
Treecko
raiz dir dir dir esq esq SIM
Tyranitar
raiz dir dir dir esq SIM
Mudkip
raiz esq dir dir dir esq dir NAO
Ralts
raiz dir esq dir esq esq NAO
Shinx
raiz dir esq dir esq dir dir NAO
Gible
raiz esq esq dir dir esq dir NAO
Snivy
raiz dir esq dir esq dir dir NAO
Tepig
raiz dir dir esq esq dir esq NAO
Froakie
raiz esq esq dir dir esq dir NAO
Rowlet
raiz dir esq dir esq dir dir NAO
