Coloring Book for Kids
raiz esq esq  ESQ dir dir dir  ESQ dir  ESQ  DIR  DIR esq dir esq esq esq  SIM
After The War
raiz esq esq  ESQ esq  ESQ esq esq dir dir  ESQ  DIR  DIR esq esq esq  ESQ  DIR  DIR esq esq  ESQ esq esq esq  ESQ esq  ESQ  DIR  DIR esq esq  ESQ esq  ESQ  ESQ  DIR esq  ESQ  DIR  DIR  ESQ  DIR esq  ESQ esq  ESQ  DIR  DIR  ESQ esq esq  ESQ  DIR esq esq  ESQ  DIR  DIR  DIR  ESQ  DIR  DIR  ESQ  ESQ esq  ESQ  ESQ esq  ESQ esq esq esq  ESQ  DIR  DIR  DIR  DIR esq  ESQ  DIR  DIR  ESQ  DIR  DIR  NAO
EDEN STAR
raiz dir  ESQ dir dir dir  ESQ dir  ESQ  DIR  DIR dir  ESQ  DIR  DIR esq esq  ESQ esq esq esq  ESQ  SIM
Battle Brothers
raiz esq esq  ESQ dir esq  ESQ dir  ESQ  DIR  DIR esq esq esq  ESQ  DIR  DIR esq esq  ESQ esq esq esq  ESQ esq  ESQ  DIR  DIR esq esq  ESQ esq  ESQ  ESQ  DIR esq  ESQ  DIR  DIR  ESQ  DIR esq  ESQ esq  ESQ  DIR  DIR  ESQ esq esq  ESQ  DIR esq esq  ESQ  DIR  DIR  DIR  ESQ  DIR  DIR  ESQ  ESQ esq  ESQ  ESQ esq  ESQ esq esq esq  ESQ  DIR  DIR  DIR  DIR esq  ESQ  DIR  DIR  ESQ  DIR  DIR  NAO
Fugl
raiz dir  ESQ dir dir dir  ESQ dir  ESQ  DIR  DIR dir  ESQ  DIR  DIR esq esq  ESQ dir dir  ESQ dir  ESQ  DIR  DIR esq esq  ESQ esq  ESQ  ESQ  DIR esq  ESQ  DIR  DIR  ESQ  DIR esq  ESQ esq  ESQ  DIR  DIR  ESQ esq esq  ESQ  DIR esq esq  ESQ  DIR  DIR  DIR  ESQ  DIR  DIR  ESQ  ESQ esq  ESQ  ESQ esq  ESQ esq esq esq  ESQ  DIR  DIR  DIR  DIR esq  ESQ  DIR  DIR  ESQ  DIR  DIR  NAO
Crypto Is Dead
raiz esq esq  ESQ dir dir dir  ESQ dir  ESQ  DIR  DIR esq dir dir  ESQ  DIR  DIR esq esq  ESQ esq esq esq  ESQ esq  ESQ  DIR  DIR esq esq  ESQ esq  ESQ  ESQ  DIR esq  ESQ  DIR  DIR  ESQ  DIR esq  ESQ esq  ESQ  DIR  DIR  ESQ esq esq  ESQ  DIR esq esq  ESQ  DIR  DIR  DIR  ESQ  DIR  DIR  ESQ  ESQ esq  ESQ  ESQ esq  ESQ esq esq esq  ESQ  DIR  DIR  DIR  DIR esq  ESQ  DIR  DIR  ESQ  DIR  DIR  NAO
BAD END THEATER
raiz esq esq  ESQ esq  ESQ dir  ESQ  DIR  DIR esq esq esq  ESQ  DIR  DIR esq esq  ESQ esq esq esq  ESQ esq  ESQ  DIR  DIR esq esq  ESQ esq  ESQ  ESQ  DIR esq  ESQ  DIR  DIR  ESQ  DIR esq  ESQ esq  ESQ  DIR  DIR  ESQ esq esq  ESQ  DIR esq esq  ESQ  DIR  DIR  DIR  ESQ  DIR  DIR  ESQ  ESQ esq  ESQ  ESQ esq  ESQ esq esq esq  ESQ  DIR  DIR  DIR  DIR esq  ESQ  DIR  DIR  ESQ  DIR  DIR  NAO
HUNTDOWN
raiz dir  ESQ dir dir dir  ESQ dir  ESQ  DIR  DIR dir  ESQ  DIR  DIR esq esq  ESQ dir dir  ESQ dir  ESQ  DIR  DIR esq esq  ESQ esq  ESQ  ESQ  DIR  SIM
Alien Prop Hunt
raiz esq esq  ESQ esq  ESQ esq esq dir dir  ESQ  DIR  DIR esq esq esq  ESQ  DIR  DIR esq esq  ESQ esq esq esq  ESQ esq  ESQ  DIR  DIR esq esq  ESQ esq  ESQ  ESQ  DIR esq  ESQ  DIR  DIR  ESQ  DIR esq  ESQ esq  ESQ  DIR  DIR  ESQ esq esq  ESQ  DIR esq esq  ESQ  DIR  DIR  DIR  ESQ  DIR  DIR  ESQ  ESQ esq  ESQ  ESQ esq  ESQ esq esq esq  ESQ  DIR  DIR  DIR  DIR esq  ESQ  DIR  DIR  ESQ  DIR  DIR  NAO
Motorama
raiz dir  ESQ dir dir dir  ESQ dir  ESQ  DIR  DIR dir  ESQ  DIR  DIR esq esq  ESQ dir dir  ESQ dir  ESQ  DIR  DIR esq esq  ESQ dir  ESQ  ESQ  DIR dir dir  ESQ  DIR  DIR  ESQ  DIR dir dir  ESQ dir dir  ESQ  DIR  DIR  ESQ dir esq  ESQ  DIR esq esq  ESQ  DIR  DIR  DIR  ESQ  DIR  DIR  ESQ  ESQ esq  ESQ  ESQ esq  ESQ esq esq esq  ESQ  DIR  DIR  DIR  DIR esq  ESQ  DIR  DIR  ESQ  DIR  DIR  NAO
BAD END THEATER
raiz esq esq  ESQ esq  ESQ dir  ESQ  DIR  DIR esq esq esq  ESQ  DIR  DIR esq esq  ESQ esq esq esq  ESQ esq  ESQ  DIR  DIR esq esq  ESQ esq  ESQ  ESQ  DIR esq  ESQ  DIR  DIR  ESQ  DIR esq  ESQ esq  ESQ  DIR  DIR  ESQ esq esq  ESQ  DIR esq esq  ESQ  DIR  DIR  DIR  ESQ  DIR  DIR  ESQ  ESQ esq  ESQ  ESQ esq  ESQ esq esq esq  ESQ  DIR  DIR  DIR  DIR esq  ESQ  DIR  DIR  ESQ  DIR  DIR  NAO
Homebrew - Patent Unknown
raiz dir  ESQ dir dir dir  ESQ dir  ESQ  DIR  DIR dir  ESQ  DIR  DIR esq esq  ESQ dir dir  ESQ dir  ESQ  DIR  DIR esq esq  ESQ esq  ESQ  ESQ  DIR dir  SIM
Football Manager 2019 Touch
raiz dir  ESQ dir dir dir  ESQ dir  ESQ  DIR  DIR dir  ESQ  DIR  DIR esq esq  ESQ dir dir  ESQ dir  ESQ  DIR  DIR esq esq  ESQ esq  ESQ  ESQ  DIR esq  ESQ  DIR  DIR  ESQ  DIR esq  ESQ esq  ESQ  DIR  DIR  ESQ esq esq  ESQ  DIR esq esq  ESQ  DIR  DIR  DIR  ESQ  DIR  DIR  ESQ  ESQ esq  ESQ  ESQ esq  ESQ esq esq esq  ESQ  DIR  DIR  DIR  DIR esq  ESQ  DIR  DIR  ESQ  DIR  DIR  NAO
Everreach: Project Eden
raiz dir  ESQ dir dir dir  ESQ dir  ESQ  DIR  DIR dir  ESQ  DIR  DIR esq esq  ESQ esq esq esq  ESQ dir  ESQ  DIR  DIR esq esq  ESQ esq  ESQ  ESQ  DIR esq  ESQ  DIR  DIR  ESQ  DIR esq  ESQ esq  ESQ  DIR  DIR  ESQ esq esq  ESQ  DIR esq esq  ESQ  DIR  DIR  DIR  ESQ  DIR  DIR  ESQ  ESQ esq  ESQ  ESQ esq  ESQ esq esq esq  ESQ  DIR  DIR  DIR  DIR esq  ESQ  DIR  DIR  ESQ  DIR  DIR  NAO
