[Media] 2012
[Media] 2011
[Media] 2013
[Media] 2015
[Media] 2011
[Media] 2009
[Media] 2011
[Media] 2011
[Media] 2002
[Media] 2004
[Media] 2003
[Media] 2002
[Media] 2002
[Media] 2010
[Media] 2001
[Media] 1989
[Media] 1990
[Media] 1990
[Media] 1990
[Media] 1986
[Media] 2000
[Media] 1997
[Media] 1997
[Media] 1997
[Media] 2008
[Media] 2009
[Media] 2000
[Media] 1997
[Media] 1996
[Media] 2000
[Media] 1998
[Media] 2005
[Media] 2008
[Media] 2004
[Media] 1988
[Media] 1993
[Media] 1983
[Media] 1979
[Media] 1983
[Media] 1996
[Media] 1996
[Media] 2008
[Media] 2011
[Media] 2012
[Media] 2014
[Media] 2012
[Media] 2010
[Media] 2010
[Media] 2007
[Media] 2007
[Media] 2009
[Media] 2000
[Media] 2002
(R) The Even Stevens Movie
(R) Rogue One: A Star Wars Story
(R) Forky Asks a Question: What is a Leader?
(R) Don's Fountain of Youth
(R) Expedition Everest
[Media] 2021
[Media] 2019
[Media] 2017
[Media] 2014
[Media] 2012
[Media] 2008
(R) Jane
(R) The Book of Life
(R) Sacred Planet
[Media] 2009
[Media] 2009
[Media] 2009
(R) Camp Rock
(R) Mom's Got a Date With a Vampire
(R) Jungle Animal Rescue
(R) Dog With a Blog
[0] => s34 ## Underdog ## Movie ## Frederik Du Chau ## [Alex Neuberger, Amy Adams, Jason Lee, Jim Belushi, Patrick Warburton, Peter Dinklage] ## United States ## August 27, 2021 ## 2007 ## PG ## 85 min ## [Action-Adventure, Family, Parody] ##
