(R) G.I. Joe Origens: Snake Eyes
(R) Free Guy: Assumindo o Controle
(R) Encontros
(R) Emboscada
(R) Kimi: Alguém Está Escutando
(R) Mulher-Gato: A Caçada
(R) Morte no Nilo
(R) Licorice Pizza
(R) Golpes de Vingança
[0] 007: Sem Tempo para Morrer No Time to Die 30/09/2021 163 Aventura,Ação,Thriller Inglês Lançado 2.5e+08 [spy, british secret service, nanobots, 007]
[1] A Era do Gelo: As Aventuras de Buck The Ice Age Adventures of Buck Wild 28/01/2022 81 Animação,Comédia,Aventura,Família Inglês Lançado 0 [ice age, snow, spin off, polar adventure]
[2] A Família Addams 2: Pé na Estrada The Addams Family 2 07/10/2021 93 Animação,Aventura,Comédia,Família Inglês Lançado 0 [family roleplay]
[3] Alerta Vermelho Red Notice 05/11/2021 117 Ação,Comédia,Crime,Thriller Inglês Lançado 1.6e+08 [fbi, interpol, heist, art thief]
[4] Batman The Batman 03/03/2022 185 Crime,Mistério,Thriller Inglês Lançado 1.85e+08 [dc comics, crime fighter, secret identity, vigilante, superhero, based on comic, masked superhero, gotham city]
[5] Casa Gucci House of Gucci 25/11/2021 158 Drama,Crime,Thriller Inglês Lançado 7.5e+07 [biography, marriage crisis, fashion designer, murder, fashion, rich family, gucci]
[6] Cruella Cruella 28/05/2021 134 Comédia,Crime Inglês Lançado 2e+08 [1970s, anti hero, villain, punk rock, fashion designer, fashion, origin story]
[7] Diário de um Banana Diary of a Wimpy Kid 03/12/2021 58 Animação,Comédia,Família Inglês Lançado 0 [middle school]
[8] Dog Dog 18/02/2022 101 Drama,Comédia Inglês Lançado 2e+07 [emotional support animal, comedy film, dog hero, belgian malinois, baddi-flies]
[9] Encanto Encanto 24/11/2021 102 Animação,Comédia,Família,Fantasia Inglês Lançado 5e+07 [magic, musical, forest, family relationships, female protagonist, colombia]
[10] Exorcismo Sagrado The Exorcism of God 10/02/2022 98 Terror Inglês Lançado 1.5e+06 [prison, mexico, small town, exorcism, possession, possessed, exorcist]
[11] Ghostbusters: Mais Além Ghostbusters: Afterlife 18/11/2021 124 Fantasia,Comédia,Aventura Inglês Lançado 7.5e+07 [small town, ghostbuster, nostalgia, afterlife, sequel, ghost, aftercreditsstinger, duringcreditsstinger, dead grandfather, ancient evil, otherworldly beings, paranormal events, father absence, ghostbusters]
[12] Gold Gold 13/01/2022 97 Thriller,Ação Inglês Lançado 6.5e+06 []
[13] Homem-Aranha: Sem Volta Para Casa Spider-Man: No Way Home 16/12/2021 148 Ação,Aventura,Ficção científica Inglês Lançado 2e+08 [hero, comic book, superhero, based on comic, marvel cinematic universe (mcu)]
[14] Infiltrado Wrath of Man 27/05/2021 119 Ação,Crime,Thriller Inglês Lançado 4e+07 [robbery, crime boss, revenge, shootout, los angeles, california, theft, security guard, ex soldier, cash truck]
[15] Liga da Justiça de Zack Snyder Zack Snyder's Justice League 18/03/2021 242 Ação,Aventura,Fantasia,Ficção científica Inglês Lançado 7e+07 [dc comics, superhero, based on comic, superhero team, dc extended universe, superhero teamup]
[16] Luca Luca 17/06/2021 101 Animação,Comédia,Família,Fantasia Inglês Lançado 2e+08 [italy, monster, secret, friendship, friends, coming of age, sea monster, vespa, seaside town, 1950s, pasta, water, italian riviera, pesto, portorosso]
[17] Matrix Resurrections The Matrix Resurrections 22/12/2021 148 Ficção científica,Ação,Aventura Inglês Lançado 1.9e+08 [artificial intelligence, man vs machine, prophecy, underground world, future, virtual reality, dystopia, computer, cyberpunk, aftercreditsstinger, dream world, woman director, gnosticism]
[18] Mortal Kombat Mortal Kombat 15/04/2021 110 Ação,Fantasia,Aventura Inglês Lançado 2e+07 [saving the world, magic, ninja fighter, alternate dimension, shaolin monk, fighting, based on video game, martial arts tournament, gods, hand to hand combat]
[19] O Esquadrão Suicida The Suicide Squad 05/08/2021 132 Ação,Aventura,Fantasia Inglês Lançado 1.85e+08 [dc comics, monster, anti hero, secret mission, superhero, based on comic, alien, betrayal, giant monster, alien invasion, convict, parasite, super villain, world domination, aftercreditsstinger, dc extended universe]
[20] O Último Duelo The Last Duel 14/10/2021 153 Ação,Drama,História Inglês Lançado 1e+08 [based on novel or book, normandy, france, based on true story, knight, duel, historical, sword duel, rape and revenge, squire, 14th century, medieval france]
[21] Os Simpsons em Plusniversário The Simpsons in Plusaversary 12/11/2021 4 Animação,Comédia,Fantasia Inglês Lançado 0 [beer, adult animation, short film]
[22] Patrulha Canina: O Filme PAW Patrol: The Movie 13/08/2021 88 Animação,Família,Aventura,Comédia Inglês Lançado 2.6e+07 []
[23] Resident Evil: Bem-Vindo a Raccoon City Resident Evil: Welcome to Raccoon City 02/12/2021 107 Terror,Ação,Ficção científica Inglês Lançado 4e+07 [mutant, biological weapon, quarantine, zombie, based on video game, reboot]
[24] Ron Bugado Ron's Gone Wrong 22/10/2021 107 Animação,Ficção científica,Família,Comédia Inglês Lançado 0 [family, best friend forever]
[25] The Commando The Commando 07/01/2022 93 Ação,Crime,Thriller Inglês Lançado 0 []
[26] Uncharted: Fora do Mapa Uncharted 17/02/2022 116 Ação,Aventura Inglês Lançado 1.2e+08 [treasure, treasure hunt, based on video game]
[27] Velozes &amp; Furiosos 9 F9 24/06/2021 145 Ação,Crime,Thriller,Aventura Inglês Lançado 2e+08 [speed, sequel, family relationships, fast car, brother brother relationship]
[28] Venom: Tempo de Carnificina Venom: Let There Be Carnage 07/10/2021 97 Ficção científica,Ação,Aventura Inglês Lançado 1.1e+08 [hero, anti hero, villain, sequel, superhero, based on comic, aftercreditsstinger, symbiote, marvel comics]
[29] Witch Hunt Witch Hunt 01/10/2021 92 Fantasia,Terror,Thriller,Drama Inglês Lançado 0 []
[30] A Guerra do Amanhã The Tomorrow War 02/07/2021 138 Ação,Ficção científica,Aventura Inglês Lançado 2e+08 [world cup, time travel, global warming, glacier, alien invasion, military, future war, father son reunion, hope for future, changing the past or future, message from the future, father son relationship, father daughter relationship, world war, aliens]
[31] Agente das Sombras Blacklight 10/03/2022 104 Ação,Thriller Inglês Lançado 4.3e+07 []
[32] Amor, Sublime Amor West Side Story 09/12/2021 157 Drama,Romance,Crime Inglês Lançado 1e+08 [new york city, street gang, love at first sight, forbidden love, musical, remake, interracial relationship, based on play or musical, young love, broadway musical, 1950s]
[33] Clifford, o Gigante Cão Vermelho Clifford the Big Red Dog 02/12/2021 95 Família,Aventura,Comédia,Fantasia Inglês Lançado 6.4e+07 [based on novel or book, giant dog]
[34] Duna Dune 21/10/2021 155 Ficção científica,Aventura Inglês Lançado 1.65e+08 [prophecy, based on novel or book, emperor, dystopia, sand, spice, army, hallucinogen, epic, baron, remake, revenge, space, betrayal, treason, water shortage, creature, desert, knife fight, destiny, giant worm, space opera, sand dune, messiah, stereoscopic, 3d, giant creature]
[35] Godzilla vs. Kong Godzilla vs. Kong 01/04/2021 113 Ação,Fantasia,Ficção científica Inglês Lançado 2e+08 [giant monster, dinosaur, creature feature, kaiju, sign languages, giant ape, godzilla, monsterverse, robot dinosaur]
[36] Jackass Para Sempre Jackass Forever 01/02/2022 96 Ação,Comédia,Documentário Inglês Lançado 1e+07 [crazy stunts, stunts]
