=> F9
raiz dir dir  ESQ dir  ESQ  ESQ  DIR  DIR dir  ESQ  DIR  DIR esq  ESQ  SIM
=> Ghostbusters: Afterlife
raiz dir dir  ESQ dir  ESQ  ESQ  DIR  DIR dir  ESQ  DIR  DIR esq  ESQ dir dir  ESQ dir  ESQ  DIR  DIR  ESQ  ESQ  SIM
=> Godzilla vs. Kong
raiz dir dir  ESQ dir  ESQ  ESQ  DIR  DIR dir  ESQ  DIR  DIR esq  ESQ dir dir  ESQ dir  ESQ  DIR  DIR  ESQ  ESQ dir esq  SIM
=> No Time to Die
raiz dir dir  ESQ dir  ESQ  ESQ  DIR  DIR dir  ESQ  DIR  DIR esq  ESQ dir dir  ESQ dir  ESQ  DIR  DIR  ESQ  ESQ dir dir  ESQ  DIR dir  ESQ  DIR  DIR dir  ESQ  DIR dir  ESQ  ESQ  DIR  DIR  ESQ dir  ESQ  DIR  SIM
=> Death on the Nile
raiz esq  ESQ dir  ESQ  ESQ  DIR  DIR dir  ESQ  DIR  DIR esq  ESQ esq  ESQ esq  ESQ  DIR  DIR  ESQ  ESQ esq  ESQ  DIR esq  ESQ  DIR  DIR esq  ESQ  DIR esq  ESQ  ESQ  DIR  DIR  ESQ esq  ESQ  DIR esq  ESQ  DIR  DIR  DIR  ESQ  DIR  DIR esq  ESQ  ESQ esq  ESQ esq  ESQ esq esq  ESQ esq  ESQ  DIR  DIR  DIR  DIR esq esq  ESQ  DIR  DIR  ESQ  DIR  DIR  NAO
=> Diary of a Wimpy Kid
raiz  SIM
=> Free Guy
raiz dir dir  ESQ dir  ESQ  ESQ  DIR  DIR dir  ESQ  DIR  DIR esq  ESQ dir dir  ESQ dir  ESQ  DIR  DIR  ESQ  ESQ esq  ESQ  DIR esq  ESQ  DIR  DIR esq  ESQ  DIR esq  ESQ  ESQ  DIR  DIR  ESQ esq  ESQ  DIR esq  ESQ  DIR  DIR  DIR  ESQ  DIR  DIR esq  ESQ  ESQ esq  ESQ esq  ESQ esq esq  ESQ esq  ESQ  DIR  DIR  DIR  DIR esq esq  ESQ  DIR  DIR  ESQ  DIR  DIR  NAO
=> American Siege
raiz esq  ESQ esq  ESQ  ESQ  DIR  DIR esq  ESQ  DIR  DIR esq  ESQ esq  ESQ esq  ESQ  DIR  DIR  ESQ  ESQ esq  ESQ  DIR esq  ESQ  DIR  DIR esq  ESQ  DIR esq  ESQ  ESQ  DIR  DIR  ESQ esq  ESQ  DIR esq  ESQ  DIR  DIR  DIR  ESQ  DIR  DIR esq  ESQ  ESQ esq  ESQ esq  ESQ esq esq  ESQ esq  ESQ  DIR  DIR  DIR  DIR esq esq  ESQ  DIR  DIR  ESQ  DIR  DIR  NAO
=> Blacklight
raiz esq  ESQ  SIM
=> Catwoman: Hunted
raiz esq  ESQ dir  ESQ  ESQ  DIR  DIR esq  ESQ  DIR  DIR esq  ESQ esq  ESQ esq  ESQ  DIR  DIR  ESQ  ESQ esq  ESQ  DIR esq  ESQ  DIR  DIR esq  ESQ  DIR esq  ESQ  ESQ  DIR  DIR  ESQ esq  ESQ  DIR esq  ESQ  DIR  DIR  DIR  ESQ  DIR  DIR esq  ESQ  ESQ esq  ESQ esq  ESQ esq esq  ESQ esq  ESQ  DIR  DIR  DIR  DIR esq esq  ESQ  DIR  DIR  ESQ  DIR  DIR  NAO
=> PAW Patrol: The Movie
raiz dir dir  ESQ dir  ESQ  ESQ  DIR  DIR dir  ESQ  DIR  DIR esq  ESQ dir dir  ESQ dir  ESQ  DIR  DIR  ESQ  ESQ dir dir  ESQ  DIR dir  ESQ  DIR  DIR dir  ESQ  DIR dir  ESQ  ESQ  DIR  DIR  ESQ dir  ESQ  DIR dir  ESQ  DIR  DIR  DIR  ESQ  DIR  DIR esq  ESQ  ESQ esq  ESQ esq  ESQ esq esq  ESQ esq  ESQ  DIR  DIR  DIR  DIR esq esq  ESQ  DIR  DIR  ESQ  DIR  DIR  NAO
=> Red Notice
raiz dir dir  ESQ dir  ESQ  ESQ  DIR  DIR dir  ESQ  DIR  DIR  SIM
=> The Last Duel
raiz dir dir  ESQ dir  ESQ  ESQ  DIR  DIR dir  ESQ  DIR  DIR dir dir dir  ESQ dir dir  ESQ dir  ESQ  DIR  DIR  ESQ  ESQ dir dir  ESQ  DIR dir  ESQ  DIR  DIR dir  ESQ  DIR dir  ESQ  ESQ  DIR  DIR  ESQ dir  ESQ  DIR dir  ESQ  DIR  DIR  DIR  ESQ  DIR  DIR esq  ESQ  ESQ esq  ESQ esq  ESQ dir esq  ESQ dir  ESQ  DIR  DIR  DIR  DIR esq esq  ESQ  DIR  DIR  ESQ  DIR  DIR  NAO
=> West Side Story
raiz dir dir  ESQ dir  ESQ  ESQ  DIR  DIR dir  ESQ  DIR  DIR dir dir dir  ESQ dir dir  ESQ dir  ESQ  DIR  DIR  ESQ  ESQ dir dir  ESQ  DIR dir  ESQ  DIR  DIR dir  ESQ  DIR dir  ESQ  ESQ  DIR  DIR  ESQ dir  ESQ  DIR dir  ESQ  DIR  DIR  DIR  ESQ  DIR  DIR esq  ESQ  ESQ dir  ESQ dir  ESQ dir dir dir  ESQ dir  ESQ  DIR  DIR  DIR  DIR esq esq  ESQ  DIR  DIR  ESQ  DIR  DIR  NAO
=> Zack Snyder's Justice League
raiz dir dir  ESQ dir  ESQ  ESQ  DIR  DIR dir  ESQ  DIR  DIR dir dir dir  ESQ dir dir  ESQ dir  ESQ  DIR  DIR  ESQ  ESQ dir dir  ESQ  DIR dir  ESQ  DIR  DIR dir  ESQ  DIR dir  ESQ  ESQ  DIR  DIR  ESQ dir  ESQ  DIR dir  ESQ  DIR  DIR  DIR  ESQ  DIR  DIR  SIM
=> Fistful of Vengeance
raiz dir dir  ESQ dir  ESQ  ESQ  DIR  DIR dir  ESQ  DIR  DIR esq  ESQ dir  SIM
=> Snake Eyes: G.I. Joe Origins
raiz dir dir  ESQ dir  ESQ  ESQ  DIR  DIR dir  ESQ  DIR  DIR dir dir dir  ESQ dir dir  ESQ dir  ESQ  DIR  DIR  ESQ  ESQ dir dir  ESQ  DIR dir  ESQ  DIR  DIR dir  ESQ  DIR dir  ESQ  ESQ  DIR  DIR  ESQ dir  ESQ  DIR dir  ESQ  DIR  DIR  DIR  ESQ  DIR  DIR esq  ESQ  ESQ esq  ESQ esq  ESQ esq esq  ESQ esq  ESQ  DIR  DIR  DIR  DIR esq esq  ESQ  DIR  DIR  ESQ  DIR  DIR  NAO
