F9
raiz esq dir esq esq SIM
Ghostbusters: Afterlife
raiz esq dir esq SIM
Godzilla vs. Kong
raiz esq dir esq dir NAO
No Time to Die
raiz SIM
Death on the Nile
raiz esq esq esq dir NAO
Diary of a Wimpy Kid
raiz esq esq SIM
Free Guy
raiz esq dir esq esq dir NAO
American Siege
raiz esq esq esq esq NAO
Blacklight
raiz esq esq esq esq NAO
Catwoman: Hunted
raiz esq esq esq esq NAO
PAW Patrol: The Movie
raiz dir esq esq esq SIM
Red Notice
raiz dir esq esq SIM
The Last Duel
raiz dir dir esq esq dir SIM
West Side Story
raiz dir dir dir esq dir esq NAO
Zack Snyder's Justice League
raiz dir dir dir dir SIM
Fistful of Vengeance
raiz esq dir esq esq dir NAO
Snake Eyes: G.I. Joe Origins
raiz dir esq esq dir dir esq NAO
