A Família Addams 2: Pé na Estrada The Addams Family 2 07/10/2021 93 Animação,Aventura,Comédia,Família Inglês Lançado 0.0 [family roleplay]
A Era do Gelo: As Aventuras de Buck The Ice Age Adventures of Buck Wild 28/01/2022 81 Animação,Comédia,Aventura,Família Inglês Lançado 0.0 [ice age, snow, spin off, polar adventure]
Diário de um Banana Diary of a Wimpy Kid 03/12/2021 58 Animação,Comédia,Família Inglês Lançado 0.0 [middle school]
Encanto Encanto 24/11/2021 102 Animação,Comédia,Família,Fantasia Inglês Lançado 5.0E7 [magic, musical, forest, family relationships, female protagonist, colombia]
Luca Luca 17/06/2021 101 Animação,Comédia,Família,Fantasia Inglês Lançado 2.0E8 [italy, monster, secret, friendship, friends, coming of age, sea monster, vespa, seaside town, 1950s, pasta, water, italian riviera, pesto, portorosso]
Os Simpsons em Plusniversário The Simpsons in Plusaversary 12/11/2021 4 Animação,Comédia,Fantasia Inglês Lançado 0.0 [beer, adult animation, short film]
Patrulha Canina: O Filme PAW Patrol: The Movie 13/08/2021 88 Animação,Família,Aventura,Comédia Inglês Lançado 2.6E7 []
Ron Bugado Ron's Gone Wrong 22/10/2021 107 Animação,Ficção científica,Família,Comédia Inglês Lançado 0.0 [family, best friend forever]
007: Sem Tempo para Morrer No Time to Die 30/09/2021 163 Aventura,Ação,Thriller Inglês Lançado 2.5E8 [spy, british secret service, nanobots, 007]
Uncharted: Fora do Mapa Uncharted 17/02/2022 116 Ação,Aventura Inglês Lançado 1.2E8 [treasure, treasure hunt, based on video game]
O Esquadrão Suicida The Suicide Squad 05/08/2021 132 Ação,Aventura,Fantasia Inglês Lançado 1.85E8 [dc comics, monster, anti hero, secret mission, superhero, based on comic, alien, betrayal, giant monster, alien invasion, convict, parasite, super villain, world domination, aftercreditsstinger, dc extended universe]
Liga da Justiça de Zack Snyder Zack Snyder's Justice League 18/03/2021 242 Ação,Aventura,Fantasia,Ficção científica Inglês Lançado 7.0E7 [dc comics, superhero, based on comic, superhero team, dc extended universe, superhero teamup]
Homem-Aranha: Sem Volta Para Casa Spider-Man: No Way Home 16/12/2021 148 Ação,Aventura,Ficção científica Inglês Lançado 2.0E8 [hero, comic book, superhero, based on comic, marvel cinematic universe (mcu)]
Alerta Vermelho Red Notice 05/11/2021 117 Ação,Comédia,Crime,Thriller Inglês Lançado 1.6E8 [fbi, interpol, heist, art thief]
Infiltrado Wrath of Man 27/05/2021 119 Ação,Crime,Thriller Inglês Lançado 4.0E7 [robbery, crime boss, revenge, shootout, los angeles, california, theft, security guard, ex soldier, cash truck]
The Commando The Commando 07/01/2022 93 Ação,Crime,Thriller Inglês Lançado 0.0 []
Velozes &amp; Furiosos 9 F9 24/06/2021 145 Ação,Crime,Thriller,Aventura Inglês Lançado 2.0E8 [speed, sequel, family relationships, fast car, brother brother relationship]
O Último Duelo The Last Duel 14/10/2021 153 Ação,Drama,História Inglês Lançado 1.0E8 [based on novel or book, normandy, france, based on true story, knight, duel, historical, sword duel, rape and revenge, squire, 14th century, medieval france]
Mortal Kombat Mortal Kombat 15/04/2021 110 Ação,Fantasia,Aventura Inglês Lançado 2.0E7 [saving the world, magic, ninja fighter, alternate dimension, shaolin monk, fighting, based on video game, martial arts tournament, gods, hand to hand combat]
Cruella Cruella 28/05/2021 134 Comédia,Crime Inglês Lançado 2.0E8 [1970s, anti hero, villain, punk rock, fashion designer, fashion, origin story]
Batman The Batman 03/03/2022 185 Crime,Mistério,Thriller Inglês Lançado 1.85E8 [dc comics, crime fighter, secret identity, vigilante, superhero, based on comic, masked superhero, gotham city]
Dog Dog 18/02/2022 101 Drama,Comédia Inglês Lançado 2.0E7 [emotional support animal, comedy film, dog hero, belgian malinois, baddi-flies]
Casa Gucci House of Gucci 25/11/2021 158 Drama,Crime,Thriller Inglês Lançado 7.5E7 [biography, marriage crisis, fashion designer, murder, fashion, rich family, gucci]
Ghostbusters: Mais Além Ghostbusters: Afterlife 18/11/2021 124 Fantasia,Comédia,Aventura Inglês Lançado 7.5E7 [small town, ghostbuster, nostalgia, afterlife, sequel, ghost, aftercreditsstinger, duringcreditsstinger, dead grandfather, ancient evil, otherworldly beings, paranormal events, father absence, ghostbusters]
Witch Hunt Witch Hunt 01/10/2021 92 Fantasia,Terror,Thriller,Drama Inglês Lançado 0.0 []
Matrix Resurrections The Matrix Resurrections 22/12/2021 148 Ficção científica,Ação,Aventura Inglês Lançado 1.9E8 [artificial intelligence, man vs machine, prophecy, underground world, future, virtual reality, dystopia, computer, cyberpunk, aftercreditsstinger, dream world, woman director, gnosticism]
Venom: Tempo de Carnificina Venom: Let There Be Carnage 07/10/2021 97 Ficção científica,Ação,Aventura Inglês Lançado 1.1E8 [hero, anti hero, villain, sequel, superhero, based on comic, aftercreditsstinger, symbiote, marvel comics]
Exorcismo Sagrado The Exorcism of God 10/02/2022 98 Terror Inglês Lançado 1500000.0 [prison, mexico, small town, exorcism, possession, possessed, exorcist]
Resident Evil: Bem-Vindo a Raccoon City Resident Evil: Welcome to Raccoon City 02/12/2021 107 Terror,Ação,Ficção científica Inglês Lançado 4.0E7 [mutant, biological weapon, quarantine, zombie, based on video game, reboot]
Gold Gold 13/01/2022 97 Thriller,Ação Inglês Lançado 6500000.0 []
