6jN49cPLhJxsIUaoJ0yroP ## [T.I., Mack 10, Trick Daddy, Twista] ## Rubberband Man - Remix ## 27/04/2004 ## 0.415 ## 0.68 ## 0.0 ## 0.74 ## -8.532 ## 0.363 ## 0.679 ## 250640
5cmaNzw6Zsk5vKOPf46zF5 ## [Michael Dulin] ## Clair de Lune ## 01/01/2004 ## 0.994 ## 0.452 ## 0.93 ## 0.115 ## -18.639 ## 0.044 ## 0.0464 ## 268680
3c7KT5CN8uYRaK3xThhdYt ## [The Elegants] ## Little Star ## 26/07/2005 ## 0.873 ## 0.408 ## 0.0 ## 0.28 ## -12.536 ## 0.03 ## 0.397 ## 162773
3Xgyj1WWHHrE8YBB6sGYP5 ## [Lecrae, Tedashii] ## Go Hard ## 30/09/2008 ## 0.336 ## 0.887 ## 0.0 ## 0.132 ## -6.4910000000000005 ## 0.239 ## 0.595 ## 297600
7tVWrMVK3CIg7Senwwr6Aw ## [The Used] ## Hard to Say ## 27/09/2004 ## 0.00262 ## 0.47 ## 0.0 ## 0.114 ## -7.817 ## 0.0369 ## 0.634 ## 210013
7q5KN70dTwTyEEE4BwiXH6 ## [Arctic Monkeys] ## Potion Approaching ## 25/08/2009 ## 0.0062 ## 0.421 ## 0.0673 ## 0.0905 ## -8.945 ## 0.0429 ## 0.758 ## 212133
5Mu1Eo2YnSZgEdKwLaECdH ## [NEEDTOBREATHE] ## Streets of Gold ## 27/08/2007 ## 0.00292 ## 0.47 ## 2.39E-6 ## 0.122 ## -4.503 ## 0.03 ## 0.687 ## 209880
0CfjYjURpMhOP0WCcRTxia ## [Jack Johnson] ## The Sharing Song ## 01/01/2006 ## 0.515 ## 0.93 ## 1.58E-6 ## 0.657 ## -7.1720000000000015 ## 0.0885 ## 0.4270000000000001 ## 165013
0hrHmiDeBmqmU0WT98yJBN ## [Los Rieleros Del Norte] ## Busca Otro Amor ## 08/02/2007 ## 0.0827 ## 0.597 ## 0.0 ## 0.0784 ## -4.462 ## 0.0351 ## 0.7120000000000001 ## 202213
7oNCvSzpeW7JLfYy00MYA2 ## [Three 6 Mafia, Pimp C, Project Pat] ## I Got (feat. Pimp C & Project Pat) - Explicit Album Version ## 21/06/2008 ## 0.0659 ## 0.773 ## 0.0 ## 0.376 ## -4.765 ## 0.165 ## 0.914 ## 227213
4lKFXSXc1ZpavjZpcR42GC ## [Javier Navarrete] ## Pan's Labyrinth Lullaby ## 19/12/2006 ## 0.89 ## 0.284 ## 0.0889 ## 0.0803 ## -20.316 ## 0.0428 ## 0.0863 ## 107507
1gjmSgk0JVvBNjBiLDjgFl ## [White Rabbits] ## Percussion Gun ## 12/05/2009 ## 0.152 ## 0.529 ## 8.449999999999999E-4 ## 0.603 ## -6.757999999999999 ## 0.0473 ## 0.88 ## 188307
5KTunRwahqz91ErLDc9luS ## [Primus] ## Those Damned Blue-Collar Tweekers ## 01/01/2006 ## 0.0017399999999999998 ## 0.6859999999999999 ## 0.454 ## 0.28600000000000003 ## -4.769 ## 0.0592 ## 0.888 ## 317240
6aAhBncpJcB0gJCKobVsrI ## [Wolf Parade] ## Fine Young Cannibals ## 17/06/2008 ## 0.365 ## 0.597 ## 0.5920000000000001 ## 0.132 ## -9.878 ## 0.0414 ## 0.611 ## 391880
1PRsCgYtkgFaKgFMlry3Gr ## [Queen] ## No One But You (Only The Good Die Young) - Remastered 2011 ## 01/01/2011 ## 0.555 ## 0.522 ## 0.0 ## 0.095 ## -7.472 ## 0.0294 ## 0.408 ## 251320
2A1cj9MUHz2ClwOY4hSPmT ## [Killswitch Engage] ## Still Beats Your Name ## 21/01/2006 ## 1.01E-4 ## 0.3 ## 0.039 ## 0.118 ## -2.226 ## 0.0689 ## 0.97 ## 199693
06RKqktximm0kH8NVvxTyN ## [Deftones] ## Cherry Waves ## 30/10/2006 ## 3.62E-4 ## 0.47 ## 0.00691 ## 0.142 ## -3.663 ## 0.0537 ## 0.8590000000000001 ## 317707
77yGZRjuWfSzbDT0ROSSUG ## [Have A Nice Life] ## Earthmover ## 01/01/2008 ## 0.037000000000000005 ## 0.34700000000000003 ## 0.98 ## 0.14300000000000002 ## -7.939 ## 0.0611 ## 0.557 ## 688000
1xDeDsNoBNyBidVQKPnWXE ## [Menahan Street Band] ## Home Again ## 14/10/2008 ## 0.055 ## 0.5870000000000001 ## 0.924 ## 0.247 ## -8.097000000000001 ## 0.0317 ## 0.732 ## 202240
6Rdmwrln6jrQGdRDHl246o ## [Sam Phillips] ## If I Could Write ## 27/04/2004 ## 0.853 ## 0.657 ## 0.00102 ## 0.0898 ## -12.468 ## 0.0302 ## 0.264 ## 138067
7yZtrG0ktXcDCyWkmIWmEi ## [Disturbed] ## Sacred Lie ## 19/09/2005 ## 2.21E-4 ## 0.537 ## 0.0355 ## 0.1 ## -2.735 ## 0.0649 ## 0.967 ## 185640
7F13Js5hgHoA6oVNcEMaK0 ## [Los Cadetes] ## Seis Pies Abajo ## 17/03/2011 ## 0.278 ## 0.804 ## 0.0050100000000000006 ## 0.0535 ## -9.058 ## 0.0732 ## 0.6829999999999999 ## 227253
1rmCtRmkQXWKRhBi91NX3z ## [Lindsey Stirling] ## Song of the Caged Bird ## 01/01/2012 ## 0.0265 ## 0.476 ## 5.75E-6 ## 0.109 ## -6.619 ## 0.0345 ## 0.643 ## 185292
17VqlqPmnpytc9jnQPlxQh ## [Amaranthe] ## Amaranthine ## 01/01/2011 ## 0.00414 ## 0.349 ## 1.04E-6 ## 0.184 ## -5.89 ## 0.0677 ## 0.755 ## 209933
2IB1P4oT2EHRFJA5O7eRnC ## [Biosphere] ## Dissolving Clouds ## 30/01/2006 ## 0.987 ## 0.0644 ## 0.7809999999999999 ## 0.111 ## -29.709 ## 0.044 ## 0.0463 ## 268051
4BN9uW93eFKnDmCgFxXX3p ## [Brian Culbertson] ## Jingle Bells ## 01/01/2006 ## 0.284 ## 0.654 ## 0.858 ## 0.937 ## -8.318 ## 0.0551 ## 0.7440000000000001 ## 251507
0UFk7JthBHh2u1KXP2KrPG ## [Los Horóscopos De Durango] ## Que Vuelva ## 01/01/2009 ## 0.253 ## 0.705 ## 0.0 ## 0.0914 ## -4.3210000000000015 ## 0.0398 ## 0.6659999999999999 ## 258027
04zfFfRMXegKi4mMkGMeze ## [Coldplay] ## Yes ## 26/05/2008 ## 0.00884 ## 0.162 ## 0.358 ## 0.187 ## -6.277 ## 0.0538 ## 0.807 ## 426653
6juIzbXd7ERNLhYCcOpi7u ## [Ice Cube] ## Check Yo Self ## 01/01/2008 ## 0.121 ## 0.848 ## 9.23E-4 ## 0.113 ## -6.7029999999999985 ## 0.173 ## 0.6629999999999999 ## 222467
4OGOs9wM85AnNrvSu95N0N ## [Avril Lavigne] ## Freak Out ## 01/01/2004 ## 2.34E-4 ## 0.461 ## 2.33E-5 ## 0.124 ## -2.225 ## 0.0666 ## 0.893 ## 191933
6n2tWWObNYaPn00JqTADfE ## [Battleme] ## Hey Hey, My My ## 06/12/2011 ## 0.986 ## 0.48 ## 0.0048200000000000005 ## 0.0604 ## -11.455 ## 0.0546 ## 0.141 ## 169347
056mbYcqyQo86Rfr9XfyYm ## [HAIM] ## If I Could Change Your Mind ## 30/09/2013 ## 0.0183 ## 0.6709999999999999 ## 9.82E-5 ## 0.0766 ## -5.557 ## 0.0426 ## 0.85 ## 229373
7G4etOcLxQsd8LkcVCBeOH ## [Jelly Roll] ## Sunday Morning ## 09/12/2014 ## 0.078 ## 0.527 ## 0.0 ## 0.242 ## -5.492000000000001 ## 0.112 ## 0.657 ## 236411
1pwy1QgUguLCykSAmLPMIQ ## [Al Green, Corinne Bailey Rae] ## Take Your Time ## 01/01/2008 ## 0.377 ## 0.45 ## 2.1E-5 ## 0.116 ## -9.892 ## 0.0301 ## 0.35600000000000004 ## 277014
3EkJj2KsKDbVCn0MfeSnoe ## [AJR] ## 3AM ## 16/09/2014 ## 0.715 ## 0.515 ## 9.54E-6 ## 0.107 ## -11.088 ## 0.0736 ## 0.428 ## 225227
74mVOU1rUGLmwSV2JzvhXd ## [John Butler Trio] ## Groovin' Slowly ## 23/03/2007 ## 0.59 ## 0.763 ## 2.85E-6 ## 0.098 ## -6.165 ## 0.0902 ## 0.512 ## 271800
4ttnkDJFfE26vmPelQUSI7 ## [C-Mob] ## Hollow Man ## 25/11/2014 ## 0.109 ## 0.843 ## 0.0 ## 0.0714 ## -5.492000000000001 ## 0.24 ## 0.848 ## 297507
4W3QcMXjWVYEiNe4khtNUF ## [Carrie Underwood, Randy Travis] ## I Told You So - feat. Randy Travis ## 09/12/2014 ## 0.544 ## 0.393 ## 0.0 ## 0.101 ## -3.526 ## 0.0283 ## 0.552 ## 259800
42h9lxw9OKy1sw6vh6dKBP ## [Halestorm] ## Rock Show ## 09/04/2012 ## 0.0104 ## 0.5489999999999999 ## 0.0 ## 0.07400000000000001 ## -3.031 ## 0.0482 ## 0.939 ## 199093
0qV5H8ttAXxb1An0rmG2bw ## [Baroness] ## March to the Sea ## 17/07/2012 ## 8.210000000000001E-4 ## 0.537 ## 0.197 ## 0.108 ## -6.0360000000000005 ## 0.0693 ## 0.908 ## 191427
69jqKUauM2XyKBQ6eOZzB6 ## [Angel Haze] ## Werkin' Girls ## 01/01/2012 ## 0.135 ## 0.6509999999999999 ## 0.0 ## 0.224 ## -7.033 ## 0.35700000000000004 ## 0.8759999999999999 ## 189531
6le4IgtphcTvRawgHYhZmU ## [Jonas Brothers, China Anne McClain] ## Your Biggest Fan ## 20/07/2010 ## 0.0389 ## 0.723 ## 0.0 ## 0.263 ## -5.915 ## 0.0685 ## 0.62 ## 179907
5rCHluRq4hQTOB8A3IvgC9 ## [The Lumineers] ## Gale Song ## 08/04/2016 ## 0.7609999999999999 ## 0.35700000000000004 ## 1.32E-4 ## 0.104 ## -8.441 ## 0.0302 ## 0.326 ## 193720
1s9U4QrS2iqXEPuKK7PPLS ## [Balue] ## Man in the Sixties ## 01/01/2014 ## 0.004079999999999999 ## 0.394 ## 0.29 ## 0.268 ## -5.391 ## 0.0363 ## 0.8420000000000001 ## 222000
50bWipKseUhTCP5YPiGRbA ## [Parry Gripp] ## Space Unicorn ## 18/01/2013 ## 0.0013800000000000002 ## 0.66 ## 1.62E-4 ## 0.108 ## -5.664 ## 0.0865 ## 0.924 ## 102000
579wiJu8HXaGXod6rU3NiB ## [Eric Church] ## Three Year Old ## 11/11/2015 ## 0.735 ## 0.725 ## 0.00105 ## 0.0987 ## -14.517 ## 0.055 ## 0.321 ## 226827
6yFNMQrUVlg9Uqo0qRzGOD ## [Mac DeMarco] ## Goodbye Weekend ## 01/04/2014 ## 0.174 ## 0.5589999999999999 ## 0.021 ## 0.329 ## -4.019 ## 0.0346 ## 0.7929999999999999 ## 179767
6QZAs3BuuB3GWkJ1XrBcy2 ## [Morrissey] ## Irish Blood, English Heart ## 03/05/2004 ## 0.00555 ## 0.584 ## 4.95E-4 ## 0.123 ## -5.395 ## 0.0374 ## 0.809 ## 158613
0P8JmpXrhpozZyOVUc2n4W ## [Money Man] ## Tryin Me ## 19/09/2016 ## 0.0422 ## 0.645 ## 0.0 ## 0.102 ## -8.802999999999997 ## 0.434 ## 0.565 ## 200673
5LxdOkc6kmpxFk2bvJZqaI ## [salvia palth] ## post traumatic all-night-long ## 01/01/2013 ## 0.69 ## 0.35200000000000004 ## 0.826 ## 0.111 ## -7.995 ## 0.0341 ## 0.619 ## 162691
7HPTRHmlMycxLC93ZQS6DJ ## [Chris Christodoulou] ## Coalescence ## 15/03/2014 ## 0.0256 ## 0.5710000000000001 ## 0.688 ## 0.513 ## -8.838 ## 0.0326 ## 0.574 ## 338667
03jInOtVwApcacQN643qk5 ## [Shinedown] ## Dangerous ## 18/09/2015 ## 5.570000000000001E-5 ## 0.473 ## 1.33E-5 ## 0.0978 ## -4.454 ## 0.0436 ## 0.879 ## 231720
6l1DuBpGWcDqj3tl80MfVQ ## [Don Omar] ## Luna ## 01/06/2004 ## 0.218 ## 0.573 ## 0.0 ## 0.174 ## -4.708 ## 0.0502 ## 0.6709999999999999 ## 219534
6LgGKcMoXvDtKgAp2znkKQ ## [Wisin & Yandel, Cosculluela, Tego Calderon, De La Ghetto, Franco "El Gorilla"] ## La Reunión De Los Vaqueros ## 01/01/2010 ## 0.198 ## 0.845 ## 1.39E-6 ## 0.126 ## -5.674 ## 0.136 ## 0.845 ## 332707
6fiHtKPnwTtuBq99GzqLcx ## [Sabaton] ## Attero Dominatus ## 24/09/2010 ## 1.02E-5 ## 0.201 ## 1.5E-4 ## 0.0868 ## -5.686 ## 0.0529 ## 0.731 ## 223187
1TFdSG786lkY22jKsMDZ35 ## [Vybz Kartel, Popcaan, Gaza Slim] ## Clarks ## 23/01/2012 ## 0.0886 ## 0.631 ## 0.0 ## 0.103 ## -5.316 ## 0.373 ## 0.802 ## 183893
2pZXlPFnqc1uqEKFE7SjwQ ## [Pendulum] ## Hold Your Colour ## 19/05/2007 ## 0.0014199999999999998 ## 0.43 ## 0.218 ## 0.397 ## -4.8210000000000015 ## 0.0374 ## 0.889 ## 328480
0gpFiquPvir7e3RrM4kii9 ## [Keith Ape, A$AP Ferg, Father, Dumbfoundead, Waka Flocka Flame] ## IT G MA REMIX (feat. A$AP Ferg, Father, Dumbfoundead, Waka Flocka Flame) ## 27/07/2015 ## 0.061 ## 0.787 ## 0.0 ## 0.294 ## -4.206 ## 0.0642 ## 0.743 ## 300000
2WPxFf05MYsEHQCxonA1vS ## [Los Ángeles Azules, Ha*Ash] ## Mi Niña Mujer ## 10/02/2017 ## 0.395 ## 0.49 ## 0.0 ## 0.0645 ## -4.386 ## 0.0335 ## 0.631 ## 194107
79ozNtJ4aqVaAav0bqXpji ## [SEGA SOUND TEAM, 稲毛 謙介(TEMPEST STUDIO), 荒井 善博] ## Friday Night ## 18/03/2015 ## 0.00181 ## 0.588 ## 0.0112 ## 0.363 ## -4.884 ## 0.0311 ## 0.978 ## 96149
3VPBqHUd17ZvEgabW9ZOUU ## [Maduk, Veela] ## Ghost Assassin - Original Mix ## 16/07/2012 ## 0.00809 ## 0.483 ## 4.06E-5 ## 0.0929 ## -4.477 ## 0.0475 ## 0.923 ## 221625
383hkMdmA976zOTKRm6PLy ## [Gilberto Santa Rosa] ## La Agarro Bajando ## 10/02/2009 ## 0.353 ## 0.8109999999999999 ## 2.37E-6 ## 0.145 ## -6.8610000000000015 ## 0.0417 ## 0.763 ## 256107
7HknH3ckpTv3MddyeuXDTo ## [Omar Ruiz] ## Me Gusta Lo Verde ## 20/04/2016 ## 0.118 ## 0.768 ## 4.23E-4 ## 0.217 ## -8.833 ## 0.0605 ## 0.475 ## 198059
7102UhVPxGoYGNE2w3duPh ## [Afrojack, Martin Garrix] ## Turn up the Speakers - Radio Edit ## 08/09/2014 ## 0.0989 ## 0.6940000000000001 ## 0.946 ## 0.473 ## -5.245 ## 0.0456 ## 0.9 ## 183750
7o9KG7iQY8KACz7PZXYpyv ## [Jermaine Stewart] ## We Don't Have To Take Our Clothes Off ## 01/01/2011 ## 0.0244 ## 0.816 ## 1.4199999999999998E-4 ## 0.0469 ## -8.601 ## 0.0363 ## 0.7070000000000001 ## 293240
1rLYWSXPrJGWnlGlSwPEia ## [Michael Bolton] ## When a Man Loves a Woman ## 04/09/2006 ## 0.2 ## 0.5770000000000001 ## 0.0 ## 0.0933 ## -8.22 ## 0.0256 ## 0.42 ## 230493
5pDUMdIiW0rNLzFryqpC9j ## [Rihanna] ## Diamonds ## 11/12/2012 ## 0.00125 ## 0.564 ## 0.0 ## 0.109 ## -4.92 ## 0.0461 ## 0.71 ## 225147
3J9LjSMAaT8byCEriHYP75 ## [Essie Jain] ## Opening ## 30/01/2015 ## 0.95 ## 0.14400000000000002 ## 0.983 ## 0.11 ## -21.141 ## 0.0415 ## 0.0525 ## 257186
5gKfjl3XR7Oqf07gkjwLQk ## [Glee Cast] ## Seasons Of Love (Glee Cast Version) ## 15/10/2013 ## 0.618 ## 0.605 ## 1.92E-6 ## 0.122 ## -6.354 ## 0.0259 ## 0.507 ## 184480
0wae8KoprNjfrXWjYYHGy9 ## [Toby Fox] ## Spear of Justice ## 15/09/2015 ## 0.58 ## 0.328 ## 0.866 ## 0.146 ## -10.208 ## 0.0361 ## 0.594 ## 115437
5Eg6N02CTSSbdthjVc7wLA ## [Mustard, Nicki Minaj, Jeremih] ## Don't Hurt Me ## 01/07/2016 ## 0.0872 ## 0.7040000000000001 ## 0.0 ## 0.0833 ## -10.559 ## 0.416 ## 0.46 ## 192995
2H8LPaY3NSjmOFMH2Rygnz ## [Matoma, Astrid S] ## Running Out ## 01/12/2015 ## 0.0856 ## 0.601 ## 0.00384 ## 0.132 ## -5.905 ## 0.0338 ## 0.682 ## 211200
29Nr1r6Sn7zzyVFoEGCeqO ## [Lil Boom, 904TEZZO] ## Sad Nigga Hours ## 22/09/2017 ## 0.463 ## 0.6970000000000001 ## 0.0085 ## 0.378 ## -9.856 ## 0.0493 ## 0.48 ## 96016
6W9blgdInd46fBy4jOqDaL ## [RÜFÜS DU SOL] ## Take Me ## 01/01/2013 ## 0.168 ## 0.7190000000000001 ## 0.0303 ## 0.0952 ## -7.397 ## 0.0463 ## 0.773 ## 242000
1AP7yzd4qSdKVcupPC827R ## [Pusher, Mothica, Shawn Wasabi] ## Clear - Shawn Wasabi Remix ## 24/06/2016 ## 0.5489999999999999 ## 0.79 ## 0.218 ## 0.636 ## -1.802 ## 0.0571 ## 0.939 ## 175266
71DxoKxpHcW8iaYNczwGi3 ## [Nathaniel Rateliff & The Night Sweats] ## Hey Mama ## 09/03/2018 ## 0.189 ## 0.5 ## 0.0921 ## 0.0999 ## -8.447000000000001 ## 0.0286 ## 0.55 ## 240667
0vnzk4L0JyMODSqLp3pHwo ## [Don Omar] ## Virtual Diva ## 01/01/2009 ## 0.185 ## 0.7829999999999999 ## 0.0 ## 0.393 ## -4.657 ## 0.0485 ## 0.87 ## 242733
0pBcI8Gf1Oe3ziIbE9tBsX ## [Nipsey Hussle, Diddy] ## Young Nigga (feat. Puff Daddy) ## 16/02/2018 ## 0.261 ## 0.502 ## 0.0 ## 0.118 ## -5.674 ## 0.35700000000000004 ## 0.64 ## 236547
1GxGLSKW0HxYkvUJH8OVRd ## [BTS] ## Butterfly ## 02/05/2016 ## 0.0107 ## 0.441 ## 0.0 ## 0.101 ## -4.583 ## 0.0498 ## 0.747 ## 240091
1z5YtEopKg5pyjCM3BEsr5 ## [Jeremy Camp] ## Dead Man Walking ## 20/09/2019 ## 0.0337 ## 0.518 ## 0.0 ## 0.12 ## -4.675 ## 0.0455 ## 0.799 ## 187267
7fD72waADOZymEpuQfbiDE ## [Mikel, GameChops] ## Fairy Fountain ## 14/09/2018 ## 0.404 ## 0.6709999999999999 ## 0.924 ## 0.0917 ## -10.768 ## 0.0506 ## 0.525 ## 164267
22l6ZMCgWB1wfd1GOBe3wm ## [Yeng Constantino] ## Ikaw ## 30/10/2014 ## 0.575 ## 0.654 ## 0.0 ## 0.0784 ## -7.21 ## 0.0307 ## 0.336 ## 284920
3v70cRUoh8PsDSfkd7qeAI ## [Nigga] ## Luna ## 01/01/2007 ## 0.0113 ## 0.63 ## 0.0 ## 0.262 ## -2.9 ## 0.0463 ## 0.851 ## 198880
73SyPIx501G3211y3oTYns ## [moow, Lotte Kestner] ## Wake Up ## 27/01/2017 ## 0.882 ## 0.8220000000000001 ## 0.861 ## 0.084 ## -13.824000000000002 ## 0.0862 ## 0.107 ## 82800
77dwRzKegOkVtlHajKnDCb ## [Nick Jonas] ## Find You ## 14/09/2017 ## 0.00114 ## 0.644 ## 0.0 ## 0.0831 ## -4.0760000000000005 ## 0.0331 ## 0.743 ## 197893
61GiMDN1kUiEQK6zHGMdnx ## [Vansire] ## Metamodernity ## 11/06/2019 ## 0.389 ## 0.8220000000000001 ## 0.165 ## 0.108 ## -10.077 ## 0.0358 ## 0.544 ## 162663
2g6WTGWNYGnRCBaWEzFE00 ## [SwuM] ## スモーク ## 31/01/2018 ## 0.826 ## 0.493 ## 0.6809999999999999 ## 0.122 ## -8.547 ## 0.0572 ## 0.441 ## 151579
7pEGM6phhCcPXx0muMqFWW ## [Lola Blanc] ## Angry Too ## 30/04/2019 ## 0.0624 ## 0.551 ## 2.21E-4 ## 0.0673 ## -5.216 ## 0.0724 ## 0.742 ## 204089
1wLQwg0mloy3yXjL0jPE0N ## [Foo Fighters] ## Run ## 15/09/2017 ## 3.4E-5 ## 0.359 ## 0.0955 ## 0.7509999999999999 ## -8.036 ## 0.0665 ## 0.893 ## 323373
6to1tNRE8t1WuTSdvDnsmw ## [King Von, Lil Durk] ## Down Me ## 06/03/2020 ## 0.0473 ## 0.775 ## 0.0 ## 0.0915 ## -7.641 ## 0.659 ## 0.657 ## 122667
1ytCra0qH6gcHnCVQwREvu ## [Kelsea Ballerini] ## homecoming queen? ## 20/03/2020 ## 0.478 ## 0.462 ## 0.0 ## 0.0993 ## -5.443 ## 0.0334 ## 0.512 ## 167796
68rcszAg5pbVaXVvR7LFNh ## [Asaf Avidan, The Mojos, Wankelmut] ## One Day / Reckoning Song (Wankelmut Remix) - Radio Edit ## 03/08/2012 ## 0.223 ## 0.826 ## 6.92E-5 ## 0.16699999999999998 ## -6.329 ## 0.0571 ## 0.6679999999999999 ## 215187
5fKBwqSTuCbnJlCOpeRa3o ## [NEIKED, Dyo] ## Sexual ## 01/01/2016 ## 0.0692 ## 0.797 ## 0.0 ## 0.0705 ## -7.502999999999999 ## 0.0651 ## 0.5670000000000001 ## 188889
1FgPyHX7HruKDL4Tx4MeZB ## [LPB Poody] ## Address It ## 05/05/2020 ## 0.109 ## 0.903 ## 1.99E-4 ## 0.0904 ## -8.006 ## 0.268 ## 0.611 ## 146688
3BPoSr2pO34Aan6alFfVto ## [MOMOLAND] ## BBoom BBoom ## 03/01/2018 ## 0.0149 ## 0.785 ## 0.006659999999999999 ## 0.0661 ## -4.249 ## 0.0369 ## 0.7440000000000001 ## 208863
57FNYz14MjKVoRTbxtv4A1 ## [Internet Money, Don Toliver, Roddy Ricch] ## Lemonade - Remix ## 23/10/2020 ## 0.168 ## 0.8320000000000001 ## 0.0 ## 0.11 ## -8.259 ## 0.0602 ## 0.5489999999999999 ## 181496
442FV16HuyEMgy7auT88hB ## [Jay Wheeler] ## Te Soñé ## 12/07/2019 ## 0.8079999999999999 ## 0.742 ## 3.23E-6 ## 0.6609999999999999 ## -8.151 ## 0.0443 ## 0.294 ## 216661
58qO4dGa5SgNdtvqvpewyz ## [5 Seconds of Summer] ## Old Me ## 27/03/2020 ## 0.313 ## 0.722 ## 0.0 ## 0.26 ## -3.639 ## 0.0483 ## 0.62 ## 186786
3mQ6SLdxxaL52Yte7KF2Ks ## [J Balvin] ## Morado ## 09/01/2020 ## 0.13699999999999998 ## 0.8809999999999999 ## 4.13E-5 ## 0.0927 ## -3.838 ## 0.0797 ## 0.696 ## 200667
5Jm4w8jmPEBTLjI9vH4fXo ## [Ozuna] ## Caramelo ## 04/09/2020 ## 0.0529 ## 0.735 ## 1.46E-4 ## 0.145 ## -4.462 ## 0.0679 ## 0.7909999999999999 ## 217240
