Coloring Book for Kids
raiz esq esq dir esq esq SIM
After The War
raiz esq esq esq esq dir esq NAO
EDEN STAR
raiz esq esq dir dir SIM
Battle Brothers
raiz esq esq esq dir esq dir NAO
Fugl
raiz esq dir esq esq esq dir NAO
Crypto Is Dead
raiz esq esq dir esq dir dir NAO
BAD END THEATER
raiz esq esq esq dir esq esq NAO
HUNTDOWN
raiz esq dir esq esq SIM
Alien Prop Hunt
raiz esq esq esq esq dir esq NAO
Motorama
raiz esq dir dir dir esq NAO
BAD END THEATER
raiz esq esq esq dir esq esq NAO
Homebrew - Patent Unknown
raiz esq dir esq SIM
Football Manager 2019 Touch
raiz esq dir esq esq esq dir NAO
Everreach: Project Eden
raiz esq esq dir dir dir esq esq NAO
