2q95XoeFGixx8b5LNF6Ey1 ## [Pitbull, Flo Rida, LunchMoney Lewis] ## Greenlight (feat. Flo Rida & LunchMoney Lewis) ## 22/07/2016 ## 0.245 ## 0.695 ## 0.0 ## 0.3670000000000001 ## -5.617000000000001 ## 0.281 ## 0.8370000000000001 ## 244174
5sKb4ShexCtnNcZlWHGDrE ## [Beach House] ## On the Sea ## 15/05/2012 ## 0.725 ## 0.247 ## 0.0494 ## 0.0938 ## -7.664 ## 0.0334 ## 0.521 ## 332467
2DcmVSLAg0ZzfOQxDshZHY ## [A-Lin] ## Áµ¶Ê??‰∏?Â??Á??Á?±Âø?Ë®? ## 08/07/2011 ## 0.583 ## 0.399 ## 0.0 ## 0.104 ## -5.801 ## 0.0357 ## 0.512 ## 285547
68fliteCcO2SyYKdJl4hl6 ## [Los Diamantes De Ojinaga] ## Por Esa Calle Vive ## 30/10/2007 ## 0.7120000000000001 ## 0.6559999999999999 ## 8.66E-4 ## 0.0584 ## -5.5429999999999975 ## 0.0466 ## 0.894 ## 184533
0CKKKckCxCLgGMBN9r3SCR ## [Matthew West] ## Forgiveness ## 01/01/2012 ## 0.0073700000000000015 ## 0.407 ## 1.13E-5 ## 0.135 ## -5.166 ## 0.0337 ## 0.669 ## 267347
49YeEoXjdJBaVOjghMPEdR ## [Beyonc√©, Slim Thug] ## Check On It (feat. Slim Thug) ## 25/10/2005 ## 0.0701 ## 0.7020000000000001 ## 0.0 ## 0.385 ## -3.794 ## 0.214 ## 0.89 ## 210427
0kG5esB02AK1wRV1herS1J ## [ALLBLACK, Offset Jim, DaBoii, $tupid Young, Fenix Flexin] ## Trip On It ## 22/10/2019 ## 0.271 ## 0.922 ## 0.0 ## 0.227 ## -4.652 ## 0.259 ## 0.703 ## 210338
5PoWbm2gxIIgg7Ykx9oY8S ## [Troye Sivan] ## SUBURBIA ## 04/12/2015 ## 0.019 ## 0.491 ## 0.0 ## 0.107 ## -5.925 ## 0.104 ## 0.622 ## 233760
1BRzYmGZ3UTPSc3qsZASQL ## [Matt Mason] ## Feather in Her Halo ## 21/04/2017 ## 0.0254 ## 0.562 ## 0.0 ## 0.31 ## -5.849 ## 0.0373 ## 0.691 ## 216253
7g5oISO4ErqRfyfWDZPEVc ## [Vitamin String Quartet] ## I'm Yours ## 23/08/2011 ## 0.6729999999999999 ## 0.675 ## 2.56E-5 ## 0.158 ## -13.79 ## 0.0402 ## 0.134 ## 219800
7y19aIuU0rRw4290rke252 ## [The Alpinist] ## Kitzbuhel Mild Rain And Thunder 2 Redux - Redux ## 12/06/2020 ## 0.0426 ## 0.0788 ## 0.7020000000000001 ## 0.375 ## -22.824 ## 0.0921 ## 0.71 ## 170000
6A9wHAasMxed0firnDao1K ## [Lil Baby, Moneybagg Yo] ## No Sucker (feat. Moneybagg Yo) ## 28/02/2020 ## 0.025 ## 0.9 ## 0.0 ## 0.204 ## -4.884 ## 0.224 ## 0.846 ## 188607
3ndJWgaFnw92IeICfSlTrP ## [Banda Machos] ## No soy monedita de oro ## 24/03/2009 ## 0.6890000000000001 ## 0.711 ## 3.55E-6 ## 0.135 ## -7.316 ## 0.035 ## 0.508 ## 185147
72HYwYmfl6Y8AzbJO0z6vB ## [GOT7] ## Î??Í∞? Ì??Î©¥ If You Do ## 23/11/2015 ## 0.0557 ## 0.6920000000000001 ## 0.0 ## 0.217 ## -1.642 ## 0.0766 ## 0.8859999999999999 ## 210834
6JEgyvjdGb4CYzcCh6fssP ## [Dope] ## My Funeral ## 10/03/2009 ## 4.74E-4 ## 0.489 ## 0.00907 ## 0.149 ## -5.7189999999999985 ## 0.0537 ## 0.93 ## 205493
6FhTIsbEDEel7ju6pnKYtS ## [Mumford & Sons] ## Friend of the Devil ## 20/05/2016 ## 0.384 ## 0.401 ## 0.66 ## 0.0837 ## -8.766 ## 0.0397 ## 0.67 ## 271025
2qmzSRt2fCwobsVL7aU09u ## [Moderatto] ## Gracias ## 01/01/2012 ## 0.0379 ## 0.525 ## 8.149999999999999E-5 ## 0.102 ## -4.816 ## 0.0362 ## 0.914 ## 231424
59aBJF7Nh9dkYbXY7xHZFk ## [The Libertines] ## Music When The Lights Go Out ## 01/01/2004 ## 0.434 ## 0.42 ## 4.75E-6 ## 0.161 ## -6.081 ## 0.0341 ## 0.69 ## 182387
6kQT5Ze4gofkzHEEyp2uEa ## [Mayday Parade] ## Take This To Heart ## 10/07/2007 ## 5.23E-4 ## 0.407 ## 0.0 ## 0.462 ## -3.352 ## 0.0408 ## 0.8290000000000001 ## 248000
2RUuKIHFHjk41E7YsJ9HNP ## [Rae Sremmurd] ## Up Like Trump ## 06/01/2015 ## 0.0465 ## 0.8320000000000001 ## 3.2E-6 ## 0.337 ## -2.672 ## 0.0458 ## 0.6409999999999999 ## 193173
0e4K4O83kizeU1mwneF7Pr ## [Destinys Child] ## Free ## 16/11/2004 ## 0.6970000000000001 ## 0.588 ## 7.55E-5 ## 0.0867 ## -7.496 ## 0.179 ## 0.802 ## 291707
5pP3WtXwZ6HjcbuJ3vhDTZ ## [Green Day] ## Let Yourself Go ## 24/09/2012 ## 0.00376 ## 0.627 ## 4.11E-5 ## 0.246 ## -3.017 ## 0.0376 ## 0.971 ## 176987
4cHBP73V974hbCl66gvWsi ## [Mick Jagger] ## Memo From Turner ## 06/12/2005 ## 0.0322 ## 0.5589999999999999 ## 2.46E-6 ## 0.401 ## -9.887 ## 0.0742 ## 0.7040000000000001 ## 247907
78G0LEqrs8HmEwhb75nYXQ ## [Tok Tok Tok] ## Walk on the wild side ## 17/01/2005 ## 0.24 ## 0.731 ## 0.0843 ## 0.0982 ## -20.113 ## 0.0695 ## 0.174 ## 278507
129Q7yqxyiAz66mAd9BJgs ## [Lady A] ## Wanted You More ## 13/09/2011 ## 0.319 ## 0.461 ## 4.97E-6 ## 0.104 ## -6.36 ## 0.0422 ## 0.71 ## 242080
1JJW0dKiXHMijMhcRvKOoa ## [Germ, $uicideBoy$] ## AWKWARD CAR DRIVE ## 08/03/2019 ## 0.0133 ## 0.8109999999999999 ## 0.0 ## 0.0865 ## -9.589 ## 0.616 ## 0.441 ## 109880
1a6LRSRHWS4zKvBjQNaF0S ## [Jon Bellion] ## LIFE ## 20/02/2013 ## 0.065 ## 0.431 ## 0.0 ## 0.0998 ## -7.175 ## 0.0679 ## 0.649 ## 203093
5nMBzG9xVnJZTpZKgnWCec ## [Kiana Led√©] ## Fairplay ## 27/10/2017 ## 0.585 ## 0.726 ## 3.38E-4 ## 0.165 ## -5.916 ## 0.158 ## 0.6679999999999999 ## 169040
2OetRiA7svb9KwiXkRjhLw ## [The Goo Goo Dolls] ## Without You Here ## 01/01/2006 ## 0.00257 ## 0.494 ## 1.06E-6 ## 0.362 ## -5.438 ## 0.0272 ## 0.7120000000000001 ## 229400
07egAPsYgrxjkEnZxs1ePJ ## [Chris Brown] ## Hope You Do ## 31/10/2017 ## 0.0366 ## 0.67 ## 0.0 ## 0.132 ## -7.294 ## 0.0629 ## 0.531 ## 281876
1xfFPJdRjgDAaMcDgbXwyh ## [BROCKHAMPTON] ## STAR ## 09/06/2017 ## 0.147 ## 0.7759999999999999 ## 0.0 ## 0.394 ## -9.143 ## 0.282 ## 0.388 ## 161000
4iwGGmK8zlbcgkUymPNTVc ## [John Lennon, Yoko Ono] ## Give Peace A Chance - Remastered 2010 ## 05/10/2010 ## 0.32299999999999995 ## 0.451 ## 0.0 ## 0.682 ## -11.497 ## 0.121 ## 0.875 ## 294680
0BKsXcSk7PIoozDwQeFJEE ## [Mountain Man] ## Animal Tracks ## 14/06/2010 ## 0.722 ## 0.443 ## 0.0 ## 0.195 ## -14.054 ## 0.0318 ## 0.206 ## 130200
4iiWcajF1fEUpwcUewc464 ## [Future, DaBaby, Drake, Lil Baby] ## Life Is Good (feat. Drake, DaBaby & Lil Baby) - Remix ## 15/02/2020 ## 0.107 ## 0.81 ## 0.0 ## 0.122 ## -8.33 ## 0.433 ## 0.5660000000000001 ## 315346
5wzV35hpLeZCz9aBSAWBcY ## [Asking Alexandria] ## Someone, Somewhere ## 05/04/2011 ## 5.39E-6 ## 0.285 ## 2.31E-4 ## 0.28800000000000003 ## -1.695 ## 0.0938 ## 0.995 ## 216640
4yRlTvPVfEyhXfp6GZurq9 ## [Austin Plaine] ## Never Come Back Again ## 11/09/2015 ## 0.19 ## 0.594 ## 3.58E-6 ## 0.119 ## -8.872 ## 0.0259 ## 0.695 ## 196240
4CqbJHZ6JtVM3MLh41y7JI ## [Neil Young] ## Like a Hurricane - 2003 Remaster ## 15/11/2004 ## 0.0129 ## 0.423 ## 0.00113 ## 0.16399999999999998 ## -5.4979999999999976 ## 0.037000000000000005 ## 0.8340000000000001 ## 501213
5H9wMglUZwqivHCDzElAbB ## [JayDaYoungan] ## Purge ## 07/12/2018 ## 0.208 ## 0.8290000000000001 ## 0.0 ## 0.0733 ## -10.602 ## 0.364 ## 0.5770000000000001 ## 186149
27Y1N4Q4U3EfDU5Ubw8ws2 ## [FINNEAS] ## What They'll Say About Us ## 02/09/2020 ## 0.895 ## 0.535 ## 1.5E-4 ## 0.0874 ## -12.823 ## 0.0408 ## 0.314 ## 187601
24HYU0MQmeUQ6YLjl1o2NV ## [Canserbero] ## Y la Felicidad Qu√© ## 01/01/2010 ## 0.434 ## 0.72 ## 0.0 ## 0.263 ## -5.118 ## 0.384 ## 0.8270000000000001 ## 296072
10W5hq8bU05pt2P9v6dDjP ## [Jack Wall, EA Games Soundtrack] ## Vigil ## 20/11/2007 ## 0.8859999999999999 ## 0.281 ## 0.971 ## 0.122 ## -15.603 ## 0.0362 ## 0.228 ## 102480
7yZtrG0ktXcDCyWkmIWmEi ## [Disturbed] ## Sacred Lie ## 19/09/2005 ## 2.21E-4 ## 0.537 ## 0.0355 ## 0.1 ## -2.735 ## 0.0649 ## 0.967 ## 185640
24QjawKdGJmsAIVe3EhzGH ## [Kehlani] ## F&MU ## 08/05/2020 ## 0.383 ## 0.7170000000000001 ## 0.0 ## 0.14 ## -4.465 ## 0.0838 ## 0.597 ## 134853
0Jgbauc8Nv2OOjR5ERW28B ## [Wallows] ## Just Like A Movie ## 06/09/2019 ## 0.00121 ## 0.449 ## 0.0 ## 0.208 ## -5.1770000000000005 ## 0.037000000000000005 ## 0.825 ## 247613
0qqLzlmKDj55Zmck2rdT33 ## [Joan Sebastian] ## Un Mill√≥n De Primaveras ## 01/01/2012 ## 0.631 ## 0.529 ## 0.0 ## 0.0703 ## -6.479 ## 0.0381 ## 0.457 ## 172413
6nJssvZSWBXbOhecGecJOy ## [Mayday Parade] ## Anywhere but Here ## 02/10/2009 ## 0.00135 ## 0.414 ## 0.0 ## 0.278 ## -3.419 ## 0.0856 ## 0.946 ## 190640
4NuFrArppAgXPZKCbImtiF ## [Dance Gavin Dance] ## Deception ## 07/10/2016 ## 0.0128 ## 0.297 ## 0.0 ## 0.285 ## -3.29 ## 0.112 ## 0.911 ## 231867
5tHSY6tZR411ZTOTh2g2ks ## [Slothrust] ## Crockpot ## 01/01/2013 ## 0.00263 ## 0.38 ## 0.0658 ## 0.14800000000000002 ## -8.183 ## 0.0383 ## 0.537 ## 325773
6tIhOVueWi0AqBI2Ds2qpF ## [Ray Cash, Scarface] ## Bumpin' My Music (feat. Scarface) ## 27/06/2006 ## 0.00807 ## 0.706 ## 2.380000000000001E-5 ## 0.0454 ## -6.1320000000000014 ## 0.29600000000000004 ## 0.818 ## 241133
1e04rRoD90vJp4654XbdjE ## [Conjunto Primavera] ## Y Qu√© Me Importa ## 01/01/2012 ## 0.172 ## 0.662 ## 2.12E-6 ## 0.134 ## -6.065 ## 0.0314 ## 0.752 ## 209027
69EN77bAhbLQ4ACzCrVk72 ## [Hans Zimmer] ## Extraction Point ## 01/06/2010 ## 0.00148 ## 0.449 ## 0.8029999999999999 ## 0.106 ## -10.675 ## 0.0303 ## 0.6629999999999999 ## 215347
2P3NxIGVS2S13P7TFOMpSb ## [Three 6 Mafia, Lil Flip] ## Ridin Spinners (feat. Lil' Flip) - Explicit Album Version ## 01/01/2005 ## 0.107 ## 0.7879999999999999 ## 0.0 ## 0.212 ## -4.348 ## 0.273 ## 0.947 ## 260427
2Gxp9C8mcTbxE7wBIRhxmU ## [Kutt Calhoun, BG Bulletwound] ## All By My Lonely ## 09/08/2011 ## 0.0474 ## 0.6970000000000001 ## 0.0014199999999999998 ## 0.183 ## -9.812 ## 0.0837 ## 0.275 ## 265133
64bWFjtzBRVSllQz9H2RAY ## [Keith Urban] ## For You ## 01/01/2012 ## 0.0116 ## 0.416 ## 1.24E-4 ## 0.0625 ## -7.752999999999999 ## 0.0519 ## 0.747 ## 289560
1ZqeykOaDmjkldzs7XGR4b ## [Disclosure] ## Where Angels Fear To Tread ## 20/08/2018 ## 0.23 ## 0.679 ## 0.602 ## 0.14800000000000002 ## -6.218 ## 0.136 ## 0.735 ## 225907
2z4cwnHBebyWzfOYRFRGXv ## [Comethazine] ## 556 ## 23/10/2020 ## 0.274 ## 0.868 ## 0.0 ## 0.0706 ## -10.708 ## 0.477 ## 0.512 ## 147200
7qe3hsbXCiu3snlH1fU6Sc ## [Randy Rogers Band] ## Lonely Too Long ## 01/01/2008 ## 0.0627 ## 0.63 ## 0.0 ## 0.28800000000000003 ## -5.374 ## 0.0308 ## 0.754 ## 199587
629TRAVD61y1ZVNl9EOfEE ## [Tyler, The Creator, ScHoolboy Q] ## THE BROWN STAINS OF DARKEESE LATIFAH PART 6-12 (REMIX) (feat. ScHoolboy Q) ## 13/04/2015 ## 9.67E-4 ## 0.63 ## 0.0 ## 0.362 ## -5.636 ## 0.316 ## 0.8420000000000001 ## 191869
0liuIQRbJ0AgDXmM7U2QHs ## [The Offspring] ## Pretty Fly (For A White Guy) ## 21/06/2005 ## 0.0984 ## 0.7240000000000001 ## 1.46E-6 ## 0.0476 ## -3.699 ## 0.0936 ## 0.902 ## 188480
1e6aAbWR0MXCNcr4yQovNr ## [NEFFEX] ## Grateful ## 28/02/2018 ## 0.107 ## 0.782 ## 0.0 ## 0.0779 ## -6.504 ## 0.0898 ## 0.757 ## 182400
1z1mMZtZW0gvR9FSPc7JpJ ## [Elina] ## Champion ## 30/11/2018 ## 0.921 ## 0.65 ## 0.0 ## 0.127 ## -9.005 ## 0.0519 ## 0.171 ## 173237
6fOqEAXCwboCO4BdzbZG1K ## [Pentatonix] ## La La Latch ## 23/09/2014 ## 0.0332 ## 0.6940000000000001 ## 1.27E-6 ## 0.152 ## -8.719 ## 0.0451 ## 0.512 ## 221493
7E6knQgEAcU0nIjQJuwrIv ## [YoungBoy Never Broke Again] ## Genie ## 29/06/2018 ## 0.28600000000000003 ## 0.598 ## 0.0 ## 0.0875 ## -4.92 ## 0.452 ## 0.605 ## 194792
6ZJcXcp2xKTZvwCCax7Dea ## [Leon Bridges] ## Twistin' & Groovin' ## 23/06/2015 ## 0.374 ## 0.684 ## 1.5399999999999998E-5 ## 0.122 ## -6.732 ## 0.0332 ## 0.524 ## 251920
1R9tieT3ZujuJ77a9U5wR3 ## [Tim McGraw] ## Southern Voice ## 30/11/2010 ## 0.0446 ## 0.63 ## 0.0 ## 0.113 ## -4.106 ## 0.0321 ## 0.877 ## 242427
4EvzBvvreh74hcVAsUvfjD ## [Balance And Composure] ## Tiny Raindrop ## 10/09/2013 ## 2.77E-5 ## 0.512 ## 1.56E-5 ## 0.252 ## -4.245 ## 0.0661 ## 0.951 ## 213747
4o568kdkDntTDuQTJfMIxa ## [Dem Franchize Boyz] ## Ridin' Rims ## 01/01/2006 ## 0.081 ## 0.7390000000000001 ## 0.0 ## 0.0833 ## -7.7879999999999985 ## 0.0784 ## 0.603 ## 323960
2zSpaFB7e0Yo1QKsDQ22Ol ## [WWE, Mot√∂rhead] ## The Game (Triple H) ## 13/07/2012 ## 0.006529999999999999 ## 0.303 ## 0.0 ## 0.0958 ## -2.123 ## 0.122 ## 0.978 ## 209907
056mbYcqyQo86Rfr9XfyYm ## [HAIM] ## If I Could Change Your Mind ## 30/09/2013 ## 0.0183 ## 0.6709999999999999 ## 9.82E-5 ## 0.0766 ## -5.557 ## 0.0426 ## 0.85 ## 229373
6q9TIaTV1rY4AmpnFPp0RF ## [Jill Barber] ## Be My Man ## 14/10/2008 ## 0.8859999999999999 ## 0.438 ## 4.66E-5 ## 0.113 ## -10.788 ## 0.0304 ## 0.166 ## 180707
4Xt0OKNJtbyqx5GEX2XpVF ## [Spencer Lee, Keely Hawkes, Teen Beach Movie Cast] ## Surf Crazy ## 01/01/2013 ## 0.155 ## 0.426 ## 0.0 ## 0.132 ## -3.282 ## 0.106 ## 0.953 ## 182707
5pDUMdIiW0rNLzFryqpC9j ## [Rihanna] ## Diamonds ## 11/12/2012 ## 0.00125 ## 0.564 ## 0.0 ## 0.109 ## -4.92 ## 0.0461 ## 0.71 ## 225147
2DLfiDGID5hImlSz17wcDW ## [Eels] ## That Look You Give That Guy ## 02/06/2009 ## 0.6409999999999999 ## 0.792 ## 0.0183 ## 0.0718 ## -9.067 ## 0.0268 ## 0.517 ## 256267
2Id6ySo7TSbqQpZmhAR4Fh ## [Alison Krauss & Union Station] ## Restless - Remastered ## 01/01/2004 ## 0.741 ## 0.449 ## 7.26E-6 ## 0.211 ## -9.228 ## 0.0313 ## 0.475 ## 171080
3rBOkpPCniY6AxOIavGGsg ## [Childish Gambino] ## Zombies ## 02/12/2016 ## 0.504 ## 0.64 ## 0.00157 ## 0.0671 ## -12.706 ## 0.152 ## 0.394 ## 281813
0FgblIvvlYsXEAlEOPbaFJ ## [Lamb of God] ## Set To Fail ## 24/02/2009 ## 2.88E-5 ## 0.494 ## 0.00718 ## 0.146 ## -1.868 ## 0.147 ## 0.995 ## 226493
2uD8iz9c0XXDFwYgLJez1A ## [Daddy Yankee] ## M√≠rame ## 09/09/2010 ## 0.19 ## 0.794 ## 0.0 ## 0.11 ## -7.926 ## 0.101 ## 0.7490000000000001 ## 235640
0Ky98GMSlZQdctbAhU3I0Z ## [Rex Williams] ## You Are My Heart ## 12/05/2008 ## 0.481 ## 0.664 ## 0.0232 ## 0.225 ## -7.457999999999997 ## 0.0366 ## 0.6809999999999999 ## 193000
3jhzGa9pXCOgAAfANDNLp2 ## [G Herbo] ## Pull Up ## 25/11/2016 ## 0.117 ## 0.483 ## 0.0 ## 0.251 ## -6.38 ## 0.221 ## 0.602 ## 208422
1zQjzfgYp0ZDSsU1dxi5g8 ## [Tyler Rich] ## The Difference ## 04/09/2020 ## 0.113 ## 0.535 ## 0.0 ## 0.108 ## -5.3439999999999985 ## 0.0525 ## 0.7490000000000001 ## 186973
6mQzZ2aRnKSNgckAehBgwD ## [The Itchyworms] ## Beer ## 01/01/2006 ## 0.517 ## 0.539 ## 4.59E-6 ## 0.112 ## -3.967 ## 0.0265 ## 0.693 ## 364107
6WoQzK5Exbfcmow1AoNRkl ## [JJ Lin] ## Â?ØÊ??Ê≤?Â¶?Ê?? ## 27/12/2014 ## 0.617 ## 0.486 ## 0.0 ## 0.116 ## -5.755 ## 0.0262 ## 0.424 ## 298293
4hw32LMr5RoeKQl0Kvh20e ## [Jerry Rivera] ## Casi un Hechizo ## 08/06/2010 ## 0.7140000000000001 ## 0.68 ## 1.18E-5 ## 0.0541 ## -3.052 ## 0.0409 ## 0.715 ## 222947
6PiTsEEiNYU9a9xXowi9i5 ## [Ilene Woods, Mice Chorus] ## A Dream Is a Wish Your Heart Makes ## 19/10/2005 ## 0.971 ## 0.262 ## 4.07E-4 ## 0.204 ## -14.8 ## 0.0472 ## 0.17 ## 274480
3fXjDa7j6p59VvN4lLI5lQ ## [Metalocalypse: Dethklok] ## Detharmonic ## 25/09/2007 ## 0.0015 ## 0.294 ## 0.061 ## 0.333 ## -6.044 ## 0.0691 ## 0.858 ## 270880
5pBCrF0gXKLZXj77BdJNh2 ## [Owl City] ## Gold ## 01/01/2012 ## 0.107 ## 0.502 ## 0.0 ## 0.0928 ## -4.391 ## 0.054000000000000006 ## 0.931 ## 236267
2ieTFoBjqGVw8SfT4OSwVJ ## [Easton Corbin] ## Clockwork ## 30/06/2015 ## 0.0423 ## 0.593 ## 0.0 ## 0.14300000000000002 ## -4.85 ## 0.0285 ## 0.629 ## 189440
1hTSImeofoaFWptq9JSFpP ## [Miranda Lambert] ## Baggage Claim - Radio Edit ## 01/11/2011 ## 0.0657 ## 0.701 ## 1.53E-6 ## 0.0671 ## -2.777 ## 0.0403 ## 0.934 ## 197547
4Yvnu1GD8RIn9tq3crccXh ## [Los Originales De San Juan] ## Flor Hermosa (Eres Flor, Eres Hermosa) ## 01/01/2011 ## 0.339 ## 0.452 ## 0.0 ## 0.59 ## -4.154 ## 0.189 ## 0.787 ## 171107
5kxqPQ5Gasw1jXyBDCPDkN ## [Led Zeppelin] ## Houses of the Holy - Remaster ## 01/01/2007 ## 0.15 ## 0.631 ## 0.0627 ## 0.562 ## -8.52 ## 0.0347 ## 0.85 ## 244680
78W3OjLt8Ugxaar3h9mY2j ## [John Legend] ## Good Morning ## 27/10/2008 ## 0.0364 ## 0.674 ## 0.0 ## 0.0755 ## -9.454 ## 0.0394 ## 0.501 ## 241453
74mVOU1rUGLmwSV2JzvhXd ## [John Butler Trio] ## Groovin' Slowly ## 23/03/2007 ## 0.59 ## 0.763 ## 2.85E-6 ## 0.098 ## -6.165 ## 0.0902 ## 0.512 ## 271800
2Mw9lHRbSkcIgSk0DZUzeY ## [Jurassic 5] ## Canto De Ossanha ## 01/01/2006 ## 0.0142 ## 0.797 ## 0.777 ## 0.0346 ## -6.6179999999999986 ## 0.0375 ## 0.878 ## 259533
2n5tp0NqlZwaf5GjpF5HvL ## [Dizzy Wright] ## Untouchable (feat. Logic, Kirk Knight) ## 19/08/2013 ## 0.00318 ## 0.648 ## 0.0 ## 0.423 ## -4.806 ## 0.297 ## 0.882 ## 249462
4IrmWy6NFy5kpZC01rWcRx ## [MGMT] ## Kids ## 30/08/2005 ## 2.3E-4 ## 0.53 ## 0.0123 ## 0.378 ## -6.926 ## 0.0298 ## 0.8 ## 331307
6k8Z9CtoRLk9mXarke5LHQ ## [slenderbodies] ## gray ## 12/06/2016 ## 0.428 ## 0.804 ## 1.12E-4 ## 0.17 ## -4.7330000000000005 ## 0.107 ## 0.581 ## 183158
5mgQRhZv2SKU9LyZ54ctdu ## [Marvin Dark] ## Picture This ## 10/08/2015 ## 0.445 ## 0.659 ## 0.0 ## 0.15 ## -7.776 ## 0.0547 ## 0.483 ## 228728
64ojb7llTMzvdkHdbIpq3y ## [+44] ## Make You Smile ## 01/01/2006 ## 0.00386 ## 0.503 ## 9.6E-6 ## 0.105 ## -7.667000000000002 ## 0.0378 ## 0.657 ## 224587
7KG9zriC6iP8F1CNihtR8Y ## [Sara Bareilles] ## Once Upon Another Time ## 22/05/2012 ## 0.8959999999999999 ## 0.275 ## 0.0 ## 0.231 ## -14.504 ## 0.0493 ## 0.21600000000000005 ## 324333
7lBpl3fdfGWIiadbpL4UP6 ## [The Joy Formidable] ## Endtapes - Soundtrack Version ## 04/11/2011 ## 0.0218 ## 0.54 ## 0.15 ## 0.122 ## -6.05 ## 0.0454 ## 0.746 ## 249253
2F9tfxxFvnbijR10IvW6Rg ## [Lamb of God] ## Grace ## 24/02/2009 ## 4.05E-5 ## 0.3 ## 0.0237 ## 0.113 ## -3.592 ## 0.297 ## 0.976 ## 235133
26RZ9IiS43wy5oMQoAys0o ## [Jeff Williams, Casey Lee Williams] ## Die ## 02/12/2014 ## 8.77E-5 ## 0.484 ## 8.57E-5 ## 0.133 ## -2.881 ## 0.114 ## 0.911 ## 198347
4yLSpYlcO0jPPLTa3nW8zN ## [Ludovico Einaudi] ## Fly ## 23/10/2006 ## 0.994 ## 0.174 ## 0.861 ## 0.0737 ## -18.717 ## 0.0362 ## 0.17800000000000002 ## 278933
27CwCwu3EocFMESQRc78iC ## [The String Cheese Incident] ## Sometimes a River ## 28/06/2005 ## 0.431 ## 0.3670000000000001 ## 0.128 ## 0.0833 ## -6.7029999999999985 ## 0.0376 ## 0.741 ## 320867
2JXlRVBgLHqhfphmjXyVBZ ## [Eminem] ## Not Afraid ## 18/06/2010 ## 0.537 ## 0.852 ## 0.0 ## 0.35600000000000004 ## -1.206 ## 0.275 ## 0.955 ## 248133
23sGBdr5biGqhWIWxw9OOZ ## [The Loved Ones] ## Jane ## 21/02/2006 ## 0.00105 ## 0.234 ## 0.0 ## 0.36 ## -3.613 ## 0.0955 ## 0.96 ## 175467
7jP2937OACDPrN53DzO0Ye ## [Travis] ## Closer ## 07/05/2007 ## 0.204 ## 0.5379999999999999 ## 5.260000000000001E-5 ## 0.13 ## -7.816 ## 0.0235 ## 0.581 ## 240627
78EDmwVdZzp6vTl3hVWzpW ## [Scarlxrd] ## 6 Feet ## 29/09/2017 ## 0.00498 ## 0.6459999999999999 ## 0.0 ## 0.309 ## -0.092 ## 0.28800000000000003 ## 0.963 ## 121913
3CQAd12NW0vPnyu5breZpM ## [Camille] ## Le Festin - From "Ratatouille" ## 01/01/2009 ## 0.86 ## 0.439 ## 0.0 ## 0.0784 ## -10.371 ## 0.0432 ## 0.317 ## 171800
2bocAPQcUTLUXx8lAOTiK3 ## [Iggy Azalea] ## Team ## 18/03/2016 ## 0.0545 ## 0.8909999999999999 ## 0.0 ## 0.608 ## -4.989 ## 0.0673 ## 0.6920000000000001 ## 209467
4CiIdZ7Eg4zzrifatjZDWG ## [Meaghan Martin, Matthew Mdot Finley] ## Tear it Down - From "Camp Rock 2: The Final Jam" ## 01/01/2010 ## 0.00183 ## 0.484 ## 0.0 ## 0.205 ## -3.699 ## 0.16 ## 0.947 ## 209640
1AawyOAUCnID3AiuXsL5oB ## [Mitski] ## Pearl Diver ## 31/01/2012 ## 0.911 ## 0.34600000000000003 ## 0.0 ## 0.0957 ## -11.312 ## 0.0388 ## 0.152 ## 164227
7avOlwT4dRe3xr1RH82k4d ## [Marco Barrientos] ## Hosanna ## 13/11/2009 ## 0.00892 ## 0.464 ## 0.0332 ## 0.967 ## -7.2 ## 0.056 ## 0.853 ## 330160
1AYNmdKudx7JArl2uDy1nv ## [KYLE] ## What It Is ## 17/07/2020 ## 0.0732 ## 0.84 ## 1.76E-5 ## 0.115 ## -6.52 ## 0.101 ## 0.304 ## 143476
27bBjan9bD8rUESGYqK9a7 ## [Alvvays] ## Not My Baby ## 08/09/2017 ## 0.0291 ## 0.342 ## 0.299 ## 0.0988 ## -4.363 ## 0.0346 ## 0.644 ## 256413
0uihaAV3Pq9jqb5EtCLHnO ## [Sanchez] ## Frenzy ## 19/12/2006 ## 0.165 ## 0.644 ## 0.0 ## 0.134 ## -4.177 ## 0.0937 ## 0.6859999999999999 ## 217053
6ZlvEI2HQC6R5TahN9Ffm4 ## [K/DA, Madison Beer, (G)I-DLE, Lexie Liu, Jaira Burns, Seraphine, League of Legends] ## MORE ## 06/11/2020 ## 0.00257 ## 0.66 ## 0.0 ## 0.32299999999999995 ## -4.592 ## 0.032 ## 0.787 ## 217088
0jxvN5ZfgCThQoZPsyvPB4 ## [Tyler Childers] ## The Gospel (According to Fishermen) ## 11/10/2011 ## 0.924 ## 0.612 ## 2.4E-5 ## 0.104 ## -13.575 ## 0.0518 ## 0.16 ## 165347
4AidyOWtaZ2PrHwyX4Hrh6 ## [Los Herederos De Nuevo Le√≥n] ## Tres Vueltas ## 22/01/2008 ## 0.491 ## 0.672 ## 1.26E-5 ## 0.0839 ## -6.3 ## 0.0397 ## 0.552 ## 164307
1FkfPShKw6e2WHe3ZsYEbk ## [She & Him] ## Baby, It's Cold Outside ## 24/10/2011 ## 0.809 ## 0.483 ## 0.0 ## 0.292 ## -8.287 ## 0.133 ## 0.5 ## 137227
2BcwzjPvVSkek2ZLdh7C9J ## [Alan Walker, Marshmello] ## Sing Me to Sleep - Marshmello Remix ## 03/06/2016 ## 0.0383 ## 0.62 ## 3.04E-4 ## 0.159 ## -1.7180000000000002 ## 0.0436 ## 0.893 ## 192480
18NiQTTgXClfhnYMPKUJZT ## [Death Cab for Cutie] ## I Will Possess Your Heart - Radio Edit ## 29/04/2008 ## 0.373 ## 0.622 ## 0.0248 ## 0.0797 ## -10.019 ## 0.0275 ## 0.5760000000000001 ## 290293
7G4etOcLxQsd8LkcVCBeOH ## [Jelly Roll] ## Sunday Morning ## 09/12/2014 ## 0.078 ## 0.527 ## 0.0 ## 0.242 ## -5.492000000000001 ## 0.112 ## 0.657 ## 236411
5Y7a8iWIawp1QTbevGeH1V ## [WOODZ] ## DIFFERENT ## 21/07/2018 ## 0.0223 ## 0.628 ## 0.0 ## 0.0797 ## -4.26 ## 0.0338 ## 0.8109999999999999 ## 222769
68fTgSHZ3vAdpFx0pcfMer ## [Tyrone Wells] ## Time of Our Lives ## 02/03/2010 ## 0.7340000000000001 ## 0.474 ## 0.0 ## 0.107 ## -7.8370000000000015 ## 0.026 ## 0.388 ## 248871
5eEQCfq7MXQr6aHLNRUZLs ## [Anuel AA] ## Keii ## 07/02/2020 ## 0.4 ## 0.708 ## 0.0 ## 0.096 ## -3.095 ## 0.0391 ## 0.797 ## 210000
4rX2X3Mvh8fBFQwFSGxva1 ## [Queens of the Stone Age] ## Into The Hollow ## 01/01/2007 ## 0.448 ## 0.44 ## 0.3720000000000001 ## 0.0712 ## -4.796 ## 0.0388 ## 0.933 ## 222333
523XDGMjH8Gbzc8V6ek5cl ## [SNBRN] ## Never Let You Go ## 31/05/2019 ## 0.0188 ## 0.752 ## 0.0935 ## 0.212 ## -6.766 ## 0.0361 ## 0.662 ## 210643
7k5Yq1u7BjrhlmX13cyf0m ## [Florence + The Machine] ## Spectrum ## 01/01/2011 ## 0.0792 ## 0.573 ## 2.91E-4 ## 0.1 ## -5.555 ## 0.0506 ## 0.873 ## 311613
4ggPIxXwOWReIBfyCVW8QI ## [Luke Bryan] ## Blood Brothers ## 01/01/2013 ## 0.16 ## 0.54 ## 3.35E-5 ## 0.0341 ## -4.884 ## 0.0446 ## 0.7240000000000001 ## 243467
1uW8wYIoulhYK6qIXhakbg ## [Thalia] ## El Pr√≥ximo Viernes - Live Version ## 30/11/2009 ## 0.17600000000000002 ## 0.755 ## 0.0 ## 0.997 ## -5.4910000000000005 ## 0.0376 ## 0.833 ## 249360
5djhyxT7ZIzM1rP2XE2ygb ## [Toby Keith] ## A Little Too Late ## 01/01/2008 ## 0.175 ## 0.635 ## 3.71E-5 ## 0.139 ## -5.815 ## 0.0294 ## 0.7490000000000001 ## 248040
5A6R7xh2NYE5gSTDSeUosJ ## [John Williams] ## The Werewolf Scene ## 25/05/2004 ## 0.679 ## 0.254 ## 0.769 ## 0.311 ## -19.197 ## 0.045 ## 0.28 ## 265333
3dvjnx3TG9kX903YRqPaZU ## [Nursery Rhymes] ## Old MacDonald Had a Farm ## 01/05/2014 ## 0.914 ## 0.618 ## 3.99E-5 ## 0.14 ## -9.563 ## 0.0442 ## 0.237 ## 123900
5YzA563GXTuwQaRq24z1k5 ## [Yandel, Wisin] ## Como Antes (feat. Wisin) ## 08/09/2017 ## 0.182 ## 0.813 ## 0.0 ## 0.394 ## -4.2780000000000005 ## 0.172 ## 0.8759999999999999 ## 210773
5c9YHjSjEZxaCxsF1Gy5Jt ## [Dan Croll] ## From Nowhere ## 01/01/2014 ## 0.0316 ## 0.628 ## 1.06E-4 ## 0.0622 ## -5.5779999999999985 ## 0.14 ## 0.883 ## 196849
58dRar8dH64xLu0Nw339wJ ## [Sleeping With Sirens] ## You Kill Me (In a Good Way) ## 23/03/2010 ## 6.09E-5 ## 0.38 ## 0.0 ## 0.103 ## -5.052 ## 0.062 ## 0.907 ## 222120
0TqBBrdwai3zdM90Tmyt8J ## [Halestorm] ## All I Wanna Do Is Make Love to You - EP Version ## 22/03/2011 ## 0.0162 ## 0.523 ## 0.0 ## 0.0967 ## -5.4910000000000005 ## 0.0334 ## 0.7929999999999999 ## 302413
6kQ3W5LMxh6ftjEBssYgAd ## [The Regrettes] ## Seashore ## 13/01/2017 ## 0.0546 ## 0.532 ## 0.0 ## 0.0588 ## -4.517 ## 0.0556 ## 0.585 ## 208467
6amzJ3wmEDf7e5tHAndZmn ## [TWENTY88] ## D√©j√† vu ## 01/04/2016 ## 0.16399999999999998 ## 0.568 ## 0.0 ## 0.0888 ## -8.994 ## 0.2 ## 0.617 ## 251907
0UgOoittThKoeePLufhLTs ## [Lil Wayne] ## Two Shots ## 01/01/2011 ## 0.00484 ## 0.419 ## 7.03E-6 ## 0.13 ## -8.56 ## 0.197 ## 0.615 ## 165013
7jgcbgPg5kYurA0vgB82Ku ## [Conjunto Atardecer] ## Olv√≠dala ## 06/04/2010 ## 0.14 ## 0.518 ## 1.36E-5 ## 0.133 ## -3.782 ## 0.0404 ## 0.759 ## 200613
15uNSasjPqm2sMxyxXetpz ## [Bernard Wright] ## Who Do You Love ## 01/01/2011 ## 0.18600000000000005 ## 0.71 ## 1.12E-4 ## 0.0614 ## -12.625 ## 0.0499 ## 0.682 ## 256440
4IMnHiK4j5yY0XWC9XmOcz ## [Banda La Jaripera Vol.1] ## El Toro Mambo ## 20/06/2012 ## 0.201 ## 0.621 ## 0.151 ## 0.14400000000000002 ## -4.989 ## 0.0437 ## 0.602 ## 216320
3qjtWuQbKnLt1nd6N1lD0Q ## [Baby Lullaby Academy] ## Calm Music for Baby with Relaxing Sounds of Ocean Waves ## 14/05/2015 ## 0.976 ## 0.394 ## 0.955 ## 0.0821 ## -21.753 ## 0.0561 ## 0.038 ## 108539
5W5MRU12dpuOnd5WmWzian ## [Noel Gallaghers High Flying Birds] ## In The Heat Of The Moment ## 02/03/2015 ## 1.09E-5 ## 0.547 ## 1.25E-4 ## 0.409 ## -4.339 ## 0.0282 ## 0.8270000000000001 ## 209480
5uUtqceCsKoQ2J7DDGNbIE ## [DLG] ## Juliana ## 26/06/2007 ## 0.328 ## 0.7070000000000001 ## 0.0119 ## 0.0867 ## -3.628 ## 0.0422 ## 0.958 ## 297307
4LgIcna8LRrR3DOomihYMY ## [WALK THE MOON] ## Shiver Shiver ## 19/06/2012 ## 0.00282 ## 0.629 ## 1.41E-6 ## 0.128 ## -6.2920000000000025 ## 0.0326 ## 0.721 ## 232733
5aWBAE4ooTfG4WZ5cfnaHv ## [Lady A] ## All We'd Ever Need ## 01/01/2008 ## 0.21 ## 0.561 ## 0.0 ## 0.129 ## -5.745 ## 0.0257 ## 0.467 ## 280869
0qu9P0DcFcgAycRsbWupnZ ## [John Anderson] ## Would You Catch a Falling Star ## 08/02/2005 ## 0.259 ## 0.726 ## 3.09E-4 ## 0.0704 ## -14.864 ## 0.033 ## 0.33 ## 176840
4KqsLRDsHTHCMhH5ktgc6K ## [People In The Box] ## Ë??Ë??„??„?° ## 06/08/2014 ## 8.67E-4 ## 0.539 ## 0.455 ## 0.133 ## -6.525 ## 0.0288 ## 0.762 ## 235307
2jbYDQRvqcwW9zpQ9vopXZ ## [Snoop Dogg, Nate Dogg] ## Crazy ## 01/01/2006 ## 0.285 ## 0.73 ## 5.9E-6 ## 0.366 ## -3.909 ## 0.258 ## 0.65 ## 266613
2fJxwz0aHPhSGiYt05UJsb ## [Flyleaf] ## Arise ## 01/01/2009 ## 0.005379999999999999 ## 0.449 ## 0.0 ## 0.308 ## -5.1 ## 0.0555 ## 0.892 ## 258400
7102UhVPxGoYGNE2w3duPh ## [Afrojack, Martin Garrix] ## Turn up the Speakers - Radio Edit ## 08/09/2014 ## 0.0989 ## 0.6940000000000001 ## 0.946 ## 0.473 ## -5.245 ## 0.0456 ## 0.9 ## 183750
0havnPncOkI1Mmf1Glr9tj ## [Lindsey Stirling] ## Beyond the Veil ## 29/04/2014 ## 0.003820000000000001 ## 0.38 ## 0.0795 ## 0.0485 ## -3.947 ## 0.0452 ## 0.904 ## 255075
6Oi3mUl8WwfTVRqEwByZ7R ## [John Mayer] ## If I Ever Get Around To Living ## 18/05/2012 ## 0.532 ## 0.5589999999999999 ## 0.129 ## 0.257 ## -12.738 ## 0.0284 ## 0.468 ## 321720
44906V2WC6k59u06A8CO9D ## [Ellie Goulding] ## Lights - Single Version ## 01/01/2013 ## 0.0323 ## 0.68 ## 0.0459 ## 0.123 ## -5.805 ## 0.0347 ## 0.799 ## 210634
3AfgyS4E4y7ViGQxYhodOv ## [Trio West] ## Joy To The World ## 01/11/2009 ## 0.93 ## 0.523 ## 0.94 ## 0.077 ## -16.067999999999998 ## 0.0362 ## 0.24 ## 185253
2qwn6whaZf7gax7SaqUZSC ## [Future] ## Incredible ## 27/07/2017 ## 0.0634 ## 0.79 ## 0.0 ## 0.1 ## -6.4620000000000015 ## 0.133 ## 0.438 ## 248050
4g9p5kWDHAR3Vg2YRQwQDv ## [Queen Latifah] ## I Know Where I've Been ## 10/07/2007 ## 0.629 ## 0.28600000000000003 ## 0.0 ## 0.16399999999999998 ## -7.335 ## 0.0332 ## 0.493 ## 253227
5ED4G6aSQkmNTSu4a39AoS ## [Nicholas Hooper] ## The Room of Requirements ## 07/07/2007 ## 0.8140000000000001 ## 0.34600000000000003 ## 0.426 ## 0.0812 ## -20.917 ## 0.0376 ## 0.132 ## 367973
6ctlpLPyLH3R1V16fxoOWE ## [Hozier] ## Talk ## 01/03/2019 ## 0.179 ## 0.397 ## 0.14800000000000002 ## 0.113 ## -6.502999999999999 ## 0.0339 ## 0.5379999999999999 ## 206547
1PotmRJ9g0y6zLVbJMKeV2 ## [Alter Bridge] ## Find The Real ## 10/08/2004 ## 2.12E-5 ## 0.345 ## 7.68E-6 ## 0.119 ## -2.986 ## 0.0939 ## 0.936 ## 283827
0hoRmVUp5cZ1empu0nSHU8 ## [Brandi Carlile] ## Every Time I Hear That Song ## 16/02/2018 ## 0.544 ## 0.5770000000000001 ## 3.29E-6 ## 0.103 ## -6.749 ## 0.0312 ## 0.53 ## 241147
5fl9iJbPf5ZPenmUJxH2k9 ## [Vulfpeck] ## Beastly ## 20/12/2011 ## 0.795 ## 0.6509999999999999 ## 0.821 ## 0.106 ## -12.195 ## 0.0472 ## 0.6709999999999999 ## 250650
3pJE14uAwHVRSKI80ZJixj ## [Everlast] ## Lonely Road ## 01/01/2004 ## 0.00262 ## 0.7170000000000001 ## 0.192 ## 0.31 ## -5.152 ## 0.0276 ## 0.568 ## 198213
5e4fdIt2gpnjs1DBEvxvQy ## [El Komander] ## Descansa Mi Amor ## 14/02/2014 ## 0.5670000000000001 ## 0.438 ## 0.00735 ## 0.13 ## -7.713999999999999 ## 0.0318 ## 0.393 ## 185014
1apH42Wa9c0Iy2X7VZOZr9 ## [Josef J7 Lord, Christopher H. Knight] ## Who Do You Voodoo (From Dead Island) ## 13/09/2011 ## 0.273 ## 0.7509999999999999 ## 0.0 ## 0.0766 ## -7.444 ## 0.303 ## 0.805 ## 142581
37xmYCdS1pNz8TRFoaKvrR ## [Snoop Lion, Collie Buddz] ## Smoke the Weed (feat. Collie Buddz) ## 19/04/2013 ## 0.016 ## 0.645 ## 1.21E-5 ## 0.156 ## -4.03 ## 0.153 ## 0.821 ## 208960
1Ozj5XjZUAdnSedBxMgCwO ## [Iron & Wine] ## Resurrection Fern ## 25/09/2007 ## 0.306 ## 0.44 ## 0.0 ## 0.108 ## -10.014 ## 0.0288 ## 0.344 ## 289827
47fIyWY81h5QmLA1aUj7rv ## [Josh A, Mr T Lexify] ## No Chill (feat. Mr T Lexify) ## 28/12/2015 ## 0.048 ## 0.56 ## 0.946 ## 0.08800000000000001 ## -7.039 ## 0.0342 ## 0.695 ## 252682
77VXEopCatM9pqJl0beeCj ## [Chino & Nacho] ## Tu Angelito ## 01/01/2010 ## 0.382 ## 0.8340000000000001 ## 0.0 ## 0.203 ## -6.4979999999999976 ## 0.0415 ## 0.868 ## 237680
1t0P9nBKpnrh5MntGd3qw6 ## [Berner, T3R Elemento] ## El Chivo (feat. T3r Elemento) ## 05/05/2019 ## 0.215 ## 0.53 ## 0.0 ## 0.135 ## -6.017 ## 0.134 ## 0.828 ## 275401
6J3PYJ5mpscGmSFF6ANYDQ ## [John Mayer] ## Daughters ## 07/12/2004 ## 0.8490000000000001 ## 0.687 ## 4.05E-5 ## 0.0957 ## -7.762 ## 0.0272 ## 0.404 ## 237960
1P3JfNdQLDlQUFmo0r5QyK ## [Charlotte Martin] ## Wild Horses ## 28/06/2004 ## 0.958 ## 0.327 ## 1.71E-4 ## 0.256 ## -9.232 ## 0.0309 ## 0.237 ## 331373
3AAdbLZWOptsP8ViSj71RD ## [Grimes] ## Realiti ## 06/11/2015 ## 9.04E-4 ## 0.638 ## 0.0406 ## 0.115 ## -7.588999999999999 ## 0.029 ## 0.632 ## 306532
30VSTFBfcAQitHX3rJ6Xcq ## [Anarbor] ## What He Don't Know ## 04/06/2013 ## 5.52E-4 ## 0.591 ## 0.00115 ## 0.083 ## -4.166 ## 0.0614 ## 0.922 ## 200000
7a4zmOB89TE5AC3nAMwhMN ## [Stacey Kent, Matt Skelton, John Parricelli, Dave Chamberlain] ## What a Wonderful World ## 07/09/2007 ## 0.929 ## 0.564 ## 0.014 ## 0.105 ## -15.622 ## 0.0298 ## 0.177 ## 268177
7xqpOUezLTYW1zMNFqnBZs ## [YoungBoy Never Broke Again] ## Reaper's Child ## 11/09/2020 ## 0.394 ## 0.759 ## 0.0 ## 0.0976 ## -4.8610000000000015 ## 0.182 ## 0.701 ## 203226
6IaQbSPciJ5iOTD1JNd3DG ## [$uicideBoy$] ## Chariot Of Fire ## 11/09/2016 ## 0.423 ## 0.469 ## 0.00147 ## 0.128 ## -4.972 ## 0.187 ## 0.7170000000000001 ## 130978
04sgMexQGd2YBe6GWGosQR ## [Ludovico Einaudi] ## Ancora ## 01/01/2004 ## 0.943 ## 0.262 ## 0.909 ## 0.121 ## -22.277 ## 0.0606 ## 0.134 ## 729627
1xDeDsNoBNyBidVQKPnWXE ## [Menahan Street Band] ## Home Again ## 14/10/2008 ## 0.055 ## 0.5870000000000001 ## 0.924 ## 0.247 ## -8.097000000000001 ## 0.0317 ## 0.732 ## 202240
776osIWCk2yxjRlNaeblli ## [Los Cuates de Sinaloa] ## El Alamo ## 23/02/2010 ## 0.136 ## 0.804 ## 1.02E-6 ## 0.0588 ## -4.849 ## 0.0378 ## 0.765 ## 207880
5wswaHYtytE9CZFncBwWPF ## [The Zutons] ## Valerie ## 17/04/2006 ## 0.019 ## 0.342 ## 2.2E-5 ## 0.16399999999999998 ## -3.152 ## 0.0414 ## 0.873 ## 236267
3dD9yyYTQ73SZvyOygyKva ## [Whethan, Dua Lipa] ## High (& Dua Lipa) ## 09/02/2018 ## 0.0922 ## 0.708 ## 0.0 ## 0.0541 ## -5.5520000000000005 ## 0.21 ## 0.552 ## 196707
6vZDTZAipjbn4GwhKfJqac ## [Florida Georgia Line] ## Tell Me How You Like It ## 01/01/2013 ## 0.0251 ## 0.37 ## 7.45E-6 ## 0.16 ## -4.098 ## 0.0307 ## 0.8270000000000001 ## 225653
6PmsHVre2N9yOjDge00r9c ## [Golden Vessel, Emerson Leif] ## Hesitate ## 15/01/2018 ## 0.7390000000000001 ## 0.406 ## 0.0161 ## 0.108 ## -9.556 ## 0.045 ## 0.53 ## 251279
2zQyXaCpKG0yanNaCkjxNt ## [Ghost] ## Elizabeth ## 01/01/2010 ## 0.0549 ## 0.514 ## 1.17E-4 ## 0.236 ## -4.529 ## 0.0496 ## 0.921 ## 241107
4Xn2RsLiDUDisOgJ24FigK ## [Songs To Wear Pants To] ## Pink Fluffy Unicorns Dancing On Rainbows ## 22/02/2011 ## 0.29 ## 0.964 ## 0.0 ## 0.0911 ## -10.215 ## 0.0598 ## 0.5539999999999999 ## 93559
3Xgyj1WWHHrE8YBB6sGYP5 ## [Lecrae, Tedashii] ## Go Hard ## 30/09/2008 ## 0.336 ## 0.887 ## 0.0 ## 0.132 ## -6.4910000000000005 ## 0.239 ## 0.595 ## 297600
1sBYBkxkGUJ9ifckB6N8HH ## [Mariah Carey, Twista] ## One And Only ## 01/01/2005 ## 0.135 ## 0.782 ## 0.0 ## 0.0661 ## -6.216 ## 0.0373 ## 0.682 ## 194707
6MVdz8I7oYm86MRzZiOZa8 ## [Meek Mill, Kirko Bangz] ## Young & Gettin' It (feat. Kirko Bangz) ## 26/10/2012 ## 0.244 ## 0.624 ## 0.0 ## 0.131 ## -5.43 ## 0.121 ## 0.752 ## 205973
7pzVqCZdYKM7oEPwaiQchB ## [Billy Idol] ## Eyes Without A Face - Remastered ## 01/01/2008 ## 0.006659999999999999 ## 0.342 ## 0.13 ## 0.157 ## -8.0 ## 0.0517 ## 0.723 ## 298280
4cJMTTVlG4zefUr4mNITuQ ## [Machine Gun Kelly] ## lonely ## 29/09/2020 ## 0.015 ## 0.455 ## 4.74E-5 ## 0.111 ## -6.62 ## 0.0749 ## 0.728 ## 190143
6Uz6e17DB98Dwcged65Eob ## [Girl Talk] ## Hands In The Air ## 23/09/2008 ## 0.0155 ## 0.826 ## 0.0132 ## 0.313 ## -8.502 ## 0.0416 ## 0.782 ## 260288
4ISJGDIMTOdl1ykRfALjUz ## [Turnpike Troubadours] ## Morgan Street ## 08/05/2012 ## 0.0155 ## 0.659 ## 4.1500000000000017E-4 ## 0.213 ## -7.1670000000000025 ## 0.0247 ## 0.621 ## 223360
6wDVNn4STCopwfQ9lFO2iR ## [Breaking Benjamin, Valora] ## Blow Me Away - Featuring Valora ## 01/01/2011 ## 3.2500000000000004E-5 ## 0.535 ## 0.0193 ## 0.0787 ## -3.829 ## 0.0545 ## 0.93 ## 189320
1rdxUkcQLJRQwocz7mWyo7 ## [MARINA] ## Valley of the Dolls ## 30/04/2012 ## 3.14E-4 ## 0.552 ## 0.0 ## 0.113 ## -6.1610000000000005 ## 0.0269 ## 0.669 ## 253787
701DK0It9f7iurRnzKvF0y ## [John Mayer] ## Helpless ## 14/04/2017 ## 0.151 ## 0.7609999999999999 ## 0.00259 ## 0.0314 ## -5.837999999999999 ## 0.0268 ## 0.598 ## 249120
0VLzsKvDxmQB5FfeKHDOJQ ## [Three 6 Mafia, Project Pat] ## Roll With It (feat. Project Pat) - Explicit Album Version ## 20/06/2006 ## 0.113 ## 0.8079999999999999 ## 0.0 ## 0.0815 ## -4.76 ## 0.0535 ## 0.741 ## 182467
5vnpANH92iEajvGwE2oQ6r ## [Camila Cabello, Swae Lee] ## Real Friends ## 16/08/2018 ## 0.235 ## 0.701 ## 5.07E-6 ## 0.135 ## -6.869 ## 0.0969 ## 0.512 ## 223583
21AUdfi6fLFDp9JuNcHsfS ## [Louie Zong] ## Hello, World ## 02/04/2018 ## 0.974 ## 0.637 ## 0.14800000000000002 ## 0.359 ## -16.608 ## 0.0319 ## 0.16399999999999998 ## 115375
0TzeZppPwhEhySYaNRulr9 ## [Chelsea Cutler, Jeremy Zucker] ## please ## 03/05/2019 ## 0.887 ## 0.718 ## 0.0216 ## 0.131 ## -15.82 ## 0.0344 ## 0.166 ## 219067
3vIVCdRx0jaxegLrtuGYvH ## [Newton Faulkner] ## Dream Catch Me ## 30/07/2007 ## 0.195 ## 0.629 ## 0.0 ## 0.108 ## -5.693 ## 0.0277 ## 0.722 ## 236253
3sz2fvkHUhBip8r9i8HqeV ## [G-Eazy, Carnage, 24hrs] ## Down For Me (feat. 24hrs) ## 11/04/2017 ## 0.0454 ## 0.545 ## 0.0 ## 0.16399999999999998 ## -7.85 ## 0.298 ## 0.601 ## 203613
0xn8QOO3sfW15WayAovzpH ## [Shinedown] ## Second Chance - Acoustic [Bonus Track] ## 24/06/2008 ## 0.375 ## 0.376 ## 0.0 ## 0.246 ## -5.2170000000000005 ## 0.0357 ## 0.649 ## 220693
12THKOtoP7zBymSkeKpPUm ## [A Day To Remember] ## Violence (Enough Is Enough) ## 08/10/2013 ## 4.820000000000001E-5 ## 0.17600000000000002 ## 2.8E-4 ## 0.0996 ## -3.4360000000000004 ## 0.162 ## 0.993 ## 241652
2M2LSar3DJWLQHcp1MZETj ## [BTS] ## Outro: Propose ## 12/02/2014 ## 0.467 ## 0.398 ## 0.0 ## 0.205 ## -2.489 ## 0.159 ## 0.847 ## 122514
0lmu66pkaVAVScncgWvGt5 ## [Zac Brown Band] ## Uncaged ## 06/07/2012 ## 0.00732 ## 0.524 ## 0.00889 ## 0.147 ## -5.257999999999999 ## 0.0513 ## 0.889 ## 209213
1B0kLftVGJsZqJZGdHbAWZ ## [Zach Williams] ## Survivor ## 15/09/2017 ## 0.0183 ## 0.528 ## 0.0 ## 0.0839 ## -5.2860000000000005 ## 0.0359 ## 0.805 ## 232333
5gKfjl3XR7Oqf07gkjwLQk ## [Glee Cast] ## Seasons Of Love (Glee Cast Version) ## 15/10/2013 ## 0.618 ## 0.605 ## 1.92E-6 ## 0.122 ## -6.354 ## 0.0259 ## 0.507 ## 184480
7J3rDUSA4vDHaqHPblboTU ## [Johnny Ventura] ## Patac√≥n Pisao ## 06/08/2004 ## 0.516 ## 0.767 ## 0.002 ## 0.11 ## -3.664 ## 0.115 ## 0.964 ## 275187
189UFAteI7KCMqB2lNL9vf ## [Twista, T-Pain] ## Creep Fast (feat. T-Pain) ## 17/09/2007 ## 0.128 ## 0.67 ## 0.0 ## 0.461 ## -3.886 ## 0.325 ## 0.843 ## 211880
7COq4g77Lk81xC5vZwfnIs ## [Gaullin] ## Moonlight ## 05/02/2019 ## 0.0648 ## 0.8109999999999999 ## 0.015 ## 0.263 ## -5.739 ## 0.099 ## 0.721 ## 173216
7sG2bWi2eDtvX9vX8yC1Gn ## [The Chainsmokers, Charlee] ## Inside Out ## 01/04/2016 ## 0.0030800000000000003 ## 0.545 ## 7.98E-6 ## 0.122 ## -5.853 ## 0.0315 ## 0.65 ## 233773
3nB5TJEl7taRMwlaoHiOry ## [Spoken] ## Through It All ## 12/02/2013 ## 1.89E-4 ## 0.511 ## 0.0 ## 0.0899 ## -5.2120000000000015 ## 0.0412 ## 0.884 ## 216600
6hRrzZJ90DNQdEF1Wu2Mrf ## [H.E.R.] ## As I Am ## 30/08/2019 ## 0.0818 ## 0.444 ## 1.36E-6 ## 0.225 ## -8.187999999999999 ## 0.247 ## 0.5670000000000001 ## 240120
3pnaiuAfeBJkcwYaEXkGGx ## [Emily Rubye] ## Next ## 13/06/2013 ## 0.905 ## 0.401 ## 0.823 ## 0.134 ## -13.653 ## 0.0355 ## 0.0963 ## 134916
5YHR8wBR5jXfGtP766NiAT ## [Jason Derulo] ## If It Ain't Love ## 01/04/2016 ## 0.0487 ## 0.503 ## 0.0 ## 0.344 ## -4.9910000000000005 ## 0.316 ## 0.843 ## 203105
2p5ieZMPXzUSec8yaiGTvY ## [Peter Bjorn and John] ## Second Chance ## 29/03/2011 ## 0.0204 ## 0.5870000000000001 ## 0.00296 ## 0.097 ## -1.5419999999999998 ## 0.0885 ## 0.965 ## 252853
20p0zLM8245xqgmMotPGA9 ## [Akon, Styles P] ## Locked Up - Remix ## 01/01/2006 ## 0.063 ## 0.8009999999999999 ## 0.0 ## 0.407 ## -6.249 ## 0.258 ## 0.62 ## 247880
3V3iy4K6paycRmTyrjQVwi ## [Mary Lambert] ## Secrets ## 14/10/2014 ## 0.026 ## 0.789 ## 1.35E-4 ## 0.215 ## -5.9 ## 0.041 ## 0.555 ## 223405
3oV4PrdUzjadLAkjcf4xwh ## [Donna Taggart] ## Jealous of the Angels ## 09/12/2013 ## 0.953 ## 0.589 ## 0.0 ## 0.107 ## -8.413 ## 0.0384 ## 0.129 ## 249733
5dcfP0DYH5SDeizgbHZop6 ## [Emil√≠ana Torrini] ## Sunny Road ## 01/01/2005 ## 0.919 ## 0.611 ## 0.00266 ## 0.125 ## -15.944 ## 0.039 ## 0.14800000000000002 ## 184533
1mRTSIs40qa2L7omBzQd1u ## [Bonobo, Bajka] ## Days To Come ## 02/10/2006 ## 0.32 ## 0.601 ## 0.375 ## 0.0732 ## -8.353 ## 0.0441 ## 0.5579999999999999 ## 229520
6TJopB7B3ho7mr1Qm5X7Hf ## [PLVTINUM] ## Drunk Enough to Say That I Love You ## 17/06/2016 ## 0.0615 ## 0.77 ## 2.15E-5 ## 0.073 ## -6.315 ## 0.0456 ## 0.7509999999999999 ## 222261
70MLCfNoBdpSFjlvVTQE7c ## [Cute Is What We Aim For] ## Practice Makes Perfect ## 20/06/2008 ## 4.4E-4 ## 0.413 ## 0.0 ## 0.301 ## -5.795 ## 0.0596 ## 0.914 ## 224040
4hd8wgCh7ZQWRyXNLnwjTD ## [Ray Charles] ## Georgia on My Mind ## 13/10/2014 ## 0.752 ## 0.304 ## 0.0 ## 0.7559999999999999 ## -10.963 ## 0.0432 ## 0.289 ## 372627
7jqQyfQNhuULpYvMyfr8VY ## [Wiz Khalifa, Curren$y, Big K.R.I.T.] ## Glass House ## 14/04/2010 ## 0.103 ## 0.742 ## 0.0 ## 0.223 ## -4.541 ## 0.14800000000000002 ## 0.908 ## 196671
4B9v2AXBpnA5tBhGTaQG0G ## [Paul Cauthen] ## Cocaine Country Dancing ## 06/09/2019 ## 0.331 ## 0.7759999999999999 ## 0.4270000000000001 ## 0.0926 ## -8.726 ## 0.0684 ## 0.5820000000000001 ## 256281
3UIGE2FXaUUcYWA31Og0XO ## [Snakehips, Anna of the North] ## Summer Fade (feat. Anna of the North) ## 28/08/2019 ## 0.00378 ## 0.618 ## 0.0179 ## 0.223 ## -5.176 ## 0.0594 ## 0.657 ## 204711
0kIlh2nOwIxx4SgoDrRWDG ## [Dierks Bentley, Maren Morris] ## I'll Be The Moon ## 10/06/2016 ## 0.555 ## 0.551 ## 0.0 ## 0.105 ## -8.343 ## 0.07 ## 0.5489999999999999 ## 210600
2TXZTIEk67pURmzvQVu84I ## [Sara Bareilles] ## One Sweet Love ## 03/07/2007 ## 0.338 ## 0.402 ## 0.0 ## 0.114 ## -4.95 ## 0.0467 ## 0.812 ## 260853
4vL2P2XmNAdVRPPCobm4OX ## [Rascal Flatts] ## Words I Couldn't Say ## 01/01/2006 ## 0.161 ## 0.445 ## 0.0 ## 0.166 ## -4.341 ## 0.0323 ## 0.748 ## 275507
0CShrfhwT7jnU255KHoTLf ## [Jay Chou] ## Â§?Â©? ## 03/08/2004 ## 0.632 ## 0.55 ## 0.00312 ## 0.116 ## -7.943 ## 0.0333 ## 0.711 ## 240520
1YkozbENeETx2a45JWrr8E ## [Rise Against] ## Audience Of One ## 01/01/2008 ## 2.51E-4 ## 0.392 ## 2.07E-5 ## 0.253 ## -3.845 ## 0.0431 ## 0.93 ## 245480
5h66wqaGklsSa8eSxTwcJT ## [A Boogie Wit da Hoodie] ## 4 Min Convo (Favorite Song) ## 21/12/2018 ## 0.359 ## 0.705 ## 0.0 ## 0.16899999999999998 ## -5.654 ## 0.212 ## 0.65 ## 257274
2A1cj9MUHz2ClwOY4hSPmT ## [Killswitch Engage] ## Still Beats Your Name ## 21/01/2006 ## 1.01E-4 ## 0.3 ## 0.039 ## 0.118 ## -2.226 ## 0.0689 ## 0.97 ## 199693
0c5qAIcNy3jNIxmZXllp4V ## [King Von] ## Ride ## 30/10/2020 ## 0.0239 ## 0.596 ## 0.0 ## 0.125 ## -7.309 ## 0.191 ## 0.594 ## 142360
6edGb5NpmBfxkJAW5p6VdO ## [Kristin Chenoweth] ## Fathers and Daughters ## 09/09/2011 ## 0.851 ## 0.448 ## 8.92E-6 ## 0.112 ## -9.065 ## 0.0287 ## 0.23 ## 193640
3uq1JSqEFzVzcmFJc6SXDS ## [Trivium] ## A Gunshot to the Head of Trepidation ## 07/03/2005 ## 2.68E-5 ## 0.254 ## 3.91E-4 ## 0.209 ## -3.472 ## 0.0497 ## 0.952 ## 355320
1zugfOhn6BebboqGcpUlba ## [Glee Cast] ## We Are Young (Glee Cast Version) ## 15/05/2012 ## 0.0504 ## 0.378 ## 0.0 ## 0.199 ## -6.086 ## 0.0498 ## 0.555 ## 249773
0OhaQ9ifHD1euMHcKhsX80 ## [Capone] ## Streets Favorite ## 12/07/2005 ## 0.145 ## 0.6990000000000001 ## 0.0 ## 0.303 ## -5.367000000000001 ## 0.219 ## 0.655 ## 166947
4mgdl5v71oF18Tp4bM8bKX ## [Willie Nelson, Lee Ann Womack] ## Mendocino County Line ## 01/01/2004 ## 0.0917 ## 0.529 ## 2.26E-6 ## 0.215 ## -7.166 ## 0.0285 ## 0.643 ## 272160
7kbMPJRI4fQaXygxcGsv1R ## [I Prevail] ## Deceivers ## 16/12/2014 ## 0.00317 ## 0.223 ## 2.39E-4 ## 0.275 ## -5.671 ## 0.193 ## 0.958 ## 273547
0fNLObXT9pvc3VED0oAevd ## [Ruel] ## Free Time ## 13/09/2019 ## 0.101 ## 0.637 ## 0.0 ## 0.103 ## -5.783 ## 0.03 ## 0.478 ## 218827
4EsbDJSLI8tWGQujd67oTc ## [Gigi] ## Uleleley - Radio Version ## 18/07/2012 ## 0.0298 ## 0.7440000000000001 ## 1.75E-4 ## 0.33 ## -8.374 ## 0.129 ## 0.7020000000000001 ## 198840
73SyPIx501G3211y3oTYns ## [moow, Lotte Kestner] ## Wake Up ## 27/01/2017 ## 0.882 ## 0.8220000000000001 ## 0.861 ## 0.084 ## -13.824000000000002 ## 0.0862 ## 0.107 ## 82800
5oPvncRTsxHZ3HETNMGo2e ## [Marilyn Manson] ## Running To The Edge Of The World ## 01/01/2009 ## 0.011 ## 0.513 ## 0.00521 ## 0.214 ## -6.309 ## 0.0289 ## 0.581 ## 385747
79bCYp9aWLSsgiBCKzkqxw ## [Pepper] ## Nice Time ## 03/10/2006 ## 0.00904 ## 0.69 ## 2.19E-4 ## 0.0968 ## -5.439 ## 0.0284 ## 0.7929999999999999 ## 170333
0QZkqy0yPdZ4KR8mroQ8CN ## [The Roots, Joanna Newsom, STS] ## Right On ## 22/06/2010 ## 0.0136 ## 0.8170000000000001 ## 0.0437 ## 0.456 ## -3.119 ## 0.151 ## 0.769 ## 216027
3ZKRAzNAsiJrBGUM2BX9av ## [Lana Del Rey] ## 13 Beaches ## 21/07/2017 ## 0.539 ## 0.333 ## 0.0772 ## 0.163 ## -9.132 ## 0.0364 ## 0.389 ## 295569
4SfAYd9hmXBG1IrtoCbvhp ## [Banda MS de Sergio Liz√°rraga] ## Por Que Al Conocerte ## 05/02/2016 ## 0.36 ## 0.7340000000000001 ## 0.0 ## 0.0481 ## -5.614 ## 0.0504 ## 0.442 ## 147733
1nPjPnOhuKXhhjHA5LSaqL ## [Foster The People] ## Ruby ## 01/01/2011 ## 0.14800000000000002 ## 0.733 ## 4.78E-6 ## 0.0524 ## -8.651 ## 0.0255 ## 0.42 ## 309533
3G8sSzGtgqluJN4m3oiHI5 ## [The Front Bottoms] ## Rhode Island ## 06/09/2011 ## 0.00192 ## 0.556 ## 1.69E-6 ## 0.197 ## -5.7429999999999986 ## 0.0311 ## 0.8140000000000001 ## 205320
5ssxYFSLJF3g74Td4nJh1U ## [The Ghost of Paul Revere] ## This Is the End ## 14/01/2014 ## 0.405 ## 0.563 ## 0.0 ## 0.0581 ## -7.0 ## 0.0294 ## 0.4320000000000001 ## 170653
4CNzuSQoL5jgCxzYmuMvcz ## [Summer Walker, 6LACK] ## Like It (with 6LACK) ## 04/10/2019 ## 0.201 ## 0.7070000000000001 ## 0.0 ## 0.121 ## -3.841 ## 0.213 ## 0.608 ## 171840
5IC15BbbaRv6FmseUG0mTu ## [Trivium] ## Throes of Perdition ## 24/09/2008 ## 2.9100000000000013E-5 ## 0.5429999999999999 ## 5.56E-5 ## 0.187 ## -3.1710000000000003 ## 0.098 ## 0.982 ## 354133
5O3gBVBCe64CeYAQ3b34vC ## [Buckcherry] ## Sorry ## 29/09/2009 ## 0.00359 ## 0.522 ## 0.0 ## 0.7559999999999999 ## -3.352 ## 0.0343 ## 0.8170000000000001 ## 244067
1npEvrkd5GA8djI76r68Ay ## [Pyotr Ilyich Tchaikovsky, Sir Simon Rattle, Berliner Philharmoniker] ## The Nutcracker - Ballet, Op.71, Act I: No. 7 - The Battle ## 11/10/2010 ## 0.96 ## 0.392 ## 0.925 ## 0.218 ## -18.984 ## 0.0666 ## 0.386 ## 206968
0QEebnjzgRsHR0lO6gHsn0 ## [Maze & Frankie Beverly] ## Before I Let Go ## 01/01/2008 ## 0.108 ## 0.8029999999999999 ## 1.97E-5 ## 0.275 ## -6.434 ## 0.0365 ## 0.511 ## 307267
442FV16HuyEMgy7auT88hB ## [Jay Wheeler] ## Te So√±√© ## 12/07/2019 ## 0.8079999999999999 ## 0.742 ## 3.23E-6 ## 0.6609999999999999 ## -8.151 ## 0.0443 ## 0.294 ## 216661
3fl78noR9kt12JYKuTAP4a ## [James Blunt] ## Wisemen ## 08/08/2005 ## 0.253 ## 0.633 ## 4.79E-5 ## 0.165 ## -5.9689999999999985 ## 0.0267 ## 0.701 ## 221773
4rki6Tca7N0DwsUh8tQcXn ## [Akwid] ## No Hay Manera ## 17/11/2009 ## 0.256 ## 0.947 ## 0.0 ## 0.0502 ## -2.513 ## 0.138 ## 0.679 ## 244787
6YnPqvc66bdYGGOJIlDEz1 ## [Toby Fox] ## Battle Against A True Hero ## 15/09/2015 ## 0.00364 ## 0.456 ## 0.934 ## 0.149 ## -10.112 ## 0.0394 ## 0.955 ## 156800
7Akb3VlDx7qNLyO7Yl900D ## [The Commission, JAY-Z, The Notorious B.I.G.] ## Whatchu Want (feat. Jay-Z & The Notorious B.I.G.) ## 09/12/2005 ## 0.0577 ## 0.59 ## 0.0 ## 0.0571 ## -7.103 ## 0.378 ## 0.705 ## 234387
5nSXjtRmTY22UHwf2qZOCX ## [Daniel Johnston] ## Story Of An Artist ## 18/04/2006 ## 0.986 ## 0.408 ## 0.231 ## 0.332 ## -10.771 ## 0.0416 ## 0.316 ## 311547
3VMs4jilRRwx7FLzR2reqz ## [Arijit Singh, Shreya Ghoshal] ## Shudhu Tomari Jonyo Theme ## 16/11/2020 ## 0.34 ## 0.457 ## 0.0 ## 0.0509 ## -5.223 ## 0.0337 ## 0.595 ## 208968
0OSAJEA0ekX6pr2nuiPzX7 ## [iio, Nadia Ali] ## Rapture (feat.Nadia Ali) ## 27/06/2006 ## 0.0722 ## 0.6609999999999999 ## 0.0185 ## 0.199 ## -8.402999999999999 ## 0.0377 ## 0.855 ## 253587
0xttiPFupzuj0a9viBV4eV ## [Eric Church] ## Holdin' My Own ## 11/11/2015 ## 0.259 ## 0.932 ## 7.66E-4 ## 0.115 ## -11.937 ## 0.0606 ## 0.35200000000000004 ## 235600
3fKXS93P7YOS4xEUnWzkUz ## [AC/DC] ## No Man's Land ## 13/11/2020 ## 4.59E-4 ## 0.49 ## 0.00934 ## 0.202 ## -4.488 ## 0.03 ## 0.905 ## 219640
0gw8j8Ued360yFtibjD86b ## [Brand New] ## Untitled ## 01/01/2006 ## 0.6509999999999999 ## 0.446 ## 0.121 ## 0.0842 ## -16.461 ## 0.0289 ## 0.361 ## 124107
0kBFfb1T2aCkhSJUIo56Mz ## [Los Tigres Del Norte, Zack De La Rocha] ## Somos M√°s Americanos ## 01/01/2011 ## 0.222 ## 0.557 ## 0.0 ## 0.7070000000000001 ## -6.642 ## 0.0405 ## 0.628 ## 250080
03IxJiB8ZOH9hEQZF5mCNY ## [Jauz] ## Feel The Volume ## 11/11/2014 ## 0.153 ## 0.725 ## 0.0328 ## 0.113 ## -4.912 ## 0.0676 ## 0.918 ## 230400
3aJslQrqwbWI3EP2vN766e ## [Chris Stapleton] ## Nobody's Lonely Tonight ## 01/12/2017 ## 0.8109999999999999 ## 0.5529999999999999 ## 0.00475 ## 0.112 ## -16.464000000000002 ## 0.0309 ## 0.0791 ## 206520
0wLqXnCLseMice1Hwq6yLz ## [Juan Mag√°n, Belinda, Lapiz Conciente] ## Si No Te Quisiera ## 22/07/2013 ## 0.181 ## 0.7070000000000001 ## 0.0 ## 0.0669 ## -2.727 ## 0.0706 ## 0.8690000000000001 ## 185480
0g4qRoQ3Bh6puFzBA7fH3S ## [Rudimental, Ella Eyre] ## Waiting All Night (feat. Ella Eyre) ## 29/04/2013 ## 0.00264 ## 0.544 ## 0.00959 ## 0.4270000000000001 ## -5.358 ## 0.05 ## 0.728 ## 292587
2guw2DgZBLrLNeHRbsMNCt ## [Volbeat] ## 7 Shots ## 01/01/2010 ## 4.120000000000001E-5 ## 0.289 ## 2.84E-4 ## 0.119 ## -3.802 ## 0.0914 ## 0.929 ## 283933
42dtq3bqOCzD0L2kITk4Dp ## [ppcocaine] ## DDLG ## 26/06/2020 ## 0.267 ## 0.906 ## 4.120000000000001E-5 ## 0.301 ## -10.922 ## 0.252 ## 0.388 ## 155004
1uTEsW6n80njACdk9HA8oA ## [Lin-Manuel Miranda, Olga Merediz] ## Hundreds of Stories ## 03/06/2008 ## 0.6679999999999999 ## 0.607 ## 0.0 ## 0.0741 ## -9.557 ## 0.0928 ## 0.407 ## 220547
5qFeMRz4TvetPmzjre9Dq7 ## [J Balvin, Zion & Lennox] ## No Es Justo ## 25/05/2018 ## 0.161 ## 0.684 ## 3.63E-4 ## 0.0871 ## -4.494 ## 0.0714 ## 0.8109999999999999 ## 250840
3r2TFFPynN97CgmzXKal5X ## [Clairo] ## Closer To You ## 02/08/2019 ## 0.16399999999999998 ## 0.76 ## 4.730000000000001E-4 ## 0.107 ## -9.397 ## 0.0426 ## 0.376 ## 184293
56XDI7P6Er1dD5SqUxWbuQ ## [Slightly Stoopid] ## Up on a Plane ## 01/01/2005 ## 0.145 ## 0.772 ## 0.545 ## 0.0859 ## -6.136 ## 0.138 ## 0.701 ## 180720
6tsmYOwZtMfL3DdoG1itMa ## [Dardan Leistra] ## Maak me niet wakker ## 20/12/2019 ## 0.965 ## 0.134 ## 0.93 ## 0.115 ## -24.742 ## 0.0531 ## 0.0789 ## 207250
4pumXxpvHcd4xcSfGn1GL9 ## [McClain Sisters] ## The Great Divide (from "Secret of the Wings") ## 01/01/2012 ## 0.0123 ## 0.6940000000000001 ## 0.0 ## 0.0622 ## -4.091 ## 0.0942 ## 0.758 ## 179360
46NVdDmeMseP3CRW75f2RS ## [8-Bit Arcade] ## Super Mario Kart (Title Theme) ## 30/09/2013 ## 0.762 ## 0.7120000000000001 ## 0.8759999999999999 ## 0.126 ## -9.18 ## 0.047 ## 0.818 ## 115177
0xZ2RmwcaiP0tvAll1Ndh5 ## [Bring Me The Horizon] ## What You Need ## 11/09/2015 ## 1.3699999999999998E-5 ## 0.511 ## 0.00201 ## 0.135 ## -4.243 ## 0.0754 ## 0.952 ## 252400
4mBpC5e5UFUu1cV4hX6j8a ## [Sugarland] ## Everyday America ## 01/01/2006 ## 0.337 ## 0.638 ## 4.06E-6 ## 0.0725 ## -2.574 ## 0.0465 ## 0.847 ## 232133
12GEv3kB19M52HvybQ6maU ## [Electric Guest] ## Waves ## 01/01/2012 ## 0.0255 ## 0.768 ## 6.15E-5 ## 0.0975 ## -4.649 ## 0.0367 ## 0.833 ## 186107
7mMtLgGAqsXB84sf57UMUw ## [William Shatner] ## Common People ## 01/01/2004 ## 0.0322 ## 0.297 ## 0.0 ## 0.0962 ## -3.791 ## 0.14800000000000002 ## 0.923 ## 280480
7vTspUAmMKFkUpKL9HLZNL ## [Lil Uzi Vert] ## Trap This Way (This Way) ## 13/03/2020 ## 0.248 ## 0.71 ## 0.0 ## 0.193 ## -5.331 ## 0.381 ## 0.586 ## 185439
4pYphWxLRSWDwvlmKoabTc ## [American Paratrooper] ## Blood on the Risers (Gory Gory What a Helluva Way to Die) ## 01/03/2013 ## 0.963 ## 0.6 ## 0.0 ## 0.5 ## -9.198 ## 0.0537 ## 0.297 ## 349987
5Yhr9lHjyM5SXBPU3Ynthu ## [Wade Bowen] ## Saturday Night ## 28/05/2012 ## 0.00556 ## 0.624 ## 0.0 ## 0.223 ## -6.101 ## 0.032 ## 0.86 ## 208440
7vo78dgK2nJ5TdtYEYV4yo ## [Kali Uchis] ## no eres tu(soy yo) ## 18/11/2020 ## 0.0181 ## 0.831 ## 0.00271 ## 0.0989 ## -7.987 ## 0.0792 ## 0.474 ## 121146
1W1Ac2SNPI2PTDW6b11KKC ## [R√?F√?S DU SOL] ## Like an Animal ## 22/01/2016 ## 0.0341 ## 0.71 ## 1.06E-4 ## 0.0897 ## -6.244 ## 0.0305 ## 0.748 ## 241580
2dJ2G0FtlOPh8SnG1Qc2V8 ## [Dean Evenson, Jonathan Kramer] ## Solar Chakra - Central Power ## 10/06/2008 ## 0.8740000000000001 ## 0.226 ## 0.93 ## 0.11 ## -23.435 ## 0.0341 ## 0.153 ## 508120
6CuFNqgHYbHenYaT4u3C5r ## [Gayngs] ## The Gaudy Side of Town ## 11/05/2010 ## 0.723 ## 0.688 ## 0.625 ## 0.0734 ## -9.015 ## 0.0445 ## 0.421 ## 427227
0zR64BPm8LJmo0WezJOuhl ## [Los Karkiks] ## El Pu√±etazo ## 16/01/2007 ## 0.192 ## 0.607 ## 0.0 ## 0.131 ## -6.113 ## 0.0483 ## 0.68 ## 241987
2DWf9b143xSKlm7ZWn4nVP ## [Mitski] ## Because Dreaming Costs Money, My Dear ## 01/08/2013 ## 0.975 ## 0.355 ## 0.00817 ## 0.138 ## -13.837 ## 0.0338 ## 0.16899999999999998 ## 185071
2qzl10bAolDzYE505AWfIV ## [Tommee Profitt, Jung Youth] ## Only One King ## 09/02/2018 ## 0.0599 ## 0.6829999999999999 ## 2.63E-6 ## 0.365 ## -4.666 ## 0.131 ## 0.933 ## 210104
