(R) Dave Stallworth
(R) Barry Yates
(R) Joe Caldwell
(R) Damir Markota
(R) John Warren
(R) Markieff Morris
[0] ## Bob Verga ## 185 ## 86 ## 0 ## Duke University ## Neptune ## New Jersey ##
[1] ## Slick Watts ## 185 ## 79 ## 0 ## Xavier University of Louisiana ## Rolling Ford ## Mississippi ##
[2] ## Leo Kubiak ## 180 ## 72 ## 0 ## Bowling Green State University ## nao informado ## nao informado ##
[3] ## Robert Hawkins ## 193 ## 86 ## 0 ## Illinois State University ## Detroit ## Michigan ##
[4] ## Ken Mayfield ## 188 ## 83 ## 0 ## Tuskegee University ## Chicago ## Illinois ##
[5] ## Tom McMillen ## 211 ## 97 ## 0 ## University of Maryland ## Elmira ## New York ##
[6] ## John Shumate ## 206 ## 106 ## 0 ## University of Notre Dame ## Greenville ## South Carolina ##
[7] ## Byron Beck ## 206 ## 102 ## 0 ## University of Denver ## Ellensburg ## Washington ##
[8] ## Randy Denton ## 208 ## 108 ## 0 ## Duke University ## Raleigh ## North Carolina ##
[9] ## Gus Gerard ## 203 ## 90 ## 0 ## University of Virginia ## Uniontown ## Pennsylvania ##
[10] ## Goo Kennedy ## 196 ## 92 ## 0 ## Texas Christian University ## Charlotte ## North Carolina ##
[11] ## Andre McCarter ## 190 ## 86 ## 0 ## University of California - Los Angeles ## Philadelphia ## Pennsylvania ##
[12] ## Brian Taylor ## 188 ## 83 ## 0 ## Princeton University ## Perth Amboy ## New Jersey ##
[13] ## Cedric Maxwell ## 203 ## 92 ## 0 ## University of North Carolina at Charlotte ## Kinston ## North Carolina ##
[14] ## Vern Mikkelsen* ## 201 ## 104 ## 0 ## Hamline University ## Fresno ## California ##
[15] ## Al Miksis ## 201 ## 95 ## 0 ## Western Illinois University ## nao informado ## nao informado ##
[16] ## Geoff Huston ## 188 ## 79 ## 0 ## Texas Tech University ## Brooklyn ## New York ##
[17] ## Earl Cureton ## 206 ## 95 ## 0 ## University of Detroit Mercy ## Detroit ## Michigan ##
[18] ## Ray Blume ## 193 ## 83 ## 0 ## Oregon State University ## Valdosta ## Georgia ##
[19] ## Clay Johnson ## 208 ## 108 ## 0 ## Florida Agricultural and Mechanical University ## Monticello ## Florida ##
[20] ## Kurt Nimphius ## 208 ## 98 ## 0 ## Arizona State University ## Milwaukee ## Wisconsin ##
[21] ## Jim Smith ## 206 ## 102 ## 0 ## Ohio State University ## Cleveland ## Ohio ##
[22] ## Darnell Valentine ## 185 ## 83 ## 0 ## University of Kansas ## Chicago ## Illinois ##
[23] ## Danny Vranes ## 201 ## 95 ## 0 ## University of Utah ## Salt Lake City ## Utah ##
[24] ## Bruce Flowers ## 203 ## 102 ## 0 ## University of Notre Dame ## Rochester ## New York ##
[25] ## David Thirdkill ## 201 ## 88 ## 0 ## Bradley University ## St. Louis ## Missouri ##
[26] ## Thurl Bailey ## 211 ## 97 ## 0 ## North Carolina State University ## Washington ## District of Columbia ##
[27] ## Vern Fleming ## 196 ## 83 ## 0 ## University of Georgia ## New York ## New York ##
[28] ## Don Ray ## 196 ## 86 ## 0 ## Western Kentucky University ## Mt. Juliet ## Tennessee ##
[29] ## Gary Plummer ## 206 ## 97 ## 0 ## Boston University ## Highland Park ## Michigan ##
[30] ## Arnie Risen* ## 206 ## 90 ## 0 ## Ohio State University ## Williamstown ## Kentucky ##
[31] ## Ron Crevier ## 213 ## 106 ## 0 ## Boston College ## Montreal ## Canada ##
[32] ## Jerome Henderson ## 211 ## 104 ## 0 ## University of New Mexico ## Los Angeles ## California ##
[33] ## Charles Oakley ## 203 ## 102 ## 0 ## Virginia Union University ## Cleveland ## Ohio ##
[34] ## Joe Binion ## 203 ## 106 ## 0 ## North Carolina Agricultural and Technical State University ## Rochester ## New York ##
[35] ## Johnny Dawkins ## 188 ## 74 ## 0 ## Duke University ## Washington ## District of Columbia ##
[36] ## Ron Rowan ## 196 ## 90 ## 0 ## St. John's University ## New Brighton ## Pennsylvania ##
[37] ## Billy Donovan ## 180 ## 77 ## 0 ## Providence College ## Rockville Centre ## New York ##
[38] ## Armen Gilliam ## 206 ## 104 ## 0 ## University of Nevada - Las Vegas ## Pittsburgh ## Pennsylvania ##
[39] ## Bart Kofoed ## 193 ## 95 ## 0 ## University of Nebraska at Kearney ## Omaha ## Nebraska ##
[40] ## Michael Anderson ## 180 ## 83 ## 0 ## Drexel University ## Philadelphia ## Pennsylvania ##
[41] ## Jay Taylor ## 190 ## 86 ## 0 ## Eastern Illinois University ## Aurora ## Illinois ##
[42] ## Milos Babic ## 213 ## 108 ## 0 ## Tennessee Technological University ## Kraljevo ## Serbia ##
[43] ## Jud Buechler ## 198 ## 99 ## 0 ## University of Arizona ## San Diego ## California ##
[44] ## Tate George ## 196 ## 86 ## 0 ## University of Connecticut ## Newark ## New Jersey ##
[45] ## Tony Massenburg ## 206 ## 99 ## 0 ## University of Maryland ## Sussex ## Virginia ##
[46] ## Alan Ogg ## 218 ## 108 ## 0 ## University of Alabama at Birmingham ## Lancaster ## Ohio ##
[47] ## Jayson Williams ## 206 ## 108 ## 0 ## St. John's University ## Ritter ## South Carolina ##
[48] ## Mike Iuzzolino ## 178 ## 79 ## 0 ## Saint Francis University ## Altoona ## Pennsylvania ##
[49] ## Billy Owens ## 203 ## 99 ## 0 ## Syracuse University ## Carlisle ## Pennsylvania ##
[50] ## Walter Bond ## 196 ## 90 ## 0 ## University of Minnesota ## Chicago ## Illinois ##
[51] ## Hubert Davis ## 196 ## 83 ## 0 ## University of North Carolina ## Winston-Salem ## North Carolina ##
[52] ## Barry Stevens ## 196 ## 88 ## 0 ## Iowa State University ## Flint ## Michigan ##
[53] ## Sam Cassell ## 190 ## 83 ## 0 ## Florida State University ## Baltimore ## Maryland ##
[54] ## Mike Peplowski ## 208 ## 122 ## 0 ## Michigan State University ## Detroit ## Michigan ##
[55] ## Darrell Armstrong ## 183 ## 77 ## 0 ## Fayetteville State University ## Gastonia ## North Carolina ##
[56] ## Aaron McKie ## 196 ## 94 ## 0 ## Temple University ## Philadelphia ## Pennsylvania ##
[57] ## Khalid Reeves ## 190 ## 90 ## 0 ## University of Arizona ## Queens ## New York ##
[58] ## Brooks Thompson ## 193 ## 87 ## 0 ## Oklahoma State University ## Dallas ## Texas ##
[59] ## Bob Sura ## 196 ## 90 ## 0 ## Florida State University ## Wilkes-Barre ## Pennsylvania ##
[60] ## Gaylon Nickerson ## 190 ## 86 ## 0 ## Northwestern Oklahoma State University ## Osecola ## Arkansas ##
[61] ## Rick Brunson ## 193 ## 86 ## 0 ## Temple University ## Syracuse ## New York ##
[62] ## Dontae' Jones ## 203 ## 99 ## 0 ## Mississippi State University ## Nashville ## Tennessee ##
[63] ## Nate DeLong ## 198 ## 99 ## 0 ## University of Wisconsin-River Falls ## nao informado ## nao informado ##
[64] ## Al Cervi* ## 180 ## 77 ## 0 ## nao informado ## Buffalo ## New York ##
[65] ## Ruben Patterson ## 196 ## 101 ## 0 ## University of Cincinnati ## Cleveland ## Ohio ##
[66] ## Jason Williams ## 206 ## 108 ## 0 ## St. John's University ## Ritter ## South Carolina ##
[67] ## Erick Barkley ## 185 ## 80 ## 0 ## St. John's University ## Queens ## New York ##
[68] ## Chris Mihm ## 213 ## 120 ## 0 ## University of Texas at Austin ## Milwaukee ## Wisconsin ##
[69] ## Ray Ragelis ## 193 ## 92 ## 0 ## Northwestern University ## nao informado ## nao informado ##
[70] ## Don Savage ## 190 ## 92 ## 0 ## LeMoyne College ## nao informado ## nao informado ##
[71] ## Richard Jefferson ## 201 ## 105 ## 0 ## University of Arizona ## Los Angeles ## California ##
[72] ## Jim Slaughter ## 211 ## 95 ## 0 ## University of South Carolina ## nao informado ## nao informado ##
[73] ## Casey Jacobsen ## 198 ## 97 ## 0 ## Stanford University ## Glendora ## California ##
[74] ## Blaine Denning ## 188 ## 79 ## 0 ## Lawrence Technological University ## nao informado ## nao informado ##
[75] ## Omar Cook ## 185 ## 86 ## 0 ## St. John's University ## Brooklyn ## New York ##
[76] ## Josh Howard ## 201 ## 95 ## 0 ## Wake Forest University ## Winston-Salem ## North Carolina ##
[77] ## Jared Reiner ## 211 ## 115 ## 0 ## University of Iowa ## Tripp ## South Dakota ##
[78] ## Delonte West ## 193 ## 81 ## 0 ## Saint Joseph's University ## Washington ## District of Columbia ##
[79] ## Damien Wilkins ## 208 ## 99 ## 0 ## Idaho State University ## Pocatello ## Idaho ##
[80] ## Boniface N'Dong ## 213 ## 89 ## 0 ## nao informado ## Dakar ## Senegal ##
[81] ## Alex Scales ## 193 ## 83 ## 0 ## University of Oregon ## Racine ## Wisconsin ##
[82] ## Jordan Farmar ## 188 ## 81 ## 0 ## University of California - Los Angeles ## Los Angeles ## California ##
[83] ## Ivan McFarlin ## 203 ## 108 ## 0 ## Oklahoma State University ## Missouri City ## Texas ##
[84] ## Vassilis Spanoulis ## 193 ## 88 ## 0 ## nao informado ## Larissa ## Greece ##
[85] ## Marco Belinelli ## 196 ## 95 ## 0 ## nao informado ## Bologna ## Italy ##
[86] ## C.J. Watson ## 211 ## 117 ## 0 ## nao informado ## nao informado ## nao informado ##
[87] ## Jerryd Bayless ## 190 ## 90 ## 0 ## University of Arizona ## Phoenix ## Arizona ##
[88] ## Trey Johnson ## 196 ## 98 ## 0 ## Jackson State University ## Jackson ## Mississippi ##
[89] ## Anthony Tolliver ## 203 ## 108 ## 0 ## Creighton University ## Springfield ## Missouri ##
[90] ## Danny Green ## 206 ## 100 ## 0 ## University of California - Los Angeles ## Lynwood ## California ##
[91] ## Hamady N'Diaye ## 213 ## 106 ## 0 ## Rutgers University ## Dakar ## Senegal ##
[92] ## Ben Uzoh ## 190 ## 92 ## 0 ## University of Tulsa ## Houston ## Texas ##
[93] ## Malcolm Lee ## 196 ## 90 ## 0 ## University of California - Los Angeles ## Riverside ## California ##
[94] ## Jon Leuer ## 208 ## 103 ## 0 ## University of Wisconsin ## Long Lake ## Minnesota ##
[95] ## Dillard Crocker ## 193 ## 92 ## 0 ## Western Michigan University ## Coffee County ## Tennessee ##
[96] ## Ryan Reid ## 203 ## 105 ## 0 ## Florida State University ## Lauderdale Lakes ## Florida ##
[97] ## Iman Shumpert ## 196 ## 99 ## 0 ## Georgia Institute of Technology ## Oak Park ## Illinois ##
[98] ## Brian Roberts ## 185 ## 78 ## 0 ## University of Dayton ## Toledo ## Ohio ##
[99] ## Bruno Caboclo ## 206 ## 98 ## 0 ## nao informado ## Osasco ## Brazil ##
[100] ## Andre Dawkins ## 196 ## 97 ## 0 ## Duke University ## Fairfax ## Virginia ##
[101] ## Tyler Ennis ## 190 ## 87 ## 0 ## Syracuse University ## Brampton ## Canada ##
[102] ## James Young ## 198 ## 97 ## 0 ## University of Kentucky ## Flint ## Michigan ##
[103] ## Jonathon Simmons ## 185 ## 83 ## 0 ## New York University ## Birmingham ## Alabama ##
[104] ## Al Ferrari ## 193 ## 86 ## 0 ## Michigan State University ## New York ## New York ##
[105] ## Gary Bergen ## 203 ## 95 ## 0 ## University of Utah ## Independence ## Missouri ##
[106] ## Ray Radziszewski ## 196 ## 95 ## 0 ## Saint Joseph's University ## nao informado ## nao informado ##
[107] ## Gary Alcorn ## 206 ## 102 ## 0 ## California State University - Fresno ## nao informado ## nao informado ##
[108] ## George Feigenbaum ## 185 ## 83 ## 0 ## University of Kentucky ## nao informado ## nao informado ##
[109] ## Jeff Slade ## 198 ## 99 ## 0 ## Kenyon College ## nao informado ## nao informado ##
[110] ## Jerry Harkness ## 188 ## 79 ## 0 ## Loyola University of Chicago ## New York ## New York ##
[111] ## Tom Thacker ## 188 ## 77 ## 0 ## University of Cincinnati ## Covington ## Kentucky ##
[112] ## Cotton Nash ## 196 ## 97 ## 0 ## University of Kentucky ## Jersey City ## New Jersey ##
[113] ## Bud Acton ## 198 ## 95 ## 0 ## Hillsdale College ## nao informado ## nao informado ##
[114] ## George Patterson ## 203 ## 104 ## 0 ## University of Toledo ## nao informado ## nao informado ##
[115] ## Bob Harrison ## 201 ## 88 ## 0 ## Oklahoma State University ## Linden ## Tennessee ##
[116] ## Bob Quick ## 196 ## 97 ## 0 ## Xavier University ## Thornton ## Mississippi ##
[117] ## Wes Unseld* ## 201 ## 111 ## 0 ## University of Louisville ## Louisville ## Kentucky ##
[118] ## Willie Williams ## 201 ## 90 ## 0 ## Florida State University ## nao informado ## nao informado ##
[119] ## Cliff Meely ## 203 ## 97 ## 0 ## University of Colorado ## Rosedale ## Mississippi ##
[120] ## Steve Patterson ## 206 ## 102 ## 0 ## University of California - Los Angeles ## Riverside ## California ##
[121] ## Charlie Yelverton ## 188 ## 86 ## 0 ## Fordham University ## nao informado ## nao informado ##
[122] ## John Brisker ## 196 ## 95 ## 0 ## University of Toledo ## Detroit ## Michigan ##
[123] ## Dwight Davis ## 203 ## 99 ## 0 ## University of Houston ## Houston ## Texas ##
[124] ## Justus Thigpen ## 185 ## 72 ## 0 ## Weber State University ## nao informado ## nao informado ##
[125] ## Doug Collins ## 198 ## 81 ## 0 ## Illinois State University ## Christopher ## Illinois ##
[126] ## Herb White ## 188 ## 88 ## 0 ## University of Georgia ## nao informado ## nao informado ##
[127] ## Chuck Terry ## 198 ## 97 ## 0 ## California State University - Long Beach ## Long Beach ## California ##
[128] ## Daniel Orton ## 208 ## 115 ## 0 ## University of Kentucky ## Oklahoma City ## Oklahoma ##
[129] ## Kenny Sears ## 206 ## 89 ## 0 ## Santa Clara University ## Watsonville ## California ##
[130] ## Damien Wilkins ## 208 ## 99 ## 0 ## Idaho State University ## Pocatello ## Idaho ##
[131] ## Rod Freeman ## 201 ## 102 ## 0 ## Vanderbilt University ## nao informado ## nao informado ##
[132] ## Peyton Siva ## 183 ## 83 ## 0 ## University of Louisville ## Seattle ## Washington ##
[133] ## Bobby Smith ## 193 ## 86 ## 0 ## West Virginia University ## nao informado ## nao informado ##
[134] ## James White ## 206 ## 131 ## 0 ## Georgetown University ## St. Louis ## Missouri ##
[135] ## Anthony Bennett ## 203 ## 111 ## 0 ## University of Nevada - Las Vegas ## Toronto ## Canada ##
[136] ## Leon Smith ## 208 ## 106 ## 0 ## nao informado ## Chicago ## Illinois ##
[137] ## David Noel ## 198 ## 104 ## 0 ## University of North Carolina ## Durham ## North Carolina ##
[138] ## Terrence Ross ## 201 ## 93 ## 0 ## University of Washington ## Portland ## Oregon ##
[139] ## Steve Hamilton ## 198 ## 86 ## 0 ## Morehead State University ## Columbia ## Kentucky ##
[140] ## Rajon Rondo ## 185 ## 84 ## 0 ## University of Kentucky ## Louisville ## Kentucky ##
[141] ## Norm Van ## 196 ## 86 ## 0 ## nao informado ## nao informado ## nao informado ##
