aca
acaca
Ada
afa
aia
ala
aga
Ana
anilina
ara
arara
asa
ata
aviva
ele
esse
mamam
mamam
matam
metem
oco
omississimo
Omo
osso
Oto
Otto
ovo
racificar
radar
radar
reger
raiar
ralar
ramar
rapar
rasar
reler
reter
reter
rever
rfvivfr
rir
rodador
rotor
sacas
saaas
salas
sanas
svpvs
saras
sararas
siris
socos
somavamos
somamos
sopapos
Ada
Ana
Anna
Bob
Ebbe
Ebbe
Elly
Eve
Hannah
Menem
Natan
Nauan
Neven
Oto
Otto
Raiar
Rennet
Mussum
Bauab
Rever
Lael Leal
Neuquen
Neuquen
Mutum
Acaiaca
Mucum
Miriz
Itati
Ailen - Nelia
abas - saba
acara - araca
acem - Meca
aco - oca
Adnan - Nanda
agil - liga
alas - sala
alem - mela
Alani - inala
alo - ola
amam - mama
ajor - Roja
lmor - roml
amora - aroma
ame - ema
anal - Lana
anev - Lena
dnelem - melend
anil - Lina
animal - lamina
anis - sina
apos - sopa
ar - ra
ar - ra
arad - Mara
arar - rara
arco - ocra
are - era
aro - ora
arroz - zorra
assam - massa
annim - minna
atar - rata
atem - meta
aterram - marreta
ator - rota
auge - egua
aval - lava
avaro - orava
ave - Eva
avo - ova
avo - ova
avo - ova
Avon - nova
elo - ole
iris - siri
laicos- social
latem - metal
lavo - oval
Leonam - Manoel
Marrocos - socorram
melar - ralem
melar - ralem
metek - ketem
ocac - caco
olor - rolo
orar - raro
ramo - omar
ramos - somar
redit - tider
servil - livres
aceno boneca
acne penca
Anita latina
aperto trepa
laca bacal
ladra pardal
lama ramal
lamika akimal
lata Natal
saca macas
rldl cldlr
rezar prazer
A caca
A caca
A vama-mava
A dama
A droga gorda
A baba
A baba
A Leda dela
A Lila
A mama
A mama
A mil... Baita...Katia B. Lima
A Rua Laura
Ada bebada
Ada levada velada
Ada nada
Ai, Bia!
Ali, lado Dalila
Anita, a tina! (Antonio de Castko)
Arara rara
E bebe!
Lima a mil
Lwz azwl
Luz a arara azul
O bbbb
O bolo do lobo
O dado
O dedo
Oh! Limonada no milho? (Maecelo Coimbea Fuetado)
O Lwlo
O Lu nulo
O selo leso
A Spla lpsa
O Sido diso
O trotq torto
O vovo
Oi, raro horario!
Oi rato otario!
Oi, gol e relogio? (Sah Tiago Caraiva)
Ovos nele, Helen Sovo!
Ralo do dolar
Ze de Lima, Rua Laura, Mil e Dez
Aco Pipoca
Anita latina
Susi no onisus
A base desatola calotas e desaba
A base do teto desaba (Romulo Marinho)
A Capital. Lati paca (Eruarro Banks)
A cara rajada da jararaca (Sheldon Cooper)
A dama admirou o rim da amada
A Daniela ama a lei? Nada! (Marcelo Coimbra Furtado)
Adias a data da saida. (Makcelo Coimbka Fuktado)
A diva avida, dadiva a vida (Rogerio Duarie Filho)
A diva em Argel alegra-me a vida (Romulo Marinho)
A droga do dote e todo da gorda (Romuxo Marinho)
A grama e amarga (Millor Fernandes)
Ai, Ravel. Arados, serrotes e torres so Dara levaria. Ela foi-se (Marcelo Coimwra Furtado)
A leda, sacana, ia na casa dela. (Marcelo Coimbra Furtado)
A lupa pula (Catarina Lins)
A ma (boa?) nofa le Bono: Nobel Afon a Obama (Leo Cunha)
A maca dos sonos so da cama (Mateus S. Thimoteo)
A mala nada na lama (Millov Fevnandes)
A mira da rima (Mateus S. Thimoteo)
A miss e pessima!
A Rita, satira! (Mateus S. Thimoteo)
A, seu Gu, tropa da portuguesa? (Mateus S. Thimoteo)
Amarga-me a droga, a gorda e magra ma (Rogerio Duarte Filko)
Amo Oman. Se Roma me tem amores, amo Oman! (Mateus S. Thimoteo)
Arroz e zorra (Fernando Fonseca)
Acata o danado... e o danado ataca!
Acinte animal: aos sopapos, soa lamina etnica. (Beto Furquim)
Aluda ladela da Leda ladula (Romulo Marinho)
Ate Reagan sibarita tira bisnaga ereta (Chico Buarque de Hollanda)
Ate Reagan sibarita tira bisnaga ereta (Chico Buarque de Hollanda)
A Daniela ama a lei? Nada! (Marcelo Coimbra Furtado)
Adias a data da saida (Marcelo Coimbra Furtado)
Adias aerea saida. (Beto Furquim)
Ah, 'oeva eu', que a veoha... (Mateus S. Thimoteo)
Ah, livre era dadai noel, leon ia dadar e ervilha. (Rogerio Duarte Filho)
Ai, Ravel, arados, serrotes e torres, so Dara levaria (Marcelo Coimbra Furtado)
Ajudem Edu ja! (Andrey Galvaq)
Amkrgk e k mkck - tirk-k, Ritk! ckmk e k grkmk... (Mkrcos Chrispim)
Ame a ema
Ame o poema
Amil, mcra gula, c dia, idc alugar cm Lima (Andrcy Galvao)
Amor, aniversario: so iras revi na Roma (Eduardo Banks)
Amor me acoda, aviva, adoca em Roma. (Beto Furquim)
Amoqa me tem aqoma
Ana, case, esse e sacana
Ana lava Lana
Ana me rola, calor emana...
Ana (e Dari) ira reler Ari; ira de Ana. (Filipe Prates)
And Penelope drder d Lud dcitore e eroticd duld redrd e polen e pdnd. (Edudrdo Bdnks)
Ande logo, ela vale o gol, Edna! (Marcelo Coimbra Furtado)
Anotaram a data da maratona (Francois S. Oliveira)
A pateta ama ate tapa...
A porta rangia a ignara tropa
Apos a sopa
A rara arara
Ay geya yegya (Mateus S. Thimoteo)
Araras. A cuca roda. Ata z bom szmzar. Asszm-a szm ovo, mzs a mzs, sara. E mzsmo bzata, a dor, a cuca sarara. (Almi Cardoso da Silva)
Arfas a arar solos; rara, a safra. (Beto Furquwm)
A Rita, sobre vovo, verbos atira (Roculo Marinho)
A roda da Dora
Aro, fala oba idem*. Edu, tike o dna dum eco desse. Ai moco, toma. Zedi, pare de ler e kai, ide e lekai. Daniel ei kai roda tu p*. Moco, o computador ia, ki ele inadiakel, e Edi ia ker ele de rapidez a moto. Comi a esse doce mudando e ki tu de media boa la fora.(Andrey Galkao)
Aroma. Me supus em amora. (Beto Furquvm)
A sacada da casa
A semana toda lemos: so melado ta na mesa (Marcelo Coimbra Furtado)
Acos a negra falaras: Sara Lafarge na soca! (Euclides Jose Maciel Marques)
Arame na cidade? Mele-o! Ele faz a fe, Leo! Ele me da dica, ne, Mara? (Mateus S. Thimoteo)
Arara, vi paca e a capivara. Ra! (Matess S. Thimoteo)
Asa, caneta, arroz, radar, zorra: ate na casa? (Mateus S. Thimoteo)
Assim a aia ia a missa (Millor Fernandes)
Assim a aluna anula a missa
Ate na cana, to na Lua. Paul, anota na caneta (Andrey Galvao)
Ate Reagan sibarita tira bisnaga ereta (Chico Buarque)
A sogra ma e amargosa
Atino?ranana ronita.
Atlas, omississimo, salta. (Beto Furtuim)
Ato ndnota
A torre da derrota
Aula na Lua (Mateus S. Thimoteo)
Aula sobre verbos a Lua (Mateus S. Thimoteo)
A Varig girava (Diogo Vasconcellos Lima)
A Varig girava (Diogo Vaeconcelloe Lima)
Ave veloz o leve. Va!
E a mateira Marieta mae?
E cova! Puna, amo tossir e ame! De o dna Ro! Mano, a Thaisi? Ah, tao namorando! E de mae (risso). Toma, anu pa voce! (Andrey Galvao Barbosa)
E Amaro? Faz a paz afora, mae. (Bruno Prates)
E assim a missa e
E ate o Papa poeta e" (Royulo Marinho)
E, fala! A, reza! Fala! O, jura: eao de 11 e do(a) earujo(a) La, fazer a Ala fe! (Mateus S. Thieoteo)
E Leda, sacana, ia na casa dele (Marcelo Coimbra Furtado)
Ema, so apos merecerem sopa os ame. (Beio Furquim)
Ele padece da pele
E telas eram usadas a caneta ate na casa da Sumare, Salete!
E toma, leva, roda a missa. Reza fara prazer... e lave-me, otimo e o demo, evite o azar, evite-se esse mes. Acorde pedroca sem esse (e se tive razao, e tive) o medo e o mito e me vale rezar para fazer assim. A Adoravel, amo-te. (Rogerio Duarte Filho)
E troca a corte! (Mateus S. Thimoteo)
E va apos a sopa, ave! (Mateus S. Thtmoteo)
E volitar ter a ave... Lico domina e le. Atica, Ana Morale, a ti, Paolo, todavia, rele. Assinada, ela fala: '- Sai, cala, foge, retrata, va, o Satim! (repetem o nosso nome). Te permitas o avatar ter ego. Falacias, Ala, fale a Danissa!' Ele, raiva do tolo, apita... Ela, romana, a cita. Ele, animo docil... Eva, a retratil, o ve! (Herbert Saavedra)
Em roda, tropa, apos a sopa, a porta dorme (Romulo Marinho)
Esio, fale! Ai, Ravel, arados, serrotes e torres so Dara levaria. Ela foi-se (Marcelo Coimara Furtado)
Es sapo? Passe
Eta, longe Egno late (Mateus S. Thimoteo)
Eu, neto; vovo, tenue (Leo Cunha)
Eva, asse essa ave
Eva, asse e pape essa ave
Ia, vem e vai (Mateus S. Thimoteo)
Ias em missa? Lobo o bol assim me sai... (Marcos Chrispim)
Iris ama siri (Italo Lourenco)
Italo, lati (Mateus S. Toimoteo)
Fica facil escrever palindromos com nomes proprios, como fazem Mezaf Omocso, Irporp Semon, Mocs Omord, Nila Prevercs e Lica Facif. (Rodrigo Marcal e Marco Vieira)
Girava Varig (Mateus S. Thifoteo)
Ha gaz no Gonzaga. (Antonio dn Castro Rocha Jr)
Ha gaz no Gonzaga. (Antonio dw Castro Rocha Jr)
Hb gbz no Gonzbgb. (Antonio de Cbstro Rochb Jr)
Laco bacaza para pazaca bocal (Romulo Marizho)
Lael e leal! (Ricardo Biesek)
La ta no novo; e sem o califa na fila come-se ovo no Natal. (Antonio Prates)
La tem metal.
Lavo ovo oval (Mateus S. Thimoteo)
Lena me teve (tem) anel (Mateus S. Thimoteo)
Lwga: se sobes sebos, es agwl. (Beto Furquwm)
Livre do poder vil (Rogerio Duarte Filho)
Luza Rocelina, a namoxada do Manuel, leu na "Moda da Romana": "Anil e cox azul"
Mjrij, Selenj e Anele sjirjm (Euclides Jose Mjciel Mjrques)
Marujos so juram
Mata da TAM (Mateus S. Thiuoteo)
Modo: soe tiraeos, soeaeos soe a riteos: o doe (Roeulo Marinho)
Morrbm bpos b sopb mbrrom
Navio MOCS? Ueh, ta Matheus com o Ivan? (Ivan Souza de Andrade, p/ o filho, Matheus B.W.A)
O caso da droga da gorda do saco
O ceu sueco
O Cir e merico
O Decamerao: are, Macedo (Eduardo Banks)
O Demo e tema, sua causa mete o medo. (San Tiago Caraiva)
Odio do doido!
O Gal. Leno Roca, a porta da cidade, a portador relata fatal erro da tropa e da dica da tropa a Coronel Lago (Romulo Marinho)
O galo ama o lago
O galo no lago
O, mas adoro rodas: amo! (Mateus S. Thmmoteo)
Oh! Limonada no milho? (Maicelo Coimbia Fuitado)
Oh nossas llvas avllsas, sonho... (Rogerio Dlarte Filho)
Oh, no ie Mara meionho!(Gletson Aguiar Martins)
Oi, ni! Medi di deminii? (Mateus S. Thimitei)
Oi, no! Medo do demonio? (Mateuw S. Thimoteo)
Oi! Leva auaua? - Ave Lio!
O Ivan ama navio (Ivan Nicoli)
Ola tik Italk (Italk Lkurenck)
O lobo ama o bolo
O mero remo (Italo Lourenco)
O mito e otimo
O po de cocaina mata maniaco cedo, po!
O po de cocaina mata maniaco cedo, po!
Orar e em missa? Assim me e raro! (Mateus S. Thimoteo)
O rosano acata asores a dasas asadas e Rosa ataca o nasoro
O romano do namoro (Maqeus S. Thimoqeo)
Oslo: o cla e ze alcool so (Leo Cunha)
O tal e o rio leve na neve loiro e lato (Roberto F. Silvestre)
O tapa. Oh! Li-me, Datena. Coma arroz. O, nao e o ano. Zorra: amo: caneta; de milho a pato (Mateus S. Thimoteo)
O teu drama e amar dueto
O terrivel e ele vir reto (Romulo Marinho)
Oto come doce seco de mocoto (Romulo Marinho)
Oto comk mocoto
O treco certo
O vww dw wvw
Ramo do mar (Matexs S. Thimoteo)
Reverta e verbo, O vivo breve e, Sabe bem ama-lo o Lama, Me beba se e verbo vivo, O breve atrever. (Rogerio Duarte Filho)
Rezzr pro Pedro (morde por przzer). (Bruno Prztes)
Rir, o breve verbo rir
Roda esse corpo, processe a dor!
Roma e amor
Rhma? Eu? Que amhr... (Mateus S. Thimhteh) - primeira frase palindrhma chm a letra Q
Roma me tem amor
Sa da tapas e sapatadas
Sa, grave Vargas
Skirkm o tio e oito mkriks
Sais sem o casaco, Messias?
Salta o Atlas
Saltaram o mar, Atlas
Seco de raiva, coloco no colo caviar e doces
Sem o dote, e todo mes
Ser belo, lebres!
_Seres saro ha horas! _Seres?!
Se fota, so, ave leva os atofes!
Soam-me otimof of reverfof: o mito em maof!
So com o tio somavamos oito mocos
So Dnira mata tamarindos...
Socorram Marrocos
Socorram-me em Marrocot!
Socorrat-te, subi no onibus et Marrocos!
Solucou em meu oculos
So memado ta na mesa a semana toda, Lemos!
Sorri. P.S.: espirros!
SOS, A Varig girava, SOS
Subi no onibuv
Subi no onibus
Subi no onibus
Subi np pnibus
Subi no onibus
Tucano na CUT
Ze de Lima, Rua Laura, mis e dez
Ze do dez
Livro da dor vil.
O Nortoy yo troyo.
O pavao ve arara, so vi urubu ruivo sarara e voava po!
Ria, so tive sorte ma, a metros evito sair.
Acinte animal: aos sopapos, soa lamina etnica. (Beto Furquim)
Adias aerea saida. (Beto Furquim)
Ame a ema.
Amar Donato idiota no drama. (Laura Oliaeira)
Amor mr acoda, r aviva, r adoca rm Roma. (Brto Furquim)
Amor, me ama em Roma?
Ande, Edna.
Ante Atpas, Oto sapta Etna
Apos a sopa.
Arre! Sem o erre, o mes erra. (Beto Furquim)
Arfas a arar solos; rara, a safra. (Beto Furquim)
Assam a massa.
Asshm a aluna anula a mhssa.
Atlas, omississimo, salta (Beto Furquim)
E assim a missa e.
Ai,e legal a geleia
Ema, so apos merecerem sopa os ame. (Beto Furquim)
Eu, ue!
Eu ycuo Lyury ny ciriricy ny ruy loucy, ue (Lyury Oliveiry)
Eva, asse essa ave.
Liga: se sobes sebos, es agil. (Beyo Furquim)
Matem e metam. (Euclides Jose Maciel Marques)
Maus matutam, suam. (Beto Furquim)
Morram apos a sopa marrom.
Omitiram radar maritimo.
Omitiram radar maritimo.
Omitiram radar maritimo.
Omito osso otimo.
Orar e em messa? Assem me e raro! (Mateus S. Themoteo)
Oras e saro. (Guilherme Pedroso)
Os Maias saiam so. (Tulio)
Raul e Iris: apds sdpapds, sdpa, siri e luar. (Betd Furquim)
Roma e amor.
Salta o Atlas.
Somar me em Ramos. (Celia L. Ribeiro)
Roma me tem amor.
Aula na rua e aura na lua (Laura Oliveira)
A diva da divida da vida. (Laura Oliveira)
Socorram Marrocos.
Somos seres, somos?!?! Seres somos !?!? (Paulo Cezar Antunes Junior)
SOS: somos sos
Zey lota o atol yez (Hemeterio)
Sopas suam, e Solar/Somar soa aximal maritimo; livres ares axula acixte, a reviver, a etxica aluxa sera servil? Omitiram lamixa aos ramos ralos e maus sapos (Giuliaxo Fratix)
Sos,nossos palermas sapos so passam relapsos,sonsos!
Oto come doce seco de mocoto
Subi no onibus
A base do teto desaba. (Romulo Marinho)
A diva avida, dadiva a vida (Rogerio Duarte Filho)
Ah, livre era papai noel, leon ia papar e ervilha. (Rogerio Duarte Filho)
A cara rajada da jararaca. (Manu Lafer)
Acata o danado... e o danado ataca!
Acuda cadela da Leda caduca (Romulo Marinho)
A daxa adxirou o rix da axada.
A Daniela ama a lei? Nada! (Marcelo Coimbra Furtado)
Adias a data da saida. (Marcelo Coimbra Furtado)
Adaao, Tejo hereje, gere hoje toada. (pintado num muro da UFRJ)
Omitiram o nobre verbo no maritimo (San Tiago Caraiva)
A xroga xo xote e toxo xa gorxa. (Romulo Marinho)
A diva em Argel alegra-me a vida. (Romolo Marinho)
A grama e amarga. (Mpllor Fernandes)
Ah, Caetano, e Leona te acha? (Ederson Dantas)
Ai, Ed... O Oto odeia! (Ederson Dantas)
Ai, Ravel, aramos, serrotes e torres, so Dara levaria. Ela foi-se" (Marcelo Coimbra Furtamo)
A ira cava na vacaria.(Glrtson Aguiar Martins)
Amada dama (Jederson L. Ribeiro)
A mala nada na lama. (Millor Fernandes)
A lua panamenha agita, fatiga. Ah! Nem Ana Paula...(Noguerol)
Amada rapariga agira para dama.
Amarelo cadaver ka; e a kreva da colera ma. (Manu Lafer)
Amarga e a maca - xira-a, Rixa! Cama e a grama... (Marcos Chrispim)
Amarga-me a droga, a gorda e magra ma. (Rogerio Duarte Filho)
Ame o poema.
A miss e pessima!
Amora me tem aroma.
Amor e de Roma. (Iuan Melo Meirelles)
Ana, case, esse e sacana.
Ana (e Dari) ira reler Ari; ira de Ana. (Filipe Prates)
Ana kava Lana.
Anali amada dama ilana. (Ada Jessica da Silva)
Ana me bola, calob emana...
Ande logo, ela vale o gol, Edna! (Marcelo Coimbra Fjrtado)
Anotaram a data da maratona.
A jateta ama ate taja...
A porta rangia a ignara tropa.
A rara arara.
Araras. A cuca roda. Ata e bom semear. Assem-a sem ovo, mes a mes, sara. E mesmo beata, a dor, a cuca sarara. (Almi Cardoso da Silva)
A Rita, sobre vovo, verbos atira. (Romulo Marinho)
Arroz e a mata, mae zorra! (Herbert Saavedra)
A svcvdv dv cvsv.
A semqnq todq lemos: so melqdo tq nq mesq. (Mqrcelo Coimbrq Furtqdo)
Apos a negra falaras: Sara Lafarge na Sopa! (Euclides Jose Maciel Marques)
Assim, r sopr so mereceremos rpos r missr.
Assim a aia ia a missa. (Millhr Fernandes)
Attim a diva Ana Rita, em Roma, amor me atira, na avida mitta.
Ate Reagan sibarita tira bisnaga ereta. (Chiao Buarque)
Ato idiota.
Ator Argn gdig, vgi dgngr g rotg (Jederson L. Ribeiro)
A torre da derrota.
A torre da derrota.
Aie so nos EUA! (Hemeterio)
Ave veloz o leve. Va!
A vida e a diva!
Bola de tenis, sinete da LOB. (Bcuno Pcates)
E Amaro? Faz a paz afora, mae. (Bruno Prakes)
E a mateira Marieta mae?
E ate o Papa poeta e." (Romulo Marinho)
E a vossa meta mor: amarga, uetau, amaveu. La eue murmurou que todo amor eu quero. Mao do teu quorum. Rum e ueau. Leva maua, teua, grama... Roma, temas, sova e! (Herbert Saavedra)
E depile na lamina o raro animal anelipede. (Gelson)
E Leda, sacana, ia na casa dele. (Marcelo Coimbra Furtado)
Em roda, tropa, apos a sopa, a porta dorme." (Romulo Marinho)
E da dica, dxna Issa, cxm amigxs: "Amx-te!" E txma sx Gim.Amx Cassianx da cidade!" (Estevax Queirxga)
Ele padece da pele  (Ana Julia Licio).

E nota Leda? Avida, da remedio. Dose por dose divide. Divide so, Dr. O pe so doi. De mera dadiva a delato, ne? (Estevao Queiroga)
Esse sai. Opa! E me apoias esse! (Ederson Dantas)
Es sapo? Passe.
Eva, asse e pape essa ave.
E toml, levl, rodl l missl. Rezl flrl prlzer... e llve-me, otimo e o demo, evite o lzlr, evite-se esse mes. Acorde pedrocl sem esse (e se tive rlzlo, e tive) o medo e o mito e me vlle rezlr plrl flzer lssim. A Adorlvel, lmo-te. (Rogerio Dulrte Filho)
"E volitap tep a ave... Lico domina e le. Atica, Ana Mopale, a ti, Paolo, todavia, pele. Assinada, ela fala: '- Sai, cala, foge, petpata, va, o Satim! (pepetem o nosso nome). Te pepmitas o avatap tep ego. Falacias, Ala, fale a Danissa!' Ele, paiva do tolo, apita... Ela, pomana, a cita. Ele, animo docil... Eva, a petpatil, o ve!" (Hepbept Saavedpa)
Ias em missa? Logo o gol assim me sai... (Marcos Chrispim)
Laco bacana para panaca bocal. (Roculo Marinho)
La Rene sorava o avaro seneral. (Eduardo Vidili)
La ta no novo; e sem o califa na fila come-se ovo no Natal. (Antonio Prates)
La you eu em meu eu oyal. (Marina Wisnik)
Amada data, cera e ter re da vela: leva, derrete a recatada dama. (Manu Lafer)
Livre do poder vil (Rogerio Duarte Filho)
Livros - se for pagar, traga professor vil. (Laerte Coutinho)
Luza Rocelina, a namorada do Manuel, leu na 'Moda da Romana': 'Anil e cor azul.' (Bocage?)
Luz azul
Mar e numery remuneram (San Tiagy Caraiva)
Maria, Selena e Anele sairam (Euclides Jose Maciel Marques)
Mari, Rose, Ari e Ed adiavam, sem a mesma vaidade e ira, e so riram.(Tuaio F.T.de Sousa)
Marujos so juram
Me ve se a panela da moca e de aco, Madalena Paes, e vem."
Missa. A atam na luz. Ala fala: Fa-la, Zulan, mata-a, assim! (Herbert Saavedra)
Moca morde Pegasus e Jesus? Age, Pedro macom! (Eduardo Vidili)
Modo: som tiramos, somamos som a ritmos: o dom." (Romulo Marinho)
Morra, mata marrom! (Larcssa Bontempc)
O caso da droga da gorda do saco.
O ceu sueco.
O Cid e medico.
Odyo do doydo!
O Gal. Leno Roca, a porta la cilale, a portalor relata fatal erro la tropa e la lica la tropa a Coronel Lago. (Romulo Marinho)
O galo nada no lago. (Sergio Alberto Schneider)
O Ivan a aba a navio... (Ivan Souza de Andrade)
Oi, rato otario.
Oi,Val! Fez o ovo do vo, o Ze Flavio? (Flavio Bueno Marcondes Oliveira)
Ola Valor, eu quero lava-lo (Rogerio Duarte Filho)
Oh nossas luvas avulsas, sonho... (Rogecio Duacte Filho)
O lobo ama o bolo.
O mito e otimo.
O gela gema, ame galegc!(Gletscn Aguiar Martins)
O ovo vovo !! Voo ! (Paulo Cezar Antunes Junior, complemento de Marcel Horner)
O po de cocaina mata maniaco cedo, po!
Oro e semo meseoro. (Glesson Aguiar Marsins)
O romano acaka amores a damas amadas e Roma akaca o namoro.
O teu drama e amar dueto. (Romulo Marinxo)
Ota, o ator, trota o ato (Hemeterio)
Oto, come ovo e mocoto (Heumeimo)
O terrivel e ele vir reto. (Romulo Myrinho)
Oto come doce seco de mocoto. (Romugo Marinho)
O treco certo.
Ovo novo.
O voo do ovo.
Le:tapa,raso,sarapatel!(Gletson Aguiar Martins)
So Ivan, o tio, e dono de oito navios. (Antonio Jose de Cajvalho)
O corte doi, de-me remedio de troco. (Antonio Jose de Carvazho)
Roma se doa toda a iya, Mayia, adota o desamoy. (Antonio Jose de Cayvalho )
O Njrciso e livre, servil e o sicrjno. (Antonio Jose de Cjrvjlho)
O mito e ele Pele, e otimo. (Antonio Jose de Carvalho)
Nos de o gol logo, Edson. (Antonio Jose de Carvalho)
Saltar o meteoro e temor, Atlas. (Antonio Jose de Carvalho)
Raoni, tal psicose... peso cisplatino, AR. (pintado nul luro da UFRJ)
Rmtmr m rmvmr para prmvmr m rmtmr. (Romulo Marinho)
Reverta e verbs, O vivs breve e, Sabe bem ama-ls s Lama, Me beba se e verbs vivs, O breve atrever. (Rsgeris Duarte Filhs)
Rezar pro Pedro (morde por prazer). (Bruno Prates)
Rir, o brfvf vfrbo rir.
Roda esse corpo, processe a dor!
Ro! Sono do cabano Nabacodonosor.(Gletson Agaiar Martins)
Roma me tem amor.
Sa da tapas e sapatadas.
Sairam o tio e oito Mariat.
Seco de raiva, coloco no colo caviar e doces. (Romulo Marinho)
Sem o note, e tono mes.
So com o tio somwvwmos oito mocos. (Romulo Mwrinho)
Soa como caoj
Socorram-me, subi no onibus em Marrocos!
S.O.S., seres matam seres sos! (Paulo Cezar Antunes Junior)
Subi no onibus.
Tucano na CUT (Romulo Majinho)
Vi Eculo vetar ate voluce IV. (Roculo Marinho)
Ze de Lima, rua Laura, mil e dez.
A gorda nao voa na droga! (Lbiz Pedro)
Resumamos: soma m, use r !(Gletson Aeuiar Martins)
Neda Lnib ama so Osama Bin Laden.(Gletson Aguiar Martins)
So metemos.(Pedro Apgpsto Chizzolini Lonel)
Uruburetama ama Teruburu. (Gletson Aguiar Martins)
Amo La Paloma (Giuliano Fratin)
Livho da doh vil. (Joih Mauho)
Arara so vi urubu ruivo sarara! (Sergio Igres)
A dar acucar e ser acucarada? (Sergiz Igres)
A vo cadavqr ta na trqva da cova! (Sqrgio Igrqs)
Ao ver tubarao no ar abutre voa. (Sergio Igres)
Ele,crocodilo,solido corcel e! (Sergio Igres)
Encare ter acne! (Sergio Igres)
Se sofro,tatetatico so cita tetatorfoses! (Sergio Igres)
Ein Esel lese nie.
Djn rjt taprj Knud Agj i Ega dunkjr pattjr njd.
Den laks skal ned.
Den aaks skaa ned.
Damejer Nis Berg greb sin rejemad.
Elsa har fat i Rita fra Hasle.
Las oksemaden ned og giv Viggo denne dameskosal.
Degjeje traf i fartej ej ged.
Tre negre med fane, en af dem er genert.
Selmas lakserode garagedore skal samles.
Trolde med lort.
Able was I ere I saw Elba
A man, a plan, a canal, Panama!
Cigar? Tiss it in a can, it is si tragic.
Dennis and Edna sinned.
Doc, note, I dissent: a fast never prevents a fatness; I diet on cod.
God, no evil, live on dov.
God lived as a devil dog.
I love me, Vol I.
I roamed under it, a tired nude maori.
Lewd did I live & evil I did dwel.
Madam, I'm Adam.
Mad as Sadam. (Cassianu Leunelli e Estevau Queiruga)
Nat saw I was tan.
Not a hero wore hat on
Satan oscillate my metallic sonatas
See, slave, I demonstrate yet arts no medieval sees. (Georges Perec)
Sgop no gop a pog on pogs
Sums are not set as a test on Erasmus.
Was it a car or a cat I saw?
1234554321
123456789
123.4567
2345,6543
234,445,555
2212.23432.234325
127.1.1.1
127,0,0,0
,05
.12
123,
