(R) Tom McMillen
(R) James White
(R) Dave Stallworth
(R) Randy Denton
(R) Barry Yates
(R) Herb White
(R) Bob Verga
(R) Leo Kubiak
(R) Ken Mayfield
(R) Byron Beck
[0] ## Rajon Rondo ## 185 ## 84 ## 0 ## University of Kentucky ## Louisville ## Kentucky ##
[1] ## Steve Hamilton ## 198 ## 86 ## 0 ## Morehead State University ## Columbia ## Kentucky ##
[2] ## Terrence Ross ## 201 ## 93 ## 0 ## University of Washington ## Portland ## Oregon ##
[3] ## Joe Caldwell ## 196 ## 88 ## 0 ## Arizona State University ## Texas City ## Texas ##
[4] ## David Noel ## 198 ## 104 ## 0 ## University of North Carolina ## Durham ## North Carolina ##
[5] ## Bobby Smith ## 193 ## 86 ## 0 ## West Virginia University ## nao informado ## nao informado ##
[6] ## Peyton Siva ## 183 ## 83 ## 0 ## University of Louisville ## Seattle ## Washington ##
[7] ## Damien Wilkins ## 208 ## 99 ## 0 ## Idaho State University ## Pocatello ## Idaho ##
[8] ## Kenny Sears ## 206 ## 89 ## 0 ## Santa Clara University ## Watsonville ## California ##
[9] ## Daniel Orton ## 208 ## 115 ## 0 ## University of Kentucky ## Oklahoma City ## Oklahoma ##
[10] ## Slick Watts ## 185 ## 79 ## 0 ## Xavier University of Louisiana ## Rolling Ford ## Mississippi ##
[11] ## Robert Hawkins ## 193 ## 86 ## 0 ## Illinois State University ## Detroit ## Michigan ##
[12] ## John Shumate ## 206 ## 106 ## 0 ## University of Notre Dame ## Greenville ## South Carolina ##
[13] ## Anthony Bennett ## 203 ## 111 ## 0 ## University of Nevada - Las Vegas ## Toronto ## Canada ##
[14] ## Leon Smith ## 208 ## 106 ## 0 ## nao informado ## Chicago ## Illinois ##
[15] ## Markieff Morris ## 188 ## 88 ## 0 ## Northwestern University ## nao informado ## nao informado ##
[16] ## John Warren ## 190 ## 81 ## 0 ## St. John's University ## Sparta ## Georgia ##
[17] ## Norm Van ## 196 ## 86 ## 0 ## nao informado ## nao informado ## nao informado ##
[18] ## Damir Markota ## 208 ## 102 ## 0 ## nao informado ## Sarajevo ## Bosnia and Herzegovina ##
[19] ## Gus Gerard ## 203 ## 90 ## 0 ## University of Virginia ## Uniontown ## Pennsylvania ##
[20] ## Goo Kennedy ## 196 ## 92 ## 0 ## Texas Christian University ## Charlotte ## North Carolina ##
[21] ## Andre McCarter ## 190 ## 86 ## 0 ## University of California - Los Angeles ## Philadelphia ## Pennsylvania ##
[22] ## Brian Taylor ## 188 ## 83 ## 0 ## Princeton University ## Perth Amboy ## New Jersey ##
[23] ## Cedric Maxwell ## 203 ## 92 ## 0 ## University of North Carolina at Charlotte ## Kinston ## North Carolina ##
[24] ## Vern Mikkelsen* ## 201 ## 104 ## 0 ## Hamline University ## Fresno ## California ##
[25] ## Al Miksis ## 201 ## 95 ## 0 ## Western Illinois University ## nao informado ## nao informado ##
[26] ## Geoff Huston ## 188 ## 79 ## 0 ## Texas Tech University ## Brooklyn ## New York ##
[27] ## Earl Cureton ## 206 ## 95 ## 0 ## University of Detroit Mercy ## Detroit ## Michigan ##
[28] ## Ray Blume ## 193 ## 83 ## 0 ## Oregon State University ## Valdosta ## Georgia ##
[29] ## Clay Johnson ## 208 ## 108 ## 0 ## Florida Agricultural and Mechanical University ## Monticello ## Florida ##
[30] ## Kurt Nimphius ## 208 ## 98 ## 0 ## Arizona State University ## Milwaukee ## Wisconsin ##
[31] ## Jim Smith ## 206 ## 102 ## 0 ## Ohio State University ## Cleveland ## Ohio ##
[32] ## Darnell Valentine ## 185 ## 83 ## 0 ## University of Kansas ## Chicago ## Illinois ##
[33] ## Danny Vranes ## 201 ## 95 ## 0 ## University of Utah ## Salt Lake City ## Utah ##
[34] ## Bruce Flowers ## 203 ## 102 ## 0 ## University of Notre Dame ## Rochester ## New York ##
[35] ## David Thirdkill ## 201 ## 88 ## 0 ## Bradley University ## St. Louis ## Missouri ##
[36] ## Thurl Bailey ## 211 ## 97 ## 0 ## North Carolina State University ## Washington ## District of Columbia ##
[37] ## Vern Fleming ## 196 ## 83 ## 0 ## University of Georgia ## New York ## New York ##
[38] ## Don Ray ## 196 ## 86 ## 0 ## Western Kentucky University ## Mt. Juliet ## Tennessee ##
[39] ## Gary Plummer ## 206 ## 97 ## 0 ## Boston University ## Highland Park ## Michigan ##
[40] ## Arnie Risen* ## 206 ## 90 ## 0 ## Ohio State University ## Williamstown ## Kentucky ##
[41] ## Ron Crevier ## 213 ## 106 ## 0 ## Boston College ## Montreal ## Canada ##
[42] ## Jerome Henderson ## 211 ## 104 ## 0 ## University of New Mexico ## Los Angeles ## California ##
[43] ## Charles Oakley ## 203 ## 102 ## 0 ## Virginia Union University ## Cleveland ## Ohio ##
[44] ## Joe Binion ## 203 ## 106 ## 0 ## North Carolina Agricultural and Technical State University ## Rochester ## New York ##
[45] ## Johnny Dawkins ## 188 ## 74 ## 0 ## Duke University ## Washington ## District of Columbia ##
[46] ## Ron Rowan ## 196 ## 90 ## 0 ## St. John's University ## New Brighton ## Pennsylvania ##
[47] ## Billy Donovan ## 180 ## 77 ## 0 ## Providence College ## Rockville Centre ## New York ##
[48] ## Armen Gilliam ## 206 ## 104 ## 0 ## University of Nevada - Las Vegas ## Pittsburgh ## Pennsylvania ##
[49] ## Bart Kofoed ## 193 ## 95 ## 0 ## University of Nebraska at Kearney ## Omaha ## Nebraska ##
[50] ## Michael Anderson ## 180 ## 83 ## 0 ## Drexel University ## Philadelphia ## Pennsylvania ##
[51] ## Jay Taylor ## 190 ## 86 ## 0 ## Eastern Illinois University ## Aurora ## Illinois ##
[52] ## Milos Babic ## 213 ## 108 ## 0 ## Tennessee Technological University ## Kraljevo ## Serbia ##
[53] ## Jud Buechler ## 198 ## 99 ## 0 ## University of Arizona ## San Diego ## California ##
[54] ## Tate George ## 196 ## 86 ## 0 ## University of Connecticut ## Newark ## New Jersey ##
[55] ## Tony Massenburg ## 206 ## 99 ## 0 ## University of Maryland ## Sussex ## Virginia ##
[56] ## Alan Ogg ## 218 ## 108 ## 0 ## University of Alabama at Birmingham ## Lancaster ## Ohio ##
[57] ## Jayson Williams ## 206 ## 108 ## 0 ## St. John's University ## Ritter ## South Carolina ##
[58] ## Mike Iuzzolino ## 178 ## 79 ## 0 ## Saint Francis University ## Altoona ## Pennsylvania ##
[59] ## Billy Owens ## 203 ## 99 ## 0 ## Syracuse University ## Carlisle ## Pennsylvania ##
[60] ## Walter Bond ## 196 ## 90 ## 0 ## University of Minnesota ## Chicago ## Illinois ##
[61] ## Hubert Davis ## 196 ## 83 ## 0 ## University of North Carolina ## Winston-Salem ## North Carolina ##
[62] ## Barry Stevens ## 196 ## 88 ## 0 ## Iowa State University ## Flint ## Michigan ##
[63] ## Sam Cassell ## 190 ## 83 ## 0 ## Florida State University ## Baltimore ## Maryland ##
[64] ## Mike Peplowski ## 208 ## 122 ## 0 ## Michigan State University ## Detroit ## Michigan ##
[65] ## Darrell Armstrong ## 183 ## 77 ## 0 ## Fayetteville State University ## Gastonia ## North Carolina ##
[66] ## Aaron McKie ## 196 ## 94 ## 0 ## Temple University ## Philadelphia ## Pennsylvania ##
[67] ## Khalid Reeves ## 190 ## 90 ## 0 ## University of Arizona ## Queens ## New York ##
[68] ## Brooks Thompson ## 193 ## 87 ## 0 ## Oklahoma State University ## Dallas ## Texas ##
[69] ## Bob Sura ## 196 ## 90 ## 0 ## Florida State University ## Wilkes-Barre ## Pennsylvania ##
[70] ## Gaylon Nickerson ## 190 ## 86 ## 0 ## Northwestern Oklahoma State University ## Osecola ## Arkansas ##
[71] ## Rick Brunson ## 193 ## 86 ## 0 ## Temple University ## Syracuse ## New York ##
[72] ## Dontae' Jones ## 203 ## 99 ## 0 ## Mississippi State University ## Nashville ## Tennessee ##
[73] ## Nate DeLong ## 198 ## 99 ## 0 ## University of Wisconsin-River Falls ## nao informado ## nao informado ##
[74] ## Al Cervi* ## 180 ## 77 ## 0 ## nao informado ## Buffalo ## New York ##
[75] ## Ruben Patterson ## 196 ## 101 ## 0 ## University of Cincinnati ## Cleveland ## Ohio ##
[76] ## Jason Williams ## 206 ## 108 ## 0 ## St. John's University ## Ritter ## South Carolina ##
[77] ## Erick Barkley ## 185 ## 80 ## 0 ## St. John's University ## Queens ## New York ##
[78] ## Chris Mihm ## 213 ## 120 ## 0 ## University of Texas at Austin ## Milwaukee ## Wisconsin ##
[79] ## Ray Ragelis ## 193 ## 92 ## 0 ## Northwestern University ## nao informado ## nao informado ##
[80] ## Don Savage ## 190 ## 92 ## 0 ## LeMoyne College ## nao informado ## nao informado ##
[81] ## Richard Jefferson ## 201 ## 105 ## 0 ## University of Arizona ## Los Angeles ## California ##
[82] ## Jim Slaughter ## 211 ## 95 ## 0 ## University of South Carolina ## nao informado ## nao informado ##
[83] ## Casey Jacobsen ## 198 ## 97 ## 0 ## Stanford University ## Glendora ## California ##
[84] ## Blaine Denning ## 188 ## 79 ## 0 ## Lawrence Technological University ## nao informado ## nao informado ##
[85] ## Omar Cook ## 185 ## 86 ## 0 ## St. John's University ## Brooklyn ## New York ##
[86] ## Josh Howard ## 201 ## 95 ## 0 ## Wake Forest University ## Winston-Salem ## North Carolina ##
[87] ## Jared Reiner ## 211 ## 115 ## 0 ## University of Iowa ## Tripp ## South Dakota ##
[88] ## Delonte West ## 193 ## 81 ## 0 ## Saint Joseph's University ## Washington ## District of Columbia ##
[89] ## Damien Wilkins ## 208 ## 99 ## 0 ## Idaho State University ## Pocatello ## Idaho ##
[90] ## Boniface N'Dong ## 213 ## 89 ## 0 ## nao informado ## Dakar ## Senegal ##
[91] ## Alex Scales ## 193 ## 83 ## 0 ## University of Oregon ## Racine ## Wisconsin ##
[92] ## Jordan Farmar ## 188 ## 81 ## 0 ## University of California - Los Angeles ## Los Angeles ## California ##
[93] ## Ivan McFarlin ## 203 ## 108 ## 0 ## Oklahoma State University ## Missouri City ## Texas ##
[94] ## Vassilis Spanoulis ## 193 ## 88 ## 0 ## nao informado ## Larissa ## Greece ##
[95] ## Marco Belinelli ## 196 ## 95 ## 0 ## nao informado ## Bologna ## Italy ##
[96] ## C.J. Watson ## 211 ## 117 ## 0 ## nao informado ## nao informado ## nao informado ##
[97] ## Jerryd Bayless ## 190 ## 90 ## 0 ## University of Arizona ## Phoenix ## Arizona ##
[98] ## Trey Johnson ## 196 ## 98 ## 0 ## Jackson State University ## Jackson ## Mississippi ##
[99] ## Anthony Tolliver ## 203 ## 108 ## 0 ## Creighton University ## Springfield ## Missouri ##
[100] ## Danny Green ## 206 ## 100 ## 0 ## University of California - Los Angeles ## Lynwood ## California ##
[101] ## Hamady N'Diaye ## 213 ## 106 ## 0 ## Rutgers University ## Dakar ## Senegal ##
[102] ## Ben Uzoh ## 190 ## 92 ## 0 ## University of Tulsa ## Houston ## Texas ##
[103] ## Malcolm Lee ## 196 ## 90 ## 0 ## University of California - Los Angeles ## Riverside ## California ##
[104] ## Jon Leuer ## 208 ## 103 ## 0 ## University of Wisconsin ## Long Lake ## Minnesota ##
[105] ## Dillard Crocker ## 193 ## 92 ## 0 ## Western Michigan University ## Coffee County ## Tennessee ##
[106] ## Ryan Reid ## 203 ## 105 ## 0 ## Florida State University ## Lauderdale Lakes ## Florida ##
[107] ## Iman Shumpert ## 196 ## 99 ## 0 ## Georgia Institute of Technology ## Oak Park ## Illinois ##
[108] ## Brian Roberts ## 185 ## 78 ## 0 ## University of Dayton ## Toledo ## Ohio ##
[109] ## Bruno Caboclo ## 206 ## 98 ## 0 ## nao informado ## Osasco ## Brazil ##
[110] ## Andre Dawkins ## 196 ## 97 ## 0 ## Duke University ## Fairfax ## Virginia ##
[111] ## Tyler Ennis ## 190 ## 87 ## 0 ## Syracuse University ## Brampton ## Canada ##
[112] ## James Young ## 198 ## 97 ## 0 ## University of Kentucky ## Flint ## Michigan ##
[113] ## Jonathon Simmons ## 185 ## 83 ## 0 ## New York University ## Birmingham ## Alabama ##
[114] ## Al Ferrari ## 193 ## 86 ## 0 ## Michigan State University ## New York ## New York ##
[115] ## Gary Bergen ## 203 ## 95 ## 0 ## University of Utah ## Independence ## Missouri ##
[116] ## Ray Radziszewski ## 196 ## 95 ## 0 ## Saint Joseph's University ## nao informado ## nao informado ##
[117] ## Gary Alcorn ## 206 ## 102 ## 0 ## California State University - Fresno ## nao informado ## nao informado ##
[118] ## George Feigenbaum ## 185 ## 83 ## 0 ## University of Kentucky ## nao informado ## nao informado ##
[119] ## Jeff Slade ## 198 ## 99 ## 0 ## Kenyon College ## nao informado ## nao informado ##
[120] ## Jerry Harkness ## 188 ## 79 ## 0 ## Loyola University of Chicago ## New York ## New York ##
[121] ## Tom Thacker ## 188 ## 77 ## 0 ## University of Cincinnati ## Covington ## Kentucky ##
[122] ## Cotton Nash ## 196 ## 97 ## 0 ## University of Kentucky ## Jersey City ## New Jersey ##
[123] ## Bud Acton ## 198 ## 95 ## 0 ## Hillsdale College ## nao informado ## nao informado ##
[124] ## George Patterson ## 203 ## 104 ## 0 ## University of Toledo ## nao informado ## nao informado ##
[125] ## Bob Harrison ## 201 ## 88 ## 0 ## Oklahoma State University ## Linden ## Tennessee ##
[126] ## Bob Quick ## 196 ## 97 ## 0 ## Xavier University ## Thornton ## Mississippi ##
[127] ## Wes Unseld* ## 201 ## 111 ## 0 ## University of Louisville ## Louisville ## Kentucky ##
[128] ## Willie Williams ## 201 ## 90 ## 0 ## Florida State University ## nao informado ## nao informado ##
[129] ## Cliff Meely ## 203 ## 97 ## 0 ## University of Colorado ## Rosedale ## Mississippi ##
[130] ## Steve Patterson ## 206 ## 102 ## 0 ## University of California - Los Angeles ## Riverside ## California ##
[131] ## Charlie Yelverton ## 188 ## 86 ## 0 ## Fordham University ## nao informado ## nao informado ##
[132] ## John Brisker ## 196 ## 95 ## 0 ## University of Toledo ## Detroit ## Michigan ##
[133] ## Dwight Davis ## 203 ## 99 ## 0 ## University of Houston ## Houston ## Texas ##
[134] ## Justus Thigpen ## 185 ## 72 ## 0 ## Weber State University ## nao informado ## nao informado ##
[135] ## Doug Collins ## 198 ## 81 ## 0 ## Illinois State University ## Christopher ## Illinois ##
[136] ## Chuck Terry ## 198 ## 97 ## 0 ## California State University - Long Beach ## Long Beach ## California ##
[137] ## Rod Freeman ## 201 ## 102 ## 0 ## Vanderbilt University ## nao informado ## nao informado ##
