163
122
112
114
128
127
137
130
127
111
99
97
104
114
117
146
141
152
144
147
129
109
97
97
92
80
102
114
112
109
118
115
118
117
130
122
123
114
120
(R) G.I. Joe Origens: Snake Eyes
(R) Free Guy: Assumindo o Controle
(R) Encontros
(R) Emboscada
134
121
115
110
(R) Kimi: Alguém Está Escutando
119
88
81
(R) Mulher-Gato: A Caçada
(R) Morte no Nilo
(R) Licorice Pizza
(R) Golpes de Vingança
[0] Jackass Para Sempre Jackass Forever 01/02/2022 96 Ação,Comédia,Documentário Inglês Lançado 1.0E7 [crazy stunts, stunts]
