F9
raiz esq esq dir esq esq NAO
Ghostbusters: Afterlife
raiz esq esq dir SIM
Godzilla vs. Kong
raiz esq esq dir dir esq SIM
No Time to Die
raiz esq dir SIM
Death on the Nile
raiz esq esq esq esq dir SIM
Diary of a Wimpy Kid
raiz esq esq esq SIM
Free Guy
raiz esq esq dir esq SIM
American Siege
raiz esq esq esq esq esq esq NAO
Blacklight
raiz esq esq esq esq esq esq NAO
Catwoman: Hunted
raiz esq esq esq esq esq esq NAO
PAW Patrol: The Movie
raiz esq dir dir esq esq SIM
Red Notice
raiz esq dir dir esq SIM
The Last Duel
raiz dir esq dir esq SIM
West Side Story
raiz dir dir dir esq esq SIM
Zack Snyder's Justice League
raiz dir dir dir dir SIM
Fistful of Vengeance
raiz esq esq dir esq esq NAO
Snake Eyes: G.I. Joe Origins
raiz esq dir dir dir esq NAO
