[106 ## Walt Lautenbach ## 188 ## 83 ## University of Wisconsin ## nao informado ## nao informado]
[1228 ## Willie Wise ## 196 ## 95 ## Drake University ## San Francisco ## California]
[1307 ## James Hardy ## 203 ## 99 ## University of San Francisco ## Knoxville ## Alabama]
[1397 ## Joe Barry ## 193 ## 88 ## Georgia Institute of Technology ## Oakland ## California]
[1412 ## Darrell Griffith ## 193 ## 86 ## University of Louisville ## Louisville ## Kentucky]
[1554 ## Clark Kellogg ## 201 ## 102 ## Ohio State University ## Cleveland ## Ohio]
[1585 ## Trent Tucker ## 196 ## 87 ## University of Minnesota ## Tarboro ## North Carolina]
[1669 ## Stuart Gray ## 213 ## 106 ## University of California - Los Angeles ## Panama Canal Zone ## Panama]
[1750 ## Terry Porter ## 190 ## 88 ## University of Wisconsin-Stevens Point ## Milwaukee ## Wisconsin]
[1928 ## Andrew Lang ## 211 ## 111 ## University of Arkansas ## Pine Bluff ## Arkansas]
[1961 ## Anthony Taylor ## 193 ## 79 ## University of Oregon ## Los Angeles ## California]
[2107 ## Tony Smith ## 201 ## 95 ## nao informado ## nao informado ## nao informado]
[2108 ## Felton Spencer ## 213 ## 120 ## University of Louisville ## Louisville ## Kentucky]
[2127 ## Terrell Brandon ## 180 ## 81 ## University of Oregon ## Portland ## Oregon]
[2159 ## Dikembe Mutombo* ## 218 ## 111 ## Georgetown University ## Kinshasa ## Democratic Republic of the Congo]
[2317 ## Derrick Alston ## 211 ## 102 ## Duquesne University ## Bronx ## New York]
[2453 ## Bruce Bowen ## 201 ## 83 ## California State University - Fullerton ## Merced ## California]
[2462 ## Tony Delk ## 185 ## 85 ## University of Kentucky ## Covington ## Tennessee]
[2681 ## Jumaine Jones ## 203 ## 98 ## University of Georgia ## Cocoa ## Florida]
[2735 ## Mark Madsen ## 206 ## 108 ## Stanford University ## Walnut Creek ## California]
[2806 ## Antonis Fotsis ## 208 ## 99 ## nao informado ## Athens ## Greece]
[2861 ## Gordan Giricek ## 198 ## 95 ## nao informado ## Zagreb ## Croatia]
[2996 ## Matt Freije ## 208 ## 108 ## Vanderbilt University ## Overland Park ## Kansas]
[3059 ## Noel Felix ## 206 ## 102 ## California State University - Fresno ## Los Angeles ## California]
[3117 ## Hakim Warrick ## 206 ## 99 ## Syracuse University ## Philadelphia ## Pennsylvania]
[3150 ## Randy Foye ## 193 ## 96 ## Villanova University ## Newark ## New Jersey]
[3154 ## Daniel Gibson ## 188 ## 86 ## University of Texas at Austin ## Houston ## Texas]
[3182 ## Chris Quinn ## 188 ## 83 ## University of Notre Dame ## New Orleans ## Louisiana]
[3229 ## Spencer Hawes ## 216 ## 111 ## University of Washington ## Seattle ## Washington]
[3292 ## Steven Hill ## 213 ## 112 ## University of Arkansas ## Chanute ## Kansas]
[3529 ## Jordan Williams ## 188 ## 83 ## New Mexico State University ## New Haven ## Connecticut]
[3564 ## Kris Joseph ## 201 ## 95 ## Syracuse University ## Montreal ## Canada]
[3565 ## Michael Kidd-Gilchrist ## 201 ## 105 ## University of Kentucky ## Philadelphia ## Pennsylvania]
[3670 ## Peyton Siva ## 183 ## 83 ## University of Louisville ## Seattle ## Washington]
[3830 ## Christian Wood ## 211 ## 99 ## University of Nevada - Las Vegas ## Long Beach ## California]
[3869 ## Brandon Ingram ## 206 ## 86 ## Duke University ## Kinston ## North Carolina]
[3879 ## Caris LeVert ## 201 ## 92 ## University of Michigan ## Columbus ## Ohio]
[70 ## Robert Hahn ## 208 ## 108 ## North Carolina State University ## nao informado ## nao informado]
[707 ## Jim Caldwell ## 208 ## 108 ## Georgia Institute of Technology ## Durham ## North Carolina]
[723 ## Dave Lattin ## 198 ## 102 ## University of Texas at El Paso ## Houston ## Texas]
