(R) Casa Gucci
(R) G.I. Joe Origens: Snake Eyes
(R) Free Guy: Assumindo o Controle
(R) Dog
(R) Agente das Sombras
(R) A Era do Gelo: As Aventuras de Buck
(R) A Família Addams 2: Pé na Estrada
(R) Batman
(R) Diário de um Banana
[0] Licorice Pizza Licorice Pizza 17/02/2022 133 Drama,Comédia Inglês Lançado 4.0E7 [california, 1970s, high school, love, coming of age, teenage love, young love, san fernando valley, child actor, jewish]
[1] Kimi: Alguém Está Escutando Kimi 10/02/2022 89 Thriller Inglês Lançado 0.0 [seattle, usa, agoraphobia, mental illness, virus, covid-19]
[2] Golpes de Vingança Fistful of Vengeance 17/02/2022 96 Ação,Crime,Fantasia Inglês Lançado 0.0 []
[3] Encontros Encounter 03/12/2021 108 Aventura,Drama Inglês Lançado 0.0 [alien, alien abduction, alien invasion]
[4] Emboscada American Siege 07/01/2022 100 Ação,Thriller,Crime,Drama Inglês Lançado 0.0 []
[5] Duna Dune 21/10/2021 155 Ficção científica,Aventura Inglês Lançado 1.65E8 [prophecy, based on novel or book, emperor, dystopia, sand, spice, army, hallucinogen, epic, baron, remake, revenge, space, betrayal, treason, water shortage, creature, desert, knife fight, destiny, giant worm, space opera, sand dune, messiah, stereoscopic, 3d, giant creature]
[6] Clifford, o Gigante Cão Vermelho Clifford the Big Red Dog 02/12/2021 95 Família,Aventura,Comédia,Fantasia Inglês Lançado 6.4E7 [based on novel or book, giant dog]
[7] Amor, Sublime Amor West Side Story 09/12/2021 157 Drama,Romance,Crime Inglês Lançado 1.0E8 [new york city, street gang, love at first sight, forbidden love, musical, remake, interracial relationship, based on play or musical, young love, broadway musical, 1950s]
[8] A Guerra do Amanhã The Tomorrow War 02/07/2021 138 Ação,Ficção científica,Aventura Inglês Lançado 2.0E8 [world cup, time travel, global warming, glacier, alien invasion, military, future war, father son reunion, hope for future, changing the past or future, message from the future, father son relationship, father daughter relationship, world war, aliens]
[9] 007: Sem Tempo para Morrer No Time to Die 30/09/2021 163 Aventura,Ação,Thriller Inglês Lançado 2.5E8 [spy, british secret service, nanobots, 007]
[10] Alerta Vermelho Red Notice 05/11/2021 117 Ação,Comédia,Crime,Thriller Inglês Lançado 1.6E8 [fbi, interpol, heist, art thief]
[11] Cruella Cruella 28/05/2021 134 Comédia,Crime Inglês Lançado 2.0E8 [1970s, anti hero, villain, punk rock, fashion designer, fashion, origin story]
[12] Godzilla vs. Kong Godzilla vs. Kong 01/04/2021 113 Ação,Fantasia,Ficção científica Inglês Lançado 2.0E8 [giant monster, dinosaur, creature feature, kaiju, sign languages, giant ape, godzilla, monsterverse, robot dinosaur]
[13] Jackass Para Sempre Jackass Forever 01/02/2022 96 Ação,Comédia,Documentário Inglês Lançado 1.0E7 [crazy stunts, stunts]
[14] Encanto Encanto 24/11/2021 102 Animação,Comédia,Família,Fantasia Inglês Lançado 5.0E7 [magic, musical, forest, family relationships, female protagonist, colombia]
[15] Exorcismo Sagrado The Exorcism of God 10/02/2022 98 Terror Inglês Lançado 1500000.0 [prison, mexico, small town, exorcism, possession, possessed, exorcist]
[16] Morte no Nilo Death on the Nile 10/02/2022 2 Mistério,Crime,Drama,Thriller Inglês Lançado 9.0E7 [detective, based on novel or book, egypt, nile, remake, thriller, murder mystery, 1930s, poirot]
[17] Ghostbusters: Mais Além Ghostbusters: Afterlife 18/11/2021 124 Fantasia,Comédia,Aventura Inglês Lançado 7.5E7 [small town, ghostbuster, nostalgia, afterlife, sequel, ghost, aftercreditsstinger, duringcreditsstinger, dead grandfather, ancient evil, otherworldly beings, paranormal events, father absence, ghostbusters]
[18] Gold Gold 13/01/2022 97 Thriller,Ação Inglês Lançado 6500000.0 []
[19] Mulher-Gato: A Caçada Catwoman: Hunted 22/02/2022 78 Animação,Ação,Crime Inglês Lançado 0.0 [dc comics, superhero]
[20] Homem-Aranha: Sem Volta Para Casa Spider-Man: No Way Home 16/12/2021 148 Ação,Aventura,Ficção científica Inglês Lançado 2.0E8 [hero, comic book, superhero, based on comic, marvel cinematic universe (mcu)]
[21] Infiltrado Wrath of Man 27/05/2021 119 Ação,Crime,Thriller Inglês Lançado 4.0E7 [robbery, crime boss, revenge, shootout, los angeles, california, theft, security guard, ex soldier, cash truck]
[22] Liga da Justiça de Zack Snyder Zack Snyder's Justice League 18/03/2021 242 Ação,Aventura,Fantasia,Ficção científica Inglês Lançado 7.0E7 [dc comics, superhero, based on comic, superhero team, dc extended universe, superhero teamup]
[23] Luca Luca 17/06/2021 101 Animação,Comédia,Família,Fantasia Inglês Lançado 2.0E8 [italy, monster, secret, friendship, friends, coming of age, sea monster, vespa, seaside town, 1950s, pasta, water, italian riviera, pesto, portorosso]
[24] Matrix Resurrections The Matrix Resurrections 22/12/2021 148 Ficção científica,Ação,Aventura Inglês Lançado 1.9E8 [artificial intelligence, man vs machine, prophecy, underground world, future, virtual reality, dystopia, computer, cyberpunk, aftercreditsstinger, dream world, woman director, gnosticism]
[25] Mortal Kombat Mortal Kombat 15/04/2021 110 Ação,Fantasia,Aventura Inglês Lançado 2.0E7 [saving the world, magic, ninja fighter, alternate dimension, shaolin monk, fighting, based on video game, martial arts tournament, gods, hand to hand combat]
[26] O Esquadrão Suicida The Suicide Squad 05/08/2021 132 Ação,Aventura,Fantasia Inglês Lançado 1.85E8 [dc comics, monster, anti hero, secret mission, superhero, based on comic, alien, betrayal, giant monster, alien invasion, convict, parasite, super villain, world domination, aftercreditsstinger, dc extended universe]
[27] O Último Duelo The Last Duel 14/10/2021 153 Ação,Drama,História Inglês Lançado 1.0E8 [based on novel or book, normandy, france, based on true story, knight, duel, historical, sword duel, rape and revenge, squire, 14th century, medieval france]
[28] Os Simpsons em Plusniversário The Simpsons in Plusaversary 12/11/2021 4 Animação,Comédia,Fantasia Inglês Lançado 0.0 [beer, adult animation, short film]
[29] Patrulha Canina: O Filme PAW Patrol: The Movie 13/08/2021 88 Animação,Família,Aventura,Comédia Inglês Lançado 2.6E7 []
[30] Resident Evil: Bem-Vindo a Raccoon City Resident Evil: Welcome to Raccoon City 02/12/2021 107 Terror,Ação,Ficção científica Inglês Lançado 4.0E7 [mutant, biological weapon, quarantine, zombie, based on video game, reboot]
[31] Ron Bugado Ron's Gone Wrong 22/10/2021 107 Animação,Ficção científica,Família,Comédia Inglês Lançado 0.0 [family, best friend forever]
[32] The Commando The Commando 07/01/2022 93 Ação,Crime,Thriller Inglês Lançado 0.0 []
[33] Uncharted: Fora do Mapa Uncharted 17/02/2022 116 Ação,Aventura Inglês Lançado 1.2E8 [treasure, treasure hunt, based on video game]
[34] Velozes &amp; Furiosos 9 F9 24/06/2021 145 Ação,Crime,Thriller,Aventura Inglês Lançado 2.0E8 [speed, sequel, family relationships, fast car, brother brother relationship]
[35] Venom: Tempo de Carnificina Venom: Let There Be Carnage 07/10/2021 97 Ficção científica,Ação,Aventura Inglês Lançado 1.1E8 [hero, anti hero, villain, sequel, superhero, based on comic, aftercreditsstinger, symbiote, marvel comics]
[36] Witch Hunt Witch Hunt 01/10/2021 92 Fantasia,Terror,Thriller,Drama Inglês Lançado 0.0 []
