2019
1460
978
809
647
284
104
556
833
1165
1125
1132
677
388
55
70
63
103
55
55
94
133
93
93
114
75
90
6187
6324
6358
6346
6292
196
59
57
54
401
407
476
450
503
246
381
312
323
271
300
199
261
223
I 1487390
341
I 258520
259
I 1165270
219
I 298140
160
I 213610
272
I 50510
158
I 998660
120
I 1740720
188
I 24720
371
I 439550
287
I 1507410
282
R
(R) Sopwith VR
R
(R) Have a Nice Death
R
(R) SPORE™ Galactic Adventures
R
(R) 'n Verlore Verstand
[0] 1507410 Coloring Book for Kids Mar/2021 50000 - 100000 0 0.00 1 [English, French, Italian, German, Arabic, Czech, Danish, Dutch, Hungarian, Japanese, Korean, Norwegian, Polish, Portuguese - Brazil, Romanian, Russian, Simplified Chinese, Spanish - Latin America, Swedish, Thai, Turkish, Vietnamese] null true true false 89% null Peaksel [Casual, Free to Play, Indie]
