1	Cliff Barker
104	Leo Kubiak
1047	Glenn McDonald
1087	Kevin Grevey
1124	Marvin Barnes
119	Ariel Maughan
1425	Bill Laimbeer
1456	John Stroud
1487	Craig Dykema
149	Johnny Orr
1494	Frank Johnson
1525	Herb Williams
1565	Eddie Phillips
1572	Russ Schoene
1583	Darren Tillis
1702	Kevin Willis
1731	Ken Johnson
1742	Ben McDonald
1748	Michael Phelps
1786	Ron Harper
1796	Curtis Kitchen
1809	Harold Pressley
1868	Ken Norman
1880	Chris Welp
193	Carl Shaeffer
1998	Jaren Jackson
2035	Jeff Sanders
2083	Alec Kessler
217	Paul Walther
2177	Stephen Thompson
2183	Tony Bennett
2203	Robert Horry
228	Art Burris
401	Chris Harris
412	Bob Schafer
448	Bill Ebben
479	Andy Johnson
53	Jerry Fleishman
533	Joe Buckhalter
557	Adrian Smith
627	Joe Caldwell
687	Toby Kimball
721	Johnny Jones
797	Mike Davis
812	George Reynolds
848	John Johnson
950	Ollie Johnson
98	Bob Kinney
Aaron Williams NAO
Adrian Smith SIM
Al Ferrari NAO
Alec Kessler SIM
Andy Johnson SIM
Ariel Maughan SIM
Art Burris SIM
Ben McDonald SIM
Ben Poquette NAO
Bill Ebben SIM
Bill Laimbeer SIM
Bob Kinney SIM
Bob Schafer SIM
Bones McKinney NAO
Carl Shaeffer SIM
Cheick Diallo NAO
Chris Harris SIM
Chris Welp SIM
Cliff Barker SIM
Craig Dykema SIM
Curtis Kitchen SIM
Damian Jones NAO
Damjan Rudez NAO
Darnell Mee NAO
Darren Tillis SIM
Darryl Johnson NAO
Dejounte Murray NAO
Devin Booker NAO
Devyn Marble NAO
Dick Schnittker NAO
Dijon Thompson NAO
Donatas Motiejunas NAO
Ed Dahler NAO
Eddie Phillips SIM
Eric Riley NAO
Frank Johnson SIM
Frank Selvy NAO
Gaylon Nickerson NAO
George Reynolds SIM
Glenn McDonald SIM
Harold Pressley SIM
Hassan Whiteside NAO
Herb Williams SIM
Hiram Fuller NAO
Ira Newble NAO
Jack George NAO
Jack Molinas NAO
James Blackwell NAO
Jaren Jackson SIM
Jeff Sanders SIM
Jeremy Evans NAO
Jerry Fleishman SIM
Joe Buckhalter SIM
Joe Caldwell SIM
Joe Young NAO
John Johnson SIM
John Stroud SIM
Johnny Jones SIM
Johnny Orr SIM
Ken Johnson SIM
Ken Norman SIM
Kevin Grevey SIM
Kevin Willis SIM
Larry Drew NAO
Larry Sykes NAO
Leo Kubiak SIM
Lionel Chalmers NAO
Lorenzen Wright NAO
Luigi Datome NAO
Luis Flores NAO
Mamadou N'Diaye NAO
Marcus Fizer NAO
Mark Strickland NAO
Marvin Barnes SIM
Mason Plumlee NAO
Michael Phelps SIM
Michael Stewart NAO
Mike Davis SIM
Montrezl Harrell NAO
Nick Fazekas NAO
Nikola Vucevic NAO
Nolan Smith NAO
Ollie Johnson SIM
Omri Casspi NAO
Othello Hunter NAO
Paul Walther SIM
Peyton Siva NAO
Predrag Drobnjak NAO
Quincy Acy NAO
Ralph Drollinger NAO
Robert Horry SIM
Ron Harper SIM
Russ Schoene SIM
Sarunas Marciulionis NAO
Stephen Thompson SIM
Thaddeus Young NAO
Toby Kimball SIM
Tony Bennett SIM
Walter Dukes NAO
