Coloring Book for Kids
=>raiz esq esq esq esq esq dir dir esq esq esq SIM
After The War
=>raiz esq esq esq esq esq esq esq dir dir NAO
EDEN STAR
=>raiz esq esq esq dir esq SIM
Battle Brothers
=>raiz esq esq esq esq esq dir esq esq dir esq NAO
Fugl
=>raiz esq esq dir esq esq dir NAO
Crypto Is Dead
=>raiz esq esq esq esq esq dir dir dir NAO
BAD END THEATER
=>raiz esq esq esq esq esq dir esq esq esq NAO
HUNTDOWN
=>raiz esq esq dir esq SIM
Alien Prop Hunt
=>raiz esq esq esq esq esq esq esq dir dir NAO
Motorama
=>raiz esq esq dir dir esq dir esq NAO
BAD END THEATER
=>raiz esq esq esq esq esq dir esq esq esq NAO
Homebrew - Patent Unknown
=>raiz esq esq dir SIM
Football Manager 2019 Touch
=>raiz esq esq dir esq esq dir NAO
Everreach: Project Eden
=>raiz esq esq esq dir esq dir esq NAO
