25BSBxpCtoDbOpVd7cpqbw
raiz esq dir esq esq dir dir esq esq dir NAO
4pumXxpvHcd4xcSfGn1GL9
raiz dir esq esq dir esq esq dir SIM
0rd4qVsMPD8YtAZEpsalT6
raiz esq esq dir esq esq esq dir esq dir NAO
5viiEUG6TwSmDPXX1hHo0X
raiz dir esq dir dir esq esq dir esq NAO
29Nr1r6Sn7zzyVFoEGCeqO
raiz esq dir esq esq dir dir dir esq dir esq NAO
5dJCYzLWPrhlPLhcsrkaBi
raiz dir esq dir esq esq esq dir dir esq NAO
5Dx8DhETu8DryPg4ap0DDc
raiz dir esq esq dir dir dir esq dir NAO
5rvY5aFTSvQAo2VNUR1Fxy
raiz dir esq dir esq dir dir dir dir NAO
4EsbDJSLI8tWGQujd67oTc
raiz dir esq esq esq esq esq dir dir SIM
0TxSk5fpK01cBLV9ePqcE6
raiz esq esq esq dir esq esq dir dir esq NAO
4CqbJHZ6JtVM3MLh41y7JI
raiz dir esq esq esq esq esq dir SIM
5H9wMglUZwqivHCDzElAbB
raiz dir esq esq dir dir dir dir esq SIM
27Y1N4Q4U3EfDU5Ubw8ws2
raiz esq dir esq esq dir dir SIM
24HYU0MQmeUQ6YLjl1o2NV
raiz esq dir esq esq dir SIM
10W5hq8bU05pt2P9v6dDjP
raiz esq esq dir esq SIM
7yZtrG0ktXcDCyWkmIWmEi
raiz dir dir dir dir dir dir dir SIM
24QjawKdGJmsAIVe3EhzGH
raiz esq dir esq esq dir dir esq esq SIM
0Jgbauc8Nv2OOjR5ERW28B
raiz esq esq esq esq dir dir SIM
0qqLzlmKDj55Zmck2rdT33
raiz esq esq dir esq esq esq SIM
6nJssvZSWBXbOhecGecJOy
raiz dir dir esq dir esq dir SIM
4NuFrArppAgXPZKCbImtiF
raiz dir esq esq esq SIM
5tHSY6tZR411ZTOTh2g2ks
raiz dir esq dir dir esq esq esq SIM
3woRy7uxzl1lO2XO99oHsN
raiz esq dir dir dir dir dir esq esq esq NAO
2GcRMRCgdj2qSHoyIHjGNN
raiz esq dir esq dir esq esq esq dir NAO
15KIxlXlomcNwSelqVvLcF
raiz esq esq dir esq dir esq dir dir NAO
