183750
221775
227880
217030
206627
204930
204191
201624
181288
211733
214341
205107
200104
233672
197837
198920
201963
201333
201507
215666
212903
208692
211300
197298
223258
245925
250982
256689
253949
218770
225818
223850
217693
238493
243067
211240
214643
217712
202964
219572
231801
224430
238886
242607
227156
218835
220899
184485
185553
187044
189401
187841
224273
246415
225842
225841
222851
208774
190633
231429
235789
253739
251334
247571
244555
253672
245551
222914
263607
255170
266234
270557
283011
261221
256123
237792
224573
229077
303136
296466
294447
293119
277263
177570
173324
174364
(R) Song of the Caged Bird
(R) Pan's Labyrinth Lullaby
(R) Werkin' Girls
(R) Metamodernity
192720
259107
231002
204031
(R) Three Year Old
183199
202914
166778
187704
207074
218494
206635
(R) Running Out
(R) No One But You (Only The Good Die Young) - Remastered 2011
(R) Don't Hurt Me
(R) Goodbye Weekend
(R) Find You
