007: Sem Tempo para Morrer
A Era do Gelo: As Aventuras de Buck
A Família Addams 2: Pé na Estrada
Alerta Vermelho
Batman
Casa Gucci
Cruella
Diário de um Banana
Dog
Encanto
Exorcismo Sagrado
Ghostbusters: Mais Além
Gold
Homem-Aranha: Sem Volta Para Casa
Infiltrado
Liga da Justiça de Zack Snyder
Luca
Matrix Resurrections
Mortal Kombat
O Esquadrão Suicida
O Último Duelo
Os Simpsons em Plusniversário
Patrulha Canina: O Filme
Resident Evil: Bem-Vindo a Raccoon City
Ron Bugado
The Commando
Uncharted: Fora do Mapa
Velozes &amp; Furiosos 9
Venom: Tempo de Carnificina
Witch Hunt
NAO
NAO
NAO
NAO
NAO
NAO
NAO
NAO
NAO
NAO
NAO
NAO
NAO
SIM
NAO
SIM
NAO
NAO
NAO
NAO
NAO
NAO
NAO
NAO
NAO
