=> Mass Effect 2 (2010) Edition => raiz  ESQ  ESQ  ESQ esq esq dir dir dir esq dir esq  SIM
=> Sid Meier's Civilization®: Beyond Earth™ => raiz  ESQ  ESQ  ESQ esq dir esq dir dir  SIM
=> ICEY => raiz  ESQ  ESQ  ESQ esq esq dir dir dir esq esq esq  SIM
=> The Path => raiz  ESQ  ESQ  ESQ esq dir dir dir esq dir  SIM
=> Command & Conquer 3: Kane's Wrath => raiz  ESQ  ESQ  ESQ esq esq esq dir esq dir dir esq dir  ESQ  DIR  DIR  ESQ  DIR  DIR esq esq esq dir  SIM
=> Myst III: Exile => raiz  ESQ  ESQ  ESQ esq esq dir dir dir esq dir dir  SIM
=> The Misadventures of P.B. Winterbottom => raiz  ESQ  ESQ  ESQ esq dir dir dir esq dir esq  SIM
=> Tooth and Tail => raiz  ESQ  ESQ  ESQ dir esq esq  ESQ  DIR  DIR  ESQ  DIR  DIR dir esq esq dir  SIM
=> Boomerang X => raiz  ESQ  ESQ  ESQ esq esq esq dir esq esq dir  SIM
=> Frozen Synapse Prime => raiz  ESQ  ESQ  ESQ esq esq dir esq dir dir dir  SIM
=> BULLET SOUL / バレットソウル - 弾魂 - => raiz  ESQ  ESQ  ESQ esq esq esq esq dir  ESQ  DIR  DIR  ESQ  DIR  DIR esq esq esq esq dir esq  ESQ  ESQ  DIR  DIR  ESQ  DIR  DIR  ESQ  ESQ  ESQ  DIR  DIR esq dir  SIM
=> Half-Life 2: Episode One => raiz  ESQ  ESQ  ESQ esq esq dir dir esq dir dir  ESQ  DIR  DIR  ESQ  DIR  DIR esq dir esq  SIM
=> Battle Academy 2: Eastern Front => raiz  ESQ  ESQ  ESQ esq esq esq esq dir  ESQ  DIR  DIR  ESQ  DIR  DIR esq esq esq esq dir esq  ESQ  ESQ  DIR  DIR  ESQ  DIR  DIR  ESQ  ESQ  ESQ  DIR  DIR esq dir dir  ESQ  DIR  DIR  ESQ  ESQ  DIR  DIR  ESQ  DIR  NAO
=> Visage => raiz  ESQ  ESQ  ESQ dir esq dir esq  ESQ  DIR  DIR  ESQ  DIR  DIR dir esq dir  SIM
=> The Fall => raiz  ESQ  ESQ  ESQ esq dir dir dir esq dir esq esq  ESQ  DIR  DIR  ESQ  DIR  DIR dir esq esq esq dir  ESQ  ESQ  DIR  DIR  ESQ  DIR  DIR  ESQ  ESQ  ESQ  DIR  DIR dir dir esq  ESQ  DIR  DIR  ESQ  ESQ  DIR  DIR  ESQ  DIR  NAO
=> Civilization IV: Beyond the Sword => raiz  ESQ  ESQ  ESQ esq esq esq dir esq dir dir esq dir  ESQ  DIR  DIR  ESQ  DIR  DIR esq esq esq dir esq  ESQ  ESQ  DIR  DIR  ESQ  DIR  DIR  ESQ  ESQ  ESQ  DIR  DIR esq dir dir  ESQ  DIR  DIR  ESQ  ESQ  DIR  DIR  ESQ  DIR  NAO
=> Wuppo: Definitive Edition => raiz  ESQ  ESQ  ESQ dir dir  ESQ  DIR  DIR  ESQ  DIR  DIR dir esq dir dir  ESQ  ESQ  DIR  DIR  ESQ  DIR  DIR  ESQ  ESQ  ESQ  DIR  DIR dir dir dir  ESQ  DIR  DIR  ESQ  ESQ  DIR  DIR  ESQ  DIR  NAO
=> Age of Wonders Shadow Magic => raiz  ESQ  ESQ  ESQ esq esq esq esq dir  ESQ  DIR  DIR  ESQ  DIR  DIR esq esq esq esq esq  ESQ  ESQ  DIR  DIR  ESQ  DIR  DIR  ESQ  ESQ  ESQ  DIR  DIR esq dir esq  ESQ  DIR  DIR  ESQ  ESQ  DIR  DIR  ESQ  DIR  NAO
=> Star Control III => raiz  ESQ  ESQ  ESQ esq dir dir esq esq esq esq esq  ESQ  DIR  DIR  ESQ  DIR  DIR esq dir dir esq dir dir dir dir dir  ESQ  ESQ  DIR  DIR  ESQ  DIR  DIR  ESQ  ESQ  ESQ  DIR  DIR dir esq dir  ESQ  DIR  DIR  ESQ  ESQ  DIR  DIR  ESQ  DIR  NAO
=> Ultros => raiz  ESQ  ESQ  ESQ dir esq dir esq  ESQ  DIR  DIR  ESQ  DIR  DIR dir esq dir esq esq  ESQ  ESQ  DIR  DIR  ESQ  DIR  DIR  ESQ  ESQ  ESQ  DIR  DIR dir dir esq  ESQ  DIR  DIR  ESQ  ESQ  DIR  DIR  ESQ  DIR  NAO
=> The Blackwell Legacy => raiz  ESQ  ESQ  ESQ esq dir dir esq dir  ESQ  DIR  DIR  ESQ  DIR  DIR dir esq esq esq dir  ESQ  ESQ  DIR  DIR  ESQ  DIR  DIR  ESQ  ESQ  ESQ  DIR  DIR dir dir esq  ESQ  DIR  DIR  ESQ  ESQ  DIR  DIR  ESQ  DIR  NAO
=> METAL GEAR SOLID V: THE PHANTOM PAIN => raiz  ESQ  ESQ  ESQ esq esq dir dir dir esq esq dir dir  ESQ  DIR  DIR  ESQ  DIR  DIR esq dir  SIM
=> Bridge Constructor Portal => raiz  ESQ  ESQ  ESQ esq esq esq dir esq esq dir dir  ESQ  DIR  DIR  ESQ  DIR  DIR esq esq esq esq dir esq  ESQ  ESQ  DIR  DIR  ESQ  DIR  DIR  ESQ  ESQ  ESQ  DIR  DIR esq dir dir  ESQ  DIR  DIR  ESQ  ESQ  DIR  DIR  ESQ  DIR  NAO
=> Mushroom Wars 2 => raiz  ESQ  ESQ  ESQ esq esq dir dir dir esq dir dir esq  ESQ  DIR  DIR  ESQ  DIR  DIR esq dir dir esq esq esq dir  ESQ  ESQ  DIR  DIR  ESQ  DIR  DIR  ESQ  ESQ  ESQ  DIR  DIR dir esq esq esq dir  ESQ  DIR  DIR  ESQ  ESQ  DIR  DIR  ESQ  DIR  NAO
=> OMORI => raiz  ESQ  ESQ  ESQ esq esq dir dir dir dir esq esq esq  ESQ  DIR  DIR  ESQ  DIR  DIR esq dir dir esq esq dir  ESQ  ESQ  DIR  DIR  ESQ  DIR  DIR  ESQ  ESQ  ESQ  DIR  DIR dir esq esq esq dir  ESQ  DIR  DIR  ESQ  ESQ  DIR  DIR  ESQ  DIR  NAO
=> Paper Trail => raiz  ESQ  ESQ  ESQ esq esq dir dir dir dir dir esq  ESQ  DIR  DIR  ESQ  DIR  DIR esq dir dir esq dir esq esq dir esq  ESQ  ESQ  DIR  DIR  ESQ  DIR  DIR  ESQ  ESQ  ESQ  DIR  DIR dir esq esq esq dir  ESQ  DIR  DIR  ESQ  ESQ  DIR  DIR  ESQ  DIR  NAO
=> Dominions 3: The Awakening => raiz  ESQ  ESQ  ESQ esq esq dir esq dir esq esq  ESQ  DIR  DIR  ESQ  DIR  DIR esq dir esq esq esq esq  ESQ  ESQ  DIR  DIR  ESQ  DIR  DIR  ESQ  ESQ  ESQ  DIR  DIR dir esq esq esq esq esq  ESQ  DIR  DIR  ESQ  ESQ  DIR  DIR  ESQ  DIR  NAO
=> Pix the Cat => raiz  ESQ  ESQ  ESQ esq esq dir dir dir dir dir dir  ESQ  DIR  DIR  ESQ  DIR  DIR esq dir dir esq dir esq esq dir esq  ESQ  ESQ  DIR  DIR  ESQ  DIR  DIR  ESQ  ESQ  ESQ  DIR  DIR dir esq esq esq dir  ESQ  DIR  DIR  ESQ  ESQ  DIR  DIR  ESQ  DIR  NAO
=> Dark Future: Blood Red States => raiz  ESQ  ESQ  ESQ esq esq dir esq esq esq  ESQ  DIR  DIR  ESQ  DIR  DIR esq dir esq esq esq esq  ESQ  ESQ  DIR  DIR  ESQ  DIR  DIR  ESQ  ESQ  ESQ  DIR  DIR dir esq esq esq esq esq  ESQ  DIR  DIR  ESQ  ESQ  DIR  DIR  ESQ  DIR  NAO
=> Valdis Story: Abyssal City => raiz  ESQ  ESQ  ESQ dir esq dir esq  ESQ  DIR  DIR  ESQ  DIR  DIR dir esq dir esq dir  ESQ  ESQ  DIR  DIR  ESQ  DIR  DIR  ESQ  ESQ  ESQ  DIR  DIR dir dir esq  ESQ  DIR  DIR  ESQ  ESQ  DIR  DIR  ESQ  DIR  NAO
=> Impostor Factory => raiz  ESQ  ESQ  ESQ esq esq dir dir dir esq esq esq dir  ESQ  DIR  DIR  ESQ  DIR  DIR esq dir esq dir esq dir esq esq  ESQ  ESQ  DIR  DIR  ESQ  DIR  DIR  ESQ  ESQ  ESQ  DIR  DIR dir esq esq esq dir  ESQ  DIR  DIR  ESQ  ESQ  DIR  DIR  ESQ  DIR  NAO
