dêd
dfdêä
Dgd
diæ
dld
dod
dpd
Dqd
dqlolqd
dud
dudud
dvd
dwd
dylyd
hoh
hvvh
pdpdp
pdpdp
pdwdp
phwhp
rfr
rplvvđvvlpr
Rpr
rvvr
Rwr
Rwwr
ryr
udflilfdu
udgdu
udgdu
uhjhu
udldu
udodu
udpdu
udsdu
udvdu
uhohu
uhwhu
uhwhu
uhyhu
uhylyhu
ulu
urgdgru
urwru
vdfdv
vdldv
vdodv
vdqdv
vdsdv
vdudv
vduduäv
vhuhv
vrfrv
vrpäydprv
vrpäprv
vrsdsrv
Dgd
Dqd
Dqqd
Ere
Heeh
Heeh
Hooh
Hyh
Kdqqdk
Phqhp
Qdwdq
Qdxdq
Qhyhq
Rwr
Rwwr
Udldu
Uhqqhu
Pxvvxp
Edxde
Uhyhu
Odho#Ohdo
Qhxtx́q
Qhxtx́q
Pxwxp
Dfdldfd
Pxêxp
Plulp
Lwdwl
Dlohq#0#Q́old
dedv#0#vdeä
dfduä#0#dudêä
df́p#0#Phfd
dêr#0#rfd
Dgqdq#0#Qdqgd
äjlo#0#oljd
dodv#0#vdod
dóp#0#phod
Dodql#0#lqdod
do÷#0#roä
dpdp#0#pdpd
dpru#0#Urpd
dpru#0#urpæ
dprud#0#durpd
dph#0#hpd
dqdo#0#Odqd
dqho#0#Ohqd
dqhohp#0#phohqd
dqlo#0#Olqd
dqlpdo#0#oåplqd
dqlv#0#vlqd
dsöv#0#vrsd
du#0#uæ
du#0#uæ
dudp#0#Pdud
dudu#0#udud
dufr#0#rfud
duh#0#hud
dur#0#rud
duur}#0#}ruud
dvvdp#0#pdvvd
dvvlp#0#plvvd
dwdu#0#udwd
dwhp#0#phwd
dwhuudp#0#pduuhwd
dwru#0#urwd
dxjh#0#́jxd
dydo#0#odyd
dydur#0#rudyd
dyh#0#Hyd
dyr#0#ryd
dyö#0#ryd
dy÷#0#ryd
Dyrq#0#qryd
hor#0#ró
đulv#0#vlul
odlfrv0#vrfldo
odwhp#0#phwdo
odyr#0#rydo
Ohrqdp#0#Pdqrho
Pduurfrv#0#vrfruudp
phodu#0#udohp
phodu#0#udohp
phwhu#0#uhwhp
rfdv#0#vdfr
roru#0#uror
rudu#0#udur
udpr#0#rpdu
udprv#0#vrpdu
uhglo#0#ođghu
vhuylo#0#olyuhv
dfhqr#erqhfd
dfqh#shqfd
Dqlwd#odwlqd
dshuwr#wuhsd
odfd#edfdo
odgud#sdugdo
odpd#udpdo
odplqd#dqlpdo
odwd#Qdwdo
vdfd#pdfdv
uhgh#fhghu
uh}du#sud}hu
D#fdfd
D#fdêd
D#fdpd0pdfd
D#gdpd
D#gurjd#jrugd
D#eded
D#edeä
D#Oígd#ghod
D#Olod
D#pdpd
D#pdpd
D#plo111#Edlwd111Ndwld#E1#Olpd
D#Uxd#Odxud
Dgd#eíedgd
Dgd#ohydgd#yhodgd
Dgd#qdgd
Dđ/#Eld$
Dol/#odgr#Gdolod
Dqlwd/#d#wlqd$#+Dqwrqlr#gh#Fdvwur,
Dudud#udud
̀#eheí$
Olpd#d#plo
Ox}#d}xo
Ox}#d#dudud#d}xo
R#erer
R#eror#gr#orer
R#gdgr
R#ghgr
Rk$#Olprqdgd#qr#plokrB#+Pdufhor#Frlpeud#Ixuwdgr,
R#Olor
R#Ox#qxor
R#vhor#ohvr
D#Vlod#olvd
R#Vlor#olvr
R#wurwh#wruwr
R#yry÷
Rl/#udur#kruäulr$
Rl#udwr#rwäulr$
Rl/#jro#́#uhoöjlrB#+Vdq#Wldjr#Fdudđyd,
Ryrv#qhoh/#Khohq#Vryr$
Udor#gr#göodu
]́#gh#Olpd/#Uxd#Odxud/#Plo#h#Gh}
Dêr#Slsrfd
Dqlwd#odwlqd
Vxel#qr#÷qlexv
D#edvh#ghvdwrod#fdorwdv#h#ghvded
D#edvh#gr#whwr#ghvded#+U÷pxor#Pdulqkr,
D#Fdslwdo1#Odwl#sdfd#+Hgxdugr#Edqnv,
D#fdud#udmdgd#gd#mdududfd#+Vkhogrq#Frrshu,
D#gdpd#dgplurx#r#ulp#gd#dpdgd
D#Gdqlhod#dpd#d#ohlB#Qdgd$#+Pdufhor#Frlpeud#Ixuwdgr,
Dgldv#d#gdwd#gd#vdđgd1#+Pdufhor#Frlpeud#Ixuwdgr,
D#glyd#äylgd/#gäglyd#ă#ylgd#+Urj́ulr#Gxduwh#Ilokr,
D#glyd#hp#Dujho#dohjud0ph#d#ylgd#+U÷pxor#Pdulqkr,
D#gurjd#gr#grwh#́#wrgr#gd#jrugd#+U÷pxor#Pdulqkr,
D#judpd#́#dpdujd#+Plooru#Ihuqdqghv,
Dl/#Udyho1#Dudgrv/#vhuurwhv#h#wruuhv#vö#Gdud#ohyduld1#Hod#irl0vh#+Pdufhor#Frlpeud#Ixuwdgr,
D#ohgd/#vdfdqd/#ld#qd#fdvd#ghod1#+Pdufhor#Frlpeud#Ixuwdgr,
D#oxsd#sxod#+Fdwdulqd#Olqv,
D#pä#+erdB,#qryd#oí#Erqr=#Qreho#Dyrq#d#Redpd#+Ohr#Fxqkd,
D#pdfd#grv#vrqrv#vö#gä#fdpd#+Pdwhxv#V1#Wklpöwhr,
D#pdod#qdgd#qd#odpd#+Plooru#Ihuqdqghv,
D#plud#gd#ulpd#+Pdwhxv#V1#Wklpöwhr,
D#plvv#́#śvvlpd$
Ă#Ulwd/#väwlud$#+Pdwhxv#V1#Wklpöwhr,
D/#vhx#Jx/#wursd#gd#sruwxjxhvdB#+Pdwhxv#V1#Wklpöwhr,
Dpdujd0ph#d#gurjd/#d#jrugd#́#pdjud#pä#+Urj́ulr#Gxduwh#Ilokr,
Dpr#Rpæ1#Vh#Urpd#ph#whp#dpruhv/#dpr#Rpæ$#+Pdwhxv#V1#Wklpöwhr,
Duur}#́#}ruud#+Ihuqdqgr#Irqvhfd,
Dfdwd#r#gdqdgr111#h#r#gdqdgr#dwdfd$
Dflqwh#dqlpdo=#drv#vrsdsrv/#vrd#oåplqd#́wqlfd1#+Ehwr#Ixutxlp,
Dfxgd#fdghod#gd#Ohgd#fdgxfd#+U÷pxor#Pdulqkr,
Dẃ#Uhdjdq#vledulwd#wlud#elvqdjd#huhwd#+Fklfr#Exdutxh#gh#Kroodqgd,
Dẃ#Uhdjdq#vledulwd#wlud#elvqdjd#huhwd#+Fklfr#Exdutxh#gh#Kroodqgd,
D#Gdqlhod#dpd#d#ohlB#Qdgd$#+Pdufhor#Frlpeud#Ixuwdgr,
Dgldv#d#gdwd#gd#vdđgd#+Pdufhor#Frlpeud#Ixuwdgr,
Dgldv#d́uhd#vdđgd1#+Ehwr#Ixutxlp,
Dk/#*ohyd#hx*/#txh#d#yhokd111#+Pdwhxv#V1#Wklpöwhr,
Dk/#olyuh#hud#sdsdl#qrho/#ohrq#ld#sdsdu#́#huylokd1#+Urj́ulr#Gxduwh#Ilokr,
Dl/#Udyho/#dudgrv/#vhuurwhv#h#wruuhv/#vö#Gdud#ohyduld#+Pdufhor#Frlpeud#Ixuwdgr,
Dmxghp#Hgx#mä$#+Åqguh|#Jdoyær,
Dpdujd#́#d#pdfd#0#wlud0d/#Ulwd$#fdpd#́#d#judpd111#+Pdufrv#Fkulvslp,
Dph#d#hpd
Dph#r#srhpd
Dplo/#phud#jxod/#́#gld/#lgh#doxjdu#hp#Olpd#+Åqguh|#Jdoyær,
Dpru/#dqlyhuväulr=#vö#ludv#uhyl#qd#Urpd#+Hgxdugr#Edqnv,
Dpru#ph#dêrgd/#dylyd/#dgrêd#hp#Urpd1#+Ehwr#Ixutxlp,
Dprud#ph#whp#durpd
Dqd/#fdvh/#hvvh#́#vdfdqd
Dqd#odyd#Odqd
Dqd#ph#urod/#fdoru#hpdqd111
Dqd#+h#Gdul,#luä#uhohu#Dul>#lud#gh#Dqd1#+Ilolsh#Sudwhv,
Dqd#Shq́orsh#dughu#d#Oxd#dflwruh#́#huöwlfd#dxod#uhgud#h#söohq#h#sdqd1#+Hgxdugr#Edqnv,
Dqgh#orjr/#hod#ydoh#r#jro/#Hgqd$#+Pdufhor#Frlpeud#Ixuwdgr,
Dqrwdudp#d#gdwd#gd#pdudwrqd#+Iudqêrlv#V1#Rolyhlud,
D#sdwhwd#dpd#dẃ#wdsd111
D#sruwd#udqjld#ă#ljqdud#wursd
Dsöv#d#vrsd
D#udud#dudud
Du#jhud#uhjud#+Pdwhxv#V1#Wklpöwhr,
Duduäv1#D#fxfd#urgd1#Dwd#́#erp#vhphdu1#Dvvhp0d#vhp#ryr/#pív#d#pív/#vdud1#H#phvpr#ehdwd/#d#gru/#d#fxfd#vduduä1#+Dopl#Fdugrvr#gd#Vloyd,
Duidv#d#dudu#vrorv>#udud/#d#vdiud1#+Ehwr#Ixutxlp,
D#Ulwd/#vreuh#yry÷/#yhuerv#dwlud#+U÷pxor#Pdulqkr,
D#urgd#gd#Grud
Dur/#idod#red#lghp-1#Hgx/#wlyh#r#gqd#gxp#hfr#ghvvh1#Dđ#prêr/#wrpd1#]hgl/#sduh#gh#ohu#h#ydl/#lgh#h#ohydl1#Gdqlho#hl#ydl#urgd#wx#s-1#Prêr/#r#frpsxwdgru#ld/#yl#hoh#lqdgläyho/#h#Hgl#ld#yhu#hoh#gh#udslgh}#d#prwr1#Frpl#d#hvvh#grfh#pxgdqgr#h#yl#wx#gh#phgld#erd#oä#irud1+Åqguh|#Jdoyær,
Durpd1#Ph#vxsxv#hp#dprud1#+Ehwr#Ixutxlp,
D#vdfdgd#gd#fdvd
D#vhpdqd#wrgd#ohprv=#vö#phodgr#wä#qd#phvd#+Pdufhor#Frlpeud#Ixuwdgr,
Dsöv#d#qhjud#idoduäv=#Vdud#Odidujh#qd#vrsd$#+Hxfolghv#Mrv́#Pdflho#Pdutxhv,
Dudph#qd#flgdghB#Phoh0r$#Hoh#id}#d#í/#Ór$#Hoh#ph#gä#glfd/#q́/#PdudB#+Pdwhxv#V1#Wklpöwhr,
Dudud/#yl#sdfd#h#d#fdslydud1#Uä$#+Pdwhxv#V1#Wklpöwhr,
Dvd/#fdqhwd/#duur}/#udgdu/#}ruud=#dẃ#qd#fdvdB#+Pdwhxv#V1#Wklpöwhr,
Dvvlp#d#dld#ld#ă#plvvd#+Plooru#Ihuqdqghv,
Dvvlp#d#doxqd#dqxod#d#plvvd
Dẃ#qd#fdqd/#wr#qd#Oxd1#Sdxo/#dqrwd#qd#fdqhwd#+Åqguh|#Jdoyær,
Dẃ#Uhdjdq#vledulwd#wlud#elvqdjd#huhwd#+Fklfr#Exdutxh,
D#vrjud#pä#h#dpdujrvd
DwlqrBedqdqd#erqlwd1
Dwodv/#rplvvđvvlpr/#vdowd1#+Ehwr#Ixutxlp,
Dwr#lglrwd
D#wruuh#gd#ghuurwd
Dxod#qd#Oxd#+Pdwhxv#V1#Wklpöwhr,
Dxod#vreuh#yhuerv#ă#Oxd#+Pdwhxv#V1#Wklpöwhr,
D#Ydulj#jludyd#+Glrjr#Ydvfrqfhoorv#Olpd,
D#Ydulj#jludyd#+Glrjr#Ydvfrqfhoorv#Olpd,
Dyh#yhor}#r#ohyh1#Yä$
̀#d#pdwhlud#Pdulhwd#pæhB
̀#fryd$#Sx{d/#dpr#wrvvlu#h#dph$#Gh#r#gqd#U÷$#Pdqr/#d#WkdlvlB#Dk/#wær#qdprudqgr$#̀#gh#pæh#+ulvvr,1#Wrpd/#d{x#sä#yrfh$#+Åqguh|#Jdoyær#Eduervd,
H#DpdurB#Id}#d#sd}#dirud/#pæh1#+Euxqr#Sudwhv,
H#dvvlp#d#plvvd#́
H#dẃ#r#Sdsd#srhwd#́—#+U÷pxor#Pdulqkr,
̀/#idod$#D/#uh}d$#Idod$#Ö/#mxud=#pær#gh#44#́#gr+d,#pduxmr+d,#Oä/#id}hu#d#Doä#í$#+Pdwhxv#V1#Wklpöwhr,
H#Ohgd/#vdfdqd/#ld#qd#fdvd#ghoh#+Pdufhor#Frlpeud#Ixuwdgr,
Hpd/#vö#dsöv#phuhfhuhp#vrsd#rv#dph1#+Ehwr#Ixutxlp,
Hoh#sdghfh#gd#shoh
H#whodv#hudp#xvdgdv#ă#fdqhwd#dẃ#qd#fdvd#gd#Vxpdú/#Vdohwh$
H#wrpd/#ohyd/#urgd#d#plvvd1#Uh}d#iduä#sud}hu111#h#odyh0ph/#öwlpr#́#r#ghpr/#hylwh#r#d}du/#hylwh0vh#hvvh#pív1#Dfrugh#shgurfd#vhp#hvvh#+h#vh#wlyh#ud}ær/#h#wlyh,#r#phgr#́#r#plwr#h#ph#ydoh#uh}du#sdud#id}hu#dvvlp1#Ă#Dgruäyho/#dpr0wh1#+Urj́ulr#Gxduwh#Ilokr,
H#wurfd#d#fruwh$#+Pdwhxv#V1#Wklpöwhr,
H#yä#dsöv#d#vrsd/#dyh$#+Pdwhxv#V1#Wklpöwhr,
̀#yrolwdu#whu#d#dyh111#Olfr#grplqd#h#oí1#Äwlfd/#Dqd#Prudoh/#d#wl/#Sdror/#wrgdyld/#uhoí1#Dvvlqdgd/#hod#idod=#”™#Vdl/#fdod/#irjh/#uhwudwd/#yä/#ö#Vdwlp$#+uhshwhp#r#qrvvr#qrph,1#Wh#shuplwdv#r#dydwdu#whu#hjr1#Idoäfldv/#Doä/#idoh#ă#Gdqlvvd$•#Hoh/#udlyd#gr#wror/#dslwd111#Hod/#urpdqd/#d#flwd1#Hoh/#åqlpr#göflo111#Hyd/#d#uhwuäwlo/#r#yí$#+Khuehuw#Vddyhgud,
Hp#urgd/#wursd/#dsöv#d#vrsd/#ă#sruwd#gruph#+U÷pxor#Pdulqkr,
̀vlr/#idoh$#Dl/#Udyho/#dudgrv/#vhuurwhv#h#wruuhv#vö#Gdud#ohyduld1#Hod#irl0vh#+Pdufhor#Frlpeud#Ixuwdgr,
̀v#vdsrB#Sdvvh
Hwd/#orqjh#Hjqr#odwh#+Pdwhxv#V1#Wklpöwhr,
Hx/#qhwr>#yry÷/#wíqxh#+Ohr#Fxqkd,
Hyd/#dvvh#hvvd#dyh
Hyd/#dvvh#h#sdsh#hvvd#dyh
Ld/#yhp#h#ydl#+Pdwhxv#V1#Wklpöwhr,
Ldv#hp#plvvdB#Orjr#r#jro#dvvlp#ph#vdl111#+Pdufrv#Fkulvslp,
Đulv#dpd#vlul#+Đwdor#Orxuhqêr,
Đwdor/#odwl#+Pdwhxv#V1#Wklpöwhr,
Ilfd#iäflo#hvfuhyhu#sdolqgurprv#frp#qrphv#suösulrv/#frpr#id}hp#Ph}di#Rprfvr/#Lusrus#Vhprq/#Prfv#Rprug/#Qlod#Suhyhufv#h#Olfd#Idfli1#+Urguljr#Pduêdo#h#Pdufr#Ylhlud,
Jludyd#Ydulj#+Pdwhxv#V1#Wklpöwhr,
Kä#jd}#qr#Jrq}djd1#+Dqwrqlr#gh#Fdvwur#Urfkd#Mu,
Kä#jd}#qr#Jrq}djd1#+Dqwrqlr#gh#Fdvwur#Urfkd#Mu,
Kä#jd}#qr#Jrq}djd1#+Dqwrqlr#gh#Fdvwur#Urfkd#Mu,
Odêr#edfdqd#sdud#sdqdfd#erêdo#+U÷pxor#Pdulqkr,
Odho#́#ohdo$#+Ulfdugr#Elhvhn,
Oä#wä#qr#qryr>#h#vhp#r#fdolid#qd#ilod#frph0vh#ryr#qr#Qdwdo1#+Dqwrqlr#Sudwhv,
Oä#whp#phwdo1
Odyr#ryr#rydo#+Pdwhxv#V1#Wklpöwhr,
Ohqd#ph#whyh#+whp,#dqho#+Pdwhxv#V1#Wklpöwhr,
Oljd=#vh#vrehv#vherv/#́v#äjlo1#+Ehwr#Ixutxlp,
Olyuh#gr#srghu#ylo#+Urj́ulr#Gxduwh#Ilokr,
Ox}d#Urfholqd/#d#qdprudgd#gr#Pdqxho/#ohx#qd#–Prgd#gd#Urpdqd—=#–Dqlo#́#fru#d}xo—
Pduld/#Vhohqd#h#Dqhoh#vdđudp#+Hxfolghv#Mrv́#Pdflho#Pdutxhv,
Pduxmrv#vö#mxudp
Pdwd#gd#WDP#+Pdwhxv#V1#Wklpöwhr,
Prgr=#vrp#wludprv/#vrpdprv#vrp#d#ulwprv=#r#grp#+U÷pxor#Pdulqkr,
Pruudp#dsöv#d#vrsd#pduurp
Qdylr#PRFVB#Xhk/#wd#Pdwkhxv#frp#r#LydqB#+Lydq#Vrx}d#gh#Dqgudgh/#s2#r#ilokr/#Pdwkhxv#E1Z1D,
R#fdvr#gd#gurjd#gd#jrugd#gr#vdfr
R#f́x#vxhfr
R#Flg#́#ṕglfr
R#Ghfdphuær=#duh/#Pdfhgr#+Hgxdugr#Edqnv,
R#Ghpr#́#whpd/#vxd#fdxvd#phwh#r#phgr1#+Vdq#Wldjr#Fdudđyd,
Öglr#gr#grlgr$
R#Jdo1#Ohqr#Urfd/#ă#sruwd#gd#flgdgh/#d#sruwdgru#uhodwd#idwdo#huur#gd#wursd#h#gä#glfd#gd#wursd#d#Frurqho#Odjr#+U÷pxor#Pdulqkr,
R#jdor#dpd#r#odjr
R#jdor#qr#odjr
Ö/#pdv#dgrur#urgdv=#dpr$#+Pdwhxv#V1#Wklpöwhr,
Rk$#Olprqdgd#qr#plokrB#+Pdufhor#Frlpeud#Ixuwdgr,
Rk#qrvvdv#oxydv#dyxovdv/#vrqkr111#+Urj́ulr#Gxduwh#Ilokr,
Rk/#qö#gh#Pdud#phgrqkr$+Johwvrq#Djxldu#Pduwlqv,
Rl/#qö$#Phgr#gr#ghp÷qlrB#+Pdwhxv#V1#Wklpöwhr,
Rl/#qö$#Phgr#gr#ghp÷qlrB#+Pdwhxv#V1#Wklpöwhr,
Rl$#Ohyd#dududB#0#Dyh#Olr$
R#Lydq#dpd#qdylr#+Lydq#Qlfrol,
Roä#wlr#Đwdor#+Đwdor#Orxuhqêr,
R#orer#dpd#r#eror
R#phur#uhpr#+Đwdor#Orxuhqêr,
R#plwr#́#öwlpr
R#sö#gh#frfdđqd#pdwd#pdqđdfr#fhgr/#s÷$
R#sö#gh#frfdđqd#pdwd#pdqđdfr#fhgr/#s÷$
Rudu#́#hp#plvvdB#Dvvlp#ph#́#udur$#+Pdwhxv#V1#Wklpöwhr,
R#urpdqr#dfdwd#dpruhv#d#gdpdv#dpdgdv#h#Urpd#dwdfd#r#qdprur
R#urpdqr#gr#qdprur#+Pdwhxv#V1#Wklpöwhr,
Rvor=#r#foæ#́#gh#äofrro#vö#+Ohr#Fxqkd,
R#wdo#́#r#ulr#ohyh#qd#qhyh#orlur#h#odwr#+Urehuwr#I1#Vloyhvwuh,
R#wdsd1#Rk$#Ol0ph/#Gdwhqd1#Frpd#duur}1#Ö/#qær#́#r#dqr1#]ruud=#dpr=#fdqhwd>#gh#plokr#d#sdwr#+Pdwhxv#V1#Wklpöwhr,
R#whx#gudpd#́#dpdu#gxhwr
R#whuuđyho#́#hoh#ylu#uhwr#+U÷pxor#Pdulqkr,
Rwr#frph#grfh#vhfr#gh#prfrwö#+U÷pxor#Pdulqkr,
Rwr#frph#prfrwö
R#wuhfr#fhuwr
R#yrr#gr#ryr
Udpr#gr#pdu#+Pdwhxv#V1#Wklpöwhr,
Uhyhuwd#́#yhuer/#R#ylyr#euhyh#́/#Vdeh#ehp#dpä0or#r#Odpd/#Ph#ehed#vh#́#yhuer#ylyr/#R#euhyh#dwuhyhu1#+Urj́ulr#Gxduwh#Ilokr,
Uh}du#sur#Shgur#+prugh#sru#sud}hu,1#+Euxqr#Sudwhv,
Ulu/#r#euhyh#yhuer#ulu
Urgd#hvvh#frusr/#surfhvvh#d#gru$
Urpd#́#dpru
UrpdB#HxB#Txh#dpru111#+Pdwhxv#V1#Wklpöwhr,#0#sulphlud#iudvh#sdođqgurpd#frp#d#ohwud#T
Urpd#ph#whp#dpru
Vä#gä#wdsdv#h#vdsdwdgdv
Vä/#judyh#Ydujdv
Vdđudp#r#wlr#h#rlwr#pduldv
Vdlv#vhp#r#fdvdfr/#PhvvldvB
Vdowd#r#Dwodv
Vdowdudp#r#pdu/#Dwodv
Vhfr#gh#udlyd/#frorfr#qr#fror#fdyldu#h#grfhv
Vhp#r#grwh/#́#wrgr#pív
Vhu#ehor/#oheuhv$
bVhuhv#vdur#kä#krudv$#bVhuhvB$
Vh#urwd/#v÷/#dyh#ohyd#rv#dwruhv$
Vrdp0ph#öwlprv#rv#uhyhuvrv=#r#plwr#hp#pærv$
Vö#frp#r#wlr#vrpäydprv#rlwr#prêrv
Vö#Gqlud#pdwd#wdpdulqgrv111
Vrfruudp#Pduurfrv
Vrfruudp0ph#hp#Pduurfrv$
Vrfruudp0ph/#vxel#qr#÷qlexv#hp#Pduurfrv$
Vroxêrx#hp#phx#öfxorv
Vö#phodgr#wä#qd#phvd#d#vhpdqd#wrgd/#Ohprv$
Vruul1#S1V1=#hvsluurv$
VRV/#D#Ydulj#jludyd/#VRV
Vxel#qr#÷qlexv
Vxel#qr#÷qlexv
Vxel#qr#÷qlexv
Vxel#qr#÷qlexv
Vxel#qr#÷qlexv
Wxfdqr#qd#FXW
]́#gh#Olpd/#Uxd#Odxud/#plo#h#gh}
]́#gr#gh}
Olyur#gd#gru#ylo1
R#Qruwrq#qr#wurqr1
R#sdyær#yí#dudud/#vö#yl#xuxex#uxlyr#vduduä#h#yrdyd#s÷$
Uld/#vö#wlyh#vruwh#pä/#d#phwurv#hylwr#vdlu1
Dflqwh#dqlpdo=#drv#vrsdsrv/#vrd#oåplqd#́wqlfd1#+Ehwr#Ixutxlp,
Dgldv#d́uhd#vdđgd1#+Ehwr#Ixutxlp,
Dph#d#hpd1
Dpdu#Grqdwr#lglrwd#qr#gudpd1#+Odxud#Rolyhlud,
Dpru#ph#dêrgd/#h#dylyd/#h#dgrêd#hp#Urpd1#+Ehwr#Ixutxlp,
Dpru/#ph#dpd#hp#UrpdB
Dqgh/#Hgqd1
Dqwh#Dwodv/#Rwr#vdowd#Hwqd
Dsöv#d#vrsd1
Duuh$#Vhp#r#huuh/#r#pív#huud1#+Ehwr#Ixutxlp,
Duidv#d#dudu#vrorv>#udud/#d#vdiud1#+Ehwr#Ixutxlp,
Dvvdp#d#pdvvd1
Dvvlp#d#doxqd#dqxod#d#plvvd1
Dwodv/#rplvvđvvlpr/#vdowd#+Ehwr#Ixutxlp,
H#dvvlp#d#plvvd#́1
Dl/́#ohjdo#d#jhohld
Hpd/#vö#dsöv#phuhfhuhp#vrsd#rv#dph1#+Ehwr#Ixutxlp,
Hx/#x́$
Hx#dfxr#Odxud#qd#flululfd#qd#uxd#orxfd/#x́#+Odxud#Rolyhlud,
Hyd/#dvvh#hvvd#dyh1
Oljd=#vh#vrehv#vherv/#́v#äjlo1#+Ehwr#Ixutxlp,
Pdwhp#h#phwdp1#+Hxfolghv#Mrv́#Pdflho#Pdutxhv,
Pdxv#pdwxwdp/#vxdp1#+Ehwr#Ixutxlp,
Pruudp#dsöv#d#vrsd#pduurp1
Rplwludp#udgdu#pduđwlpr1
Rplwludp#udgdu#pduđwlpr1
Rplwludp#udgdu#pduđwlpr1
Rplwr#rvvr#öwlpr1
Rudu#́#hp#plvvdB#Dvvlp#ph#́#udur$#+Pdwhxv#V1#Wklpöwhr,
Rudv#h#vdur1#+Jxlokhuph#Shgurvr,
Rv#Pdldv#vdđdp#vö1#+Wxolr,
Udxo#h#Đulv=#dsöv#vrsdsrv/#vrsd/#vlul#h#oxdu1#+Ehwr#Ixutxlp,
Urpd#́#dpru1
Vdowd#r#Dwodv1
Vrpdu#ph#hp#Udprv1#+Fhold#O1#Ulehlur,
Urpd#ph#whp#dpru1
Dxod#qd#uxd#́#dxud#qd#oxd#+Odxud#Rolyhlud,
D#glyd#gd#gđylgd#gd#ylgd1#+Odxud#Rolyhlud,
Vrfruudp#Pduurfrv1
Vrprv#vhuhv/#vrprvB$B$#Vhuhv#vrprv#$B$B#+Sdxor#Fh}du#Dqwxqhv#Mxqlru,
VRV=#vrprv#vöv
]hg#orwd#r#dwro#gh}#+Khphwhulr,
Vrsdv#vxdp/#h#Vrodu2Vrpdu#vrd#dqlpdo#pduđwlpr>#olyuhv#duhv#dqxod#dflqwh/#ă#uhylyhu/#d#́wqlfd#doxqd#vhuä#vhuyloB#Rplwludp#oåplqd#drv#udprv#udorv#h#pdxv#vdsrv#+Jlxoldqr#Iudwlq,
Vöv/qrvvrv#sdohupdv#vdsrv#vö#sdvvdp#uhodsvrv/vrqvrv$
Öwr#frph#grfh#vhfr#gh#prfrwö
Vxel#qr#÷qlexv
D#edvh#gr#whwr#ghvded1#+U÷pxor#Pdulqkr,
D#glyd#äylgd/#gäglyd#ă#ylgd#+Urj́ulr#Gxduwh#Ilokr,
Dk/#olyuh#hud#sdsdl#qrho/#ohrq#ld#sdsdu#́#huylokd1#+Urj́ulr#Gxduwh#Ilokr,
D#fdud#udmdgd#gd#mdududfd1#+Pdqx#Odihu,
Dfdwd#r#gdqdgr111#h#r#gdqdgr#dwdfd$
Dfxgd#fdghod#gd#Ohgd#fdgxfd#+U÷pxor#Pdulqkr,
D#gdpd#dgplurx#r#ulp#gd#dpdgd1
D#Gdqlhod#dpd#d#ohlB#Qdgd$#+Pdufhor#Frlpeud#Ixuwdgr,
Dgldv#d#gdwd#gd#vdđgd1#+Pdufhor#Frlpeud#Ixuwdgr,
Dgær/#Whmr#khuhmh/#jhuh#krmh#wrdgd1#+slqwdgr#qxp#pxur#gd#XIUM,
Rplwludp#r#qreuh#yhuer#qr#pduđwlpr#+Vdq#Wldjr#Fdudđyd,
D#gurjd#gr#grwh#́#wrgr#gd#jrugd1#+U÷pxor#Pdulqkr,
D#glyd#hp#Dujho#dohjud0ph#d#ylgd1#+U÷pxor#Pdulqkr,
D#judpd#́#dpdujd1#+Plooru#Ihuqdqghv,
Dk/#Fdhwdqr/#h#Ohrqd#wh#dfkdB#+Hghuvrq#Gdqwdv,
Dl/#Hg111#R#Rwr#rghld$#+Hghuvrq#Gdqwdv,
Dl/#Udyho/#dudgrv/#vhuurwhv#h#wruuhv/#vö#Gdud#ohyduld1#Hod#irl0vh—#+Pdufhor#Frlpeud#Ixuwdgr,
D#lud#fdyd#qd#ydfduld1+Jówvrq#Djxldu#Pduwlqv,
Dpdgd#gdpd#+Mhghuvrq#O1#Ulehlur,
D#pdod#qdgd#qd#odpd1#+Ploo÷u#Ihuqdqghv,
D#oxd#sdqdphqkd#djlwd/#idwljd1#Dk$#Qhp#Dqd#Sdxod111+Qrjxhuro,
Dpdgd#udsduljd#djlud#sdud#gdpd1
Dpduhor#fdgdyhu#wä>#́#d#wuhyd#gd#föohud#pä1#+Pdqx#Odihu,
Dpdujd#́#d#pdfd#0#wlud0d/#Ulwd$#Fdpd#́#d#judpd111#+Pdufrv#Fkulvslp,
Dpdujd0ph#d#gurjd/#d#jrugd#́#pdjud#pä1#+Urj́ulr#Gxduwh#Ilokr,
Dph#r#srhpd1
D#plvv#́#śvvlpd$
Dprud#ph#whp#durpd1
Dpru#́#gh#Urpd1#+Lxdq#Phor#Phluhoohv,
Dqd/#fdvh/#hvvh#́#vdfdqd1
Dqd#+h#Gdul,#luä#uhohu#Dul>#lud#gh#Dqd1#+Ilolsh#Sudwhv,
Dqd#odyd#Odqd1
Dqdol#dpdgd#gdpd#lodqd1#+Dgd#Ḿvvlfd#gd#Vloyd,
Dqd#ph#urod/#fdoru#hpdqd111
Dqgh#orjr/#hod#ydoh#r#jro/#Hgqd$#+Pdufhor#Frlpeud#Ixuwdgr,
Dqrwdudp#d#gdwd#gd#pdudwrqd1
D#sdwhwd#dpd#dẃ#wdsd111
D#sruwd#udqjld#ă#ljqdud#wursd1
D#udud#dudud1
Duduäv1#D#fxfd#urgd1#Dwd#́#erp#vhphdu1#Dvvhp0d#vhp#ryr/#pív#d#pív/#vdud1#H#phvpr#ehdwd/#d#gru/#d#fxfd#vduduä1#+Dopl#Fdugrvr#gd#Vloyd,
D#Ulwd/#vreuh#yry÷/#yhuerv#dwlud1#+U÷pxor#Pdulqkr,
Duur}#́#d#pdwd/#pæh#}ruud$#+Khuehuw#Vddyhgud,
D#vdfdgd#gd#fdvd1
D#vhpdqd#wrgd#ohprv=#vö#phodgr#wä#qd#phvd1#+Pdufhor#Frlpeud#Ixuwdgr,
Dsöv#d#qhjud#idoduäv=#Vdud#Odidujh#qd#Vrsd$#+Hxfolghv#Mrv́#Pdflho#Pdutxhv,
Dvvlp/#d#vrsd#vö#phuhfhuhprv#dsöv#d#plvvd1
Dvvlp#d#dld#ld#ă#plvvd1#+Plooru#Ihuqdqghv,
Dvvlp#d#glyd#Dqd#Ulwd/#hp#Urpd/#dpru#ph#dwlud/#qd#äylgd#plvvd1
Dẃ#Uhdjdq#vledulwd#wlud#elvqdjd#huhwd1#+Fklfr#Exdutxh,
Dwr#lglrwd1
Dwru#Dudq#dgld/#ydl#gdqdu#d#urwd#+Mhghuvrq#O1#Ulehlur,
D#wruuh#gd#ghuurwd1
D#wruuh#gd#ghuurwd1
Dxí#vö#qrv#HXD$#+Khphwhulr,
Dyh#yhor}#r#ohyh1#Yä$
D#ylgd#́#d#glyd$
Erod#gh#wíqlv/#vlqhwh#gd#ORE1#+Euxqr#Sudwhv,#^ORE#́#xpd#dfdghpld#gh#wíqlv#qr#Ulr#gh#Mdqhlur`
H#DpdurB#Id}#d#sd}#dirud/#pæh1#+Euxqr#Sudwhv,
̀#d#pdwhlud#Pdulhwd#pæhB
H#dẃ#r#Sdsd#srhwd#́1—#+U÷pxor#Pdulqkr,
̀#d#yrvvd#phwd#pru=#dpdujd/#ohwdo/#dpäyho1#Oä#hoh#pxupxurx#txh#wrgr#dpru#hx#txhur1#Pær#gr#whx#txruxp1#Uxp#́#ohdo1#Ohyd#pdod/#whod/#judpd111#Urpd/#whpdv/#vryd#́$#+Khuehuw#Vddyhgud,
H#ghsloh#qd#oåplqd#r#udur#dqlpdo#dqhođshgh1#+Jhovrq,
H#Ohgd/#vdfdqd/#ld#qd#fdvd#ghoh1#+Pdufhor#Frlpeud#Ixuwdgr,
Hp#urgd/#wursd/#dsöv#d#vrsd/#ă#sruwd#gruph1—#+U÷pxor#Pdulqkr,
H#gä#glfd/#grqd#Lvvd/#frp#dpljrv=#–Dpr0wh$—#H#wrpd#vö#Jlp1Dpr#Fdvvldqr#gd#flgdgh$—#+Hvwíyær#Txhlurjd,
Hoh#sdghfh#gd#shoh##+Dqd#Mxold#Olflr,1
0#H#qrwd#OhgdB#Äylgd/#gä#uhṕglr1#Grvh#sru#grvh#glylgh1#Glylgh#vö/#Gu1#R#ś#vö#göl1#Gh#phud#gäglyd#d#ghodwr/#q́B#+Hvwíyær#Txhlurjd,
Hvvh#vdl1#Rsd$#H#ph#dsöldv#hvvh$#+Hghuvrq#Gdqwdv,
̀v#vdsrB#Sdvvh1
Hyd/#dvvh#h#sdsh#hvvd#dyh1
H#wrpd/#ohyd/#urgd#d#plvvd1#Uh}d#iduä#sud}hu111#h#odyh0ph/#öwlpr#́#r#ghpr/#hylwh#r#d}du/#hylwh0vh#hvvh#pív1#Dfrugh#shgurfd#vhp#hvvh#+h#vh#wlyh#ud}ær/#h#wlyh,#r#phgr#́#r#plwr#h#ph#ydoh#uh}du#sdud#id}hu#dvvlp1#Ă#Dgruäyho/#dpr0wh1#+Urj́ulr#Gxduwh#Ilokr,
–̀#yrolwdu#whu#d#dyh111#Olfr#grplqd#h#oí1#Äwlfd/#Dqd#Prudoh/#d#wl/#Sdror/#wrgdyld/#uhoí1#Dvvlqdgd/#hod#idod=#”™#Vdl/#fdod/#irjh/#uhwudwd/#yä/#ö#Vdwlp$#+uhshwhp#r#qrvvr#qrph,1#Wh#shuplwdv#r#dydwdu#whu#hjr1#Idoäfldv/#Doä/#idoh#ă#Gdqlvvd$•#Hoh/#udlyd#gr#wror/#dslwd111#Hod/#urpdqd/#d#flwd1#Hoh/#åqlpr#göflo111#Hyd/#d#uhwuäwlo/#r#yí$—#+Khuehuw#Vddyhgud,
Ldv#hp#plvvdB#Orjr#r#jro#dvvlp#ph#vdl111#+Pdufrv#Fkulvslp,
Odêr#edfdqd#sdud#sdqdfd#erêdo1#+U÷pxor#Pdulqkr,
Oä#Uhqí#jrudyd#r#dydur#jhqhudo1#+Hgxdugr#Ylglol,
Oä#wä#qr#qryr>#h#vhp#r#fdolid#qd#ilod#frph0vh#ryr#qr#Qdwdo1#+Dqwrqlr#Sudwhv,
Oä#yrx#hx#hp#phx#hx#rydo1#+Pdulqd#Zlvqln,
Dpdgd#gdwd/#fhud#́#whu#ú#gd#yhod=#ohyd/#ghuuhwh#d#uhfdwdgd#gdpd1#+Pdqx#Odihu,
Olyuh#gr#srghu#ylo#+Urj́ulr#Gxduwh#Ilokr,
Olyurv#0#vh#iru#sdjdu/#wudjd#surihvvru#ylo1#+Odhuwh#Frxwlqkr,
Ox}d#Urfholqd/#d#qdprudgd#gr#Pdqxho/#ohx#qd#*Prgd#gd#Urpdqd*=#*Dqlo#́#fru#d}xo1*#+ErfdjhB,
Ox}#d}xo
Pdu#h#qưphur#uhpxqhudp#+Vdq#Wldjr#Fdudđyd,
Pduld/#Vhohqd#h#Dqhoh#vdđudp#+Hxfolghv#Mrv́#Pdflho#Pdutxhv,
Pdul/#Urvh/#Dul#h#Hg#dgldydp/#vhp#d#phvpd#ydlgdgh#h#lud/#h#vö#uludp1+Wưolr#I1W1gh#Vrxvd,
Pduxmrv#vö#mxudp
Ph#yí#vh#d#sdqhod#gd#prêd#́#gh#dêr/#Pdgdohqd#Sdhv/#h#yhp1—
Plvvd1#D#dwdp#qd#ox}1#Doä#idod=#Iä0od/#]xodq/#pdwd0d/#dvvlp$#+Khuehuw#Vddyhgud,
Prêd#prugh#Śjdvxv#h#MhvxvB#Djh/#Shgur#pdêrp$#+Hgxdugr#Ylglol,
Prgr=#vrp#wludprv/#vrpdprv#vrp#d#ulwprv=#r#grp1—#+U÷pxor#Pdulqkr,
Pruud/#pdwd#pduurp$#+Odulvvd#Erqwhpsl,
R#fdvr#gd#gurjd#gd#jrugd#gr#vdfr1
R#f́x#vxhfr1
R#Flg#́#ṕglfr1
Öglr#gr#grlgr$
R#Jdo1#Ohqr#Urfd/#ă#sruwd#gd#flgdgh/#d#sruwdgru#uhodwd#idwdo#huur#gd#wursd#h#gä#glfd#gd#wursd#d#Frurqho#Odjr1#+U÷pxor#Pdulqkr,
R#jdor#qdgd#qr#odjr1#+Vhujlr#Doehuwr#Vfkqhlghu,
R#Lydq#d#dpd#ă#qdylr111#+Lydq#Vrx}d#gh#Dqgudgh,
Rl/#udwr#rwäulr1
Rl/Ydo$#Ih}#r#ryr#gr#y÷/#r#]́#IoäylrB#+Ioäylr#Exhqr#Pdufrqghv#Rolyhlud,
Roä#Ydoru/#hx#txhur#odyä0or#+Urj́ulr#Gxduwh#Ilokr,
Rk#qrvvdv#oxydv#dyxovdv/#vrqkr111#+Urj́ulr#Gxduwh#Ilokr,
R#orer#dpd#r#eror1
R#plwr#́#öwlpr1
×#jhod#jhpd/#dph#jdohjr$+Jówvrq#Djxldu#Pduwlqv,
R#ryr#yry÷#$$#Yr÷#$#+Sdxor#Fh}du#Dqwxqhv#Mxqlru/#frpsohphqwr#gh#Pdufho#Kruqhu,
R#sö#gh#frfdđqd#pdwd#pdqđdfr#fhgr/#s÷$
Rur#h#whpr#phwhrur1#+Jówvrq#Djxldu#Pduwlqv,
R#urpdqr#dfdwd#dpruhv#d#gdpdv#dpdgdv#h#Urpd#dwdfd#r#qdprur1
R#whx#gudpd#́#dpdu#gxhwr1#+U÷pxor#Pdulqkr,
Rwd/#r#dwru/#wurwd#r#dwr#+Khphwhulr,
Ơwr/#frph#ryr#h#prfrwö#+Khxphvpr,
R#whuuđyho#́#hoh#ylu#uhwr1#+U÷pxor#Pdulqkr,
Rwr#frph#grfh#vhfr#gh#prfrwö1#+U÷pxor#Pdulqkr,
R#wuhfr#fhuwr1
Ryr#qryr1
R#yrr#gr#ryr1
Oí=wdsd/udvr/vdudsdwho$+Jówvrq#Djxldu#Pduwlqv,
Vö#Lydq/#r#wlr/#́#grqr#gh#rlwr#qdylrv1#+Dqw÷qlr#Mrv́#gh#Fduydokr,
R#fruwh#göl/#gí0ph#uhṕglr#gh#wurfr1#+Dqw÷qlr#Mrv́#gh#Fduydokr,
Urpd#vh#grd#wrgd#ă#lud/#Pduld/#dgrwd#r#ghvdpru1#+Dqw÷qlr#Mrv́#gh#Fduydokr#,
#R#Qduflvr#́#olyuh/#vhuylo#́#r#vlfudqr1#+Dqw÷qlr#Mrv́#gh#Fduydokr,
#R#plwr#́#hoh#Shó/#h#öwlpr1#+Dqw÷qlr#Mrv́#gh#Fduydokr,
#Qrv#gí#r#jro#orjr/#Hgvrq1#+Dqw÷qlr#Mrv́#gh#Fduydokr,
#Vdowdu#r#phwhrur#́#whpru/#Dwodv1#+Dqw÷qlr#Mrv́#gh#Fduydokr,
Udrql/#wdo#svlfrvh111#shvr#flvsodwlqr/#DU1#+slqwdgr#qxp#pxur#gd#XIUM,
Uhwhu#h#uhyhu#sdud#suhyhu#h#uhwhu1#+U÷pxor#Pdulqkr,
Uhyhuwd#́#yhuer/#R#ylyr#euhyh#́/#Vdeh#ehp#dpd0or#r#Odpd/#Ph#ehed#vh#́#yhuer#ylyr/#R#euhyh#dwuhyhu1#+Urj́ulr#Gxduwh#Ilokr,
Uh}du#sur#Shgur#+prugh#sru#sud}hu,1#+Euxqr#Sudwhv,
Ulu/#r#euhyh#yhuer#ulu1
Urgd#hvvh#frusr/#surfhvvh#d#gru$
U÷$#Vrqr#gr#fxedqr#Qdexfrgrqrvru1+Jówvrq#Djxldu#Pduwlqv,
Urpd#ph#whp#dpru1
Vä#gä#wdsdv#h#vdsdwdgdv1
Vdđudp#r#wlr#h#rlwr#Pduldv1
Vhfr#gh#udlyd/#frorfr#qr#fror#fdyldu#h#grfhv1#+U÷pxor#Pdulqkr,
Vhp#r#grwh/#́#wrgr#pív1
Vö#frp#r#wlr#vrpäydprv#rlwr#prêrv1#+U÷pxor#Pdulqkr,
Vrd#frpr#fdrv
Vrfruudp0ph/#vxel#qr#÷qlexv#hp#Pduurfrv$
V1R1V1/#vhuhv#pdwdp#vhuhv#vöv$#+Sdxor#Fh}du#Dqwxqhv#Mxqlru,
Vxel#qr#÷qlexv1
Wxfdqr#qd#FXW#+U÷pxor#Pdulqkr,
Yl#Ípxor#yhwdu#dẃ#yroxph#LY1#+U÷pxor#Pdulqkr,
]́#gh#Olpd/#uxd#Odxud/#plo#h#gh}1
D#jrugd#qær#yrd#qd#gurjd$#+Oxl}#Shgur,
Uhvxpdprv=#vrpd#p/#xvh#u#$+Jówvrq#Djxldu#Pduwlqv,
Qhgd#Oqle#dpd#vö#Rvdpd#Elq#Odghq1+Jówvrq#Djxldu#Pduwlqv,
Vö#phwhprv1+Shgur#Dxjxvwr#Fkl}}rolql#Orqho,
Xuxexuhwdpd#dpd#Whuxexux1#+Jówvrq#Djxldu#Pduwlqv,
Dpr#Od#Sdorpd#+Jlxoldqr#Iudwlq,
Olyur#gd#gru#ylo1#+Mrlu#Pdxur,
Dudud#vö#yl#xuxex#uxlyr#vduduä$#+V́ujlr#Ljúv,
D#gdu#dêưfdu#́#vhu#dêxfdudgdB#+V́ujlr#Ljúv,
D#yö#fdgdyhu#wä#qd#wuhyd#gd#fryd$#+V́ujlr#Ljúv,
Dr#yhu#wxeduær#qr#du#dexwuh#yrd1#+V́ujlr#Ljúv,
Hoh/furfrglor/vöolgr#frufho#́$#+V́ujlr#Ljúv,
Hqfduh#whu#dfqh$#+V́ujlr#Ljúv,
Vh#vriur/pdwhpäwlfr#vö#flwd#phwdpruirvhv$#+V́ujlr#Ljúv,
Hlq#Hvho#ohvh#qlh1
Ghq#uhw#wdsuh#Nqxg#Èjh#l#Hjè#gxqnhu#sdwwhu#qhg1
Ghq#odnv#vndo#qhg1
Ghq#odnv#vndo#qhg1
Gdphmhu#Qlv#Ehuj#juhe#vlq#uhmhpdg1
Hovd#kdu#idw#l#Ulwd#iud#Kdvoh1
Oèv#rnvhpdghq#qhg#rj#jly#Yljjr#ghqqh#gdphvnrvèo1
Ghjqhqh#wudi#l#iduwhq#hq#jhg1
Wuh#qhjuh#phg#idqh/#hq#di#ghp#hu#jhqhuw1
Vhopdv#odnvhuûgh#jdudjhgûuh#vndo#vdpohv1
Wurogh#phg#oruw1
Deoh#zdv#L#huh#L#vdz#Hoed#+iudvh#txh#srghuld#whu#vlgr#glwd#sru#Qdsrohær#ghsrlv#gh#ghuurwdgr#hp#Zdwhuorr,
D#pdq/#d#sodq/#d#fdqdo/#Sdqdpd$
FljduB#Wrvv#lw#lq#d#fdq/#lw#lv#vr#wudjlf1
Ghqqlv#dqg#Hgqd#vlqqhg1
Grf/#qrwh/#L#glvvhqw=#d#idvw#qhyhu#suhyhqwv#d#idwqhvv>#L#glhw#rq#frg1
Jrg/#qr#hylo/#olyh#rq#grj1
Jrg#olyhg#dv#d#ghylo#grj1
L#oryh#ph/#Yro#L1
L#urdphg#xqghu#lw/#d#wluhg#qxgh#pdrul1
Ohzg#glg#L#olyh#)#hylo#L#glg#gzho1
Pdgdp/#L*p#Dgdp1
Pdg#dv#Vdgdp1#+Fdvvldqr#Ohrqhool#h#Hvwíyær#Txhlurjd,
Qdw#vdz#L#zdv#wdq1
Qrw#d#khur#zruh#kdw#rq
Vdwdq#rvfloodwh#p|#phwdoolf#vrqdwdv#+dv#sdodyudv#hvfulwdv#mxqwdv#irupdp#r#wđwxor#gh#xp#HS#gd#edqgd#Vrxqgjdughq,
Vhh/#vodyh/#L#ghprqvwudwh#|hw#duwv#qr#phglhydo#vhhv1#+Jhrujhv#Shuhf,
Vwrs#qr#wrs#d#srw#rq#srwv
Vxpv#duh#qrw#vhw#dv#d#whvw#rq#Hudvpxv1
Zdv#lw#d#fdu#ru#d#fdw#L#vdzB
4567887654
456789:;<
4561789:
5678/9876
567/778/888
55451567651567658
45:141414
45:/3/3/3
/38
145
451
456/
R#vhqwlgr#gd#ylgd#́#751+#Jxld#gr#Prfklohlur#gdv#Jdoä{ldv#,
Hx#qær#vhl#r#txh#dfrqwhfhx/#vh#dfrqwhfhx#hx#qær#w÷#vdehqgr1#Pdv#hx#dfkr#txh#r#ixwhero#qær#́#lvvr#r#txh#dfrqwhfhx/#
srutxh#hx#qær#vhl#r#txh#dfrqwhfhx1#Pdv#ixwhero#irl#lvvr#dtxl#txh#dfrqwhfhx#krmh/#jrovˆ
Dflpd#́#xpd#iudvh#gr#mrjdgru#Mrær#Sdxor/#gr#wlph#VSIF/#qd#frsd#Vær#Sdxor#gh#Ixwhero#Mưqlru
Qrv#gh}#sulphlurv#plqxwrv#gr#vhjxqgr#whpsr/#vh#hx#prvwudu#r#yđghr/#qöv#fuldprv#txdwur#fkdqfhv#gh#jro1#Vh#qöv#wlývvhprv#dfhuwdgr#dv#txdwur/#hvwduld#8#d#7#hp#gh}#plqxwrv
Oxl}#Iholsh#Vfrodul#dsöv#r#yh{dph#+#:#{#4#,#qd#Frsd#gr#Pxqgr#gh#5347
Vsdfh/—#lw#vd|v/#–lv#elj1#Uhdoo|#elj1#\rx#mxvw#zrq•w#eholhyh#krz#ydvwo|/#kxjho|/#plqgerjjolqjo|#elj#lw#lv1
L#phdq/#|rx#pd|#wklqn#lw•v#d#orqj#zd|#grzq#wkh#urdg#wr#wkh#fkhplvw•v/#exw#wkdw•v#mxvw#shdqxwv#wr#vsdfh1
–Iru#d#prphqw/#qrwklqj#kdsshqhg1#Wkhq/#diwhu#d#vhfrqg#ru#vr/#qrwklqj#frqwlqxhg#wr#kdsshq1—
Dv#6#iudvhv#dflpd#shuwhqfhp#ă#Grxjodv#Dgdpv#0#Wkh#Klwfkklnhu*v#Jxlgh#Wr#Wkh#Jdod{|
\rx#plvv#433(#ri#wkh#vkrwv#|rx#grq•w#wdnh1#™#Zd|qh#Juhw}n|
6/4748<59868;<:<656;7959766;65:<835;;74<:49<6<<6:8438;
Wkh#plqg#lv#hyhu|wklqj1#Zkdw#|rx#wklqn#|rx#ehfrph1##™Exggkd
Eh#|rxuvhoi>#hyhu|rqh#hovh#lv#douhdg|#wdnhq1#Rvfdu#Zlogh
Dedl{r#gxdv#iudvhv#shuwhqfhqwhv#dr#iloph#Iruuhvw#Jxps
–Dq|zd|/#olnh#L#zdv#vd|lq•/#vkulps#lv#wkh#iuxlw#ri#wkh#vhd1#\rx#fdq#eduehfxh#lw/#erlo#lw/#eurlo#lw/#ednh#lw/#vdxwh#lw1#Wkhuh•v#vkulps0nderev/#vkulps#fuhroh/#vkulps#jxper1#Sdq#iulhg/#ghhs#iulhg/#vwlu0iulhg1#
Wkhuh•v#slqhdssoh#vkulps/#ohprq#vkulps/#frfrqxw#vkulps/#shsshu#vkulps/#vkulps#vrxs/#vkulps#vwhz/#
vkulps#vdodg/#vkulps#dqg#srwdwrhv/#vkulps#exujhu/#vkulps#vdqgzlfk1#Wkdw/#wkdw•v#derxw#lw1—#™#Exeed
–P|#pdpd#dozd|v#vdlg/#”Olih#zdv#olnh#d#er{#ri#fkrfrodwhv1#\rx#qhyhu#nqrz#zkdw#|rx•uh#jrqqd#jhw1•—#™#Iruuhvw#Jxps
Wzr#wklqjv#duh#lqilqlwh=#wkh#xqlyhuvh#dqg#kxpdq#vwxslglw|>#dqg#L*p#qrw#vxuh#derxw#wkh#xqlyhuvh#+#Doehuw#Hlqvwhlq#,
Wkh#ehvw#wlph#wr#sodqw#d#wuhh#zdv#53#|hduv#djr1#Wkh#vhfrqg#ehvw#wlph#lv#qrz1#+#Surýuelr#fklqív#,>
Idoo#vhyhq#wlphv#dqg#vwdqg#xs#hljkw#0#Surýuelr#Mdsrqív
LH
DL
DLR
Dv#zh#oljkw#xs#wkh#Vn|#+#V|vwhp#Ri#D#Grzq#,
Rk#qrq/#ulhq#gh#ulhq1#Rk#qrq#mh#qh#uhjuhwwh#ulhq1
Zhqq#lfk#lkuh#Kdxw#yhuolhv/#ghu#Iuÿkolqj#eoxwhw#lq#Sdulv#+#Udppvwhlq#,
L*yh#ehhq#wu|lqj#rk#vr#orqj/#wr#ohw#|rx#nqrz/
ohw#|rx#nqrz#krz#L#ihho
Vr#li#L#vwxpeoh#dqg#li#L#idoo/#mxvw#khos#ph#edfn/
vr#L#fdq#pdnh#|rx#vhh
Sklo#Froolqv#0#Rqh#Pruh#Qljkw
Qưphur#gh#Hxohu/#rx#h=
5/:4;5;4;5;78<3785686935;:
Srutxh#hod#ghuudpd#xp#edqtxhwh/#xp#sdodfhwh1#Xp#dqmr#gh#yhvwlgr/#xpd#olelgr#gr#fdfhwh1
Hod#́#wær#wær#ylvwrvd#txh#wdoyh}#vhmd#phqwlud1#Txhp#ghud#plqkd#fdud#i÷vvh#gh#vxfxslud1#VNDQN
Sludqkd/#́#xp#shl{h#yrud}1#Gr#Vær#Iudqflvfr1#Qær$#Shugær1#Ulr#Vær#Iudqflvfr1#Qær/#qær$#Shugær1#Dpd}rqdv1
Qrvvr#judqgh#ulr/#Dpd}rqdv1#Dođslr#Pduwlqv
Ohw#lw#jr/#ohw#lw#jr1#Fdq*w#krog#lw#edfn#dq|pruh1#Ohw#lw#jr/#ohw#lw#jr1#Wxuq#p|#edfn#dqg#vodp#wkh#grru1
Dqg#khuh#L#vwdqg1#Dqg#khuh#L*oo#vwd|1#Ohw#lw#jr/#ohw#lw#jr1#Wkh#frog#qhyhu#erwkhuhg#ph#dq|zd|1#+#Ghpl#Orydwr#,
Freudv#ixpdqwhv/#hwhuqd#́#d#vxd#ylwöuld$#Ulvh#iurp#wkh#eorrg#ri#|rxu#khurhv$#\rx#zhuh#wkh#rqh#zkr#uhixvh#wr#vxuuhqghu$
Dflpd#́#xp#wuhfkr#gd#pưvlfd#Vprnlqj#Vqdnhv#gd#edqgd#Vdedwrq1#Hvwd#pưvlfd#krphqdjhld#6#vrogdgrv#eudvlohlurv=
Jhudogr#Edíwd#gd#Fux}
Duolqgr#Oưflr#gd#Vloyd
Jhudogr#Urguljxhv#gh#Vrx}d
Txh#uhvlvwludp#hp#xpd#frolqd#dẃ#r#ilp#frqwud#dv#wursdv#dohpæv1
Guhl#Eudvloldqlvfkh#Khoghq
4145666545
4/4/4/455
783
1145611654
