(R) Have a Nice Death
(R) Sopwith VR
(R) Burn Zombie Burn!
(R) Sonic Adventure 2
(R) Rhiannon: Curse of the Four Branches
(R) Faefever
(R) NOBUNAGA'S AMBITION: Tendou with Power Up Kit
(R) Higurashi When They Cry Hou - Ch.2 Watanagashi
(R) Synthesis Universe -Episode 00-
[0] 258520 The Vanishing of Ethan Carter Sep/2014 500000 - 1000000 0 19.99 2 [English, French, Italian, German, Spanish - Spain, Polish, Czech] http://EthanCarterGame.com true false false 89% 3h 13m The Astronauts [Adventure, Indie]
[1] 1487390 ANVIL Dec/2021 50000 - 100000 0 24.99 0 [English, Korean, German, Russian, Japanese, Simplified Chinese, Traditional Chinese, French, Polish, Portuguese - Brazil, Spanish - Latin America, Italian, Thai, Vietnamese] https://www.anvil.world/ true false false 63% 9h 51m Action Square [Action, Early Access]
[2] 1189490 觅长生 Nov/2019 500000 - 1000000 0 11.99 0 [Simplified Chinese] null true false false 91% 33h 39m Chalcedony Network [Indie, RPG, Strategy, Early Access]
[3] 300550 Shadowrun: Dragonfall - Director's Cut Sep/2014 500000 - 1000000 0 14.99 0 [English] http://harebrained-schemes.com/shadowrun/dragonfall/ true true true 89% 15h 1m Harebrained Schemes [Adventure, Indie, RPG, Strategy]
[4] 49800 Flight of the Icarus May/2010 50000 - 100000 0 4.99 0 [English] http://musegames.com/games/flight-of-the-icarus/ true true false 39% 15m Muse Games [Action, Indie]
[5] 1851280 Samurai Bringer Apr/2022 50000 - 100000 0 9.99 0 [English, Japanese, Simplified Chinese, Traditional Chinese] https://playism.com/game/samurai-bringer/ true false false 88% 5h 2m ALPHAWING Inc. [Action, Indie]
[6] 1112930 Dredgers Oct/2019 50000 - 100000 0 11.99 0 [English, Simplified Chinese] null true false false 92% null Pirate-Rob [Indie, RPG]
[7] 24720 SPORE™ Galactic Adventures Jun/2009 500000 - 1000000 0 19.99 0 [English, French, German, Italian, Spanish - Spain, Dutch, Russian, Polish, Czech, Hungarian, Finnish, Norwegian, Swedish, Danish] http://www.spore.com/what/ga true false false 88% 15h 32m EA - Maxis [Action, Simulation]
[8] 275570 Summoner Mar/2014 50000 - 100000 0 4.99 0 [English, German] null true false false 83% 3h 24m Volition [Action, RPG]
[9] 1096530 Solasta: Crown of the Magister May/2021 500000 - 1000000 0 15.99 4 [English, French, German, Simplified Chinese, Portuguese - Brazil, Russian] https://www.solasta-game.com/ true true false 89% 37h 56m Tactical Adventures [Adventure, RPG, Strategy]
[10] 690510 Immortal Soul: Black Survival Mar/2019 500000 - 1000000 0 0.00 0 [English, Japanese, Korean, French, Italian, German, Spanish - Spain, Russian, Simplified Chinese, Traditional Chinese, Thai, Portuguese, Portuguese - Brazil] null true false false 79% 28h 5m Nimble Neuron [Free to Play, Indie, Strategy]
[11] 439550 'n Verlore Verstand Apr/2016 50000 - 100000 0 14.99 1 [English, French, Italian, German, Spanish - Spain, Arabic, Bulgarian, Czech, Danish, Dutch, Finnish, Greek, Hungarian, Japanese, Korean, Norwegian, Polish, Portuguese, Portuguese - Brazil, Romanian, Russian, Simplified Chinese, Swedish, Thai, Traditional Chinese, Turkish, Ukrainian] http://www.skobbejakgames.com true true true 39% 2h 20m Skobbejak Games,Skermunkel [Adventure, Casual, Indie]
[12] 1504570 Cultivation Tales Apr/2022 500000 - 1000000 0 19.99 0 [English, Simplified Chinese] null true false false 38% 27h 42m Ac Games [Action, Adventure, Indie, RPG, Strategy, Early Access]
[13] 1369470 Pincremental Aug/2020 50000 - 100000 0 0.00 0 [English] null true true false 80% null Makopaz [Casual, Free to Play, Indie, Simulation, Strategy]
[14] 270130 The Gallery - Episode 1: Call of the Starseed Apr/2016 50000 - 100000 0 14.99 1 [English] http://www.cloudheadgames.com true false false 84% 36m Cloudhead Games ltd. [Adventure, Casual, Indie]
[15] 336150 Virtual Pool 4 May/2015 50000 - 100000 0 24.99 0 [English] http://vponline.celeris.com true false false 83% null Celeris [Sports]
[16] 1507410 Coloring Book for Kids Mar/2021 50000 - 100000 0 0.00 1 [English, French, Italian, German, Arabic, Czech, Danish, Dutch, Hungarian, Japanese, Korean, Norwegian, Polish, Portuguese - Brazil, Romanian, Russian, Simplified Chinese, Spanish - Latin America, Swedish, Thai, Turkish, Vietnamese] null true true false 89% null Peaksel [Casual, Free to Play, Indie]
[17] 573210 Mistwood Heroes Dec/2016 50000 - 100000 0 3.99 0 [English] null true false false 56% 4h Meepower [Action, Adventure, Casual, Indie, RPG]
[18] 886470 Another Otter Jul/2018 50000 - 100000 0 0.99 0 [English] null true false false 63% null PepoLab [Casual, Indie]
[19] 1368820 RollerCoaster Tycoon® 3: Complete Edition Sep/2020 50000 - 100000 0 7.99 0 [English, French, Italian, German, Spanish - Spain, Danish, Dutch, Finnish, Norwegian, Swedish] null true true false 83% 1h 15m Frontier Developments,Aspyr (Mac) [Simulation, Strategy]
[20] 951530 Alien Shooter - Last Hope Nov/2020 50000 - 100000 0 4.99 0 [English, Russian] http://www.sigma-team.net true false false 81% null Sigma Team Inc. [Action, Indie, RPG]
[21] 247370 Mutant Mudds Deluxe Nov/2013 50000 - 100000 0 9.99 0 [English] http://www.mutantmuddsdeluxe.com true false false 74% 3h 21m Renegade Kid [Action, Indie]
[22] 1879330 WARRIORS OROCHI 3 Ultimate Definitive Edition Jul/2022 50000 - 100000 0 39.99 0 [English, Simplified Chinese, Traditional Chinese, Japanese] https://www.gamecity.ne.jp/orochi2/ultimate/index.html true false false 88% null KOEI TECMO GAMES CO., LTD. [Action, Strategy]
[23] 1634290 Chuhou Joutai 2: Paraided! Jul/2021 50000 - 100000 0 4.99 0 [English, Japanese] https://drillimation.com/chuhou-joutai-2-paraided/ true false false 100% null Drillimation Systems [Action, Indie]
[24] 259570 EDEN STAR Jan/2015 50000 - 100000 0 19.99 0 [English] http://www.edenstargame.com true false false 61% 4h 31m Flix Interactive [Action, Adventure, Indie, Strategy, Early Access]
[25] 941650 The Island: Into The Mist Jan/2019 50000 - 100000 0 9.99 0 [Korean, English] https://imbada.itch.io/the-island true false false 69% 3h 14m SUPER WAVE Studio [Adventure, Indie]
[26] 768450 NUTS Feb/2021 50000 - 100000 0 19.99 1 [English, French, Italian, German, Spanish - Spain, Arabic, Dutch, Japanese, Korean, Portuguese - Brazil, Russian, Simplified Chinese, Traditional Chinese] http://nuts.game true true false 88% null Joon, Pol, Muutsch, Char & Torfi [Adventure, Simulation]
[27] 1347140 NEAR DEADline Aug/2020 50000 - 100000 0 0.00 1 [English] https://www.newgrounds.com/portal/view/736443 true true true 90% null Dumb ****ing Horse [Action, Casual, Free to Play, Indie]
[28] 722670 Chinese Chess/ Elephant Game: 象棋/ 中国象棋/ 中國象棋 Oct/2017 50000 - 100000 0 9.99 0 [Simplified Chinese, Traditional Chinese, English, Russian] null true false false 78% 1h 45m Wang Wenxi [Indie, Simulation, Strategy, Early Access]
[29] 711540 Lonely Mountains: Downhill Oct/2019 50000 - 100000 0 9.99 4 [English, French, Italian, German, Spanish - Spain, Russian, Simplified Chinese, Japanese, Korean, Portuguese - Brazil, Polish, Turkish] http://lonelymountains.com true true false 92% 1h 15m Megagon Industries [Action, Indie, Racing, Simulation, Sports]
[30] 450170 BOOR Feb/2017 50000 - 100000 0 0.99 0 [English, Spanish - Spain, French, German] http://www.dazlog.com/boor true true true 83% 4h 30m DazlogStudio [Adventure, Casual, Indie]
[31] 730 Counter-Strike: Global Offensive Aug/2012 50000000 - 100000000 0 0.00 1 [Czech, Danish, Dutch, English, Finnish, French, German, Hungarian, Italian, Japanese, Korean, Norwegian, Polish, Portuguese, Portuguese - Brazil, Romanian, Russian, Simplified Chinese, Spanish - Spain, Swedish, Thai, Traditional Chinese, Turkish, Bulgarian, Ukrainian, Greek, Spanish - Latin America, Vietnamese] http://blog.counter-strike.net/ true true true 88% 508h 4m Valve,Hidden Path Entertainment [Action, Free to Play]
[32] 598550 HUNTDOWN May/2021 50000 - 100000 0 19.99 1 [English, French, Italian, German, Spanish - Spain, Japanese, Simplified Chinese] http://huntdown.com/ true true true 95% 11h 26m Easy Trigger Games [Action, Indie]
[33] 614090 Deadbeat Heroes Oct/2017 50000 - 100000 0 14.99 0 [English] https://www.upstreamarcade.com/deadbeat-heroes/ true false false 66% 4h 36m Deadbeat Productions [Action]
[34] 809440 Protolife Jun/2018 50000 - 100000 0 11.99 0 [English, Russian] null true true false 87% 15m Volcanic Giraffe [Indie, Strategy]
[35] 1923860 Neon Outlast Mar/2022 50000 - 100000 0 4.99 0 [English] null true false false 0% null Keep Spinning [Action, Indie]
[36] 559010 Cosmic Sugar VR Nov/2016 50000 - 100000 0 0.00 1 [English] http://cosmicsugarvr.com true false false 95% 5m David Lobser [Free to Play, Simulation]
[37] 1547380 KINGDOM of the DEAD Feb/2022 50000 - 100000 0 14.99 0 [English, French, Italian, German, Spanish - Spain, Simplified Chinese, Traditional Chinese, Korean, Japanese, Polish, Portuguese - Brazil, Russian] null true false false 83% null DIRIGO GAMES [Action, Adventure, Indie]
[38] 554310 Rage Wars Nov/2016 50000 - 100000 0 0.99 0 [English] http://www.lemondo.com/ true true true 89% 4h 24m Lemondo Games [Violent, Gore, Adventure, Casual, Indie]
[39] 1124090 告死天使之言-Death angel Aug/2019 50000 - 100000 0 0.99 1 [Simplified Chinese] https://space.bilibili.com/11591868/article true false false 81% null 我妻寒十 [Adventure, Indie]
[40] 292120 FINAL FANTASY® XIII Oct/2014 500000 - 1000000 13 15.99 0 [English, French, Italian, German, Spanish - Spain] http://www.square-enix.com/ true false false 74% 28h 58m Square Enix [RPG]
[41] 691930 MSI Electric City: Core Assault Sep/2017 50000 - 100000 0 0.00 0 [English] http://msi.com/to/e-city true false false 90% 32m HyperBot Studio [Action, Adventure, Casual, Free to Play, Indie]
[42] 325420 Homebrew - Patent Unknown Nov/2014 50000 - 100000 0 14.99 0 [English] http://www.homebrewgame.com true false false 76% 5h 48m Copybugpaste [Action, Indie, Racing, Simulation, Early Access]
[43] 663670 Killer Queen Black Oct/2019 50000 - 100000 0 9.99 0 [English, French, Italian, German, Spanish - Spain, Japanese, Korean] http://www.killerqueenblack.com true true false 93% 2h 11m Liquid Bit, LLC,BumbleBear Games, LLC [Action, Casual, Sports, Strategy]
[44] 503820 A Detective's Novel Jul/2016 500000 - 1000000 0 0.99 0 [English] http://amaterasusoftware.blogspot.hr/ true false false 68% 4h 24m Amaterasu Software [Adventure, Indie]
[45] 49600 Beat Hazard Apr/2010 500000 - 1000000 0 9.99 2 [English, French, German, Italian, Spanish - Spain, Dutch] http://www.coldbeamgames.com true true true 95% 7h 36m Cold Beam Games [Action, Casual, Indie]
[46] 49300 Commander: Conquest of the Americas Jul/2010 50000 - 100000 0 9.99 2 [English, French, German, Spanish - Spain] http://www.cota-game.com/ true false false 48% 11h 48m Nitro Games [Strategy]
[47] 1631930 The Insignia Project Jul/2021 50000 - 100000 0 1.99 0 [English] https://darkendstu.com/ true false false 75% null Dark End Studios [Indie, Early Access]
[48] 1038740 Fluffy Store Aug/2019 50000 - 100000 0 1.99 1 [English, Simplified Chinese, Traditional Chinese, Japanese] null true true false 97% 3h 9m AsicxArt [Adventure, Casual, Indie, RPG]
[49] 336760 Pilot Brothers Dec/2014 50000 - 100000 0 4.99 0 [English, French, Italian, German, Spanish - Spain, Japanese, Korean, Portuguese - Brazil, Russian, Traditional Chinese, Portuguese] null true false false 87% null 1C Wireless [Adventure, Casual]
[50] 64000 Men of War: Assault Squad Feb/2011 500000 - 1000000 0 9.99 5 [English, Russian, Italian, Spanish - Spain, French, German, Polish] http://www.menofwargame.com/assault/ true false false 88% 10h 5m Digitalmindsoft [Strategy]
[51] 487580 Ludo Supremo Jun/2016 50000 - 100000 0 1.99 0 [English] http://www.ensenasoft.com true false false 57% 3h 19m EnsenaSoft [Casual]
