(R) Forky Asks a Question: What is a Leader?
(R) Rogue One: A Star Wars Story
(R) Don's Fountain of Youth
(R) Ever After: A Cinderella Story
(R) Expedition Everest
(R) Monsters, Inc.
(R) Three Little Pigs
(R) Cars Toon: Tokyo Mater
(R) Home Alone 2: Lost in New York
(R) 101 Dalmatians
(R) Mom's Got a Date With a Vampire
(R) Camp Rock
(R) Underdog
(R) Sacred Planet
(R) Dog With a Blog
(R) The Book of Life
=> s1200 ## The Even Stevens Movie ## Movie ## Sean McNamara ## [A.J. Trauth, Christy Romano, Nick Spano, Shia LaBeouf, Steven Lawrence, Tom Virtue] ## United States ## November 12, 2019 ## 2003 ## TV-G ## 94 min ## [Action-Adventure, Comedy] ##
=> s92 ## When Sharks Attack ## TV Show ## NaN ## [Eric Meyers] ## United States ## July 9, 2021 ## 2013 ## TV-14 ## 7 Seasons ## [Reality] ##
=> s441 ## Maggie Simpson in The Longest Daycare ## Movie ## NaN ## [NaN] ## United States ## May 29, 2020 ## 2012 ## PG ## 5 min ## [Animation, Comedy] ##
=> s745 ## Disney Den Brother ## Movie ## Mark Taylor ## [David Lambert, Debra Mooney, G. Hannelius, Hutch Dano, Kelsy Chow, Maurice Godin] ## United States ## November 12, 2019 ## 2010 ## TV-G ## 90 min ## [Comedy, Coming of Age] ##
=> s330 ## Coop & Cami Ask The World ## TV Show ## NaN ## [Albert Tsai, Dakota Lotus, Olivia Sanabia, Paxton Booth, Rebecca Metz, Ruby Turner] ## United States ## September 18, 2020 ## 2018 ## TV-G ## 2 Seasons ## [Comedy, Family, Kids] ##
=> s383 ## Surviving the Mount St. Helens Disaster ## Movie ## Sophie Harris ## [Bill Ratner] ## United Kingdom ## July 31, 2020 ## 2020 ## TV-PG ## 44 min ## [Animals & Nature, Documentary] ##
=> s153 ## Adventures in Wonderland ## TV Show ## NaN ## [Harry Waters Jr., John Lovelady, John Robert Hoffman, Patrick Richwood, Reece Holland, Wesley Mann] ## NaN ## April 30, 2021 ## 1996 ## TV-G ## 1 Season ## [Fantasy, Musical] ##
=> s490 ## Maggie Simpson in Playdate with Destiny ## Movie ## David Silverman ## [NaN] ## United States ## April 10, 2020 ## 2020 ## G ## 5 min ## [Animation, Comedy] ##
=> s1351 ## Z-O-M-B-I-E-S ## Movie ## Paul Hoen ## [Carla Jeffery, Kingston Foster, Kylee Russell, Meg Donnelly, Milo Manheim, Trevor Tordjman] ## United States ## November 12, 2019 ## 2018 ## TV-G ## 97 min ## [Coming of Age, Musical, Science Fiction] ##
=> s217 ## The Muppet Show ## TV Show ## NaN ## [Dave Goelz, Eren Ozker, Frank Oz, Jim Henson, John Lovelady, Richard Hunt] ## United States, United Kingdom ## February 19, 2021 ## 1976 ## TV-PG ## 5 Seasons ## [Comedy, Family, Variety] ##
=> s1122 ## Skyrunners ## Movie ## Ralph Hemecker ## [Conrad Coates, Jacqueline Wood, Joey Pollari, Kelly Blatz, Kerry Laifatt, Nathan Stephenson] ## United States ## November 12, 2019 ## 2009 ## TV-PG ## 93 min ## [Action-Adventure, Science Fiction] ##
=> s78 ## Shark Attack Files ## TV Show ## NaN ## [NaN] ## NaN ## July 16, 2021 ## 2021 ## TV-14 ## 1 Season ## [Reality] ##
=> s759 ## Disney Lab Rats: Elite Force ## TV Show ## NaN ## [Bradley Perry, Jake Short, Kelli Berglund, Paris Berelc, William Brent] ## United States ## November 12, 2019 ## 2015 ## TV-Y7 ## 1 Season ## [Action-Adventure, Comedy, Coming of Age] ##
=> s891 ## Into the Grand Canyon ## Movie ## Pete McBride ## [NaN] ## United States ## November 12, 2019 ## 2019 ## TV-PG ## 82 min ## [Action-Adventure, Animals & Nature, Documentary] ##
=> s987 ## Marvel's Hero Project ## TV Show ## NaN ## [NaN] ## United States ## November 12, 2019 ## 2019 ## TV-PG ## 1 Season ## [Docuseries, Family] ##
=> s1061 ## Pixar In Real Life ## TV Show ## NaN ## [NaN] ## United States ## November 12, 2019 ## 2019 ## TV-G ## 1 Season ## [Anthology, Comedy, Family] ##
=> s901 ## Jane ## Movie ## Brett Morgen ## [Jane Goodall] ## United States ## November 12, 2019 ## 2017 ## PG ## 90 min ## [Animals & Nature, Biographical, Documentary] ##
=> s37 ## Life Below Zero: Next Generation ## TV Show ## NaN ## [Mocean Melvin] ## United States ## August 25, 2021 ## 2020 ## TV-14 ## 2 Seasons ## [Action-Adventure, Animals & Nature, Docuseries] ##
=> s1201 ## The Flood ## Movie ## Brad Bestelink ## [Angela Bassett] ## United States ## November 12, 2019 ## 2018 ## TV-PG ## 93 min ## [Animals & Nature, Documentary] ##
=> s1241 ## The Olympic Champ ## Movie ## Jack Kinney ## [NaN] ## United States ## November 12, 2019 ## 1942 ## TV-G ## 7 min ## [Animation, Comedy, Family] ##
=> s1083 ## Recess: School's Out ## Movie ## Chuck Sheetz ## [Andy Lawrence, Ashely Johnson, Courtland Mead, Jason Davis, Pam Segall, Rickey Collins] ## United States, Japan ## November 12, 2019 ## 2001 ## G ## 87 min ## [Animation, Comedy, Family] ##
=> s1195 ## The Chronicles of Narnia: The Lion, the Witch and the Wardrobe ## Movie ## Andrew Adamson ## [Anna Popplewell, Georgie Henley, James McAvoy, Skandar Keynes, Tilda Swinton, William Moseley] ## United Kingdom, United States ## November 12, 2019 ## 2005 ## PG ## 147 min ## [Action-Adventure, Family, Fantasy] ##
=> s532 ## Stargirl ## Movie ## Julia Hart ## [Darby Stanchfield, Giancarlo Esposito, Grace VanderWaal, Graham Verchere, Karan Brar, Maximiliano Hernandez] ## United States ## March 13, 2020 ## 2020 ## PG ## 107 min ## [Coming of Age, Drama, Musical] ##
=> s1043 ## Paris To Pittsburgh ## Movie ## Sidney Beaumont, Michael Bonfiglio ## [Rachel Brosnahan] ## United States ## November 12, 2019 ## 2018 ## TV-PG ## 77 min ## [Documentary] ##
=> s220 ## Rodgers & Hammerstein's Cinderella ## Movie ## Robert Iscove ## [Bernadette Peters, Brandy Norwood, Paolo Montalbán, Victor Garber, Whitney Houston, Whoopi Goldberg] ## NaN ## February 12, 2021 ## 1997 ## G ## 86 min ## [Comedy, Family, Fantasy] ##
=> s912 ## Jungle Cat ## Movie ## James Algar ## [Winston Hibler] ## United States ## November 12, 2019 ## 1960 ## TV-PG ## 70 min ## [Animals & Nature, Documentary, Family] ##
=> s948 ## Lilo & Stitch 2: Stitch Has a Glitch ## Movie ## Tony Leondis, Michael LaBash ## [Christopher Sanders, Dakota Fanning, David Stiers, Kevin McDonald, Kunewa Mook, Tia Carrere] ## United States ## November 12, 2019 ## 2005 ## PG ## 70 min ## [Animation, Comedy, Dance] ##
=> s279 ## Planes ## Movie ## Klay Hall ## [Brad Garrett, Dane Cook, Julia Louis-Dreyfus, Priyanka Chopra, Stacy Keach, Teri Hatcher] ## United States ## November 20, 2020 ## 2013 ## PG ## 94 min ## [Action-Adventure, Animation, Comedy] ##
=> s468 ## Love & Vets ## TV Show ## NaN ## [Mallory Kasdan] ## United States ## May 1, 2020 ## 2017 ## TV-PG ## 1 Season ## [Animals & Nature, Docuseries, Family] ##
=> s671 ## Beauty and the Beast: The Enchanted Christmas ## Movie ## Andy Knight ## [Bernadette Peters, David Stiers, Jerry Orbach, Paige O'Hara, Robby Benson, Tim Curry] ## Canada, United States ## November 12, 2019 ## 1997 ## G ## 73 min ## [Animation, Family, Fantasy] ##
=> s641 ## A Goofy Movie ## Movie ## Kevin Lima ## [Bill Farmer, Jason Marsden, Jim Cummings, Kellie Martin, Rob Paulsen, Wallace Shawn] ## United States, Australia, France, Canada ## November 12, 2019 ## 1995 ## G ## 81 min ## [Action-Adventure, Animation, Comedy] ##
=> s32 ## Disney Princess Remixed - An Ultimate Princess Celebration ## Movie ## Napoleon Dumo ## [Dara Reneé, Frankie Rodriguez, Julia Lester, Natalie Peyser, Ruth Righi, Txunamy Oriz] ## NaN ## August 27, 2021 ## 2021 ## TV-G ## 22 min ## [Family, Music, Variety] ##
=> s732 ## Darkwing Duck ## TV Show ## NaN ## [Christine Cavanaugh, Frank Welker, Jim Cummings, Terry McGovern] ## United States ## November 12, 2019 ## 1991 ## TV-Y7 ## 2 Seasons ## [Action-Adventure, Animation, Kids] ##
=> s681 ## Boat Builders ## Movie ## Ben Sharpsteen ## [NaN] ## United States ## November 12, 2019 ## 1938 ## TV-G ## 8 min ## [Animation, Comedy, Family] ##
=> s132 ## The Little Prince(ss) ## Movie ## Moxie Peng ## [Brian Yang, Ching Yin Ryan Hu, Danni Wang, Evan Lai, Kalo Moss, Lynn Chen] ## NaN ## May 28, 2021 ## 2021 ## PG ## 19 min ## [Drama] ##
=> s995 ## Melody Time ## Movie ## Clyde Geronimi, Jack Kinney, Hamilton Luske ## [Dennis Day, Fred Waring and His Pennsylvanians , Freddy Martin, Roy Rogers, The Andrews Sisters , Trigger ] ## United States ## November 12, 2019 ## 1948 ## TV-PG ## 76 min ## [Animation, Anthology, Family] ##
=> s1099 ## Ruby Bridges ## Movie ## Euzhan Palcy ## [Jean Kelly, Kevin Pollak, Michael Beach, Patrika Darbo, Penelope Miller, Peter James] ## United States ## November 12, 2019 ## 1998 ## TV-PG ## 90 min ## [Biographical, Drama, Historical] ##
=> s1163 ## Teen Spirit ## Movie ## Gil Junger ## [Carissa Capobianco, Cassie Scerbo, Chris Zylka, Gabriela Lopez, Lindsey Shaw, Tim Gunn] ## United States ## November 12, 2019 ## 2011 ## TV-14 ## 82 min ## [Buddy, Comedy, Coming of Age] ##
=> s666 ## Bambi II ## Movie ## Brian Pimental ## [Alexander Gould, Andrea Bowen, Brendon Baerg, Keith Ferguson, Nicky Jones, Patrick Stewart] ## United States ## November 12, 2019 ## 2006 ## G ## 75 min ## [Animation, Drama, Kids] ##
=> s366 ## Star Wars: Galaxy's Edge-Adventure Awaits ## Movie ## NaN ## [Jay Leno, Kaley Cuoco, Keegan-Michael Key, Neil Harris, Oscar Isaac, Sarah Hyland] ## United States ## August 7, 2020 ## 2019 ## TV-PG ## 81 min ## [Documentary, Family] ##
=> s123 ## X-Men Origins: Wolverine ## Movie ## Gavin Hood ## [Danny Huston, Hugh Jackman, Kevin Durand, Liev Schreiber, Lynn Collins, will.i.am ] ## United States, United Kingdom ## June 4, 2021 ## 2009 ## PG-13 ## 108 min ## [Action-Adventure, Family, Science Fiction] ##
=> s977 ## Marvel Studios' The Avengers ## Movie ## Joss Whedon ## [Chris Evans, Chris Hemsworth, Jeremy Renner, Mark Ruffalo, Robert Downey Jr., Scarlett Johansson] ## United States ## November 12, 2019 ## 2012 ## PG-13 ## 145 min ## [Action-Adventure, Fantasy, Science Fiction] ##
=> s746 ## Disney Descendants ## Movie ## Kenny Ortega ## [Booboo Stewart, Cameron Boyce, Dove Cameron, Melanie Paxson, Mitchell Hope, Sofia Carson] ## United States ## November 12, 2019 ## 2015 ## TV-G ## 114 min ## [Coming of Age, Fantasy, Musical] ##
=> s445 ## Disney Vampirina ## TV Show ## NaN ## [Isabella Crovetti, James Van Der Beek, Jordan Davis, Lauren Graham, Mitchell Whitfield, Wanda Sykes] ## Ireland, United States ## May 22, 2020 ## 2017 ## TV-Y7 ## 2 Seasons ## [Animation, Fantasy, Kids] ##
=> s682 ## Bolt ## Movie ## Chris Williams, Byron Howard ## [James Lipton, John Travolta, Malcolm McDowell, Mark Walton, Miley Cyrus, Susie Essman] ## United States ## November 12, 2019 ## 2008 ## PG ## 98 min ## [Action-Adventure, Animation, Comedy] ##
=> s354 ## Jungle Animal Rescue ## TV Show ## NaN ## [Dan Nachtrab] ## United States ## August 14, 2020 ## 2019 ## TV-PG ## 1 Season ## [Animals & Nature, Docuseries, Family] ##
