Ranking de jogadores:
1. MatheusPereira - Media: 3.40 - Gols: 8
2. KaioJorge - Media: 2.50 - Gols: 6
3. Hulk - Media: 2.00 - Gols: 4
4. Vegetti - Media: 2.00 - Gols: 4
5. VitorRoque - Media: 2.00 - Gols: 4
6. Pedro - Media: 1.75 - Gols: 4
7. GustavoScarpa - Media: 1.75 - Gols: 2
8. Cano - Media: 1.50 - Gols: 4
9. Neymar - Media: 1.00 - Gols: 1
10. YuriAlberto - Media: 0.50 - Gols: 1
Ranking de jogadores:
1. Rafael - Média: 2.67 - Gols: 5
2. Bruno - Média: 2.33 - Gols: 6
3. Carlos - Média: 2.00 - Gols: 3
4. Matheus - Média: 2.00 - Gols: 2
5. Richard - Média: 1.67 - Gols: 4
6. Thiago - Média: 1.67 - Gols: 4
7. Eduardo - Média: 1.67 - Gols: 3
8. Pedro - Média: 1.67 - Gols: 3
9. Samuel - Média: 1.33 - Gols: 4
10. Igor - Média: 1.00 - Gols: 3
11. Leandro - Média: 1.00 - Gols: 2
12. Ricardo - Média: 1.00 - Gols: 1
13. Henrique - Média: 0.67 - Gols: 2
14. Gustavo - Média: 0.67 - Gols: 1
15. Lucas - Média: 0.67 - Gols: 1
16. Alberto - Média: 0.67 - Gols: 0
17. Felipe - Média: 0.33 - Gols: 1
18. Fernando - Média: 0.33 - Gols: 1
19. Marcos - Média: 0.33 - Gols: 1
20. Diego - Média: 0.00 - Gols: 0
