=> Mew
raiz  ESQ esq dir esq  ESQ  ESQ dir esq esq esq dir dir dir esq esq  SIM
=> Charmander
raiz  ESQ esq esq dir  ESQ  ESQ dir esq esq esq esq dir dir  ESQ  DIR  DIR  ESQ  DIR  DIR esq  ESQ  ESQ  DIR  DIR  ESQ  DIR  DIR  ESQ  ESQ  ESQ  DIR  DIR esq esq esq dir  ESQ  DIR  DIR  ESQ  ESQ  DIR  DIR  ESQ  DIR  NAO
=> Squirtle
raiz  ESQ esq dir esq  ESQ  ESQ dir dir esq esq dir  ESQ  DIR  DIR  ESQ  DIR  DIR dir dir dir dir  ESQ  ESQ  DIR  DIR  ESQ  DIR  DIR  ESQ  ESQ  ESQ  DIR  DIR dir esq  ESQ  DIR  DIR  ESQ  ESQ  DIR  DIR  ESQ  DIR  NAO
=> Pikachu
raiz  ESQ esq dir esq  ESQ  ESQ dir esq esq esq dir dir dir dir esq dir  ESQ  DIR  DIR  ESQ  DIR  DIR dir dir dir esq  ESQ  ESQ  DIR  DIR  ESQ  DIR  DIR  ESQ  ESQ  ESQ  DIR  DIR dir esq  ESQ  DIR  DIR  ESQ  ESQ  DIR  DIR  ESQ  DIR  NAO
=> Jigglypuff
raiz  ESQ esq esq dir  ESQ  ESQ dir esq esq esq dir esq dir dir  ESQ  DIR  DIR  ESQ  DIR  DIR dir dir esq dir  ESQ  ESQ  DIR  DIR  ESQ  DIR  DIR  ESQ  ESQ  ESQ  DIR  DIR esq esq dir  ESQ  DIR  DIR  ESQ  ESQ  DIR  DIR  ESQ  DIR  NAO
=> Poliwag
raiz  ESQ esq dir esq  ESQ  ESQ dir esq esq esq dir dir dir dir esq dir  ESQ  DIR  DIR  ESQ  DIR  DIR dir dir dir esq  ESQ  ESQ  DIR  DIR  ESQ  DIR  DIR  ESQ  ESQ  ESQ  DIR  DIR dir esq  ESQ  DIR  DIR  ESQ  ESQ  DIR  DIR  ESQ  DIR  NAO
=> Meowth
raiz  ESQ esq dir esq  ESQ  ESQ dir esq esq esq dir dir dir esq esq esq  ESQ  DIR  DIR  ESQ  DIR  DIR dir dir dir esq  ESQ  ESQ  DIR  DIR  ESQ  DIR  DIR  ESQ  ESQ  ESQ  DIR  DIR esq dir  ESQ  DIR  DIR  ESQ  ESQ  DIR  DIR  ESQ  DIR  NAO
=> Scyther
raiz  ESQ esq dir esq  ESQ  ESQ dir esq dir dir dir  ESQ  DIR  DIR  ESQ  DIR  DIR dir dir dir esq  ESQ  ESQ  DIR  DIR  ESQ  DIR  DIR  ESQ  ESQ  ESQ  DIR  DIR dir esq  ESQ  DIR  DIR  ESQ  ESQ  DIR  DIR  ESQ  DIR  NAO
=> Chikorita
raiz  ESQ esq esq dir  ESQ  ESQ dir esq esq esq esq dir dir  ESQ  DIR  DIR  ESQ  DIR  DIR esq  ESQ  ESQ  DIR  DIR  ESQ  DIR  DIR  ESQ  ESQ  ESQ  DIR  DIR esq esq esq dir  ESQ  DIR  DIR  ESQ  ESQ  DIR  DIR  ESQ  DIR  NAO
=> Totodile
raiz  ESQ esq dir dir  ESQ  ESQ dir dir dir dir esq dir dir esq  ESQ  DIR  DIR  ESQ  DIR  DIR dir dir dir dir  ESQ  ESQ  DIR  DIR  ESQ  DIR  DIR  ESQ  ESQ  ESQ  DIR  DIR dir esq  ESQ  DIR  DIR  ESQ  ESQ  DIR  DIR  ESQ  DIR  NAO
=> Ditto
raiz  ESQ esq esq dir  ESQ  ESQ dir esq esq esq dir esq esq dir esq dir esq  ESQ  DIR  DIR  ESQ  DIR  DIR dir esq  SIM
=> Togepi
raiz  ESQ esq dir dir  ESQ  ESQ dir dir dir dir esq dir dir esq  ESQ  DIR  DIR  ESQ  DIR  DIR dir dir dir dir  ESQ  ESQ  DIR  DIR  ESQ  DIR  DIR  ESQ  ESQ  ESQ  DIR  DIR dir esq  ESQ  DIR  DIR  ESQ  ESQ  DIR  DIR  ESQ  DIR  NAO
=> Ampharos
raiz  ESQ esq esq esq  ESQ  ESQ  SIM
=> Misdreavus
raiz  ESQ esq dir esq  ESQ  ESQ dir esq esq esq dir dir dir esq esq dir  ESQ  DIR  DIR  ESQ  DIR  DIR dir dir dir esq  ESQ  ESQ  DIR  DIR  ESQ  DIR  DIR  ESQ  ESQ  ESQ  DIR  DIR esq dir  ESQ  DIR  DIR  ESQ  ESQ  DIR  DIR  ESQ  DIR  NAO
=> Houndour
raiz  ESQ esq esq dir  ESQ  ESQ dir esq esq esq dir esq dir dir  ESQ  DIR  DIR  ESQ  DIR  DIR dir dir esq esq  ESQ  ESQ  DIR  DIR  ESQ  DIR  DIR  ESQ  ESQ  ESQ  DIR  DIR esq esq dir  ESQ  DIR  DIR  ESQ  ESQ  DIR  DIR  ESQ  DIR  NAO
=> Treecko
raiz  ESQ esq dir dir  ESQ  ESQ dir dir dir dir  SIM
=> Tyranitar
raiz  ESQ esq dir dir  ESQ  ESQ dir dir dir dir dir  SIM
=> Mudkip
raiz  ESQ esq dir esq  ESQ  ESQ dir esq esq esq dir dir dir esq esq dir  ESQ  DIR  DIR  ESQ  DIR  DIR dir dir dir esq  ESQ  ESQ  DIR  DIR  ESQ  DIR  DIR  ESQ  ESQ  ESQ  DIR  DIR esq dir  ESQ  DIR  DIR  ESQ  ESQ  DIR  DIR  ESQ  DIR  NAO
=> Ralts
raiz  ESQ esq dir esq  ESQ  ESQ dir esq dir esq  ESQ  DIR  DIR  ESQ  DIR  DIR dir dir dir esq  ESQ  ESQ  DIR  DIR  ESQ  DIR  DIR  ESQ  ESQ  ESQ  DIR  DIR dir esq  ESQ  DIR  DIR  ESQ  ESQ  DIR  DIR  ESQ  DIR  NAO
=> Shinx
raiz  ESQ esq dir esq  ESQ  ESQ dir esq dir dir dir  ESQ  DIR  DIR  ESQ  DIR  DIR dir dir dir esq  ESQ  ESQ  DIR  DIR  ESQ  DIR  DIR  ESQ  ESQ  ESQ  DIR  DIR dir esq  ESQ  DIR  DIR  ESQ  ESQ  DIR  DIR  ESQ  DIR  NAO
=> Gible
raiz  ESQ esq esq dir  ESQ  ESQ dir esq esq esq dir esq dir dir  ESQ  DIR  DIR  ESQ  DIR  DIR dir esq dir  ESQ  ESQ  DIR  DIR  ESQ  DIR  DIR  ESQ  ESQ  ESQ  DIR  DIR esq esq dir  ESQ  DIR  DIR  ESQ  ESQ  DIR  DIR  ESQ  DIR  NAO
=> Snivy
raiz  ESQ esq dir esq  ESQ  ESQ dir esq dir dir dir  ESQ  DIR  DIR  ESQ  DIR  DIR dir dir dir esq  ESQ  ESQ  DIR  DIR  ESQ  DIR  DIR  ESQ  ESQ  ESQ  DIR  DIR dir esq  ESQ  DIR  DIR  ESQ  ESQ  DIR  DIR  ESQ  DIR  NAO
=> Tepig
raiz  ESQ esq dir esq  ESQ  ESQ dir dir dir dir esq esq  ESQ  DIR  DIR  ESQ  DIR  DIR dir dir dir dir  ESQ  ESQ  DIR  DIR  ESQ  DIR  DIR  ESQ  ESQ  ESQ  DIR  DIR dir esq  ESQ  DIR  DIR  ESQ  ESQ  DIR  DIR  ESQ  DIR  NAO
=> Froakie
raiz  ESQ esq esq dir  ESQ  ESQ dir esq esq esq dir esq dir dir  ESQ  DIR  DIR  ESQ  DIR  DIR dir esq dir  ESQ  ESQ  DIR  DIR  ESQ  DIR  DIR  ESQ  ESQ  ESQ  DIR  DIR esq esq dir  ESQ  DIR  DIR  ESQ  ESQ  DIR  DIR  ESQ  DIR  NAO
=> Rowlet
raiz  ESQ esq dir esq  ESQ  ESQ dir esq dir dir dir  ESQ  DIR  DIR  ESQ  DIR  DIR dir dir dir esq  ESQ  ESQ  DIR  DIR  ESQ  DIR  DIR  ESQ  ESQ  ESQ  DIR  DIR dir esq  ESQ  DIR  DIR  ESQ  ESQ  DIR  DIR  ESQ  DIR  NAO
