1397690 Riot At World Sep/2020 50000 - 100000 0 0.99 0 [English] null true false false 0% null Zeruk Studios [Action, Adventure, Casual, Indie]
310450 Steel & Steam: Episode 1 Jul/2014 50000 - 100000 0 0.00 0 [English] www.redmeatgames.ca true false false 32% 4m Red Meat Games [RPG]
546490 Heart and Seoul Nov/2016 50000 - 100000 0 1.49 1 [English, Simplified Chinese] null true true true 45% 4h 18m Sapphire Dragon Productions [Casual, Simulation]
884550 Mist of the Dark Aug/2018 50000 - 100000 0 0.00 0 [English] null true false false 47% null Visualistic Studios, LLC. [Violent, Gore, Action, Free to Play, Indie, Early Access]
588160 Pizza Connection 3 Mar/2018 50000 - 100000 0 1.99 1 [English, French, Italian, German, Spanish - Spain, Polish, Russian, Simplified Chinese, Portuguese - Brazil] null true true true 48% 6h 21m Gentlymad Studios [Simulation, Strategy]
1457920 VITATIO 3 Dec/2020 50000 - 100000 0 2.99 9 [English] null true false false 50% null ColloseusX [Action, Casual, Indie]
622470 Road Dogs Sep/2017 50000 - 100000 0 0.00 0 [English, Russian] https://roaddogs.online true true true 51% 13m Teletower Studios [Action, Adventure, Free to Play, Indie, Massively Multiplayer, Racing, RPG, Strategy, Early Access]
579820 Robinson: The Journey Feb/2017 50000 - 100000 0 19.99 0 [English, French, Italian, German, Spanish - Spain] http://robinsonthegame.com/ true false false 53% 1h 39m Crytek [Adventure]
960330 Dark Gnome Mar/2019 50000 - 100000 0 0.00 0 [English, German, Polish] https://company.upjers.com/en/ true false false 55% 1m upjers [Action, Casual, Free to Play, Strategy]
410390 Warhammer: Vermintide VR - Hero Trials Dec/2016 50000 - 100000 0 0.00 0 [English] http://www.vermintide.com true false false 60% null Fatshark [Violent, Gore, Action, Free to Play]
886960 Dragon Spear Aug/2018 50000 - 100000 0 14.99 3 [English, Korean, Simplified Chinese, Traditional Chinese, Japanese] null true true false 63% 19h 25m Game2Gather [Action, Adventure, Indie, RPG]
1570070 Beholder 3 Mar/2022 50000 - 100000 0 14.99 0 [English, German, Russian, Simplified Chinese] null true false false 66% null Paintbucket Games [Adventure, Indie, Simulation, Strategy]
277270 Return to Mysterious Island 2 Mar/2014 50000 - 100000 0 1.19 0 [English, French, Italian, German, Spanish - Spain, Polish, Russian] null true false false 66% 7h 2m Kheops Studio [Adventure, Casual]
1877330 NEXT DOOR - An Eternal World Feb/2022 50000 - 100000 0 5.99 0 [Japanese] http://nextdoor.html.xdomain.jp/ true false false 67% null 莞爾の草 [Adventure, Indie, RPG]
524030 Machine Learning: Episode I Sep/2016 50000 - 100000 0 0.99 0 [English] null true false false 67% 3h 40m Volens Nolens Games [Action, Adventure, Free to Play, Indie]
4520 Full Spectrum Warrior Jul/2007 50000 - 100000 0 9.99 0 [English, French, Italian, Spanish - Spain, Korean, German] null true false false 68% 7m Pandemic Studios [Action, Strategy]
1785120 Forsake Mar/2022 50000 - 100000 0 3.99 0 [English] https://www.unseeninteractive.com true false false 68% null Unseen Interactive [Indie, Early Access]
1099400 唤境引擎 Evkworld Jul/2019 50000 - 100000 0 0.00 0 [Simplified Chinese] https://www.evkworld.com/ true true false 69% null 星飞游戏 [Game Development]
438180 Super Mustache Jan/2016 500000 - 1000000 0 1.99 0 [English] http://www.backtobasicsgaming.com/ true false false 73% 3h 21m Redro Games [Action, Adventure, Casual, Indie]
249990 FORCED: Slightly Better Edition Oct/2013 500000 - 1000000 0 14.99 2 [English, German, Spanish - Spain, Portuguese, Russian, Swedish, Italian, Danish, French, Polish] http://forcedthegame.com true true true 74% 6h 1m BetaDwarf [Action, Adventure, Indie, RPG]
703940 Ball 2D: Soccer Online Sep/2017 50000 - 100000 0 0.00 0 [English] null true true false 76% 17m Unusualsoft [Action, Casual, Free to Play, Indie, Massively Multiplayer, Simulation, Sports]
392160 X4: Foundations Nov/2018 500000 - 1000000 0 49.99 8 [English, German, French, Italian, Simplified Chinese, Portuguese - Brazil, Spanish - Spain, Traditional Chinese, Russian, Korean, Japanese, Spanish - Latin America, Polish] https://www.x4foundations.com true false true 76% 140h 29m Egosoft [Action, Simulation, Strategy]
244890 Velocity®Ultra Dec/2013 50000 - 100000 0 0.99 1 [English, French, Italian, German, Spanish - Spain] http://www.velocitygame.co.uk/velocity-ultra/ true false false 76% 2h 14m Curve Studios,FuturLab [Action, Indie]
668550 8Doors: Arum's Afterlife Adventure Apr/2021 50000 - 100000 0 19.99 2 [Korean, English, Simplified Chinese, German, Spanish - Spain, Russian, Japanese, Portuguese - Brazil, French] https://playneowiz.com/8doors true false false 78% null Rootless Studio [Action, Adventure, Indie]
45740 Dead Rising® 2 Sep/2010 500000 - 1000000 17 19.99 4 [English, French, Italian, Spanish - Spain, Japanese, Korean] http://www.deadrising-2.com/ true false false 78% 6h 51m Capcom Vancouver [Action, Adventure]
1489630 Carrier Command 2 Aug/2021 50000 - 100000 0 29.99 1 [English, French, German, Spanish - Spain, Japanese, Portuguese - Brazil, Russian, Simplified Chinese] https://www.microprose.com/games/carrier-command-2/ true true false 78% 11h 12m Geometa [Action, Adventure, Simulation, Strategy]
594050 Red Alliance Oct/2018 50000 - 100000 0 5.99 0 [English, Russian, French, Turkish] null true false false 78% 2h 36m 2ndUp Studios [Action, Adventure, Indie]
1543150 The Fermi Paradox Jul/2021 50000 - 100000 0 18.99 1 [English] http://fermi-paradox.com/ true false false 79% null Anomaly Games [Indie, Simulation, Strategy, Early Access]
826600 I am not a Monster: First Contact Sep/2018 50000 - 100000 0 10.99 1 [English, Russian, Simplified Chinese, French, German, Spanish - Spain] https://iamnotamonster.com?utm_source=SteamPage true false false 79% 16h 32m Cheerdealers [Indie, Massively Multiplayer, RPG, Strategy]
822990 Spinnortality | cyberpunk management sim Feb/2019 50000 - 100000 0 9.99 1 [English, German, French, Turkish] https://spinnortality.com true true true 79% null James Patton [Indie, Simulation, Strategy]
1419730 Seek Girl Ⅵ Sep/2020 50000 - 100000 0 1.99 1 [English, Simplified Chinese] null true false false 80% 45h 44m DSGame [Casual, Indie, Strategy]
392920 Arvale Aug/2015 50000 - 100000 0 4.99 1 [English] null true false false 80% 3h 14m Jaybot7 [Adventure, Casual, Indie, RPG]
1770660 Deluded I Dec/2021 50000 - 100000 0 6.99 0 [English, French, Italian, German, Spanish - Spain, Arabic, Hungarian, Japanese, Portuguese, Portuguese - Brazil, Russian, Simplified Chinese, Spanish - Latin America, Turkish, Ukrainian] https://www.newideagames.com/ true false false 81% null New IDEA Games [Action, Adventure, RPG]
497850 8-Bit Hordes Aug/2016 50000 - 100000 0 14.99 1 [English, French, German, Portuguese - Brazil, Russian, Simplified Chinese, Hungarian, Polish, Italian, Spanish - Spain, Arabic, Dutch, Romanian, Turkish] null true false false 81% 17h 15m Petroglyph [Indie, Simulation, Strategy]
1420770 Winter Resort Simulator 2 Nov/2020 50000 - 100000 0 24.99 3 [English, German, French, Italian, Spanish - Spain, Polish] null true false false 81% 12h 23m HR Innoways [Casual, Indie, Simulation]
6980 Thief: Deadly Shadows Mar/2007 500000 - 1000000 0 8.99 0 [English] http://www.eidos.co.uk/gss/thief_ds/ true false false 82% 13h 17m Ion Storm [Action]
1472660 No Place Like Home Mar/2022 50000 - 100000 0 19.99 0 [English, French, German, Spanish - Spain, Simplified Chinese, Polish] null true false false 83% 48m Chicken Launcher [Adventure, Casual, Indie, RPG, Simulation]
755980 DEPLOYMENT Apr/2018 50000 - 100000 6 9.99 0 [English, Russian, Ukrainian, French, German, Spanish - Spain, Simplified Chinese] https://store.steampowered.com/app/1852830/SPACE_ACCIDENT/ true false false 83% 5m Whale Rock Games [Action, Adventure, Casual, Indie, Massively Multiplayer, Racing, Sports, Strategy]
392470 NOBUNAGA'S AMBITION: Sphere of Influence Sep/2015 50000 - 100000 0 59.99 9 [English] http://www.koeitecmoamerica.com/sphereofinfluence/ true false false 83% null KOEI TECMO GAMES CO., LTD. [Strategy]
24800 Command & Conquer: Red Alert 3 - Uprising Oct/2009 500000 - 1000000 0 19.99 0 [English, Czech, French, German, Hungarian, Italian, Polish, Russian, Spanish - Spain] null true false false 84% 9h 16m EA Los Angeles [Strategy]
1389550 Mind Scanners May/2021 50000 - 100000 0 16.99 1 [English, French, German, Danish, Russian, Simplified Chinese, Polish] https://www.braveatnight.co.uk/ true true false 84% null The Outer Zone [Adventure, RPG, Simulation, Strategy]
358250 Cosmo's Cosmic Adventure May/2014 50000 - 100000 0 4.99 0 [English] https://3drealms.com/catalog/cosmos-cosmic-adventure_37/ true true false 84% null 3D Realms (Apogee Software) [Action, Adventure]
909660 Vagrus - The Riven Realms Oct/2021 50000 - 100000 0 29.99 3 [English] https://vagrus.com true true true 85% 65h 52m Lost Pilgrims Studio [Indie, RPG, Strategy]
1894760 SnakeGame Feb/2022 50000 - 100000 0 24.99 0 [English] null true false false 85% null galesoozka [Casual]
22500 Spectromancer Feb/2009 50000 - 100000 0 6.99 1 [English, Russian] http://spectromancer.com true false false 86% 1h 53m Apus Software,Three Donkeys LLC [Indie, Strategy]
773580 Game Dev Studio Mar/2018 50000 - 100000 0 9.99 1 [English, German, French, Russian, Simplified Chinese] http://www.gamedevstudiogame.com/press/index.php true false true 86% 13m Explosive Squat Games [Casual, Indie, Simulation, Strategy]
1201240 BLEACH Brave Souls Aug/2020 500000 - 1000000 0 0.00 0 [English, French, Japanese, Thai, Simplified Chinese, Traditional Chinese, Korean] https://www.bleach-bravesouls.com/ true false false 87% 156h 36m KLab Inc. [Action, Casual, Free to Play, RPG]
1415200 Pitched Battle Sep/2020 50000 - 100000 0 1.99 0 [English] null true false false 88% null MoonGame [Action, Adventure, Casual, Indie, Strategy]
992300 嗜血印 Bloody Spell Jan/2022 500000 - 1000000 0 24.99 17 [English, Simplified Chinese, Japanese] https://weibo.com/2042172087/profile true false false 88% 42h 40m 艺龙游戏 [Action, Adventure, Indie, RPG]
1257360 Bloodstained: Curse of the Moon 2 Jul/2020 50000 - 100000 0 14.99 0 [English, Japanese] http://curseofthemoon.com/en/2/ true false false 89% 9h 11m INTI CREATES CO., LTD. [Action]
400660 Reverse Crawl Sep/2015 50000 - 100000 0 0.89 0 [English] https://www.digerati.games/game/9-reverse-crawl true true false 89% 2h 13m Nerdook Productions [Action, Adventure, RPG, Strategy]
234670 NARUTO SHIPPUDEN: Ultimate Ninja STORM 3 Full Burst HD Oct/2013 500000 - 1000000 0 19.99 0 [English, French, Spanish - Spain, Italian, German, Portuguese - Brazil, Russian, Traditional Chinese] http://www.naruto-videogames.com/ true false false 90% 12h 47m CyberConnect2 Co. Ltd. [Action, Adventure]
482450 Nitroplus Blasterz: Heroines Infinite Duel Dec/2016 50000 - 100000 0 19.99 0 [English, Japanese] http://www.nitroplusblasterz.com true false false 90% 3h 50m EXAMU [Action]
574820 Cat or Bread? May/2017 500000 - 1000000 0 0.99 0 [Russian] null true false false 91% 8h 3m Casioqu [Casual, Indie]
523660 HYPERCHARGE: Unboxed Apr/2020 500000 - 1000000 0 19.99 3 [English, French, German, Spanish - Spain, Spanish - Latin America, Italian, Japanese, Korean, Simplified Chinese, Traditional Chinese, Portuguese - Brazil, Russian] http://www.hypercharge.digitalcybercherries.com/ true false true 91% 2h Digital Cybercherries [Action, Adventure, Casual, Indie, Strategy]
1035750 文字獄 Mar/2019 50000 - 100000 0 0.00 0 [Traditional Chinese] https://jiahojiangames.com/zh/ true true true 91% null Jia-Ho Jian [Adventure, Free to Play, Indie]
731770 Flightless Classic Oct/2017 50000 - 100000 0 0.00 0 [English] null true false false 91% null Bristol Street Studios [Adventure, Free to Play, Indie]
1112930 Dredgers Oct/2019 50000 - 100000 0 11.99 0 [English, Simplified Chinese] null true false false 92% null Pirate-Rob [Indie, RPG]
944010 S.W.I.N.E. HD Remaster May/2019 50000 - 100000 0 2.99 0 [English, French, Italian, German, Spanish - Spain, Hungarian, Russian, Czech, Simplified Chinese] https://swinethegame.com true false false 92% 59m Kite Games [Strategy]
517910 Sisyphus Reborn Sep/2016 50000 - 100000 0 0.00 2 [English, Spanish - Spain, German, French] http://www.myshkin.net/sisyphus-reborn true false true 93% 1135h 59m Edwin Montgomery,Myshkin Entertainment [Adventure]
604240 Shotgun Farmers Mar/2019 500000 - 1000000 0 9.99 0 [English, French, German, Dutch, Japanese, Russian, Italian, Spanish - Spain, Portuguese - Brazil, Swedish, Simplified Chinese, Korean, Traditional Chinese] http://www.shotgunfarmers.com true true true 93% 8h 3m Megastorm Games [Action, Indie]
306020 Bloons TD 5 Nov/2014 500000 - 1000000 0 9.99 13 [English, French, Italian, German, Spanish - Spain, Danish, Finnish, Japanese, Korean, Norwegian, Portuguese - Brazil, Russian, Swedish, Turkish] http://ninjakiwi.com true true false 94% 19h 43m Ninja Kiwi [Action, Strategy]
1203710 UnMetal Sep/2021 50000 - 100000 0 19.99 2 [English, Spanish - Spain, Italian, Russian, French, German, Portuguese - Brazil, Japanese, Korean, Simplified Chinese] http://www.unepicfran.com true false false 95% 5h 26m @unepic_fran [Action, Adventure, Indie]
1897580 SEARCH ALL - RUNES Feb/2022 50000 - 100000 0 0.99 0 [English, French, Italian, German, Spanish - Spain, Arabic, Bulgarian, Portuguese - Brazil, Hungarian, Vietnamese, Greek, Danish, Spanish - Latin America, Traditional Chinese, Simplified Chinese, Korean, Dutch, Norwegian, Polish, Portuguese, Romanian, Russian, Thai, Turkish, Ukrainian, Finnish, Czech, Swedish, Japanese] null true false false 95% null Laush Dmitriy Sergeevich [Casual, Indie]
432380 Hydra Slayer Mar/2016 50000 - 100000 0 5.99 0 [English] http://roguetemple.com/z/hydra/ true true true 95% null Zeno Rogue [RPG, Strategy]
1889320 Timeline Apr/2022 50000 - 100000 0 11.99 0 [English] https://taueon.com/timeline/timeline.html true true true 95% null Taueon [Indie, Strategy]
405640 Pony Island Jan/2016 500000 - 1000000 0 4.99 1 [English, French, Italian, German, Spanish - Spain, Danish, Turkish, Portuguese, Polish, Dutch, Russian] http://www.pony-island.com true true true 95% 2h 23m Daniel Mullins Games [Indie]
32360 The Secret of Monkey Island: Special Edition Jul/2009 500000 - 1000000 0 9.99 0 [English, French, German, Italian, Spanish - Spain] http://www.monkeyislandspecialedition.com true false false 95% 4h 19m LucasArts [Adventure]
1147690 NGU IDLE Oct/2019 500000 - 1000000 0 0.00 0 [English] null true false false 96% 73h 4m 4G [Adventure, Free to Play, Indie, Simulation]
339350 Choice of Robots Dec/2014 50000 - 100000 0 5.99 0 [English] https://www.choiceofgames.com/ true true true 97% 3h 51m Choice of Games [Indie, RPG]
926340 Roman's Christmas / 罗曼圣诞探案集 Feb/2020 50000 - 100000 0 9.89 1 [Simplified Chinese, Traditional Chinese, English, Korean] https://afdian.net/@apoto5 true true false 97% 7h 16m apoto5 [Adventure, Indie, RPG, Simulation, Strategy]
1082710 Bug Fables: The Everlasting Sapling Nov/2019 50000 - 100000 0 19.99 1 [English, Spanish - Latin America, Japanese, Portuguese - Brazil, German, Korean] https://bugfables.dangenentertainment.com/ true false false 98% 17h 35m Moonsprout Games [Action, Adventure, Indie, RPG]
1557050 Combat Chess Feb/2021 50000 - 100000 0 0.99 0 [English] null true false false 100% null Mind's Eye [Strategy]
1628370 Lipstick Assassin May/2021 50000 - 100000 0 9.99 0 [English] null true false false 100% null Pamela Linares,Gamma Ray Chamber [Action, Adventure, Indie, RPG]
34277 Shinobi™ III: Return of the Ninja Master Jun/2010 50000 - 100000 0 0.99 0 [English] http://www.sega.com true true true 100% null SEGA [Action]
