Mass Effect 2 (2010) Edition: =>raiz  esq esq dir dir dir dir esq dir esq esq SIM
Sid Meier's Civilization®: Beyond Earth™: =>raiz  esq dir esq dir dir dir dir SIM
ICEY: =>raiz  esq esq dir dir dir esq esq esq SIM
The Path: =>raiz  esq dir dir dir esq dir SIM
Command & Conquer 3: Kane's Wrath: =>raiz  esq esq esq dir esq dir esq dir SIM
Myst III: Exile: =>raiz  esq esq dir dir dir dir esq dir dir SIM
The Misadventures of P.B. Winterbottom: =>raiz  esq dir dir dir esq esq dir SIM
Tooth and Tail: =>raiz  dir esq esq SIM
Boomerang X: =>raiz  esq esq esq dir esq esq dir SIM
Frozen Synapse Prime: =>raiz  esq esq dir esq dir dir dir SIM
BULLET SOUL / バレットソウル - 弾魂 -: =>raiz  esq esq esq esq dir dir SIM
Half-Life 2: Episode One: =>raiz  esq esq dir dir esq SIM
Battle Academy 2: Eastern Front: =>raiz  esq esq esq esq dir dir dir NAO
Visage: =>raiz  dir esq dir esq dir SIM
The Fall: =>raiz  esq dir dir dir esq esq dir esq NAO
Civilization IV: Beyond the Sword: =>raiz  esq esq esq dir esq dir esq dir esq NAO
Wuppo: Definitive Edition: =>raiz  dir esq dir dir NAO
Age of Wonders Shadow Magic: =>raiz  esq esq esq esq dir esq dir NAO
Star Control III: =>raiz  esq dir dir esq esq esq esq dir NAO
Ultros: =>raiz  dir esq dir esq dir esq esq NAO
The Blackwell Legacy: =>raiz  esq dir dir esq dir dir NAO
METAL GEAR SOLID V: THE PHANTOM PAIN: =>raiz  esq esq dir dir dir SIM
Bridge Constructor Portal: =>raiz  esq esq esq dir esq esq dir dir NAO
Mushroom Wars 2: =>raiz  esq esq dir dir dir dir esq dir dir esq NAO
OMORI: =>raiz  esq esq dir dir dir dir dir esq esq dir esq NAO
Paper Trail: =>raiz  esq esq dir dir dir dir dir dir dir esq dir NAO
Dominions 3: The Awakening: =>raiz  esq esq dir esq dir esq esq NAO
Pix the Cat: =>raiz  esq esq dir dir dir dir dir dir dir dir NAO
Dark Future: Blood Red States: =>raiz  esq esq dir esq esq dir esq NAO
Valdis Story: Abyssal City: =>raiz  dir esq dir esq dir esq dir NAO
Impostor Factory: =>raiz  esq esq dir dir dir esq esq dir esq esq dir NAO
