Adrian Smith 
Alec Kessler 
Andy Johnson 
Ariel Maughan 
Art Burris 
Ben McDonald 
Bill Ebben 
Bill Laimbeer 
Bob Kinney 
Bob Schafer 
Carl Shaeffer 
Chris Harris 
Chris Welp 
Cliff Barker 
Craig Dykema 
Curtis Kitchen 
Darren Tillis 
Eddie Phillips 
Frank Johnson 
George Reynolds 
Glenn McDonald 
Harold Pressley 
Herb Williams 
Jaren Jackson 
Jeff Sanders 
Jerry Fleishman 
Joe Buckhalter 
Joe Caldwell 
John Johnson 
John Stroud 
Johnny Jones 
Johnny Orr 
Ken Johnson 
Ken Norman 
Kevin Grevey 
Kevin Willis 
Leo Kubiak 
Marvin Barnes 
Michael Phelps 
Mike Davis 
Ollie Johnson 
Paul Walther 
Robert Horry 
Ron Harper 
Russ Schoene 
Sarunas Marciulionis* 
Stephen Thompson 
Toby Kimball 
Tony Bennett 
