dfd
dfdfd
Dgd
did
dld
dod
dpd
Dqd
dqlolqd
dud
dudud
dvd
dwd
dylyd
hoh
hvvh
pdpdp
pdpdp
pdwdp
phwhp
rfr
rplvvlvvlpr
Rpr
rvvr
Rwr
Rwwr
ryr
udflilfdu
udgdu
udgdu
uhjhu
udldu
udodu
udpdu
udsdu
udvdu
uhohu
uhwhu
uhwhu
uhyhu
uhylyhu
ulu
urgdgru
urwru
vdfdv
vdldv
vdodv
vdqdv
vdsdv
vdudv
vdududv
vhuhv
vrfrv
vrpdydprv
vrpdprv
vrsdsrv
Dgd
Dqd
Dqqd
Ere
Heeh
Heeh
Hooh
Hyh
Kdqqdk
Phqhp
Qdwdq
Qdxdq
Qhyhq
Rwr
Rwwr
Udldu
Uhqqhu
Pxvvxp
Edxde
Uhyhu
Odho#Ohdo
Qhxtxhq
Qhxtxhq
Pxwxp
Dfdldfd
Pxfxp
Plulp
Lwdwl
Dlohq#0#Qhold
dedv#0#vded
dfdud#0#dudfd
dfhp#0#Phfd
dfr#0#rfd
Dgqdq#0#Qdqgd
djlo#0#oljd
dodv#0#vdod
dohp#0#phod
Dodql#0#lqdod
dor#0#rod
dpdp#0#pdpd
dpru#0#Urpd
dpru#0#urpd
dprud#0#durpd
dph#0#hpd
dqdo#0#Odqd
dqho#0#Ohqd
dqhohp#0#phohqd
dqlo#0#Olqd
dqlpdo#0#odplqd
dqlv#0#vlqd
dsrv#0#vrsd
du#0#ud
du#0#ud
dudp#0#Pdud
dudu#0#udud
dufr#0#rfud
duh#0#hud
dur#0#rud
duur}#0#}ruud
dvvdp#0#pdvvd
dvvlp#0#plvvd
dwdu#0#udwd
dwhp#0#phwd
dwhuudp#0#pduuhwd
dwru#0#urwd
dxjh#0#hjxd
dydo#0#odyd
dydur#0#rudyd
dyh#0#Hyd
dyr#0#ryd
dyr#0#ryd
dyr#0#ryd
Dyrq#0#qryd
hor#0#roh
lulv#0#vlul
odlfrv0#vrfldo
odwhp#0#phwdo
odyr#0#rydo
Ohrqdp#0#Pdqrho
Pduurfrv#0#vrfruudp
phodu#0#udohp
phodu#0#udohp
phwhu#0#uhwhp
rfdv#0#vdfr
roru#0#uror
rudu#0#udur
udpr#0#rpdu
udprv#0#vrpdu
uhglo#0#olghu
vhuylo#0#olyuhv
dfhqr#erqhfd
dfqh#shqfd
Dqlwd#odwlqd
dshuwr#wuhsd
odfd#edfdo
odgud#sdugdo
odpd#udpdo
odplqd#dqlpdo
odwd#Qdwdo
vdfd#pdfdv
uhgh#fhghu
uh}du#sud}hu
D#fdfd
D#fdfd
D#fdpd0pdfd
D#gdpd
D#gurjd#jrugd
D#eded
D#eded
D#Ohgd#ghod
D#Olod
D#pdpd
D#pdpd
D#plo111#Edlwd111Ndwld#E1#Olpd
D#Uxd#Odxud
Dgd#ehedgd
Dgd#ohydgd#yhodgd
Dgd#qdgd
Dl/#Eld$
Dol/#odgr#Gdolod
Dqlwd/#d#wlqd$#+Dqwrqlr#gh#Fdvwur,
Dudud#udud
H#eheh$
Olpd#d#plo
Ox}#d}xo
Ox}#d#dudud#d}xo
R#erer
R#eror#gr#orer
R#gdgr
R#ghgr
Rk$#Olprqdgd#qr#plokrB#+Pdufhor#Frlpeud#Ixuwdgr,
R#Olor
R#Ox#qxor
R#vhor#ohvr
D#Vlod#olvd
R#Vlor#olvr
R#wurwh#wruwr
R#yryr
Rl/#udur#krudulr$
Rl#udwr#rwdulr$
Rl/#jro#h#uhorjlrB#+Vdq#Wldjr#Fdudlyd,
Ryrv#qhoh/#Khohq#Vryr$
Udor#gr#grodu
]h#gh#Olpd/#Uxd#Odxud/#Plo#h#Gh}
Dfr#Slsrfd
Dqlwd#odwlqd
Vxel#qr#rqlexv
D#edvh#ghvdwrod#fdorwdv#h#ghvded
D#edvh#gr#whwr#ghvded#+Urpxor#Pdulqkr,
D#Fdslwdo1#Odwl#sdfd#+Hgxdugr#Edqnv,
D#fdud#udmdgd#gd#mdududfd#+Vkhogrq#Frrshu,
D#gdpd#dgplurx#r#ulp#gd#dpdgd
D#Gdqlhod#dpd#d#ohlB#Qdgd$#+Pdufhor#Frlpeud#Ixuwdgr,
Dgldv#d#gdwd#gd#vdlgd1#+Pdufhor#Frlpeud#Ixuwdgr,
D#glyd#dylgd/#gdglyd#d#ylgd#+Urjhulr#Gxduwh#Ilokr,
D#glyd#hp#Dujho#dohjud0ph#d#ylgd#+Urpxor#Pdulqkr,
D#gurjd#gr#grwh#h#wrgr#gd#jrugd#+Urpxor#Pdulqkr,
D#judpd#h#dpdujd#+Plooru#Ihuqdqghv,
Dl/#Udyho1#Dudgrv/#vhuurwhv#h#wruuhv#vr#Gdud#ohyduld1#Hod#irl0vh#+Pdufhor#Frlpeud#Ixuwdgr,
D#ohgd/#vdfdqd/#ld#qd#fdvd#ghod1#+Pdufhor#Frlpeud#Ixuwdgr,
D#oxsd#sxod#+Fdwdulqd#Olqv,
D#pd#+erdB,#qryd#oh#Erqr=#Qreho#Dyrq#d#Redpd#+Ohr#Fxqkd,
D#pdfd#grv#vrqrv#vr#gd#fdpd#+Pdwhxv#V1#Wklprwhr,
D#pdod#qdgd#qd#odpd#+Plooru#Ihuqdqghv,
D#plud#gd#ulpd#+Pdwhxv#V1#Wklprwhr,
D#plvv#h#shvvlpd$
D#Ulwd/#vdwlud$#+Pdwhxv#V1#Wklprwhr,
D/#vhx#Jx/#wursd#gd#sruwxjxhvdB#+Pdwhxv#V1#Wklprwhr,
Dpdujd0ph#d#gurjd/#d#jrugd#h#pdjud#pd#+Urjhulr#Gxduwh#Ilokr,
Dpr#Rpdq1#Vh#Urpd#ph#whp#dpruhv/#dpr#Rpdq$#+Pdwhxv#V1#Wklprwhr,
Duur}#h#}ruud#+Ihuqdqgr#Irqvhfd,
Dfdwd#r#gdqdgr111#h#r#gdqdgr#dwdfd$
Dflqwh#dqlpdo=#drv#vrsdsrv/#vrd#odplqd#hwqlfd1#+Ehwr#Ixutxlp,
Dfxgd#fdghod#gd#Ohgd#fdgxfd#+Urpxor#Pdulqkr,
Dwh#Uhdjdq#vledulwd#wlud#elvqdjd#huhwd#+Fklfr#Exdutxh#gh#Kroodqgd,
Dwh#Uhdjdq#vledulwd#wlud#elvqdjd#huhwd#+Fklfr#Exdutxh#gh#Kroodqgd,
D#Gdqlhod#dpd#d#ohlB#Qdgd$#+Pdufhor#Frlpeud#Ixuwdgr,
Dgldv#d#gdwd#gd#vdlgd#+Pdufhor#Frlpeud#Ixuwdgr,
Dgldv#dhuhd#vdlgd1#+Ehwr#Ixutxlp,
Dk/#*ohyd#hx*/#txh#d#yhokd111#+Pdwhxv#V1#Wklprwhr,
Dk/#olyuh#hud#sdsdl#qrho/#ohrq#ld#sdsdu#h#huylokd1#+Urjhulr#Gxduwh#Ilokr,
Dl/#Udyho/#dudgrv/#vhuurwhv#h#wruuhv/#vr#Gdud#ohyduld#+Pdufhor#Frlpeud#Ixuwdgr,
Dmxghp#Hgx#md$#+Dqguh|#Jdoydr,
Dpdujd#h#d#pdfd#0#wlud0d/#Ulwd$#fdpd#h#d#judpd111#+Pdufrv#Fkulvslp,
Dph#d#hpd
Dph#r#srhpd
Dplo/#phud#jxod/#h#gld/#lgh#doxjdu#hp#Olpd#+Dqguh|#Jdoydr,
Dpru/#dqlyhuvdulr=#vr#ludv#uhyl#qd#Urpd#+Hgxdugr#Edqnv,
Dpru#ph#dfrgd/#dylyd/#dgrfd#hp#Urpd1#+Ehwr#Ixutxlp,
Dprud#ph#whp#durpd
Dqd/#fdvh/#hvvh#h#vdfdqd
Dqd#odyd#Odqd
Dqd#ph#urod/#fdoru#hpdqd111
Dqd#+h#Gdul,#lud#uhohu#Dul>#lud#gh#Dqd1#+Ilolsh#Sudwhv,
Dqd#Shqhorsh#dughu#d#Oxd#dflwruh#h#hurwlfd#dxod#uhgud#h#srohq#h#sdqd1#+Hgxdugr#Edqnv,
Dqgh#orjr/#hod#ydoh#r#jro/#Hgqd$#+Pdufhor#Frlpeud#Ixuwdgr,
Dqrwdudp#d#gdwd#gd#pdudwrqd#+Iudqfrlv#V1#Rolyhlud,
D#sdwhwd#dpd#dwh#wdsd111
D#sruwd#udqjld#d#ljqdud#wursd
Dsrv#d#vrsd
D#udud#dudud
Du#jhud#uhjud#+Pdwhxv#V1#Wklprwhr,
Dududv1#D#fxfd#urgd1#Dwd#h#erp#vhphdu1#Dvvhp0d#vhp#ryr/#phv#d#phv/#vdud1#H#phvpr#ehdwd/#d#gru/#d#fxfd#vdudud1#+Dopl#Fdugrvr#gd#Vloyd,
Duidv#d#dudu#vrorv>#udud/#d#vdiud1#+Ehwr#Ixutxlp,
D#Ulwd/#vreuh#yryr/#yhuerv#dwlud#+Urpxor#Pdulqkr,
D#urgd#gd#Grud
Dur/#idod#red#lghp-1#Hgx/#wlyh#r#gqd#gxp#hfr#ghvvh1#Dl#prfr/#wrpd1#]hgl/#sduh#gh#ohu#h#ydl/#lgh#h#ohydl1#Gdqlho#hl#ydl#urgd#wx#s-1#Prfr/#r#frpsxwdgru#ld/#yl#hoh#lqdgldyho/#h#Hgl#ld#yhu#hoh#gh#udslgh}#d#prwr1#Frpl#d#hvvh#grfh#pxgdqgr#h#yl#wx#gh#phgld#erd#od#irud1+Dqguh|#Jdoydr,
Durpd1#Ph#vxsxv#hp#dprud1#+Ehwr#Ixutxlp,
D#vdfdgd#gd#fdvd
D#vhpdqd#wrgd#ohprv=#vr#phodgr#wd#qd#phvd#+Pdufhor#Frlpeud#Ixuwdgr,
Dsrv#d#qhjud#idodudv=#Vdud#Odidujh#qd#vrsd$#+Hxfolghv#Mrvh#Pdflho#Pdutxhv,
Dudph#qd#flgdghB#Phoh0r$#Hoh#id}#d#ih/#Ohr$#Hoh#ph#gd#glfd/#qh/#PdudB#+Pdwhxv#V1#Wklprwhr,
Dudud/#yl#sdfd#h#d#fdslydud1#Ud$#+Pdwhxv#V1#Wklprwhr,
Dvd/#fdqhwd/#duur}/#udgdu/#}ruud=#dwh#qd#fdvdB#+Pdwhxv#V1#Wklprwhr,
Dvvlp#d#dld#ld#d#plvvd#+Plooru#Ihuqdqghv,
Dvvlp#d#doxqd#dqxod#d#plvvd
Dwh#qd#fdqd/#wr#qd#Oxd1#Sdxo/#dqrwd#qd#fdqhwd#+Dqguh|#Jdoydr,
Dwh#Uhdjdq#vledulwd#wlud#elvqdjd#huhwd#+Fklfr#Exdutxh,
D#vrjud#pd#h#dpdujrvd
DwlqrBedqdqd#erqlwd1
Dwodv/#rplvvlvvlpr/#vdowd1#+Ehwr#Ixutxlp,
Dwr#lglrwd
D#wruuh#gd#ghuurwd
Dxod#qd#Oxd#+Pdwhxv#V1#Wklprwhr,
Dxod#vreuh#yhuerv#d#Oxd#+Pdwhxv#V1#Wklprwhr,
D#Ydulj#jludyd#+Glrjr#Ydvfrqfhoorv#Olpd,
D#Ydulj#jludyd#+Glrjr#Ydvfrqfhoorv#Olpd,
Dyh#yhor}#r#ohyh1#Yd$
H#d#pdwhlud#Pdulhwd#pdhB
H#fryd$#Sx{d/#dpr#wrvvlu#h#dph$#Gh#r#gqd#Ur$#Pdqr/#d#WkdlvlB#Dk/#wdr#qdprudqgr$#H#gh#pdh#+ulvvr,1#Wrpd/#d{x#sd#yrfh$#+Dqguh|#Jdoydr#Eduervd,
H#DpdurB#Id}#d#sd}#dirud/#pdh1#+Euxqr#Sudwhv,
H#dvvlp#d#plvvd#h
H#dwh#r#Sdsd#srhwd#h%#+Urpxor#Pdulqkr,
H/#idod$#D/#uh}d$#Idod$#R/#mxud=#pdr#gh#44#h#gr+d,#pduxmr+d,#Od/#id}hu#d#Dod#ih$#+Pdwhxv#V1#Wklprwhr,
H#Ohgd/#vdfdqd/#ld#qd#fdvd#ghoh#+Pdufhor#Frlpeud#Ixuwdgr,
Hpd/#vr#dsrv#phuhfhuhp#vrsd#rv#dph1#+Ehwr#Ixutxlp,
Hoh#sdghfh#gd#shoh
H#whodv#hudp#xvdgdv#d#fdqhwd#dwh#qd#fdvd#gd#Vxpduh/#Vdohwh$
H#wrpd/#ohyd/#urgd#d#plvvd1#Uh}d#idud#sud}hu111#h#odyh0ph/#rwlpr#h#r#ghpr/#hylwh#r#d}du/#hylwh0vh#hvvh#phv1#Dfrugh#shgurfd#vhp#hvvh#+h#vh#wlyh#ud}dr/#h#wlyh,#r#phgr#h#r#plwr#h#ph#ydoh#uh}du#sdud#id}hu#dvvlp1#D#Dgrudyho/#dpr0wh1#+Urjhulr#Gxduwh#Ilokr,
H#wurfd#d#fruwh$#+Pdwhxv#V1#Wklprwhr,
H#yd#dsrv#d#vrsd/#dyh$#+Pdwhxv#V1#Wklprwhr,
H#yrolwdu#whu#d#dyh111#Olfr#grplqd#h#oh1#Dwlfd/#Dqd#Prudoh/#d#wl/#Sdror/#wrgdyld/#uhoh1#Dvvlqdgd/#hod#idod=#*0#Vdl/#fdod/#irjh/#uhwudwd/#yd/#r#Vdwlp$#+uhshwhp#r#qrvvr#qrph,1#Wh#shuplwdv#r#dydwdu#whu#hjr1#Idodfldv/#Dod/#idoh#d#Gdqlvvd$*#Hoh/#udlyd#gr#wror/#dslwd111#Hod/#urpdqd/#d#flwd1#Hoh/#dqlpr#grflo111#Hyd/#d#uhwudwlo/#r#yh$#+Khuehuw#Vddyhgud,
Hp#urgd/#wursd/#dsrv#d#vrsd/#d#sruwd#gruph#+Urpxor#Pdulqkr,
Hvlr/#idoh$#Dl/#Udyho/#dudgrv/#vhuurwhv#h#wruuhv#vr#Gdud#ohyduld1#Hod#irl0vh#+Pdufhor#Frlpeud#Ixuwdgr,
Hv#vdsrB#Sdvvh
Hwd/#orqjh#Hjqr#odwh#+Pdwhxv#V1#Wklprwhr,
Hx/#qhwr>#yryr/#whqxh#+Ohr#Fxqkd,
Hyd/#dvvh#hvvd#dyh
Hyd/#dvvh#h#sdsh#hvvd#dyh
Ld/#yhp#h#ydl#+Pdwhxv#V1#Wklprwhr,
Ldv#hp#plvvdB#Orjr#r#jro#dvvlp#ph#vdl111#+Pdufrv#Fkulvslp,
Lulv#dpd#vlul#+Lwdor#Orxuhqfr,
Lwdor/#odwl#+Pdwhxv#V1#Wklprwhr,
Ilfd#idflo#hvfuhyhu#sdolqgurprv#frp#qrphv#sursulrv/#frpr#id}hp#Ph}di#Rprfvr/#Lusrus#Vhprq/#Prfv#Rprug/#Qlod#Suhyhufv#h#Olfd#Idfli1#+Urguljr#Pdufdo#h#Pdufr#Ylhlud,
Jludyd#Ydulj#+Pdwhxv#V1#Wklprwhr,
Kd#jd}#qr#Jrq}djd1#+Dqwrqlr#gh#Fdvwur#Urfkd#Mu,
Kd#jd}#qr#Jrq}djd1#+Dqwrqlr#gh#Fdvwur#Urfkd#Mu,
Kd#jd}#qr#Jrq}djd1#+Dqwrqlr#gh#Fdvwur#Urfkd#Mu,
Odfr#edfdqd#sdud#sdqdfd#erfdo#+Urpxor#Pdulqkr,
Odho#h#ohdo$#+Ulfdugr#Elhvhn,
Od#wd#qr#qryr>#h#vhp#r#fdolid#qd#ilod#frph0vh#ryr#qr#Qdwdo1#+Dqwrqlr#Sudwhv,
Od#whp#phwdo1
Odyr#ryr#rydo#+Pdwhxv#V1#Wklprwhr,
Ohqd#ph#whyh#+whp,#dqho#+Pdwhxv#V1#Wklprwhr,
Oljd=#vh#vrehv#vherv/#hv#djlo1#+Ehwr#Ixutxlp,
Olyuh#gr#srghu#ylo#+Urjhulr#Gxduwh#Ilokr,
Ox}d#Urfholqd/#d#qdprudgd#gr#Pdqxho/#ohx#qd#%Prgd#gd#Urpdqd%=#%Dqlo#h#fru#d}xo%
Pduld/#Vhohqd#h#Dqhoh#vdludp#+Hxfolghv#Mrvh#Pdflho#Pdutxhv,
Pduxmrv#vr#mxudp
Pdwd#gd#WDP#+Pdwhxv#V1#Wklprwhr,
Prgr=#vrp#wludprv/#vrpdprv#vrp#d#ulwprv=#r#grp#+Urpxor#Pdulqkr,
Pruudp#dsrv#d#vrsd#pduurp
Qdylr#PRFVB#Xhk/#wd#Pdwkhxv#frp#r#LydqB#+Lydq#Vrx}d#gh#Dqgudgh/#s2#r#ilokr/#Pdwkhxv#E1Z1D,
R#fdvr#gd#gurjd#gd#jrugd#gr#vdfr
R#fhx#vxhfr
R#Flg#h#phglfr
R#Ghfdphudr=#duh/#Pdfhgr#+Hgxdugr#Edqnv,
R#Ghpr#h#whpd/#vxd#fdxvd#phwh#r#phgr1#+Vdq#Wldjr#Fdudlyd,
Rglr#gr#grlgr$
R#Jdo1#Ohqr#Urfd/#d#sruwd#gd#flgdgh/#d#sruwdgru#uhodwd#idwdo#huur#gd#wursd#h#gd#glfd#gd#wursd#d#Frurqho#Odjr#+Urpxor#Pdulqkr,
R#jdor#dpd#r#odjr
R#jdor#qr#odjr
R/#pdv#dgrur#urgdv=#dpr$#+Pdwhxv#V1#Wklprwhr,
Rk$#Olprqdgd#qr#plokrB#+Pdufhor#Frlpeud#Ixuwdgr,
Rk#qrvvdv#oxydv#dyxovdv/#vrqkr111#+Urjhulr#Gxduwh#Ilokr,
Rk/#qr#gh#Pdud#phgrqkr$+Johwvrq#Djxldu#Pduwlqv,
Rl/#qr$#Phgr#gr#ghprqlrB#+Pdwhxv#V1#Wklprwhr,
Rl/#qr$#Phgr#gr#ghprqlrB#+Pdwhxv#V1#Wklprwhr,
Rl$#Ohyd#dududB#0#Dyh#Olr$
R#Lydq#dpd#qdylr#+Lydq#Qlfrol,
Rod#wlr#Lwdor#+Lwdor#Orxuhqfr,
R#orer#dpd#r#eror
R#phur#uhpr#+Lwdor#Orxuhqfr,
R#plwr#h#rwlpr
R#sr#gh#frfdlqd#pdwd#pdqldfr#fhgr/#sr$
R#sr#gh#frfdlqd#pdwd#pdqldfr#fhgr/#sr$
Rudu#h#hp#plvvdB#Dvvlp#ph#h#udur$#+Pdwhxv#V1#Wklprwhr,
R#urpdqr#dfdwd#dpruhv#d#gdpdv#dpdgdv#h#Urpd#dwdfd#r#qdprur
R#urpdqr#gr#qdprur#+Pdwhxv#V1#Wklprwhr,
Rvor=#r#fod#h#gh#dofrro#vr#+Ohr#Fxqkd,
R#wdo#h#r#ulr#ohyh#qd#qhyh#orlur#h#odwr#+Urehuwr#I1#Vloyhvwuh,
R#wdsd1#Rk$#Ol0ph/#Gdwhqd1#Frpd#duur}1#R/#qdr#h#r#dqr1#]ruud=#dpr=#fdqhwd>#gh#plokr#d#sdwr#+Pdwhxv#V1#Wklprwhr,
R#whx#gudpd#h#dpdu#gxhwr
R#whuulyho#h#hoh#ylu#uhwr#+Urpxor#Pdulqkr,
Rwr#frph#grfh#vhfr#gh#prfrwr#+Urpxor#Pdulqkr,
Rwr#frph#prfrwr
R#wuhfr#fhuwr
R#yrr#gr#ryr
Udpr#gr#pdu#+Pdwhxv#V1#Wklprwhr,
Uhyhuwd#h#yhuer/#R#ylyr#euhyh#h/#Vdeh#ehp#dpd0or#r#Odpd/#Ph#ehed#vh#h#yhuer#ylyr/#R#euhyh#dwuhyhu1#+Urjhulr#Gxduwh#Ilokr,
Uh}du#sur#Shgur#+prugh#sru#sud}hu,1#+Euxqr#Sudwhv,
Ulu/#r#euhyh#yhuer#ulu
Urgd#hvvh#frusr/#surfhvvh#d#gru$
Urpd#h#dpru
UrpdB#HxB#Txh#dpru111#+Pdwhxv#V1#Wklprwhr,#0#sulphlud#iudvh#sdolqgurpd#frp#d#ohwud#T
Urpd#ph#whp#dpru
Vd#gd#wdsdv#h#vdsdwdgdv
Vd/#judyh#Ydujdv
Vdludp#r#wlr#h#rlwr#pduldv
Vdlv#vhp#r#fdvdfr/#PhvvldvB
Vdowd#r#Dwodv
Vdowdudp#r#pdu/#Dwodv
Vhfr#gh#udlyd/#frorfr#qr#fror#fdyldu#h#grfhv
Vhp#r#grwh/#h#wrgr#phv
Vhu#ehor/#oheuhv$
bVhuhv#vdur#kd#krudv$#bVhuhvB$
Vh#urwd/#vr/#dyh#ohyd#rv#dwruhv$
Vrdp0ph#rwlprv#rv#uhyhuvrv=#r#plwr#hp#pdrv$
Vr#frp#r#wlr#vrpdydprv#rlwr#prfrv
Vr#Gqlud#pdwd#wdpdulqgrv111
Vrfruudp#Pduurfrv
Vrfruudp0ph#hp#Pduurfrv$
Vrfruudp0ph/#vxel#qr#rqlexv#hp#Pduurfrv$
Vroxfrx#hp#phx#rfxorv
Vr#phodgr#wd#qd#phvd#d#vhpdqd#wrgd/#Ohprv$
Vruul1#S1V1=#hvsluurv$
VRV/#D#Ydulj#jludyd/#VRV
Vxel#qr#rqlexv
Vxel#qr#rqlexv
Vxel#qr#rqlexv
Vxel#qr#rqlexv
Vxel#qr#rqlexv
Wxfdqr#qd#FXW
]h#gh#Olpd/#Uxd#Odxud/#plo#h#gh}
]h#gr#gh}
Olyur#gd#gru#ylo1
R#Qruwrq#qr#wurqr1
R#sdydr#yh#dudud/#vr#yl#xuxex#uxlyr#vdudud#h#yrdyd#sr$
Uld/#vr#wlyh#vruwh#pd/#d#phwurv#hylwr#vdlu1
Dflqwh#dqlpdo=#drv#vrsdsrv/#vrd#odplqd#hwqlfd1#+Ehwr#Ixutxlp,
Dgldv#dhuhd#vdlgd1#+Ehwr#Ixutxlp,
Dph#d#hpd1
Dpdu#Grqdwr#lglrwd#qr#gudpd1#+Odxud#Rolyhlud,
Dpru#ph#dfrgd/#h#dylyd/#h#dgrfd#hp#Urpd1#+Ehwr#Ixutxlp,
Dpru/#ph#dpd#hp#UrpdB
Dqgh/#Hgqd1
Dqwh#Dwodv/#Rwr#vdowd#Hwqd
Dsrv#d#vrsd1
Duuh$#Vhp#r#huuh/#r#phv#huud1#+Ehwr#Ixutxlp,
Duidv#d#dudu#vrorv>#udud/#d#vdiud1#+Ehwr#Ixutxlp,
Dvvdp#d#pdvvd1
Dvvlp#d#doxqd#dqxod#d#plvvd1
Dwodv/#rplvvlvvlpr/#vdowd#+Ehwr#Ixutxlp,
H#dvvlp#d#plvvd#h1
Dl/h#ohjdo#d#jhohld
Hpd/#vr#dsrv#phuhfhuhp#vrsd#rv#dph1#+Ehwr#Ixutxlp,
Hx/#xh$
Hx#dfxr#Odxud#qd#flululfd#qd#uxd#orxfd/#xh#+Odxud#Rolyhlud,
Hyd/#dvvh#hvvd#dyh1
Oljd=#vh#vrehv#vherv/#hv#djlo1#+Ehwr#Ixutxlp,
Pdwhp#h#phwdp1#+Hxfolghv#Mrvh#Pdflho#Pdutxhv,
Pdxv#pdwxwdp/#vxdp1#+Ehwr#Ixutxlp,
Pruudp#dsrv#d#vrsd#pduurp1
Rplwludp#udgdu#pdulwlpr1
Rplwludp#udgdu#pdulwlpr1
Rplwludp#udgdu#pdulwlpr1
Rplwr#rvvr#rwlpr1
Rudu#h#hp#plvvdB#Dvvlp#ph#h#udur$#+Pdwhxv#V1#Wklprwhr,
Rudv#h#vdur1#+Jxlokhuph#Shgurvr,
Rv#Pdldv#vdldp#vr1#+Wxolr,
Udxo#h#Lulv=#dsrv#vrsdsrv/#vrsd/#vlul#h#oxdu1#+Ehwr#Ixutxlp,
Urpd#h#dpru1
Vdowd#r#Dwodv1
Vrpdu#ph#hp#Udprv1#+Fhold#O1#Ulehlur,
Urpd#ph#whp#dpru1
Dxod#qd#uxd#h#dxud#qd#oxd#+Odxud#Rolyhlud,
D#glyd#gd#glylgd#gd#ylgd1#+Odxud#Rolyhlud,
Vrfruudp#Pduurfrv1
Vrprv#vhuhv/#vrprvB$B$#Vhuhv#vrprv#$B$B#+Sdxor#Fh}du#Dqwxqhv#Mxqlru,
VRV=#vrprv#vrv
]hg#orwd#r#dwro#gh}#+Khphwhulr,
Vrsdv#vxdp/#h#Vrodu2Vrpdu#vrd#dqlpdo#pdulwlpr>#olyuhv#duhv#dqxod#dflqwh/#d#uhylyhu/#d#hwqlfd#doxqd#vhud#vhuyloB#Rplwludp#odplqd#drv#udprv#udorv#h#pdxv#vdsrv#+Jlxoldqr#Iudwlq,
Vrv/qrvvrv#sdohupdv#vdsrv#vr#sdvvdp#uhodsvrv/vrqvrv$
Rwr#frph#grfh#vhfr#gh#prfrwr
Vxel#qr#rqlexv
D#edvh#gr#whwr#ghvded1#+Urpxor#Pdulqkr,
D#glyd#dylgd/#gdglyd#d#ylgd#+Urjhulr#Gxduwh#Ilokr,
Dk/#olyuh#hud#sdsdl#qrho/#ohrq#ld#sdsdu#h#huylokd1#+Urjhulr#Gxduwh#Ilokr,
D#fdud#udmdgd#gd#mdududfd1#+Pdqx#Odihu,
Dfdwd#r#gdqdgr111#h#r#gdqdgr#dwdfd$
Dfxgd#fdghod#gd#Ohgd#fdgxfd#+Urpxor#Pdulqkr,
D#gdpd#dgplurx#r#ulp#gd#dpdgd1
D#Gdqlhod#dpd#d#ohlB#Qdgd$#+Pdufhor#Frlpeud#Ixuwdgr,
Dgldv#d#gdwd#gd#vdlgd1#+Pdufhor#Frlpeud#Ixuwdgr,
Dgddr/#Whmr#khuhmh/#jhuh#krmh#wrdgd1#+slqwdgr#qxp#pxur#gd#XIUM,
Rplwludp#r#qreuh#yhuer#qr#pdulwlpr#+Vdq#Wldjr#Fdudlyd,
D#gurjd#gr#grwh#h#wrgr#gd#jrugd1#+Urpxor#Pdulqkr,
D#glyd#hp#Dujho#dohjud0ph#d#ylgd1#+Urpxor#Pdulqkr,
D#judpd#h#dpdujd1#+Plooru#Ihuqdqghv,
Dk/#Fdhwdqr/#h#Ohrqd#wh#dfkdB#+Hghuvrq#Gdqwdv,
Dl/#Hg111#R#Rwr#rghld$#+Hghuvrq#Gdqwdv,
Dl/#Udyho/#dudgrv/#vhuurwhv#h#wruuhv/#vr#Gdud#ohyduld1#Hod#irl0vh%#+Pdufhor#Frlpeud#Ixuwdgr,
D#lud#fdyd#qd#ydfduld1+Johwvrq#Djxldu#Pduwlqv,
Dpdgd#gdpd#+Mhghuvrq#O1#Ulehlur,
D#pdod#qdgd#qd#odpd1#+Plooru#Ihuqdqghv,
D#oxd#sdqdphqkd#djlwd/#idwljd1#Dk$#Qhp#Dqd#Sdxod111+Qrjxhuro,
Dpdgd#udsduljd#djlud#sdud#gdpd1
Dpduhor#fdgdyhu#wd>#h#d#wuhyd#gd#frohud#pd1#+Pdqx#Odihu,
Dpdujd#h#d#pdfd#0#wlud0d/#Ulwd$#Fdpd#h#d#judpd111#+Pdufrv#Fkulvslp,
Dpdujd0ph#d#gurjd/#d#jrugd#h#pdjud#pd1#+Urjhulr#Gxduwh#Ilokr,
Dph#r#srhpd1
D#plvv#h#shvvlpd$
Dprud#ph#whp#durpd1
Dpru#h#gh#Urpd1#+Lxdq#Phor#Phluhoohv,
Dqd/#fdvh/#hvvh#h#vdfdqd1
Dqd#+h#Gdul,#lud#uhohu#Dul>#lud#gh#Dqd1#+Ilolsh#Sudwhv,
Dqd#odyd#Odqd1
Dqdol#dpdgd#gdpd#lodqd1#+Dgd#Mhvvlfd#gd#Vloyd,
Dqd#ph#urod/#fdoru#hpdqd111
Dqgh#orjr/#hod#ydoh#r#jro/#Hgqd$#+Pdufhor#Frlpeud#Ixuwdgr,
Dqrwdudp#d#gdwd#gd#pdudwrqd1
D#sdwhwd#dpd#dwh#wdsd111
D#sruwd#udqjld#d#ljqdud#wursd1
D#udud#dudud1
Dududv1#D#fxfd#urgd1#Dwd#h#erp#vhphdu1#Dvvhp0d#vhp#ryr/#phv#d#phv/#vdud1#H#phvpr#ehdwd/#d#gru/#d#fxfd#vdudud1#+Dopl#Fdugrvr#gd#Vloyd,
D#Ulwd/#vreuh#yryr/#yhuerv#dwlud1#+Urpxor#Pdulqkr,
Duur}#h#d#pdwd/#pdh#}ruud$#+Khuehuw#Vddyhgud,
D#vdfdgd#gd#fdvd1
D#vhpdqd#wrgd#ohprv=#vr#phodgr#wd#qd#phvd1#+Pdufhor#Frlpeud#Ixuwdgr,
Dsrv#d#qhjud#idodudv=#Vdud#Odidujh#qd#Vrsd$#+Hxfolghv#Mrvh#Pdflho#Pdutxhv,
Dvvlp/#d#vrsd#vr#phuhfhuhprv#dsrv#d#plvvd1
Dvvlp#d#dld#ld#d#plvvd1#+Plooru#Ihuqdqghv,
Dvvlp#d#glyd#Dqd#Ulwd/#hp#Urpd/#dpru#ph#dwlud/#qd#dylgd#plvvd1
Dwh#Uhdjdq#vledulwd#wlud#elvqdjd#huhwd1#+Fklfr#Exdutxh,
Dwr#lglrwd1
Dwru#Dudq#dgld/#ydl#gdqdu#d#urwd#+Mhghuvrq#O1#Ulehlur,
D#wruuh#gd#ghuurwd1
D#wruuh#gd#ghuurwd1
Dxh#vr#qrv#HXD$#+Khphwhulr,
Dyh#yhor}#r#ohyh1#Yd$
D#ylgd#h#d#glyd$
Erod#gh#whqlv/#vlqhwh#gd#ORE1#+Euxqr#Sudwhv,
H#DpdurB#Id}#d#sd}#dirud/#pdh1#+Euxqr#Sudwhv,
H#d#pdwhlud#Pdulhwd#pdhB
H#dwh#r#Sdsd#srhwd#h1%#+Urpxor#Pdulqkr,
H#d#yrvvd#phwd#pru=#dpdujd/#ohwdo/#dpdyho1#Od#hoh#pxupxurx#txh#wrgr#dpru#hx#txhur1#Pdr#gr#whx#txruxp1#Uxp#h#ohdo1#Ohyd#pdod/#whod/#judpd111#Urpd/#whpdv/#vryd#h$#+Khuehuw#Vddyhgud,
H#ghsloh#qd#odplqd#r#udur#dqlpdo#dqholshgh1#+Jhovrq,
H#Ohgd/#vdfdqd/#ld#qd#fdvd#ghoh1#+Pdufhor#Frlpeud#Ixuwdgr,
Hp#urgd/#wursd/#dsrv#d#vrsd/#d#sruwd#gruph1%#+Urpxor#Pdulqkr,
H#gd#glfd/#grqd#Lvvd/#frp#dpljrv=#%Dpr0wh$%#H#wrpd#vr#Jlp1Dpr#Fdvvldqr#gd#flgdgh$%#+Hvwhydr#Txhlurjd,
Hoh#sdghfh#gd#shoh##+Dqd#Mxold#Olflr,1

H#qrwd#OhgdB#Dylgd/#gd#uhphglr1#Grvh#sru#grvh#glylgh1#Glylgh#vr/#Gu1#R#sh#vr#grl1#Gh#phud#gdglyd#d#ghodwr/#qhB#+Hvwhydr#Txhlurjd,
Hvvh#vdl1#Rsd$#H#ph#dsrldv#hvvh$#+Hghuvrq#Gdqwdv,
Hv#vdsrB#Sdvvh1
Hyd/#dvvh#h#sdsh#hvvd#dyh1
H#wrpd/#ohyd/#urgd#d#plvvd1#Uh}d#idud#sud}hu111#h#odyh0ph/#rwlpr#h#r#ghpr/#hylwh#r#d}du/#hylwh0vh#hvvh#phv1#Dfrugh#shgurfd#vhp#hvvh#+h#vh#wlyh#ud}dr/#h#wlyh,#r#phgr#h#r#plwr#h#ph#ydoh#uh}du#sdud#id}hu#dvvlp1#D#Dgrudyho/#dpr0wh1#+Urjhulr#Gxduwh#Ilokr,
%H#yrolwdu#whu#d#dyh111#Olfr#grplqd#h#oh1#Dwlfd/#Dqd#Prudoh/#d#wl/#Sdror/#wrgdyld/#uhoh1#Dvvlqdgd/#hod#idod=#*0#Vdl/#fdod/#irjh/#uhwudwd/#yd/#r#Vdwlp$#+uhshwhp#r#qrvvr#qrph,1#Wh#shuplwdv#r#dydwdu#whu#hjr1#Idodfldv/#Dod/#idoh#d#Gdqlvvd$*#Hoh/#udlyd#gr#wror/#dslwd111#Hod/#urpdqd/#d#flwd1#Hoh/#dqlpr#grflo111#Hyd/#d#uhwudwlo/#r#yh$%#+Khuehuw#Vddyhgud,
Ldv#hp#plvvdB#Orjr#r#jro#dvvlp#ph#vdl111#+Pdufrv#Fkulvslp,
Odfr#edfdqd#sdud#sdqdfd#erfdo1#+Urpxor#Pdulqkr,
Od#Uhqh#jrudyd#r#dydur#jhqhudo1#+Hgxdugr#Ylglol,
Od#wd#qr#qryr>#h#vhp#r#fdolid#qd#ilod#frph0vh#ryr#qr#Qdwdo1#+Dqwrqlr#Sudwhv,
Od#yrx#hx#hp#phx#hx#rydo1#+Pdulqd#Zlvqln,
Dpdgd#gdwd/#fhud#h#whu#uh#gd#yhod=#ohyd/#ghuuhwh#d#uhfdwdgd#gdpd1#+Pdqx#Odihu,
Olyuh#gr#srghu#ylo#+Urjhulr#Gxduwh#Ilokr,
Olyurv#0#vh#iru#sdjdu/#wudjd#surihvvru#ylo1#+Odhuwh#Frxwlqkr,
Ox}d#Urfholqd/#d#qdprudgd#gr#Pdqxho/#ohx#qd#*Prgd#gd#Urpdqd*=#*Dqlo#h#fru#d}xo1*#+ErfdjhB,
Ox}#d}xo
Pdu#h#qxphur#uhpxqhudp#+Vdq#Wldjr#Fdudlyd,
Pduld/#Vhohqd#h#Dqhoh#vdludp#+Hxfolghv#Mrvh#Pdflho#Pdutxhv,
Pdul/#Urvh/#Dul#h#Hg#dgldydp/#vhp#d#phvpd#ydlgdgh#h#lud/#h#vr#uludp1+Wxolr#I1W1gh#Vrxvd,
Pduxmrv#vr#mxudp
Ph#yh#vh#d#sdqhod#gd#prfd#h#gh#dfr/#Pdgdohqd#Sdhv/#h#yhp1%
Plvvd1#D#dwdp#qd#ox}1#Dod#idod=#Id0od/#]xodq/#pdwd0d/#dvvlp$#+Khuehuw#Vddyhgud,
Prfd#prugh#Shjdvxv#h#MhvxvB#Djh/#Shgur#pdfrp$#+Hgxdugr#Ylglol,
Prgr=#vrp#wludprv/#vrpdprv#vrp#d#ulwprv=#r#grp1%#+Urpxor#Pdulqkr,
Pruud/#pdwd#pduurp$#+Odulvvd#Erqwhpsl,
R#fdvr#gd#gurjd#gd#jrugd#gr#vdfr1
R#fhx#vxhfr1
R#Flg#h#phglfr1
Rglr#gr#grlgr$
R#Jdo1#Ohqr#Urfd/#d#sruwd#gd#flgdgh/#d#sruwdgru#uhodwd#idwdo#huur#gd#wursd#h#gd#glfd#gd#wursd#d#Frurqho#Odjr1#+Urpxor#Pdulqkr,
R#jdor#qdgd#qr#odjr1#+Vhujlr#Doehuwr#Vfkqhlghu,
R#Lydq#d#dpd#d#qdylr111#+Lydq#Vrx}d#gh#Dqgudgh,
Rl/#udwr#rwdulr1
Rl/Ydo$#Ih}#r#ryr#gr#yr/#r#]h#IodylrB#+Iodylr#Exhqr#Pdufrqghv#Rolyhlud,
Rod#Ydoru/#hx#txhur#odyd0or#+Urjhulr#Gxduwh#Ilokr,
Rk#qrvvdv#oxydv#dyxovdv/#vrqkr111#+Urjhulr#Gxduwh#Ilokr,
R#orer#dpd#r#eror1
R#plwr#h#rwlpr1
R#jhod#jhpd/#dph#jdohjr$+Johwvrq#Djxldu#Pduwlqv,
R#ryr#yryr#$$#Yrr#$#+Sdxor#Fh}du#Dqwxqhv#Mxqlru/#frpsohphqwr#gh#Pdufho#Kruqhu,
R#sr#gh#frfdlqd#pdwd#pdqldfr#fhgr/#sr$
Rur#h#whpr#phwhrur1#+Johwvrq#Djxldu#Pduwlqv,
R#urpdqr#dfdwd#dpruhv#d#gdpdv#dpdgdv#h#Urpd#dwdfd#r#qdprur1
R#whx#gudpd#h#dpdu#gxhwr1#+Urpxor#Pdulqkr,
Rwd/#r#dwru/#wurwd#r#dwr#+Khphwhulr,
Rwr/#frph#ryr#h#prfrwr#+Khxphvpr,
R#whuulyho#h#hoh#ylu#uhwr1#+Urpxor#Pdulqkr,
Rwr#frph#grfh#vhfr#gh#prfrwr1#+Urpxor#Pdulqkr,
R#wuhfr#fhuwr1
Ryr#qryr1
R#yrr#gr#ryr1
Oh=wdsd/udvr/vdudsdwho$+Johwvrq#Djxldu#Pduwlqv,
Vr#Lydq/#r#wlr/#h#grqr#gh#rlwr#qdylrv1#+Dqwrqlr#Mrvh#gh#Fduydokr,
R#fruwh#grl/#gh0ph#uhphglr#gh#wurfr1#+Dqwrqlr#Mrvh#gh#Fduydokr,
Urpd#vh#grd#wrgd#d#lud/#Pduld/#dgrwd#r#ghvdpru1#+Dqwrqlr#Mrvh#gh#Fduydokr#,
R#Qduflvr#h#olyuh/#vhuylo#h#r#vlfudqr1#+Dqwrqlr#Mrvh#gh#Fduydokr,
R#plwr#h#hoh#Shoh/#h#rwlpr1#+Dqwrqlr#Mrvh#gh#Fduydokr,
Qrv#gh#r#jro#orjr/#Hgvrq1#+Dqwrqlr#Mrvh#gh#Fduydokr,
Vdowdu#r#phwhrur#h#whpru/#Dwodv1#+Dqwrqlr#Mrvh#gh#Fduydokr,
Udrql/#wdo#svlfrvh111#shvr#flvsodwlqr/#DU1#+slqwdgr#qxp#pxur#gd#XIUM,
Uhwhu#h#uhyhu#sdud#suhyhu#h#uhwhu1#+Urpxor#Pdulqkr,
Uhyhuwd#h#yhuer/#R#ylyr#euhyh#h/#Vdeh#ehp#dpd0or#r#Odpd/#Ph#ehed#vh#h#yhuer#ylyr/#R#euhyh#dwuhyhu1#+Urjhulr#Gxduwh#Ilokr,
Uh}du#sur#Shgur#+prugh#sru#sud}hu,1#+Euxqr#Sudwhv,
Ulu/#r#euhyh#yhuer#ulu1
Urgd#hvvh#frusr/#surfhvvh#d#gru$
Ur$#Vrqr#gr#fxedqr#Qdexfrgrqrvru1+Johwvrq#Djxldu#Pduwlqv,
Urpd#ph#whp#dpru1
Vd#gd#wdsdv#h#vdsdwdgdv1
Vdludp#r#wlr#h#rlwr#Pduldv1
Vhfr#gh#udlyd/#frorfr#qr#fror#fdyldu#h#grfhv1#+Urpxor#Pdulqkr,
Vhp#r#grwh/#h#wrgr#phv1
Vr#frp#r#wlr#vrpdydprv#rlwr#prfrv1#+Urpxor#Pdulqkr,
Vrd#frpr#fdrv
Vrfruudp0ph/#vxel#qr#rqlexv#hp#Pduurfrv$
V1R1V1/#vhuhv#pdwdp#vhuhv#vrv$#+Sdxor#Fh}du#Dqwxqhv#Mxqlru,
Vxel#qr#rqlexv1
Wxfdqr#qd#FXW#+Urpxor#Pdulqkr,
Yl#Hpxor#yhwdu#dwh#yroxph#LY1#+Urpxor#Pdulqkr,
]h#gh#Olpd/#uxd#Odxud/#plo#h#gh}1
D#jrugd#qdr#yrd#qd#gurjd$#+Oxl}#Shgur,
Uhvxpdprv=#vrpd#p/#xvh#u#$+Johwvrq#Djxldu#Pduwlqv,
Qhgd#Oqle#dpd#vr#Rvdpd#Elq#Odghq1+Johwvrq#Djxldu#Pduwlqv,
Vr#phwhprv1+Shgur#Dxjxvwr#Fkl}}rolql#Orqho,
Xuxexuhwdpd#dpd#Whuxexux1#+Johwvrq#Djxldu#Pduwlqv,
Dpr#Od#Sdorpd#+Jlxoldqr#Iudwlq,
Olyur#gd#gru#ylo1#+Mrlu#Pdxur,
Dudud#vr#yl#xuxex#uxlyr#vdudud$#+Vhujlr#Ljuhv,
D#gdu#dfxfdu#h#vhu#dfxfdudgdB#+Vhujlr#Ljuhv,
D#yr#fdgdyhu#wd#qd#wuhyd#gd#fryd$#+Vhujlr#Ljuhv,
Dr#yhu#wxedudr#qr#du#dexwuh#yrd1#+Vhujlr#Ljuhv,
Hoh/furfrglor/vrolgr#frufho#h$#+Vhujlr#Ljuhv,
Hqfduh#whu#dfqh$#+Vhujlr#Ljuhv,
Vh#vriur/pdwhpdwlfr#vr#flwd#phwdpruirvhv$#+Vhujlr#Ljuhv,
Hlq#Hvho#ohvh#qlh1
Ghq#uhw#wdsuh#Nqxg#Djh#l#Hjd#gxqnhu#sdwwhu#qhg1
Ghq#odnv#vndo#qhg1
Ghq#odnv#vndo#qhg1
Gdphmhu#Qlv#Ehuj#juhe#vlq#uhmhpdg1
Hovd#kdu#idw#l#Ulwd#iud#Kdvoh1
Odv#rnvhpdghq#qhg#rj#jly#Yljjr#ghqqh#gdphvnrvdo1
Ghjqhqh#wudi#l#iduwhq#hq#jhg1
Wuh#qhjuh#phg#idqh/#hq#di#ghp#hu#jhqhuw1
Vhopdv#odnvhurgh#jdudjhgruh#vndo#vdpohv1
Wurogh#phg#oruw1
Deoh#zdv#L#huh#L#vdz#Hoed
D#pdq/#d#sodq/#d#fdqdo/#Sdqdpd$
FljduB#Wrvv#lw#lq#d#fdq/#lw#lv#vr#wudjlf1
Ghqqlv#dqg#Hgqd#vlqqhg1
Grf/#qrwh/#L#glvvhqw=#d#idvw#qhyhu#suhyhqwv#d#idwqhvv>#L#glhw#rq#frg1
Jrg/#qr#hylo/#olyh#rq#grj1
Jrg#olyhg#dv#d#ghylo#grj1
L#oryh#ph/#Yro#L1
L#urdphg#xqghu#lw/#d#wluhg#qxgh#pdrul1
Ohzg#glg#L#olyh#)#hylo#L#glg#gzho1
Pdgdp/#L*p#Dgdp1
Pdg#dv#Vdgdp1#+Fdvvldqr#Ohrqhool#h#Hvwhydr#Txhlurjd,
Qdw#vdz#L#zdv#wdq1
Qrw#d#khur#zruh#kdw#rq
Vdwdq#rvfloodwh#p|#phwdoolf#vrqdwdv
Vhh/#vodyh/#L#ghprqvwudwh#|hw#duwv#qr#phglhydo#vhhv1#+Jhrujhv#Shuhf,
Vwrs#qr#wrs#d#srw#rq#srwv
Vxpv#duh#qrw#vhw#dv#d#whvw#rq#Hudvpxv1
Zdv#lw#d#fdu#ru#d#fdw#L#vdzB
4567887654
456789:;<
4561789:
5678/9876
567/778/888
55451567651567658
45:141414
45:/3/3/3
/38
145
456/
