(R)Sunny Grill Street
(R)Modern Dining Corner
(R)Prime Hub Terrace
(R)Fresh Place Collective
(R)Sunny Table Street
(R)Sunny Bistro Terrace
(R)Elite Table Zone
(R)Classic House Works 62
(R)Urban Place Terrace 46
(R)Classic Grill Point 96
(R)Elite Place Works 21
(R)Central Garden Point
(R)Modern Bistro Station
(R)Fresh Hub Point
(R)Blue House Plaza 58
(R)Royal Market Corner
[378 ## Prime Table Studio ## New York ## 180 ## 3.8 ## [americana,bbq] ## $$$$ ## 12:00-22:00 ## 28/09/2016 ## false]
[305 ## Sunny Dining Point ## Sydney ## 68 ## 4.0 ## [frutos do mar,mediterranea] ## $$$$ ## 08:00-23:00 ## 22/12/2015 ## true]
[199 ## Modern Table Plaza ## Seoul ## 96 ## 3.9 ## [coreana,bbq] ## $$$ ## 08:00-23:00 ## 03/06/2025 ## false]
[410 ## Royal House Delight ## Rome ## 141 ## 4.2 ## [italiana,pizzaria] ## $$$$ ## 12:00-21:00 ## 25/10/2022 ## true]
[322 ## Blue Corner Works ## Tokyo ## 74 ## 4.1 ## [japonesa,sushi] ## $$ ## 10:00-21:00 ## 14/02/2024 ## false]
[67 ## Blue Cafe Zone ## Sydney ## 164 ## 4.1 ## [frutos do mar,mediterranea] ## $ ## 11:00-23:00 ## 09/04/2019 ## false]
[138 ## Bella Lounge Plaza ## Delhi ## 187 ## 4.5 ## [indiana,curry] ## $$$ ## 08:00-23:00 ## 06/08/2020 ## false]
[456 ## Happy Hub Plaza ## Madrid ## 133 ## 4.0 ## [espanhola,tapas] ## $$$$ ## 08:00-23:00 ## 09/08/2015 ## false]
[29 ## Sunny Grill Hall ## Madrid ## 86 ## 4.3 ## [espanhola,tapas] ## $$$ ## 08:00-20:00 ## 27/02/2015 ## false]
[111 ## Happy Market Point ## Delhi ## 73 ## 4.0 ## [indiana,curry] ## $$ ## 10:00-23:00 ## 24/12/2020 ## false]
[250 ## Grand Corner Corner ## Paris ## 51 ## 4.2 ## [francesa,bistro] ## $$ ## 11:00-22:00 ## 21/09/2018 ## false]
[392 ## Bella Place Delight ## Beijing ## 64 ## 4.1 ## [chinesa,asiatica] ## $$ ## 09:00-21:00 ## 08/02/2022 ## false]
[84 ## Sunny Place Collective ## New York ## 66 ## 4.5 ## [americana,bbq] ## $$$ ## 08:00-21:00 ## 07/11/2025 ## false]
[161 ## Elite Corner Plaza ## Zurich ## 98 ## 3.9 ## [churrasco,internacional] ## $$ ## 11:00-21:00 ## 03/12/2018 ## true]
[477 ## Elite Place Express ## Sydney ## 40 ## 4.4 ## [frutos do mar,mediterranea] ## $$ ## 11:00-22:00 ## 21/04/2025 ## true]
[215 ## Royal Cafe Zone ## Paris ## 42 ## 4.6 ## [francesa,bistro] ## $ ## 12:00-23:00 ## 03/09/2024 ## true]
[99 ## Fresh Cafe Corner ## Beijing ## 42 ## 4.3 ## [chinesa,asiatica] ## $ ## 10:00-21:00 ## 05/10/2019 ## true]
[333 ## Bella Garden Zone ## Sydney ## 169 ## 4.8 ## [frutos do mar,mediterranea] ## $$ ## 09:00-21:00 ## 22/09/2023 ## false]
[6 ## Classic Spot Express ## Tokyo ## 47 ## 4.6 ## [japonesa,sushi] ## $$ ## 08:00-20:00 ## 19/08/2015 ## false]
[421 ## Modern Hub Plaza ## Beijing ## 84 ## 4.8 ## [chinesa,asiatica] ## $$$$ ## 10:00-22:00 ## 19/11/2023 ## false]
[183 ## Urban Market Studio ## Madrid ## 73 ## 3.9 ## [espanhola,tapas] ## $ ## 08:00-23:00 ## 17/10/2018 ## false]
[27 ## Green Bistro Hall ## Rome ## 189 ## 4.4 ## [italiana,pizzaria] ## $ ## 08:00-23:00 ## 24/10/2022 ## true]
[120 ## Central House Plaza ## New York ## 176 ## 4.1 ## [americana,bbq] ## $$ ## 08:00-23:00 ## 27/04/2019 ## false]
[382 ## Elite Grill Terrace ## Sydney ## 183 ## 3.9 ## [frutos do mar,mediterranea] ## $ ## 11:00-20:00 ## 25/03/2018 ## true]
[59 ## Classic Lounge Delight ## Los Angeles ## 97 ## 4.6 ## [vegana,saudavel] ## $$$ ## 11:00-21:00 ## 24/06/2023 ## false]
[441 ## Modern Corner Collective ## Los Angeles ## 87 ## 4.9 ## [vegana,saudavel] ## $$ ## 12:00-20:00 ## 12/07/2018 ## true]
[13 ## Classic Hub Corner ## New York ## 86 ## 3.9 ## [americana,bbq] ## $$ ## 11:00-21:00 ## 24/03/2020 ## false]
[264 ## Happy Table Street ## Tokyo ## 114 ## 4.2 ## [japonesa,sushi] ## $ ## 11:00-23:00 ## 09/02/2017 ## false]
[175 ## Central Place Express 78 ## Madrid ## 126 ## 4.3 ## [espanhola,tapas] ## $ ## 11:00-20:00 ## 28/09/2016 ## true]
[310 ## Classic Table Point ## Delhi ## 166 ## 4.2 ## [indiana,curry] ## $$$$ ## 09:00-20:00 ## 04/10/2018 ## true]
[22 ## Blue House Plaza 58 ## Tokyo ## 44 ## 4.9 ## [japonesa,sushi] ## $$$ ## 11:00-20:00 ## 05/08/2018 ## false]
[498 ## Prime Bistro Corner ## Seoul ## 83 ## 4.1 ## [coreana,bbq] ## $$$ ## 12:00-22:00 ## 25/08/2021 ## false]
[156 ## Modern House Street ## Sydney ## 92 ## 4.2 ## [frutos do mar,mediterranea] ## $$$ ## 11:00-20:00 ## 18/10/2023 ## false]
[8 ## Fresh Lounge Collective ## Zurich ## 79 ## 4.6 ## [churrasco,internacional] ## $$ ## 09:00-21:00 ## 31/10/2018 ## false]
[367 ## Bella Place Zone ## Beijing ## 96 ## 4.2 ## [chinesa,asiatica] ## $ ## 10:00-22:00 ## 16/01/2017 ## true]
[92 ## Happy Corner Zone 5 ## Zurich ## 141 ## 4.3 ## [churrasco,internacional] ## $$$ ## 08:00-21:00 ## 18/09/2016 ## false]
[144 ## Elite Hub Express ## Sydney ## 147 ## 4.3 ## [frutos do mar,mediterranea] ## $ ## 11:00-21:00 ## 12/02/2021 ## false]
[287 ## Green Place Point ## Madrid ## 171 ## 4.1 ## [espanhola,tapas] ## $$$ ## 12:00-22:00 ## 23/06/2016 ## true]
[55 ## Central House Works ## Madrid ## 127 ## 4.7 ## [espanhola,tapas] ## $$ ## 10:00-23:00 ## 26/02/2022 ## false]
[311 ## Fresh Corner Zone ## Beijing ## 68 ## 4.4 ## [chinesa,asiatica] ## $ ## 12:00-23:00 ## 06/04/2018 ## true]
[402 ## Happy Cafe Terrace ## Madrid ## 117 ## 4.1 ## [espanhola,tapas] ## $$ ## 11:00-21:00 ## 12/12/2025 ## false]
[19 ## Fresh Bistro Collective ## Paris ## 102 ## 3.8 ## [francesa,bistro] ## $$ ## 11:00-22:00 ## 25/07/2025 ## false]
[234 ## Blue Corner Plaza ## Zurich ## 57 ## 4.7 ## [churrasco,internacional] ## $$ ## 12:00-22:00 ## 02/02/2024 ## true]
[76 ## Fresh Spot Station ## Rome ## 87 ## 4.8 ## [italiana,pizzaria] ## $$$ ## 12:00-23:00 ## 28/01/2016 ## true]
[489 ## Happy Dining Station ## Zurich ## 66 ## 4.9 ## [churrasco,internacional] ## $$$$ ## 10:00-21:00 ## 11/08/2018 ## true]
[12 ## Elite Place Works 21 ## Beijing ## 69 ## 4.9 ## [chinesa,asiatica] ## $$$ ## 09:00-23:00 ## 03/03/2019 ## false]
[201 ## Grand House Delight ## Sydney ## 188 ## 4.7 ## [frutos do mar,mediterranea] ## $$$ ## 10:00-21:00 ## 24/06/2017 ## true]
[45 ## Bella Dining Works ## Seoul ## 107 ## 4.5 ## [coreana,bbq] ## $$ ## 11:00-23:00 ## 27/11/2016 ## true]
[118 ## Fresh House Zone ## Sydney ## 176 ## 3.8 ## [frutos do mar,mediterranea] ## $$ ## 09:00-20:00 ## 01/12/2021 ## true]
[342 ## Prime House Works ## Paris ## 80 ## 4.6 ## [francesa,bistro] ## $$$$ ## 09:00-21:00 ## 01/12/2023 ## false]
